-- The C compiler identification is GNU 11.4.0
-- The CXX compiler identification is GNU 11.4.0
-- Detecting C compiler ABI info
-- Detecting C compiler ABI info - done
-- Check for working C compiler: /usr/bin/cc - skipped
-- Detecting C compile features
-- Detecting C compile features - done
-- Detecting CXX compiler ABI info
-- Detecting CXX compiler ABI info - done
-- Check for working CXX compiler: /usr/bin/c++ - skipped
-- Detecting CXX compile features
-- Detecting CXX compile features - done
-- Found ament_cmake: 1.3.12 (/opt/ros/humble/share/ament_cmake/cmake)
-- Found Python3: /usr/bin/python3 (found version "3.10.12") found components: Interpreter 
-- Override CMake install command with custom implementation using symlinks instead of copying resources
-- Found eyantrasim_msgs: 1.10.1 (/home/pratheek/hb_ws/install/eyantrasim_msgs/share/eyantrasim_msgs/cmake)
-- Found rosidl_generator_c: 3.1.7 (/opt/ros/humble/share/rosidl_generator_c/cmake)
-- Found rosidl_adapter: 3.1.7 (/opt/ros/humble/share/rosidl_adapter/cmake)
-- Found rosidl_generator_cpp: 3.1.7 (/opt/ros/humble/share/rosidl_generator_cpp/cmake)
-- Using all available rosidl_typesupport_c: rosidl_typesupport_fastrtps_c;rosidl_typesupport_introspection_c
-- Using all available rosidl_typesupport_cpp: rosidl_typesupport_fastrtps_cpp;rosidl_typesupport_introspection_cpp
-- Found rclpy: 3.3.17 (/opt/ros/humble/share/rclpy/cmake)
-- Found ament_lint_auto: 0.12.14 (/opt/ros/humble/share/ament_lint_auto/cmake)
-- Added test 'flake8' to check Python code syntax and style conventions
-- Added test 'lint_cmake' to check CMake code style
-- Added test 'pep257' to check Python code against some of the docstring style conventions in PEP 257
-- Added test 'xmllint' to check XML markup files
-- Configuring done
-- Generating done
-- Build files have been written to: /home/pratheek/EYRC-Task_1/build/eyantrasim
-- Install configuration: ""
-- Execute custom install script
-- Symlinking: /home/pratheek/EYRC-Task_1/install/eyantrasim/share/eyantrasim/launch/sim.launch.py
-- Symlinking: /home/pratheek/EYRC-Task_1/install/eyantrasim/share/eyantrasim/launch/task1a_submission.launch.py
-- Symlinking: /home/pratheek/EYRC-Task_1/install/eyantrasim/lib/eyantrasim/eyantrasim_node
-- Symlinking: /home/pratheek/EYRC-Task_1/install/eyantrasim/lib/eyantrasim/sim_control.py
-- Symlinking: /home/pratheek/EYRC-Task_1/install/eyantrasim/share/ament_index/resource_index/package_run_dependencies/eyantrasim
-- Symlinking: /home/pratheek/EYRC-Task_1/install/eyantrasim/share/ament_index/resource_index/parent_prefix_path/eyantrasim
-- Symlinking: /home/pratheek/EYRC-Task_1/install/eyantrasim/share/eyantrasim/environment/ament_prefix_path.sh
-- Symlinking: /home/pratheek/EYRC-Task_1/install/eyantrasim/share/eyantrasim/environment/ament_prefix_path.dsv
-- Symlinking: /home/pratheek/EYRC-Task_1/install/eyantrasim/share/eyantrasim/environment/path.sh
-- Symlinking: /home/pratheek/EYRC-Task_1/install/eyantrasim/share/eyantrasim/environment/path.dsv
-- Symlinking: /home/pratheek/EYRC-Task_1/install/eyantrasim/share/eyantrasim/local_setup.bash
-- Symlinking: /home/pratheek/EYRC-Task_1/install/eyantrasim/share/eyantrasim/local_setup.sh
-- Symlinking: /home/pratheek/EYRC-Task_1/install/eyantrasim/share/eyantrasim/local_setup.zsh
-- Symlinking: /home/pratheek/EYRC-Task_1/install/eyantrasim/share/eyantrasim/local_setup.dsv
-- Symlinking: /home/pratheek/EYRC-Task_1/install/eyantrasim/share/eyantrasim/package.dsv
-- Symlinking: /home/pratheek/EYRC-Task_1/install/eyantrasim/share/ament_index/resource_index/packages/eyantrasim
-- Symlinking: /home/pratheek/EYRC-Task_1/install/eyantrasim/share/eyantrasim/cmake/eyantrasimConfig.cmake
-- Symlinking: /home/pratheek/EYRC-Task_1/install/eyantrasim/share/eyantrasim/cmake/eyantrasimConfig-version.cmake
-- Symlinking: /home/pratheek/EYRC-Task_1/install/eyantrasim/share/eyantrasim/package.xml
