[0.021s] Invoking command in '/home/pratheek/EYRC-Task_1/build/eyantrasim': CMAKE_PREFIX_PATH=${CMAKE_PREFIX_PATH}:/home/pratheek/ros2_ws/install/my_controller:/opt/ros/humble /usr/bin/cmake /home/pratheek/EYRC-Task_1/src/eyantrasim -DAMENT_CMAKE_SYMLINK_INSTALL=1 -DCMAKE_INSTALL_PREFIX=/home/pratheek/EYRC-Task_1/install/eyantrasim
[0.112s] -- The C compiler identification is GNU 11.4.0
[0.203s] -- The CXX compiler identification is GNU 11.4.0
[0.215s] -- Detecting C compiler ABI info
[0.331s] -- Detecting C compiler ABI info - done
[0.345s] -- Check for working C compiler: /usr/bin/cc - skipped
[0.346s] -- Detecting C compile features
[0.346s] -- Detecting C compile features - done
[0.350s] -- Detecting CXX compiler ABI info
[0.480s] -- Detecting CXX compiler ABI info - done
[0.493s] -- Check for working CXX compiler: /usr/bin/c++ - skipped
[0.493s] -- Detecting CXX compile features
[0.495s] -- Detecting CXX compile features - done
[0.499s] -- Found ament_cmake: 1.3.12 (/opt/ros/humble/share/ament_cmake/cmake)
[0.751s] -- Found Python3: /usr/bin/python3 (found version "3.10.12") found components: Interpreter 
[0.859s] -- Override CMake install command with custom implementation using symlinks instead of copying resources
[0.908s] -- Found eyantrasim_msgs: 1.10.1 (/home/pratheek/hb_ws/install/eyantrasim_msgs/share/eyantrasim_msgs/cmake)
[0.971s] -- Found rosidl_generator_c: 3.1.7 (/opt/ros/humble/share/rosidl_generator_c/cmake)
[0.979s] -- Found rosidl_adapter: 3.1.7 (/opt/ros/humble/share/rosidl_adapter/cmake)
[0.994s] -- Found rosidl_generator_cpp: 3.1.7 (/opt/ros/humble/share/rosidl_generator_cpp/cmake)
[1.015s] -- Using all available rosidl_typesupport_c: rosidl_typesupport_fastrtps_c;rosidl_typesupport_introspection_c
[1.046s] -- Using all available rosidl_typesupport_cpp: rosidl_typesupport_fastrtps_cpp;rosidl_typesupport_introspection_cpp
[1.139s] -- Found rclpy: 3.3.17 (/opt/ros/humble/share/rclpy/cmake)
[1.142s] -- Found ament_lint_auto: 0.12.14 (/opt/ros/humble/share/ament_lint_auto/cmake)
[1.280s] -- Added test 'flake8' to check Python code syntax and style conventions
[1.282s] -- Added test 'lint_cmake' to check CMake code style
[1.282s] -- Added test 'pep257' to check Python code against some of the docstring style conventions in PEP 257
[1.284s] -- Added test 'xmllint' to check XML markup files
[1.287s] -- Configuring done
[1.293s] -- Generating done
[1.295s] -- Build files have been written to: /home/pratheek/EYRC-Task_1/build/eyantrasim
[1.308s] Invoked command in '/home/pratheek/EYRC-Task_1/build/eyantrasim' returned '0': CMAKE_PREFIX_PATH=${CMAKE_PREFIX_PATH}:/home/pratheek/ros2_ws/install/my_controller:/opt/ros/humble /usr/bin/cmake /home/pratheek/EYRC-Task_1/src/eyantrasim -DAMENT_CMAKE_SYMLINK_INSTALL=1 -DCMAKE_INSTALL_PREFIX=/home/pratheek/EYRC-Task_1/install/eyantrasim
[1.308s] Invoking command in '/home/pratheek/EYRC-Task_1/build/eyantrasim': CMAKE_PREFIX_PATH=${CMAKE_PREFIX_PATH}:/home/pratheek/ros2_ws/install/my_controller:/opt/ros/humble /usr/bin/cmake --build /home/pratheek/EYRC-Task_1/build/eyantrasim -- -j2 -l2
[1.372s] Invoked command in '/home/pratheek/EYRC-Task_1/build/eyantrasim' returned '0': CMAKE_PREFIX_PATH=${CMAKE_PREFIX_PATH}:/home/pratheek/ros2_ws/install/my_controller:/opt/ros/humble /usr/bin/cmake --build /home/pratheek/EYRC-Task_1/build/eyantrasim -- -j2 -l2
[1.388s] Invoking command in '/home/pratheek/EYRC-Task_1/build/eyantrasim': CMAKE_PREFIX_PATH=${CMAKE_PREFIX_PATH}:/home/pratheek/ros2_ws/install/my_controller:/opt/ros/humble /usr/bin/cmake --install /home/pratheek/EYRC-Task_1/build/eyantrasim
[1.399s] -- Install configuration: ""
[1.400s] -- Execute custom install script
[1.400s] -- Symlinking: /home/pratheek/EYRC-Task_1/install/eyantrasim/share/eyantrasim/launch/sim.launch.py
[1.413s] -- Symlinking: /home/pratheek/EYRC-Task_1/install/eyantrasim/share/eyantrasim/launch/task1a_submission.launch.py
[1.427s] -- Symlinking: /home/pratheek/EYRC-Task_1/install/eyantrasim/lib/eyantrasim/eyantrasim_node
[1.442s] -- Symlinking: /home/pratheek/EYRC-Task_1/install/eyantrasim/lib/eyantrasim/sim_control.py
[1.457s] -- Symlinking: /home/pratheek/EYRC-Task_1/install/eyantrasim/share/ament_index/resource_index/package_run_dependencies/eyantrasim
[1.471s] -- Symlinking: /home/pratheek/EYRC-Task_1/install/eyantrasim/share/ament_index/resource_index/parent_prefix_path/eyantrasim
[1.485s] -- Symlinking: /home/pratheek/EYRC-Task_1/install/eyantrasim/share/eyantrasim/environment/ament_prefix_path.sh
[1.498s] -- Symlinking: /home/pratheek/EYRC-Task_1/install/eyantrasim/share/eyantrasim/environment/ament_prefix_path.dsv
[1.512s] -- Symlinking: /home/pratheek/EYRC-Task_1/install/eyantrasim/share/eyantrasim/environment/path.sh
[1.526s] -- Symlinking: /home/pratheek/EYRC-Task_1/install/eyantrasim/share/eyantrasim/environment/path.dsv
[1.541s] -- Symlinking: /home/pratheek/EYRC-Task_1/install/eyantrasim/share/eyantrasim/local_setup.bash
[1.555s] -- Symlinking: /home/pratheek/EYRC-Task_1/install/eyantrasim/share/eyantrasim/local_setup.sh
[1.570s] -- Symlinking: /home/pratheek/EYRC-Task_1/install/eyantrasim/share/eyantrasim/local_setup.zsh
[1.583s] -- Symlinking: /home/pratheek/EYRC-Task_1/install/eyantrasim/share/eyantrasim/local_setup.dsv
[1.597s] -- Symlinking: /home/pratheek/EYRC-Task_1/install/eyantrasim/share/eyantrasim/package.dsv
[1.612s] -- Symlinking: /home/pratheek/EYRC-Task_1/install/eyantrasim/share/ament_index/resource_index/packages/eyantrasim
[1.626s] -- Symlinking: /home/pratheek/EYRC-Task_1/install/eyantrasim/share/eyantrasim/cmake/eyantrasimConfig.cmake
[1.641s] -- Symlinking: /home/pratheek/EYRC-Task_1/install/eyantrasim/share/eyantrasim/cmake/eyantrasimConfig-version.cmake
[1.657s] -- Symlinking: /home/pratheek/EYRC-Task_1/install/eyantrasim/share/eyantrasim/package.xml
[1.675s] Invoked command in '/home/pratheek/EYRC-Task_1/build/eyantrasim' returned '0': CMAKE_PREFIX_PATH=${CMAKE_PREFIX_PATH}:/home/pratheek/ros2_ws/install/my_controller:/opt/ros/humble /usr/bin/cmake --install /home/pratheek/EYRC-Task_1/build/eyantrasim
