-- The C compiler identification is GNU 11.4.0
-- The CXX compiler identification is GNU 11.4.0
-- Detecting C compiler ABI info
-- Detecting C compiler ABI info - done
-- Check for working C compiler: /usr/bin/cc - skipped
-- Detecting C compile features
-- Detecting C compile features - done
-- Detecting CXX compiler ABI info
-- Detecting CXX compiler ABI info - done
-- Check for working CXX compiler: /usr/bin/c++ - skipped
-- Detecting CXX compile features
-- Detecting CXX compile features - done
-- Found ament_cmake: 1.3.12 (/opt/ros/humble/share/ament_cmake/cmake)
-- Found Python3: /usr/bin/python3 (found version "3.10.12") found components: Interpreter 
-- Override CMake install command with custom implementation using symlinks instead of copying resources
-- Found builtin_interfaces: 1.2.2 (/opt/ros/humble/share/builtin_interfaces/cmake)
-- Found rosidl_generator_c: 3.1.7 (/opt/ros/humble/share/rosidl_generator_c/cmake)
-- Found rosidl_adapter: 3.1.7 (/opt/ros/humble/share/rosidl_adapter/cmake)
-- Found rosidl_generator_cpp: 3.1.7 (/opt/ros/humble/share/rosidl_generator_cpp/cmake)
-- Using all available rosidl_typesupport_c: rosidl_typesupport_fastrtps_c;rosidl_typesupport_introspection_c
-- Using all available rosidl_typesupport_cpp: rosidl_typesupport_fastrtps_cpp;rosidl_typesupport_introspection_cpp
-- Found rosidl_default_generators: 1.2.0 (/opt/ros/humble/share/rosidl_default_generators/cmake)
-- Found ament_cmake_cppcheck: 0.12.14 (/opt/ros/humble/share/ament_cmake_cppcheck/cmake)
-- Found ament_cmake_cpplint: 0.12.14 (/opt/ros/humble/share/ament_cmake_cpplint/cmake)
-- Found ament_cmake_uncrustify: 0.12.14 (/opt/ros/humble/share/ament_cmake_uncrustify/cmake)
-- Found ament_cmake_ros: 0.10.0 (/opt/ros/humble/share/ament_cmake_ros/cmake)
-- Using all available rosidl_typesupport_c: rosidl_typesupport_fastrtps_c;rosidl_typesupport_introspection_c
-- Using all available rosidl_typesupport_cpp: rosidl_typesupport_fastrtps_cpp;rosidl_typesupport_introspection_cpp
-- Found PythonInterp: /usr/bin/python3 (found suitable version "3.10.12", minimum required is "3.6") 
-- Found python_cmake_module: 0.10.0 (/opt/ros/humble/share/python_cmake_module/cmake)
-- Found PythonLibs: /usr/lib/x86_64-linux-gnu/libpython3.10.so (found suitable version "3.10.12", minimum required is "3.5") 
-- Using PYTHON_EXECUTABLE: /usr/bin/python3
-- Using PYTHON_INCLUDE_DIRS: /usr/include/python3.10
-- Using PYTHON_LIBRARIES: /usr/lib/x86_64-linux-gnu/libpython3.10.so
-- Found PythonExtra: .so  
-- Found ament_cmake_flake8: 0.12.14 (/opt/ros/humble/share/ament_cmake_flake8/cmake)
-- Found ament_cmake_pep257: 0.12.14 (/opt/ros/humble/share/ament_cmake_pep257/cmake)
-- Configuring done
-- Generating done
-- Build files have been written to: /home/pratheek/EYRC-Task_1/build/hb_interfaces
[  2%] [34m[1mGenerating C code for ROS interfaces[0m
[  5%] [34m[1mGenerating C++ code for ROS interfaces[0m
[  5%] Built target hb_interfaces__cpp
[  5%] Built target ament_cmake_python_symlink_hb_interfaces
[  7%] [34m[1mGenerating C++ type support dispatch for ROS interfaces[0m
[ 10%] [32mBuilding C object CMakeFiles/hb_interfaces__rosidl_generator_c.dir/rosidl_generator_c/hb_interfaces/msg/detail/pose2_d__functions.c.o[0m
[ 12%] [32mBuilding C object CMakeFiles/hb_interfaces__rosidl_generator_c.dir/rosidl_generator_c/hb_interfaces/msg/detail/poses2_d__functions.c.o[0m
[ 15%] [32mBuilding CXX object CMakeFiles/hb_interfaces__rosidl_typesupport_cpp.dir/rosidl_typesupport_cpp/hb_interfaces/msg/pose2_d__type_support.cpp.o[0m
[ 17%] [32m[1mLinking C shared library libhb_interfaces__rosidl_generator_c.so[0m
[ 17%] Built target hb_interfaces__rosidl_generator_c
[ 20%] [34m[1mGenerating C++ type support for eProsima Fast-RTPS[0m
[ 23%] [32mBuilding CXX object CMakeFiles/hb_interfaces__rosidl_typesupport_cpp.dir/rosidl_typesupport_cpp/hb_interfaces/msg/poses2_d__type_support.cpp.o[0m
[ 25%] [32mBuilding CXX object CMakeFiles/hb_interfaces__rosidl_typesupport_fastrtps_cpp.dir/rosidl_typesupport_fastrtps_cpp/hb_interfaces/msg/detail/dds_fastrtps/pose2_d__type_support.cpp.o[0m
[ 28%] [32m[1mLinking CXX shared library libhb_interfaces__rosidl_typesupport_cpp.so[0m
[ 28%] Built target hb_interfaces__rosidl_typesupport_cpp
[ 30%] [32mBuilding CXX object CMakeFiles/hb_interfaces__rosidl_typesupport_fastrtps_cpp.dir/rosidl_typesupport_fastrtps_cpp/hb_interfaces/msg/detail/dds_fastrtps/poses2_d__type_support.cpp.o[0m
[ 33%] [34m[1mGenerating C introspection for ROS interfaces[0m
[ 35%] [32m[1mLinking CXX shared library libhb_interfaces__rosidl_typesupport_fastrtps_cpp.so[0m
[ 35%] Built target hb_interfaces__rosidl_typesupport_fastrtps_cpp
[ 38%] [34m[1mGenerating C type support dispatch for ROS interfaces[0m
[ 41%] [32mBuilding C object CMakeFiles/hb_interfaces__rosidl_typesupport_introspection_c.dir/rosidl_typesupport_introspection_c/hb_interfaces/msg/detail/pose2_d__type_support.c.o[0m
[ 43%] [32mBuilding C object CMakeFiles/hb_interfaces__rosidl_typesupport_introspection_c.dir/rosidl_typesupport_introspection_c/hb_interfaces/msg/detail/poses2_d__type_support.c.o[0m
[ 46%] [32m[1mLinking C shared library libhb_interfaces__rosidl_typesupport_introspection_c.so[0m
[ 46%] Built target hb_interfaces__rosidl_typesupport_introspection_c
[ 48%] [34m[1mGenerating C++ introspection for ROS interfaces[0m
[ 51%] [32mBuilding CXX object CMakeFiles/hb_interfaces__rosidl_typesupport_c.dir/rosidl_typesupport_c/hb_interfaces/msg/pose2_d__type_support.cpp.o[0m
[ 53%] [32mBuilding CXX object CMakeFiles/hb_interfaces__rosidl_typesupport_c.dir/rosidl_typesupport_c/hb_interfaces/msg/poses2_d__type_support.cpp.o[0m
[ 56%] [32m[1mLinking CXX shared library libhb_interfaces__rosidl_typesupport_c.so[0m
[ 56%] Built target hb_interfaces__rosidl_typesupport_c
[ 58%] [32mBuilding CXX object CMakeFiles/hb_interfaces__rosidl_typesupport_introspection_cpp.dir/rosidl_typesupport_introspection_cpp/hb_interfaces/msg/detail/pose2_d__type_support.cpp.o[0m
running egg_info
creating hb_interfaces.egg-info
writing hb_interfaces.egg-info/PKG-INFO
writing dependency_links to hb_interfaces.egg-info/dependency_links.txt
writing top-level names to hb_interfaces.egg-info/top_level.txt
writing manifest file 'hb_interfaces.egg-info/SOURCES.txt'
reading manifest file 'hb_interfaces.egg-info/SOURCES.txt'
writing manifest file 'hb_interfaces.egg-info/SOURCES.txt'
[ 58%] Built target ament_cmake_python_build_hb_interfaces_egg
[ 61%] [32mBuilding CXX object CMakeFiles/hb_interfaces__rosidl_typesupport_introspection_cpp.dir/rosidl_typesupport_introspection_cpp/hb_interfaces/msg/detail/poses2_d__type_support.cpp.o[0m
[ 64%] [34m[1mGenerating C type support for eProsima Fast-RTPS[0m
[ 66%] [32m[1mLinking CXX shared library libhb_interfaces__rosidl_typesupport_introspection_cpp.so[0m
[ 66%] Built target hb_interfaces__rosidl_typesupport_introspection_cpp
[ 69%] [32mBuilding CXX object CMakeFiles/hb_interfaces__rosidl_typesupport_fastrtps_c.dir/rosidl_typesupport_fastrtps_c/hb_interfaces/msg/detail/pose2_d__type_support_c.cpp.o[0m
[ 71%] [32mBuilding CXX object CMakeFiles/hb_interfaces__rosidl_typesupport_fastrtps_c.dir/rosidl_typesupport_fastrtps_c/hb_interfaces/msg/detail/poses2_d__type_support_c.cpp.o[0m
[ 74%] [32m[1mLinking CXX shared library libhb_interfaces__rosidl_typesupport_fastrtps_c.so[0m
[ 74%] Built target hb_interfaces__rosidl_typesupport_fastrtps_c
[ 74%] Built target hb_interfaces
[ 76%] [34m[1mGenerating Python code for ROS interfaces[0m
[ 76%] Built target hb_interfaces__py
[ 79%] [32mBuilding C object CMakeFiles/hb_interfaces__rosidl_generator_py.dir/rosidl_generator_py/hb_interfaces/msg/_poses2_d_s.c.o[0m
[ 82%] [32mBuilding C object CMakeFiles/hb_interfaces__rosidl_generator_py.dir/rosidl_generator_py/hb_interfaces/msg/_pose2_d_s.c.o[0m
[ 84%] [32m[1mLinking C shared library rosidl_generator_py/hb_interfaces/libhb_interfaces__rosidl_generator_py.so[0m
[ 84%] Built target hb_interfaces__rosidl_generator_py
[ 87%] [32mBuilding C object CMakeFiles/hb_interfaces__rosidl_typesupport_fastrtps_c__pyext.dir/rosidl_generator_py/hb_interfaces/_hb_interfaces_s.ep.rosidl_typesupport_fastrtps_c.c.o[0m
[ 89%] [32mBuilding C object CMakeFiles/hb_interfaces__rosidl_typesupport_introspection_c__pyext.dir/rosidl_generator_py/hb_interfaces/_hb_interfaces_s.ep.rosidl_typesupport_introspection_c.c.o[0m
[ 92%] [32m[1mLinking C shared library rosidl_generator_py/hb_interfaces/hb_interfaces_s__rosidl_typesupport_introspection_c.cpython-310-x86_64-linux-gnu.so[0m
[ 94%] [32m[1mLinking C shared library rosidl_generator_py/hb_interfaces/hb_interfaces_s__rosidl_typesupport_fastrtps_c.cpython-310-x86_64-linux-gnu.so[0m
[ 94%] Built target hb_interfaces__rosidl_typesupport_fastrtps_c__pyext
[ 94%] Built target hb_interfaces__rosidl_typesupport_introspection_c__pyext
[ 97%] [32mBuilding C object CMakeFiles/hb_interfaces__rosidl_typesupport_c__pyext.dir/rosidl_generator_py/hb_interfaces/_hb_interfaces_s.ep.rosidl_typesupport_c.c.o[0m
[100%] [32m[1mLinking C shared library rosidl_generator_py/hb_interfaces/hb_interfaces_s__rosidl_typesupport_c.cpython-310-x86_64-linux-gnu.so[0m
[100%] Built target hb_interfaces__rosidl_typesupport_c__pyext
-- Install configuration: ""
-- Execute custom install script
-- Symlinking: /home/pratheek/EYRC-Task_1/install/hb_interfaces/share/ament_index/resource_index/rosidl_interfaces/hb_interfaces
-- Symlinking: /home/pratheek/EYRC-Task_1/install/hb_interfaces/include/hb_interfaces/hb_interfaces/msg/detail/pose2_d__functions.h
-- Symlinking: /home/pratheek/EYRC-Task_1/install/hb_interfaces/include/hb_interfaces/hb_interfaces/msg/detail/pose2_d__struct.h
-- Symlinking: /home/pratheek/EYRC-Task_1/install/hb_interfaces/include/hb_interfaces/hb_interfaces/msg/detail/pose2_d__type_support.h
-- Symlinking: /home/pratheek/EYRC-Task_1/install/hb_interfaces/include/hb_interfaces/hb_interfaces/msg/detail/poses2_d__functions.h
-- Symlinking: /home/pratheek/EYRC-Task_1/install/hb_interfaces/include/hb_interfaces/hb_interfaces/msg/detail/poses2_d__struct.h
-- Symlinking: /home/pratheek/EYRC-Task_1/install/hb_interfaces/include/hb_interfaces/hb_interfaces/msg/detail/poses2_d__type_support.h
-- Symlinking: /home/pratheek/EYRC-Task_1/install/hb_interfaces/include/hb_interfaces/hb_interfaces/msg/pose2_d.h
-- Symlinking: /home/pratheek/EYRC-Task_1/install/hb_interfaces/include/hb_interfaces/hb_interfaces/msg/poses2_d.h
-- Symlinking: /home/pratheek/EYRC-Task_1/install/hb_interfaces/include/hb_interfaces/hb_interfaces/msg/rosidl_generator_c__visibility_control.h
-- Symlinking: /home/pratheek/EYRC-Task_1/install/hb_interfaces/share/hb_interfaces/environment/library_path.sh
-- Symlinking: /home/pratheek/EYRC-Task_1/install/hb_interfaces/share/hb_interfaces/environment/library_path.dsv
-- Symlinking: /home/pratheek/EYRC-Task_1/install/hb_interfaces/include/hb_interfaces/hb_interfaces/msg/detail/pose2_d__rosidl_typesupport_fastrtps_c.h
-- Symlinking: /home/pratheek/EYRC-Task_1/install/hb_interfaces/include/hb_interfaces/hb_interfaces/msg/detail/poses2_d__rosidl_typesupport_fastrtps_c.h
-- Symlinking: /home/pratheek/EYRC-Task_1/install/hb_interfaces/include/hb_interfaces/hb_interfaces/msg/rosidl_typesupport_fastrtps_c__visibility_control.h
-- Symlinking: /home/pratheek/EYRC-Task_1/install/hb_interfaces/include/hb_interfaces/hb_interfaces/msg/detail/pose2_d__builder.hpp
-- Symlinking: /home/pratheek/EYRC-Task_1/install/hb_interfaces/include/hb_interfaces/hb_interfaces/msg/detail/pose2_d__struct.hpp
-- Symlinking: /home/pratheek/EYRC-Task_1/install/hb_interfaces/include/hb_interfaces/hb_interfaces/msg/detail/pose2_d__traits.hpp
-- Symlinking: /home/pratheek/EYRC-Task_1/install/hb_interfaces/include/hb_interfaces/hb_interfaces/msg/detail/pose2_d__type_support.hpp
-- Symlinking: /home/pratheek/EYRC-Task_1/install/hb_interfaces/include/hb_interfaces/hb_interfaces/msg/detail/poses2_d__builder.hpp
-- Symlinking: /home/pratheek/EYRC-Task_1/install/hb_interfaces/include/hb_interfaces/hb_interfaces/msg/detail/poses2_d__struct.hpp
-- Symlinking: /home/pratheek/EYRC-Task_1/install/hb_interfaces/include/hb_interfaces/hb_interfaces/msg/detail/poses2_d__traits.hpp
-- Symlinking: /home/pratheek/EYRC-Task_1/install/hb_interfaces/include/hb_interfaces/hb_interfaces/msg/detail/poses2_d__type_support.hpp
-- Symlinking: /home/pratheek/EYRC-Task_1/install/hb_interfaces/include/hb_interfaces/hb_interfaces/msg/pose2_d.hpp
-- Symlinking: /home/pratheek/EYRC-Task_1/install/hb_interfaces/include/hb_interfaces/hb_interfaces/msg/poses2_d.hpp
-- Symlinking: /home/pratheek/EYRC-Task_1/install/hb_interfaces/include/hb_interfaces/hb_interfaces/msg/rosidl_generator_cpp__visibility_control.hpp
-- Symlinking: /home/pratheek/EYRC-Task_1/install/hb_interfaces/include/hb_interfaces/hb_interfaces/msg/detail/pose2_d__rosidl_typesupport_fastrtps_cpp.hpp
-- Symlinking: /home/pratheek/EYRC-Task_1/install/hb_interfaces/include/hb_interfaces/hb_interfaces/msg/detail/poses2_d__rosidl_typesupport_fastrtps_cpp.hpp
-- Symlinking: /home/pratheek/EYRC-Task_1/install/hb_interfaces/include/hb_interfaces/hb_interfaces/msg/rosidl_typesupport_fastrtps_cpp__visibility_control.h
-- Symlinking: /home/pratheek/EYRC-Task_1/install/hb_interfaces/include/hb_interfaces/hb_interfaces/msg/detail/pose2_d__rosidl_typesupport_introspection_c.h
-- Symlinking: /home/pratheek/EYRC-Task_1/install/hb_interfaces/include/hb_interfaces/hb_interfaces/msg/detail/poses2_d__rosidl_typesupport_introspection_c.h
-- Symlinking: /home/pratheek/EYRC-Task_1/install/hb_interfaces/include/hb_interfaces/hb_interfaces/msg/rosidl_typesupport_introspection_c__visibility_control.h
-- Symlinking: /home/pratheek/EYRC-Task_1/install/hb_interfaces/include/hb_interfaces/hb_interfaces/msg/detail/pose2_d__rosidl_typesupport_introspection_cpp.hpp
-- Symlinking: /home/pratheek/EYRC-Task_1/install/hb_interfaces/include/hb_interfaces/hb_interfaces/msg/detail/poses2_d__rosidl_typesupport_introspection_cpp.hpp
-- Symlinking: /home/pratheek/EYRC-Task_1/install/hb_interfaces/share/hb_interfaces/environment/pythonpath.sh
-- Symlinking: /home/pratheek/EYRC-Task_1/install/hb_interfaces/share/hb_interfaces/environment/pythonpath.dsv
-- Symlinking: /home/pratheek/EYRC-Task_1/install/hb_interfaces/local/lib/python3.10/dist-packages/hb_interfaces-1.10.1-py3.10.egg-info/PKG-INFO
-- Symlinking: /home/pratheek/EYRC-Task_1/install/hb_interfaces/local/lib/python3.10/dist-packages/hb_interfaces-1.10.1-py3.10.egg-info/SOURCES.txt
-- Symlinking: /home/pratheek/EYRC-Task_1/install/hb_interfaces/local/lib/python3.10/dist-packages/hb_interfaces-1.10.1-py3.10.egg-info/dependency_links.txt
-- Symlinking: /home/pratheek/EYRC-Task_1/install/hb_interfaces/local/lib/python3.10/dist-packages/hb_interfaces-1.10.1-py3.10.egg-info/top_level.txt
-- Symlinking: /home/pratheek/EYRC-Task_1/install/hb_interfaces/local/lib/python3.10/dist-packages/hb_interfaces/__init__.py
-- Symlinking: /home/pratheek/EYRC-Task_1/install/hb_interfaces/local/lib/python3.10/dist-packages/hb_interfaces/_hb_interfaces_s.ep.rosidl_typesupport_c.c
-- Symlinking: /home/pratheek/EYRC-Task_1/install/hb_interfaces/local/lib/python3.10/dist-packages/hb_interfaces/_hb_interfaces_s.ep.rosidl_typesupport_fastrtps_c.c
-- Symlinking: /home/pratheek/EYRC-Task_1/install/hb_interfaces/local/lib/python3.10/dist-packages/hb_interfaces/_hb_interfaces_s.ep.rosidl_typesupport_introspection_c.c
-- Symlinking: /home/pratheek/EYRC-Task_1/install/hb_interfaces/local/lib/python3.10/dist-packages/hb_interfaces/hb_interfaces_s__rosidl_typesupport_c.cpython-310-x86_64-linux-gnu.so
-- Symlinking: /home/pratheek/EYRC-Task_1/install/hb_interfaces/local/lib/python3.10/dist-packages/hb_interfaces/hb_interfaces_s__rosidl_typesupport_fastrtps_c.cpython-310-x86_64-linux-gnu.so
-- Symlinking: /home/pratheek/EYRC-Task_1/install/hb_interfaces/local/lib/python3.10/dist-packages/hb_interfaces/hb_interfaces_s__rosidl_typesupport_introspection_c.cpython-310-x86_64-linux-gnu.so
-- Symlinking: /home/pratheek/EYRC-Task_1/install/hb_interfaces/local/lib/python3.10/dist-packages/hb_interfaces/libhb_interfaces__rosidl_generator_py.so
-- Symlinking: /home/pratheek/EYRC-Task_1/install/hb_interfaces/local/lib/python3.10/dist-packages/hb_interfaces/msg/__init__.py
-- Symlinking: /home/pratheek/EYRC-Task_1/install/hb_interfaces/local/lib/python3.10/dist-packages/hb_interfaces/msg/_pose2_d.py
-- Symlinking: /home/pratheek/EYRC-Task_1/install/hb_interfaces/local/lib/python3.10/dist-packages/hb_interfaces/msg/_pose2_d_s.c
-- Symlinking: /home/pratheek/EYRC-Task_1/install/hb_interfaces/local/lib/python3.10/dist-packages/hb_interfaces/msg/_poses2_d.py
-- Symlinking: /home/pratheek/EYRC-Task_1/install/hb_interfaces/local/lib/python3.10/dist-packages/hb_interfaces/msg/_poses2_d_s.c
-- Up-to-date symlink: /home/pratheek/EYRC-Task_1/install/hb_interfaces/local/lib/python3.10/dist-packages/hb_interfaces/hb_interfaces_s__rosidl_typesupport_fastrtps_c.cpython-310-x86_64-linux-gnu.so
-- Up-to-date symlink: /home/pratheek/EYRC-Task_1/install/hb_interfaces/local/lib/python3.10/dist-packages/hb_interfaces/hb_interfaces_s__rosidl_typesupport_introspection_c.cpython-310-x86_64-linux-gnu.so
-- Up-to-date symlink: /home/pratheek/EYRC-Task_1/install/hb_interfaces/local/lib/python3.10/dist-packages/hb_interfaces/hb_interfaces_s__rosidl_typesupport_c.cpython-310-x86_64-linux-gnu.so
-- Symlinking: /home/pratheek/EYRC-Task_1/install/hb_interfaces/share/hb_interfaces/msg/Pose2D.idl
-- Symlinking: /home/pratheek/EYRC-Task_1/install/hb_interfaces/share/hb_interfaces/msg/Poses2D.idl
-- Symlinking: /home/pratheek/EYRC-Task_1/install/hb_interfaces/share/hb_interfaces/msg/Pose2D.msg
-- Symlinking: /home/pratheek/EYRC-Task_1/install/hb_interfaces/share/hb_interfaces/msg/Poses2D.msg
-- Symlinking: /home/pratheek/EYRC-Task_1/install/hb_interfaces/share/ament_index/resource_index/package_run_dependencies/hb_interfaces
-- Symlinking: /home/pratheek/EYRC-Task_1/install/hb_interfaces/share/ament_index/resource_index/parent_prefix_path/hb_interfaces
-- Symlinking: /home/pratheek/EYRC-Task_1/install/hb_interfaces/share/hb_interfaces/environment/ament_prefix_path.sh
-- Symlinking: /home/pratheek/EYRC-Task_1/install/hb_interfaces/share/hb_interfaces/environment/ament_prefix_path.dsv
-- Symlinking: /home/pratheek/EYRC-Task_1/install/hb_interfaces/share/hb_interfaces/environment/path.sh
-- Symlinking: /home/pratheek/EYRC-Task_1/install/hb_interfaces/share/hb_interfaces/environment/path.dsv
-- Symlinking: /home/pratheek/EYRC-Task_1/install/hb_interfaces/share/hb_interfaces/local_setup.bash
-- Symlinking: /home/pratheek/EYRC-Task_1/install/hb_interfaces/share/hb_interfaces/local_setup.sh
-- Symlinking: /home/pratheek/EYRC-Task_1/install/hb_interfaces/share/hb_interfaces/local_setup.zsh
-- Symlinking: /home/pratheek/EYRC-Task_1/install/hb_interfaces/share/hb_interfaces/local_setup.dsv
-- Symlinking: /home/pratheek/EYRC-Task_1/install/hb_interfaces/share/hb_interfaces/package.dsv
-- Symlinking: /home/pratheek/EYRC-Task_1/install/hb_interfaces/share/ament_index/resource_index/packages/hb_interfaces
-- Symlinking: /home/pratheek/EYRC-Task_1/install/hb_interfaces/share/hb_interfaces/cmake/rosidl_cmake-extras.cmake
-- Symlinking: /home/pratheek/EYRC-Task_1/install/hb_interfaces/share/hb_interfaces/cmake/ament_cmake_export_dependencies-extras.cmake
-- Symlinking: /home/pratheek/EYRC-Task_1/install/hb_interfaces/share/hb_interfaces/cmake/ament_cmake_export_include_directories-extras.cmake
-- Symlinking: /home/pratheek/EYRC-Task_1/install/hb_interfaces/share/hb_interfaces/cmake/ament_cmake_export_libraries-extras.cmake
-- Symlinking: /home/pratheek/EYRC-Task_1/install/hb_interfaces/share/hb_interfaces/cmake/ament_cmake_export_targets-extras.cmake
-- Symlinking: /home/pratheek/EYRC-Task_1/install/hb_interfaces/share/hb_interfaces/cmake/rosidl_cmake_export_typesupport_targets-extras.cmake
-- Symlinking: /home/pratheek/EYRC-Task_1/install/hb_interfaces/share/hb_interfaces/cmake/rosidl_cmake_export_typesupport_libraries-extras.cmake
-- Symlinking: /home/pratheek/EYRC-Task_1/install/hb_interfaces/share/hb_interfaces/cmake/hb_interfacesConfig.cmake
-- Symlinking: /home/pratheek/EYRC-Task_1/install/hb_interfaces/share/hb_interfaces/cmake/hb_interfacesConfig-version.cmake
-- Symlinking: /home/pratheek/EYRC-Task_1/install/hb_interfaces/share/hb_interfaces/package.xml
-- Installing: /home/pratheek/EYRC-Task_1/install/hb_interfaces/lib/libhb_interfaces__rosidl_generator_c.so
-- Set runtime path of "/home/pratheek/EYRC-Task_1/install/hb_interfaces/lib/libhb_interfaces__rosidl_generator_c.so" to ""
-- Installing: /home/pratheek/EYRC-Task_1/install/hb_interfaces/lib/libhb_interfaces__rosidl_typesupport_fastrtps_c.so
-- Set runtime path of "/home/pratheek/EYRC-Task_1/install/hb_interfaces/lib/libhb_interfaces__rosidl_typesupport_fastrtps_c.so" to ""
-- Installing: /home/pratheek/EYRC-Task_1/install/hb_interfaces/lib/libhb_interfaces__rosidl_typesupport_fastrtps_cpp.so
-- Set runtime path of "/home/pratheek/EYRC-Task_1/install/hb_interfaces/lib/libhb_interfaces__rosidl_typesupport_fastrtps_cpp.so" to ""
-- Installing: /home/pratheek/EYRC-Task_1/install/hb_interfaces/lib/libhb_interfaces__rosidl_typesupport_introspection_c.so
-- Set runtime path of "/home/pratheek/EYRC-Task_1/install/hb_interfaces/lib/libhb_interfaces__rosidl_typesupport_introspection_c.so" to ""
-- Installing: /home/pratheek/EYRC-Task_1/install/hb_interfaces/lib/libhb_interfaces__rosidl_typesupport_c.so
-- Set runtime path of "/home/pratheek/EYRC-Task_1/install/hb_interfaces/lib/libhb_interfaces__rosidl_typesupport_c.so" to ""
-- Installing: /home/pratheek/EYRC-Task_1/install/hb_interfaces/lib/libhb_interfaces__rosidl_typesupport_introspection_cpp.so
-- Set runtime path of "/home/pratheek/EYRC-Task_1/install/hb_interfaces/lib/libhb_interfaces__rosidl_typesupport_introspection_cpp.so" to ""
-- Installing: /home/pratheek/EYRC-Task_1/install/hb_interfaces/lib/libhb_interfaces__rosidl_typesupport_cpp.so
-- Set runtime path of "/home/pratheek/EYRC-Task_1/install/hb_interfaces/lib/libhb_interfaces__rosidl_typesupport_cpp.so" to ""
Listing '/home/pratheek/EYRC-Task_1/install/hb_interfaces/local/lib/python3.10/dist-packages/hb_interfaces'...
Compiling '/home/pratheek/EYRC-Task_1/install/hb_interfaces/local/lib/python3.10/dist-packages/hb_interfaces/__init__.py'...
Listing '/home/pratheek/EYRC-Task_1/install/hb_interfaces/local/lib/python3.10/dist-packages/hb_interfaces/msg'...
Compiling '/home/pratheek/EYRC-Task_1/install/hb_interfaces/local/lib/python3.10/dist-packages/hb_interfaces/msg/__init__.py'...
Compiling '/home/pratheek/EYRC-Task_1/install/hb_interfaces/local/lib/python3.10/dist-packages/hb_interfaces/msg/_pose2_d.py'...
Compiling '/home/pratheek/EYRC-Task_1/install/hb_interfaces/local/lib/python3.10/dist-packages/hb_interfaces/msg/_poses2_d.py'...
-- Installing: /home/pratheek/EYRC-Task_1/install/hb_interfaces/lib/libhb_interfaces__rosidl_generator_py.so
-- Set runtime path of "/home/pratheek/EYRC-Task_1/install/hb_interfaces/lib/libhb_interfaces__rosidl_generator_py.so" to ""
-- Installing: /home/pratheek/EYRC-Task_1/install/hb_interfaces/share/hb_interfaces/cmake/export_hb_interfaces__rosidl_generator_cExport.cmake
-- Installing: /home/pratheek/EYRC-Task_1/install/hb_interfaces/share/hb_interfaces/cmake/export_hb_interfaces__rosidl_generator_cExport-noconfig.cmake
-- Installing: /home/pratheek/EYRC-Task_1/install/hb_interfaces/share/hb_interfaces/cmake/export_hb_interfaces__rosidl_typesupport_fastrtps_cExport.cmake
-- Installing: /home/pratheek/EYRC-Task_1/install/hb_interfaces/share/hb_interfaces/cmake/export_hb_interfaces__rosidl_typesupport_fastrtps_cExport-noconfig.cmake
-- Installing: /home/pratheek/EYRC-Task_1/install/hb_interfaces/share/hb_interfaces/cmake/export_hb_interfaces__rosidl_generator_cppExport.cmake
-- Installing: /home/pratheek/EYRC-Task_1/install/hb_interfaces/share/hb_interfaces/cmake/export_hb_interfaces__rosidl_typesupport_fastrtps_cppExport.cmake
-- Installing: /home/pratheek/EYRC-Task_1/install/hb_interfaces/share/hb_interfaces/cmake/export_hb_interfaces__rosidl_typesupport_fastrtps_cppExport-noconfig.cmake
-- Installing: /home/pratheek/EYRC-Task_1/install/hb_interfaces/share/hb_interfaces/cmake/hb_interfaces__rosidl_typesupport_introspection_cExport.cmake
-- Installing: /home/pratheek/EYRC-Task_1/install/hb_interfaces/share/hb_interfaces/cmake/hb_interfaces__rosidl_typesupport_introspection_cExport-noconfig.cmake
-- Installing: /home/pratheek/EYRC-Task_1/install/hb_interfaces/share/hb_interfaces/cmake/hb_interfaces__rosidl_typesupport_cExport.cmake
-- Installing: /home/pratheek/EYRC-Task_1/install/hb_interfaces/share/hb_interfaces/cmake/hb_interfaces__rosidl_typesupport_cExport-noconfig.cmake
-- Installing: /home/pratheek/EYRC-Task_1/install/hb_interfaces/share/hb_interfaces/cmake/hb_interfaces__rosidl_typesupport_introspection_cppExport.cmake
-- Installing: /home/pratheek/EYRC-Task_1/install/hb_interfaces/share/hb_interfaces/cmake/hb_interfaces__rosidl_typesupport_introspection_cppExport-noconfig.cmake
-- Installing: /home/pratheek/EYRC-Task_1/install/hb_interfaces/share/hb_interfaces/cmake/hb_interfaces__rosidl_typesupport_cppExport.cmake
-- Installing: /home/pratheek/EYRC-Task_1/install/hb_interfaces/share/hb_interfaces/cmake/hb_interfaces__rosidl_typesupport_cppExport-noconfig.cmake
-- Installing: /home/pratheek/EYRC-Task_1/install/hb_interfaces/share/hb_interfaces/cmake/export_hb_interfaces__rosidl_generator_pyExport.cmake
-- Installing: /home/pratheek/EYRC-Task_1/install/hb_interfaces/share/hb_interfaces/cmake/export_hb_interfaces__rosidl_generator_pyExport-noconfig.cmake
