[0.023s] Invoking command in '/home/pratheek/EYRC-Task_1/build/hb_interfaces': CMAKE_PREFIX_PATH=${CMAKE_PREFIX_PATH}:/home/pratheek/ros2_ws/install/my_controller:/opt/ros/humble /usr/bin/cmake /home/pratheek/EYRC-Task_1/src/hb_interfaces -DAMENT_CMAKE_SYMLINK_INSTALL=1 -DCMAKE_INSTALL_PREFIX=/home/pratheek/EYRC-Task_1/install/hb_interfaces
[0.217s] -- The C compiler identification is GNU 11.4.0
[0.410s] -- The CXX compiler identification is GNU 11.4.0
[0.433s] -- Detecting C compiler ABI info
[0.661s] -- Detecting C compiler ABI info - done
[0.687s] -- Check for working C compiler: /usr/bin/cc - skipped
[0.688s] -- Detecting C compile features
[0.689s] -- Detecting C compile features - done
[0.699s] -- Detecting CXX compiler ABI info
[0.967s] -- Detecting CXX compiler ABI info - done
[0.993s] -- Check for working CXX compiler: /usr/bin/c++ - skipped
[0.993s] -- Detecting CXX compile features
[0.994s] -- Detecting CXX compile features - done
[1.007s] -- Found ament_cmake: 1.3.12 (/opt/ros/humble/share/ament_cmake/cmake)
[1.369s] -- Found Python3: /usr/bin/python3 (found version "3.10.12") found components: Interpreter 
[1.485s] -- Override CMake install command with custom implementation using symlinks instead of copying resources
[1.547s] -- Found builtin_interfaces: 1.2.2 (/opt/ros/humble/share/builtin_interfaces/cmake)
[1.614s] -- Found rosidl_generator_c: 3.1.7 (/opt/ros/humble/share/rosidl_generator_c/cmake)
[1.624s] -- Found rosidl_adapter: 3.1.7 (/opt/ros/humble/share/rosidl_adapter/cmake)
[1.643s] -- Found rosidl_generator_cpp: 3.1.7 (/opt/ros/humble/share/rosidl_generator_cpp/cmake)
[1.664s] -- Using all available rosidl_typesupport_c: rosidl_typesupport_fastrtps_c;rosidl_typesupport_introspection_c
[1.703s] -- Using all available rosidl_typesupport_cpp: rosidl_typesupport_fastrtps_cpp;rosidl_typesupport_introspection_cpp
[1.769s] -- Found rosidl_default_generators: 1.2.0 (/opt/ros/humble/share/rosidl_default_generators/cmake)
[2.649s] -- Found ament_cmake_cppcheck: 0.12.14 (/opt/ros/humble/share/ament_cmake_cppcheck/cmake)
[2.654s] -- Found ament_cmake_cpplint: 0.12.14 (/opt/ros/humble/share/ament_cmake_cpplint/cmake)
[2.660s] -- Found ament_cmake_uncrustify: 0.12.14 (/opt/ros/humble/share/ament_cmake_uncrustify/cmake)
[2.665s] -- Found ament_cmake_ros: 0.10.0 (/opt/ros/humble/share/ament_cmake_ros/cmake)
[3.247s] -- Using all available rosidl_typesupport_c: rosidl_typesupport_fastrtps_c;rosidl_typesupport_introspection_c
[3.465s] -- Using all available rosidl_typesupport_cpp: rosidl_typesupport_fastrtps_cpp;rosidl_typesupport_introspection_cpp
[3.507s] -- Found PythonInterp: /usr/bin/python3 (found suitable version "3.10.12", minimum required is "3.6") 
[3.511s] -- Found python_cmake_module: 0.10.0 (/opt/ros/humble/share/python_cmake_module/cmake)
[3.559s] -- Found PythonLibs: /usr/lib/x86_64-linux-gnu/libpython3.10.so (found suitable version "3.10.12", minimum required is "3.5") 
[3.559s] -- Using PYTHON_EXECUTABLE: /usr/bin/python3
[3.559s] -- Using PYTHON_INCLUDE_DIRS: /usr/include/python3.10
[3.559s] -- Using PYTHON_LIBRARIES: /usr/lib/x86_64-linux-gnu/libpython3.10.so
[3.596s] -- Found PythonExtra: .so  
[3.673s] -- Found ament_cmake_flake8: 0.12.14 (/opt/ros/humble/share/ament_cmake_flake8/cmake)
[3.680s] -- Found ament_cmake_pep257: 0.12.14 (/opt/ros/humble/share/ament_cmake_pep257/cmake)
[3.697s] -- Configuring done
[3.791s] -- Generating done
[3.809s] -- Build files have been written to: /home/pratheek/EYRC-Task_1/build/hb_interfaces
[3.822s] Invoked command in '/home/pratheek/EYRC-Task_1/build/hb_interfaces' returned '0': CMAKE_PREFIX_PATH=${CMAKE_PREFIX_PATH}:/home/pratheek/ros2_ws/install/my_controller:/opt/ros/humble /usr/bin/cmake /home/pratheek/EYRC-Task_1/src/hb_interfaces -DAMENT_CMAKE_SYMLINK_INSTALL=1 -DCMAKE_INSTALL_PREFIX=/home/pratheek/EYRC-Task_1/install/hb_interfaces
[3.827s] Invoking command in '/home/pratheek/EYRC-Task_1/build/hb_interfaces': CMAKE_PREFIX_PATH=${CMAKE_PREFIX_PATH}:/home/pratheek/ros2_ws/install/my_controller:/opt/ros/humble /usr/bin/cmake --build /home/pratheek/EYRC-Task_1/build/hb_interfaces -- -j2 -l2
[3.925s] [  2%] [34m[1mGenerating C code for ROS interfaces[0m
[3.960s] [  5%] [34m[1mGenerating C++ code for ROS interfaces[0m
[4.679s] [  5%] Built target hb_interfaces__cpp
[4.731s] [  5%] Built target ament_cmake_python_symlink_hb_interfaces
[4.749s] [  7%] [34m[1mGenerating C++ type support dispatch for ROS interfaces[0m
[5.376s] [ 10%] [32mBuilding C object CMakeFiles/hb_interfaces__rosidl_generator_c.dir/rosidl_generator_c/hb_interfaces/msg/detail/pose2_d__functions.c.o[0m
[5.504s] [ 12%] [32mBuilding C object CMakeFiles/hb_interfaces__rosidl_generator_c.dir/rosidl_generator_c/hb_interfaces/msg/detail/poses2_d__functions.c.o[0m
[5.505s] [ 15%] [32mBuilding CXX object CMakeFiles/hb_interfaces__rosidl_typesupport_cpp.dir/rosidl_typesupport_cpp/hb_interfaces/msg/pose2_d__type_support.cpp.o[0m
[5.657s] [ 17%] [32m[1mLinking C shared library libhb_interfaces__rosidl_generator_c.so[0m
[5.789s] [ 17%] Built target hb_interfaces__rosidl_generator_c
[5.824s] [ 20%] [34m[1mGenerating C++ type support for eProsima Fast-RTPS[0m
[6.359s] [ 23%] [32mBuilding CXX object CMakeFiles/hb_interfaces__rosidl_typesupport_cpp.dir/rosidl_typesupport_cpp/hb_interfaces/msg/poses2_d__type_support.cpp.o[0m
[6.709s] [ 25%] [32mBuilding CXX object CMakeFiles/hb_interfaces__rosidl_typesupport_fastrtps_cpp.dir/rosidl_typesupport_fastrtps_cpp/hb_interfaces/msg/detail/dds_fastrtps/pose2_d__type_support.cpp.o[0m
[7.061s] [ 28%] [32m[1mLinking CXX shared library libhb_interfaces__rosidl_typesupport_cpp.so[0m
[7.189s] [ 28%] Built target hb_interfaces__rosidl_typesupport_cpp
[7.203s] [ 30%] [32mBuilding CXX object CMakeFiles/hb_interfaces__rosidl_typesupport_fastrtps_cpp.dir/rosidl_typesupport_fastrtps_cpp/hb_interfaces/msg/detail/dds_fastrtps/poses2_d__type_support.cpp.o[0m
[8.186s] [ 33%] [34m[1mGenerating C introspection for ROS interfaces[0m
[8.312s] [ 35%] [32m[1mLinking CXX shared library libhb_interfaces__rosidl_typesupport_fastrtps_cpp.so[0m
[8.586s] [ 35%] Built target hb_interfaces__rosidl_typesupport_fastrtps_cpp
[8.620s] [ 38%] [34m[1mGenerating C type support dispatch for ROS interfaces[0m
[9.088s] [ 41%] [32mBuilding C object CMakeFiles/hb_interfaces__rosidl_typesupport_introspection_c.dir/rosidl_typesupport_introspection_c/hb_interfaces/msg/detail/pose2_d__type_support.c.o[0m
[9.178s] [ 43%] [32mBuilding C object CMakeFiles/hb_interfaces__rosidl_typesupport_introspection_c.dir/rosidl_typesupport_introspection_c/hb_interfaces/msg/detail/poses2_d__type_support.c.o[0m
[9.299s] [ 46%] [32m[1mLinking C shared library libhb_interfaces__rosidl_typesupport_introspection_c.so[0m
[9.412s] [ 46%] Built target hb_interfaces__rosidl_typesupport_introspection_c
[9.446s] [ 48%] [34m[1mGenerating C++ introspection for ROS interfaces[0m
[9.461s] [ 51%] [32mBuilding CXX object CMakeFiles/hb_interfaces__rosidl_typesupport_c.dir/rosidl_typesupport_c/hb_interfaces/msg/pose2_d__type_support.cpp.o[0m
[9.528s] [ 53%] [32mBuilding CXX object CMakeFiles/hb_interfaces__rosidl_typesupport_c.dir/rosidl_typesupport_c/hb_interfaces/msg/poses2_d__type_support.cpp.o[0m
[9.580s] [ 56%] [32m[1mLinking CXX shared library libhb_interfaces__rosidl_typesupport_c.so[0m
[9.684s] [ 56%] Built target hb_interfaces__rosidl_typesupport_c
[10.609s] [ 58%] [32mBuilding CXX object CMakeFiles/hb_interfaces__rosidl_typesupport_introspection_cpp.dir/rosidl_typesupport_introspection_cpp/hb_interfaces/msg/detail/pose2_d__type_support.cpp.o[0m
[10.722s] running egg_info
[10.729s] creating hb_interfaces.egg-info
[10.729s] writing hb_interfaces.egg-info/PKG-INFO
[10.729s] writing dependency_links to hb_interfaces.egg-info/dependency_links.txt
[10.730s] writing top-level names to hb_interfaces.egg-info/top_level.txt
[10.730s] writing manifest file 'hb_interfaces.egg-info/SOURCES.txt'
[10.741s] reading manifest file 'hb_interfaces.egg-info/SOURCES.txt'
[10.742s] writing manifest file 'hb_interfaces.egg-info/SOURCES.txt'
[10.872s] [ 58%] Built target ament_cmake_python_build_hb_interfaces_egg
[10.906s] [ 61%] [32mBuilding CXX object CMakeFiles/hb_interfaces__rosidl_typesupport_introspection_cpp.dir/rosidl_typesupport_introspection_cpp/hb_interfaces/msg/detail/poses2_d__type_support.cpp.o[0m
[11.712s] [ 64%] [34m[1mGenerating C type support for eProsima Fast-RTPS[0m
[12.067s] [ 66%] [32m[1mLinking CXX shared library libhb_interfaces__rosidl_typesupport_introspection_cpp.so[0m
[12.261s] [ 66%] Built target hb_interfaces__rosidl_typesupport_introspection_cpp
[12.556s] [ 69%] [32mBuilding CXX object CMakeFiles/hb_interfaces__rosidl_typesupport_fastrtps_c.dir/rosidl_typesupport_fastrtps_c/hb_interfaces/msg/detail/pose2_d__type_support_c.cpp.o[0m
[12.556s] [ 71%] [32mBuilding CXX object CMakeFiles/hb_interfaces__rosidl_typesupport_fastrtps_c.dir/rosidl_typesupport_fastrtps_c/hb_interfaces/msg/detail/poses2_d__type_support_c.cpp.o[0m
[13.933s] [ 74%] [32m[1mLinking CXX shared library libhb_interfaces__rosidl_typesupport_fastrtps_c.so[0m
[14.110s] [ 74%] Built target hb_interfaces__rosidl_typesupport_fastrtps_c
[14.155s] [ 74%] Built target hb_interfaces
[14.186s] [ 76%] [34m[1mGenerating Python code for ROS interfaces[0m
[15.008s] [ 76%] Built target hb_interfaces__py
[15.067s] [ 79%] [32mBuilding C object CMakeFiles/hb_interfaces__rosidl_generator_py.dir/rosidl_generator_py/hb_interfaces/msg/_poses2_d_s.c.o[0m
[15.082s] [ 82%] [32mBuilding C object CMakeFiles/hb_interfaces__rosidl_generator_py.dir/rosidl_generator_py/hb_interfaces/msg/_pose2_d_s.c.o[0m
[15.464s] [ 84%] [32m[1mLinking C shared library rosidl_generator_py/hb_interfaces/libhb_interfaces__rosidl_generator_py.so[0m
[15.585s] [ 84%] Built target hb_interfaces__rosidl_generator_py
[15.656s] [ 87%] [32mBuilding C object CMakeFiles/hb_interfaces__rosidl_typesupport_fastrtps_c__pyext.dir/rosidl_generator_py/hb_interfaces/_hb_interfaces_s.ep.rosidl_typesupport_fastrtps_c.c.o[0m
[15.658s] [ 89%] [32mBuilding C object CMakeFiles/hb_interfaces__rosidl_typesupport_introspection_c__pyext.dir/rosidl_generator_py/hb_interfaces/_hb_interfaces_s.ep.rosidl_typesupport_introspection_c.c.o[0m
[16.008s] [ 92%] [32m[1mLinking C shared library rosidl_generator_py/hb_interfaces/hb_interfaces_s__rosidl_typesupport_introspection_c.cpython-310-x86_64-linux-gnu.so[0m
[16.012s] [ 94%] [32m[1mLinking C shared library rosidl_generator_py/hb_interfaces/hb_interfaces_s__rosidl_typesupport_fastrtps_c.cpython-310-x86_64-linux-gnu.so[0m
[16.131s] [ 94%] Built target hb_interfaces__rosidl_typesupport_fastrtps_c__pyext
[16.135s] [ 94%] Built target hb_interfaces__rosidl_typesupport_introspection_c__pyext
[16.201s] [ 97%] [32mBuilding C object CMakeFiles/hb_interfaces__rosidl_typesupport_c__pyext.dir/rosidl_generator_py/hb_interfaces/_hb_interfaces_s.ep.rosidl_typesupport_c.c.o[0m
[16.420s] [100%] [32m[1mLinking C shared library rosidl_generator_py/hb_interfaces/hb_interfaces_s__rosidl_typesupport_c.cpython-310-x86_64-linux-gnu.so[0m
[16.554s] [100%] Built target hb_interfaces__rosidl_typesupport_c__pyext
[16.589s] Invoked command in '/home/pratheek/EYRC-Task_1/build/hb_interfaces' returned '0': CMAKE_PREFIX_PATH=${CMAKE_PREFIX_PATH}:/home/pratheek/ros2_ws/install/my_controller:/opt/ros/humble /usr/bin/cmake --build /home/pratheek/EYRC-Task_1/build/hb_interfaces -- -j2 -l2
[16.589s] Invoking command in '/home/pratheek/EYRC-Task_1/build/hb_interfaces': CMAKE_PREFIX_PATH=${CMAKE_PREFIX_PATH}:/home/pratheek/ros2_ws/install/my_controller:/opt/ros/humble /usr/bin/cmake --install /home/pratheek/EYRC-Task_1/build/hb_interfaces
[16.618s] -- Install configuration: ""
[16.618s] -- Execute custom install script
[16.622s] -- Symlinking: /home/pratheek/EYRC-Task_1/install/hb_interfaces/share/ament_index/resource_index/rosidl_interfaces/hb_interfaces
[16.657s] -- Symlinking: /home/pratheek/EYRC-Task_1/install/hb_interfaces/include/hb_interfaces/hb_interfaces/msg/detail/pose2_d__functions.h
[16.687s] -- Symlinking: /home/pratheek/EYRC-Task_1/install/hb_interfaces/include/hb_interfaces/hb_interfaces/msg/detail/pose2_d__struct.h
[16.716s] -- Symlinking: /home/pratheek/EYRC-Task_1/install/hb_interfaces/include/hb_interfaces/hb_interfaces/msg/detail/pose2_d__type_support.h
[16.744s] -- Symlinking: /home/pratheek/EYRC-Task_1/install/hb_interfaces/include/hb_interfaces/hb_interfaces/msg/detail/poses2_d__functions.h
[16.775s] -- Symlinking: /home/pratheek/EYRC-Task_1/install/hb_interfaces/include/hb_interfaces/hb_interfaces/msg/detail/poses2_d__struct.h
[16.804s] -- Symlinking: /home/pratheek/EYRC-Task_1/install/hb_interfaces/include/hb_interfaces/hb_interfaces/msg/detail/poses2_d__type_support.h
[16.833s] -- Symlinking: /home/pratheek/EYRC-Task_1/install/hb_interfaces/include/hb_interfaces/hb_interfaces/msg/pose2_d.h
[16.861s] -- Symlinking: /home/pratheek/EYRC-Task_1/install/hb_interfaces/include/hb_interfaces/hb_interfaces/msg/poses2_d.h
[16.888s] -- Symlinking: /home/pratheek/EYRC-Task_1/install/hb_interfaces/include/hb_interfaces/hb_interfaces/msg/rosidl_generator_c__visibility_control.h
[16.917s] -- Symlinking: /home/pratheek/EYRC-Task_1/install/hb_interfaces/share/hb_interfaces/environment/library_path.sh
[16.947s] -- Symlinking: /home/pratheek/EYRC-Task_1/install/hb_interfaces/share/hb_interfaces/environment/library_path.dsv
[16.977s] -- Symlinking: /home/pratheek/EYRC-Task_1/install/hb_interfaces/include/hb_interfaces/hb_interfaces/msg/detail/pose2_d__rosidl_typesupport_fastrtps_c.h
[17.002s] -- Symlinking: /home/pratheek/EYRC-Task_1/install/hb_interfaces/include/hb_interfaces/hb_interfaces/msg/detail/poses2_d__rosidl_typesupport_fastrtps_c.h
[17.029s] -- Symlinking: /home/pratheek/EYRC-Task_1/install/hb_interfaces/include/hb_interfaces/hb_interfaces/msg/rosidl_typesupport_fastrtps_c__visibility_control.h
[17.058s] -- Symlinking: /home/pratheek/EYRC-Task_1/install/hb_interfaces/include/hb_interfaces/hb_interfaces/msg/detail/pose2_d__builder.hpp
[17.088s] -- Symlinking: /home/pratheek/EYRC-Task_1/install/hb_interfaces/include/hb_interfaces/hb_interfaces/msg/detail/pose2_d__struct.hpp
[17.116s] -- Symlinking: /home/pratheek/EYRC-Task_1/install/hb_interfaces/include/hb_interfaces/hb_interfaces/msg/detail/pose2_d__traits.hpp
[17.145s] -- Symlinking: /home/pratheek/EYRC-Task_1/install/hb_interfaces/include/hb_interfaces/hb_interfaces/msg/detail/pose2_d__type_support.hpp
[17.167s] -- Symlinking: /home/pratheek/EYRC-Task_1/install/hb_interfaces/include/hb_interfaces/hb_interfaces/msg/detail/poses2_d__builder.hpp
[17.180s] -- Symlinking: /home/pratheek/EYRC-Task_1/install/hb_interfaces/include/hb_interfaces/hb_interfaces/msg/detail/poses2_d__struct.hpp
[17.195s] -- Symlinking: /home/pratheek/EYRC-Task_1/install/hb_interfaces/include/hb_interfaces/hb_interfaces/msg/detail/poses2_d__traits.hpp
[17.208s] -- Symlinking: /home/pratheek/EYRC-Task_1/install/hb_interfaces/include/hb_interfaces/hb_interfaces/msg/detail/poses2_d__type_support.hpp
[17.222s] -- Symlinking: /home/pratheek/EYRC-Task_1/install/hb_interfaces/include/hb_interfaces/hb_interfaces/msg/pose2_d.hpp
[17.236s] -- Symlinking: /home/pratheek/EYRC-Task_1/install/hb_interfaces/include/hb_interfaces/hb_interfaces/msg/poses2_d.hpp
[17.256s] -- Symlinking: /home/pratheek/EYRC-Task_1/install/hb_interfaces/include/hb_interfaces/hb_interfaces/msg/rosidl_generator_cpp__visibility_control.hpp
[17.272s] -- Symlinking: /home/pratheek/EYRC-Task_1/install/hb_interfaces/include/hb_interfaces/hb_interfaces/msg/detail/pose2_d__rosidl_typesupport_fastrtps_cpp.hpp
[17.285s] -- Symlinking: /home/pratheek/EYRC-Task_1/install/hb_interfaces/include/hb_interfaces/hb_interfaces/msg/detail/poses2_d__rosidl_typesupport_fastrtps_cpp.hpp
[17.300s] -- Symlinking: /home/pratheek/EYRC-Task_1/install/hb_interfaces/include/hb_interfaces/hb_interfaces/msg/rosidl_typesupport_fastrtps_cpp__visibility_control.h
[17.313s] -- Symlinking: /home/pratheek/EYRC-Task_1/install/hb_interfaces/include/hb_interfaces/hb_interfaces/msg/detail/pose2_d__rosidl_typesupport_introspection_c.h
[17.328s] -- Symlinking: /home/pratheek/EYRC-Task_1/install/hb_interfaces/include/hb_interfaces/hb_interfaces/msg/detail/poses2_d__rosidl_typesupport_introspection_c.h
[17.348s] -- Symlinking: /home/pratheek/EYRC-Task_1/install/hb_interfaces/include/hb_interfaces/hb_interfaces/msg/rosidl_typesupport_introspection_c__visibility_control.h
[17.364s] -- Symlinking: /home/pratheek/EYRC-Task_1/install/hb_interfaces/include/hb_interfaces/hb_interfaces/msg/detail/pose2_d__rosidl_typesupport_introspection_cpp.hpp
[17.376s] -- Symlinking: /home/pratheek/EYRC-Task_1/install/hb_interfaces/include/hb_interfaces/hb_interfaces/msg/detail/poses2_d__rosidl_typesupport_introspection_cpp.hpp
[17.392s] -- Symlinking: /home/pratheek/EYRC-Task_1/install/hb_interfaces/share/hb_interfaces/environment/pythonpath.sh
[17.404s] -- Symlinking: /home/pratheek/EYRC-Task_1/install/hb_interfaces/share/hb_interfaces/environment/pythonpath.dsv
[17.419s] -- Symlinking: /home/pratheek/EYRC-Task_1/install/hb_interfaces/local/lib/python3.10/dist-packages/hb_interfaces-1.10.1-py3.10.egg-info/PKG-INFO
[17.435s] -- Symlinking: /home/pratheek/EYRC-Task_1/install/hb_interfaces/local/lib/python3.10/dist-packages/hb_interfaces-1.10.1-py3.10.egg-info/SOURCES.txt
[17.452s] -- Symlinking: /home/pratheek/EYRC-Task_1/install/hb_interfaces/local/lib/python3.10/dist-packages/hb_interfaces-1.10.1-py3.10.egg-info/dependency_links.txt
[17.469s] -- Symlinking: /home/pratheek/EYRC-Task_1/install/hb_interfaces/local/lib/python3.10/dist-packages/hb_interfaces-1.10.1-py3.10.egg-info/top_level.txt
[17.483s] -- Symlinking: /home/pratheek/EYRC-Task_1/install/hb_interfaces/local/lib/python3.10/dist-packages/hb_interfaces/__init__.py
[17.498s] -- Symlinking: /home/pratheek/EYRC-Task_1/install/hb_interfaces/local/lib/python3.10/dist-packages/hb_interfaces/_hb_interfaces_s.ep.rosidl_typesupport_c.c
[17.510s] -- Symlinking: /home/pratheek/EYRC-Task_1/install/hb_interfaces/local/lib/python3.10/dist-packages/hb_interfaces/_hb_interfaces_s.ep.rosidl_typesupport_fastrtps_c.c
[17.525s] -- Symlinking: /home/pratheek/EYRC-Task_1/install/hb_interfaces/local/lib/python3.10/dist-packages/hb_interfaces/_hb_interfaces_s.ep.rosidl_typesupport_introspection_c.c
[17.539s] -- Symlinking: /home/pratheek/EYRC-Task_1/install/hb_interfaces/local/lib/python3.10/dist-packages/hb_interfaces/hb_interfaces_s__rosidl_typesupport_c.cpython-310-x86_64-linux-gnu.so
[17.559s] -- Symlinking: /home/pratheek/EYRC-Task_1/install/hb_interfaces/local/lib/python3.10/dist-packages/hb_interfaces/hb_interfaces_s__rosidl_typesupport_fastrtps_c.cpython-310-x86_64-linux-gnu.so
[17.575s] -- Symlinking: /home/pratheek/EYRC-Task_1/install/hb_interfaces/local/lib/python3.10/dist-packages/hb_interfaces/hb_interfaces_s__rosidl_typesupport_introspection_c.cpython-310-x86_64-linux-gnu.so
[17.589s] -- Symlinking: /home/pratheek/EYRC-Task_1/install/hb_interfaces/local/lib/python3.10/dist-packages/hb_interfaces/libhb_interfaces__rosidl_generator_py.so
[17.602s] -- Symlinking: /home/pratheek/EYRC-Task_1/install/hb_interfaces/local/lib/python3.10/dist-packages/hb_interfaces/msg/__init__.py
[17.615s] -- Symlinking: /home/pratheek/EYRC-Task_1/install/hb_interfaces/local/lib/python3.10/dist-packages/hb_interfaces/msg/_pose2_d.py
[17.629s] -- Symlinking: /home/pratheek/EYRC-Task_1/install/hb_interfaces/local/lib/python3.10/dist-packages/hb_interfaces/msg/_pose2_d_s.c
[17.651s] -- Symlinking: /home/pratheek/EYRC-Task_1/install/hb_interfaces/local/lib/python3.10/dist-packages/hb_interfaces/msg/_poses2_d.py
[17.665s] -- Symlinking: /home/pratheek/EYRC-Task_1/install/hb_interfaces/local/lib/python3.10/dist-packages/hb_interfaces/msg/_poses2_d_s.c
[17.679s] -- Up-to-date symlink: /home/pratheek/EYRC-Task_1/install/hb_interfaces/local/lib/python3.10/dist-packages/hb_interfaces/hb_interfaces_s__rosidl_typesupport_fastrtps_c.cpython-310-x86_64-linux-gnu.so
[17.680s] -- Up-to-date symlink: /home/pratheek/EYRC-Task_1/install/hb_interfaces/local/lib/python3.10/dist-packages/hb_interfaces/hb_interfaces_s__rosidl_typesupport_introspection_c.cpython-310-x86_64-linux-gnu.so
[17.680s] -- Up-to-date symlink: /home/pratheek/EYRC-Task_1/install/hb_interfaces/local/lib/python3.10/dist-packages/hb_interfaces/hb_interfaces_s__rosidl_typesupport_c.cpython-310-x86_64-linux-gnu.so
[17.681s] -- Symlinking: /home/pratheek/EYRC-Task_1/install/hb_interfaces/share/hb_interfaces/msg/Pose2D.idl
[17.694s] -- Symlinking: /home/pratheek/EYRC-Task_1/install/hb_interfaces/share/hb_interfaces/msg/Poses2D.idl
[17.709s] -- Symlinking: /home/pratheek/EYRC-Task_1/install/hb_interfaces/share/hb_interfaces/msg/Pose2D.msg
[17.722s] -- Symlinking: /home/pratheek/EYRC-Task_1/install/hb_interfaces/share/hb_interfaces/msg/Poses2D.msg
[17.737s] -- Symlinking: /home/pratheek/EYRC-Task_1/install/hb_interfaces/share/ament_index/resource_index/package_run_dependencies/hb_interfaces
[17.757s] -- Symlinking: /home/pratheek/EYRC-Task_1/install/hb_interfaces/share/ament_index/resource_index/parent_prefix_path/hb_interfaces
[17.772s] -- Symlinking: /home/pratheek/EYRC-Task_1/install/hb_interfaces/share/hb_interfaces/environment/ament_prefix_path.sh
[17.786s] -- Symlinking: /home/pratheek/EYRC-Task_1/install/hb_interfaces/share/hb_interfaces/environment/ament_prefix_path.dsv
[17.800s] -- Symlinking: /home/pratheek/EYRC-Task_1/install/hb_interfaces/share/hb_interfaces/environment/path.sh
[17.815s] -- Symlinking: /home/pratheek/EYRC-Task_1/install/hb_interfaces/share/hb_interfaces/environment/path.dsv
[17.829s] -- Symlinking: /home/pratheek/EYRC-Task_1/install/hb_interfaces/share/hb_interfaces/local_setup.bash
[17.846s] -- Symlinking: /home/pratheek/EYRC-Task_1/install/hb_interfaces/share/hb_interfaces/local_setup.sh
[17.864s] -- Symlinking: /home/pratheek/EYRC-Task_1/install/hb_interfaces/share/hb_interfaces/local_setup.zsh
[17.880s] -- Symlinking: /home/pratheek/EYRC-Task_1/install/hb_interfaces/share/hb_interfaces/local_setup.dsv
[17.908s] -- Symlinking: /home/pratheek/EYRC-Task_1/install/hb_interfaces/share/hb_interfaces/package.dsv
[17.934s] -- Symlinking: /home/pratheek/EYRC-Task_1/install/hb_interfaces/share/ament_index/resource_index/packages/hb_interfaces
[17.964s] -- Symlinking: /home/pratheek/EYRC-Task_1/install/hb_interfaces/share/hb_interfaces/cmake/rosidl_cmake-extras.cmake
[17.992s] -- Symlinking: /home/pratheek/EYRC-Task_1/install/hb_interfaces/share/hb_interfaces/cmake/ament_cmake_export_dependencies-extras.cmake
[18.018s] -- Symlinking: /home/pratheek/EYRC-Task_1/install/hb_interfaces/share/hb_interfaces/cmake/ament_cmake_export_include_directories-extras.cmake
[18.046s] -- Symlinking: /home/pratheek/EYRC-Task_1/install/hb_interfaces/share/hb_interfaces/cmake/ament_cmake_export_libraries-extras.cmake
[18.075s] -- Symlinking: /home/pratheek/EYRC-Task_1/install/hb_interfaces/share/hb_interfaces/cmake/ament_cmake_export_targets-extras.cmake
[18.104s] -- Symlinking: /home/pratheek/EYRC-Task_1/install/hb_interfaces/share/hb_interfaces/cmake/rosidl_cmake_export_typesupport_targets-extras.cmake
[18.131s] -- Symlinking: /home/pratheek/EYRC-Task_1/install/hb_interfaces/share/hb_interfaces/cmake/rosidl_cmake_export_typesupport_libraries-extras.cmake
[18.161s] -- Symlinking: /home/pratheek/EYRC-Task_1/install/hb_interfaces/share/hb_interfaces/cmake/hb_interfacesConfig.cmake
[18.189s] -- Symlinking: /home/pratheek/EYRC-Task_1/install/hb_interfaces/share/hb_interfaces/cmake/hb_interfacesConfig-version.cmake
[18.217s] -- Symlinking: /home/pratheek/EYRC-Task_1/install/hb_interfaces/share/hb_interfaces/package.xml
[18.247s] -- Installing: /home/pratheek/EYRC-Task_1/install/hb_interfaces/lib/libhb_interfaces__rosidl_generator_c.so
[18.248s] -- Set runtime path of "/home/pratheek/EYRC-Task_1/install/hb_interfaces/lib/libhb_interfaces__rosidl_generator_c.so" to ""
[18.248s] -- Installing: /home/pratheek/EYRC-Task_1/install/hb_interfaces/lib/libhb_interfaces__rosidl_typesupport_fastrtps_c.so
[18.249s] -- Set runtime path of "/home/pratheek/EYRC-Task_1/install/hb_interfaces/lib/libhb_interfaces__rosidl_typesupport_fastrtps_c.so" to ""
[18.249s] -- Installing: /home/pratheek/EYRC-Task_1/install/hb_interfaces/lib/libhb_interfaces__rosidl_typesupport_fastrtps_cpp.so
[18.249s] -- Set runtime path of "/home/pratheek/EYRC-Task_1/install/hb_interfaces/lib/libhb_interfaces__rosidl_typesupport_fastrtps_cpp.so" to ""
[18.250s] -- Installing: /home/pratheek/EYRC-Task_1/install/hb_interfaces/lib/libhb_interfaces__rosidl_typesupport_introspection_c.so
[18.250s] -- Set runtime path of "/home/pratheek/EYRC-Task_1/install/hb_interfaces/lib/libhb_interfaces__rosidl_typesupport_introspection_c.so" to ""
[18.250s] -- Installing: /home/pratheek/EYRC-Task_1/install/hb_interfaces/lib/libhb_interfaces__rosidl_typesupport_c.so
[18.253s] -- Set runtime path of "/home/pratheek/EYRC-Task_1/install/hb_interfaces/lib/libhb_interfaces__rosidl_typesupport_c.so" to ""
[18.253s] -- Installing: /home/pratheek/EYRC-Task_1/install/hb_interfaces/lib/libhb_interfaces__rosidl_typesupport_introspection_cpp.so
[18.254s] -- Set runtime path of "/home/pratheek/EYRC-Task_1/install/hb_interfaces/lib/libhb_interfaces__rosidl_typesupport_introspection_cpp.so" to ""
[18.254s] -- Installing: /home/pratheek/EYRC-Task_1/install/hb_interfaces/lib/libhb_interfaces__rosidl_typesupport_cpp.so
[18.254s] -- Set runtime path of "/home/pratheek/EYRC-Task_1/install/hb_interfaces/lib/libhb_interfaces__rosidl_typesupport_cpp.so" to ""
[18.388s] Listing '/home/pratheek/EYRC-Task_1/install/hb_interfaces/local/lib/python3.10/dist-packages/hb_interfaces'...
[18.388s] Compiling '/home/pratheek/EYRC-Task_1/install/hb_interfaces/local/lib/python3.10/dist-packages/hb_interfaces/__init__.py'...
[18.388s] Listing '/home/pratheek/EYRC-Task_1/install/hb_interfaces/local/lib/python3.10/dist-packages/hb_interfaces/msg'...
[18.388s] Compiling '/home/pratheek/EYRC-Task_1/install/hb_interfaces/local/lib/python3.10/dist-packages/hb_interfaces/msg/__init__.py'...
[18.389s] Compiling '/home/pratheek/EYRC-Task_1/install/hb_interfaces/local/lib/python3.10/dist-packages/hb_interfaces/msg/_pose2_d.py'...
[18.389s] Compiling '/home/pratheek/EYRC-Task_1/install/hb_interfaces/local/lib/python3.10/dist-packages/hb_interfaces/msg/_poses2_d.py'...
[18.408s] -- Installing: /home/pratheek/EYRC-Task_1/install/hb_interfaces/lib/libhb_interfaces__rosidl_generator_py.so
[18.409s] -- Set runtime path of "/home/pratheek/EYRC-Task_1/install/hb_interfaces/lib/libhb_interfaces__rosidl_generator_py.so" to ""
[18.409s] -- Installing: /home/pratheek/EYRC-Task_1/install/hb_interfaces/share/hb_interfaces/cmake/export_hb_interfaces__rosidl_generator_cExport.cmake
[18.412s] -- Installing: /home/pratheek/EYRC-Task_1/install/hb_interfaces/share/hb_interfaces/cmake/export_hb_interfaces__rosidl_generator_cExport-noconfig.cmake
[18.412s] -- Installing: /home/pratheek/EYRC-Task_1/install/hb_interfaces/share/hb_interfaces/cmake/export_hb_interfaces__rosidl_typesupport_fastrtps_cExport.cmake
[18.412s] -- Installing: /home/pratheek/EYRC-Task_1/install/hb_interfaces/share/hb_interfaces/cmake/export_hb_interfaces__rosidl_typesupport_fastrtps_cExport-noconfig.cmake
[18.414s] -- Installing: /home/pratheek/EYRC-Task_1/install/hb_interfaces/share/hb_interfaces/cmake/export_hb_interfaces__rosidl_generator_cppExport.cmake
[18.414s] -- Installing: /home/pratheek/EYRC-Task_1/install/hb_interfaces/share/hb_interfaces/cmake/export_hb_interfaces__rosidl_typesupport_fastrtps_cppExport.cmake
[18.418s] -- Installing: /home/pratheek/EYRC-Task_1/install/hb_interfaces/share/hb_interfaces/cmake/export_hb_interfaces__rosidl_typesupport_fastrtps_cppExport-noconfig.cmake
[18.419s] -- Installing: /home/pratheek/EYRC-Task_1/install/hb_interfaces/share/hb_interfaces/cmake/hb_interfaces__rosidl_typesupport_introspection_cExport.cmake
[18.419s] -- Installing: /home/pratheek/EYRC-Task_1/install/hb_interfaces/share/hb_interfaces/cmake/hb_interfaces__rosidl_typesupport_introspection_cExport-noconfig.cmake
[18.419s] -- Installing: /home/pratheek/EYRC-Task_1/install/hb_interfaces/share/hb_interfaces/cmake/hb_interfaces__rosidl_typesupport_cExport.cmake
[18.419s] -- Installing: /home/pratheek/EYRC-Task_1/install/hb_interfaces/share/hb_interfaces/cmake/hb_interfaces__rosidl_typesupport_cExport-noconfig.cmake
[18.419s] -- Installing: /home/pratheek/EYRC-Task_1/install/hb_interfaces/share/hb_interfaces/cmake/hb_interfaces__rosidl_typesupport_introspection_cppExport.cmake
[18.420s] -- Installing: /home/pratheek/EYRC-Task_1/install/hb_interfaces/share/hb_interfaces/cmake/hb_interfaces__rosidl_typesupport_introspection_cppExport-noconfig.cmake
[18.422s] -- Installing: /home/pratheek/EYRC-Task_1/install/hb_interfaces/share/hb_interfaces/cmake/hb_interfaces__rosidl_typesupport_cppExport.cmake
[18.422s] -- Installing: /home/pratheek/EYRC-Task_1/install/hb_interfaces/share/hb_interfaces/cmake/hb_interfaces__rosidl_typesupport_cppExport-noconfig.cmake
[18.422s] -- Installing: /home/pratheek/EYRC-Task_1/install/hb_interfaces/share/hb_interfaces/cmake/export_hb_interfaces__rosidl_generator_pyExport.cmake
[18.423s] -- Installing: /home/pratheek/EYRC-Task_1/install/hb_interfaces/share/hb_interfaces/cmake/export_hb_interfaces__rosidl_generator_pyExport-noconfig.cmake
[18.430s] Invoked command in '/home/pratheek/EYRC-Task_1/build/hb_interfaces' returned '0': CMAKE_PREFIX_PATH=${CMAKE_PREFIX_PATH}:/home/pratheek/ros2_ws/install/my_controller:/opt/ros/humble /usr/bin/cmake --install /home/pratheek/EYRC-Task_1/build/hb_interfaces
