[1.119s] Invoking command in '/home/pratheek/ros2_ws/src/my_controller': PYTHONPATH=/home/pratheek/ros2_ws/build/my_controller/prefix_override:/usr/lib/python3/dist-packages/colcon_core/task/python/colcon_distutils_commands:/home/pratheek/ros2_ws/install/my_controller/lib/python3.10/site-packages:${PYTHONPATH} /usr/bin/python3 -W ignore:setup.py install is deprecated -W ignore:easy_install command is deprecated setup.py egg_info --egg-base ../../build/my_controller build --build-base /home/pratheek/ros2_ws/build/my_controller/build install --record /home/pratheek/ros2_ws/build/my_controller/install.log --single-version-externally-managed install_data
[1.736s] running egg_info
[1.737s] creating ../../build/my_controller/my_controller.egg-info
[1.737s] writing ../../build/my_controller/my_controller.egg-info/PKG-INFO
[1.738s] writing dependency_links to ../../build/my_controller/my_controller.egg-info/dependency_links.txt
[1.738s] writing entry points to ../../build/my_controller/my_controller.egg-info/entry_points.txt
[1.738s] writing requirements to ../../build/my_controller/my_controller.egg-info/requires.txt
[1.738s] writing top-level names to ../../build/my_controller/my_controller.egg-info/top_level.txt
[1.738s] writing manifest file '../../build/my_controller/my_controller.egg-info/SOURCES.txt'
[1.741s] reading manifest file '../../build/my_controller/my_controller.egg-info/SOURCES.txt'
[1.743s] writing manifest file '../../build/my_controller/my_controller.egg-info/SOURCES.txt'
[1.743s] running build
[1.743s] running build_py
[1.743s] creating /home/pratheek/ros2_ws/build/my_controller/build
[1.743s] creating /home/pratheek/ros2_ws/build/my_controller/build/lib
[1.743s] creating /home/pratheek/ros2_ws/build/my_controller/build/lib/my_controller
[1.743s] copying my_controller/__init__.py -> /home/pratheek/ros2_ws/build/my_controller/build/lib/my_controller
[1.744s] running install
[1.744s] running install_lib
[1.745s] creating /home/pratheek/ros2_ws/install/my_controller/lib/python3.10/site-packages/my_controller
[1.745s] copying /home/pratheek/ros2_ws/build/my_controller/build/lib/my_controller/__init__.py -> /home/pratheek/ros2_ws/install/my_controller/lib/python3.10/site-packages/my_controller
[1.746s] byte-compiling /home/pratheek/ros2_ws/install/my_controller/lib/python3.10/site-packages/my_controller/__init__.py to __init__.cpython-310.pyc
[1.746s] running install_data
[1.746s] creating /home/pratheek/ros2_ws/install/my_controller/share/ament_index
[1.746s] creating /home/pratheek/ros2_ws/install/my_controller/share/ament_index/resource_index
[1.746s] creating /home/pratheek/ros2_ws/install/my_controller/share/ament_index/resource_index/packages
[1.746s] copying resource/my_controller -> /home/pratheek/ros2_ws/install/my_controller/share/ament_index/resource_index/packages
[1.746s] copying package.xml -> /home/pratheek/ros2_ws/install/my_controller/share/my_controller
[1.747s] running install_egg_info
[1.749s] Copying ../../build/my_controller/my_controller.egg-info to /home/pratheek/ros2_ws/install/my_controller/lib/python3.10/site-packages/my_controller-0.0.0-py3.10.egg-info
[1.750s] running install_scripts
[1.782s] writing list of installed files to '/home/pratheek/ros2_ws/build/my_controller/install.log'
[1.815s] Invoked command in '/home/pratheek/ros2_ws/src/my_controller' returned '0': PYTHONPATH=/home/pratheek/ros2_ws/build/my_controller/prefix_override:/usr/lib/python3/dist-packages/colcon_core/task/python/colcon_distutils_commands:/home/pratheek/ros2_ws/install/my_controller/lib/python3.10/site-packages:${PYTHONPATH} /usr/bin/python3 -W ignore:setup.py install is deprecated -W ignore:easy_install command is deprecated setup.py egg_info --egg-base ../../build/my_controller build --build-base /home/pratheek/ros2_ws/build/my_controller/build install --record /home/pratheek/ros2_ws/build/my_controller/install.log --single-version-externally-managed install_data
