-- The C compiler identification is GNU 11.4.0
-- The CXX compiler identification is GNU 11.4.0
-- Detecting C compiler ABI info
-- Detecting C compiler ABI info - done
-- Check for working C compiler: /usr/bin/cc - skipped
-- Detecting C compile features
-- Detecting C compile features - done
-- Detecting CXX compiler ABI info
-- Detecting CXX compiler ABI info - done
-- Check for working CXX compiler: /usr/bin/c++ - skipped
-- Detecting CXX compile features
-- Detecting CXX compile features - done
-- Found ament_cmake: 1.3.12 (/opt/ros/humble/share/ament_cmake/cmake)
-- Found Python3: /usr/bin/python3 (found version "3.10.12") found components: Interpreter 
-- Override CMake install command with custom implementation using symlinks instead of copying resources
-- Found ament_lint_auto: 0.12.14 (/opt/ros/humble/share/ament_lint_auto/cmake)
-- Added test 'flake8' to check Python code syntax and style conventions
-- Added test 'lint_cmake' to check CMake code style
-- Added test 'pep257' to check Python code against some of the docstring style conventions in PEP 257
-- Added test 'xmllint' to check XML markup files
-- Configuring done
-- Generating done
-- Build files have been written to: /home/pratheek/EYRC-Task_1/build/hb_description
-- Install configuration: ""
-- Execute custom install script
-- Symlinking: /home/pratheek/EYRC-Task_1/install/hb_description/share/hb_description//config/controllers.yaml
-- Symlinking: /home/pratheek/EYRC-Task_1/install/hb_description/share/hb_description//config/gui.config
-- Symlinking: /home/pratheek/EYRC-Task_1/install/hb_description/share/hb_description//launch/autoeval_1b
-- Symlinking: /home/pratheek/EYRC-Task_1/install/hb_description/share/hb_description//launch/box_placer_1b
-- Symlinking: /home/pratheek/EYRC-Task_1/install/hb_description/share/hb_description//launch/rsp.launch.py
-- Symlinking: /home/pratheek/EYRC-Task_1/install/hb_description/share/hb_description//launch/spawn_holonomic_bot.launch.py
-- Symlinking: /home/pratheek/EYRC-Task_1/install/hb_description/share/hb_description//launch/task1b_submission.launch.py
-- Symlinking: /home/pratheek/EYRC-Task_1/install/hb_description/share/hb_description//launch/task1c_submission.launch.py
-- Symlinking: /home/pratheek/EYRC-Task_1/install/hb_description/share/hb_description//launch/task_1b.launch.py
-- Symlinking: /home/pratheek/EYRC-Task_1/install/hb_description/share/hb_description//launch/task_1c.launch.py
-- Symlinking: /home/pratheek/EYRC-Task_1/install/hb_description/share/hb_description//worlds/task_1b.world
-- Symlinking: /home/pratheek/EYRC-Task_1/install/hb_description/share/hb_description//worlds/task_1c.world
-- Symlinking: /home/pratheek/EYRC-Task_1/install/hb_description/share/hb_description//models/arena_terrain/meshes/Hola Batallion Gazebo Texture.png
-- Symlinking: /home/pratheek/EYRC-Task_1/install/hb_description/share/hb_description//models/arena_terrain/meshes/arena_terrain.dae
-- Symlinking: /home/pratheek/EYRC-Task_1/install/hb_description/share/hb_description//models/arena_terrain/model.config
-- Symlinking: /home/pratheek/EYRC-Task_1/install/hb_description/share/hb_description//models/arena_terrain/model.sdf
-- Symlinking: /home/pratheek/EYRC-Task_1/install/hb_description/share/hb_description//models/boxes/box_blue/meshes/blue_texture.png
-- Symlinking: /home/pratheek/EYRC-Task_1/install/hb_description/share/hb_description//models/boxes/box_blue/meshes/box_blue.dae
-- Symlinking: /home/pratheek/EYRC-Task_1/install/hb_description/share/hb_description//models/boxes/box_blue/meshes/marker.png
-- Symlinking: /home/pratheek/EYRC-Task_1/install/hb_description/share/hb_description//models/boxes/box_blue/model.config
-- Symlinking: /home/pratheek/EYRC-Task_1/install/hb_description/share/hb_description//models/boxes/box_blue/model.sdf
-- Symlinking: /home/pratheek/EYRC-Task_1/install/hb_description/share/hb_description//models/boxes/box_blue_11/meshes/blue_texture.png
-- Symlinking: /home/pratheek/EYRC-Task_1/install/hb_description/share/hb_description//models/boxes/box_blue_11/meshes/box_blue.dae
-- Symlinking: /home/pratheek/EYRC-Task_1/install/hb_description/share/hb_description//models/boxes/box_blue_11/meshes/marker_11.png
-- Symlinking: /home/pratheek/EYRC-Task_1/install/hb_description/share/hb_description//models/boxes/box_blue_11/model.config
-- Symlinking: /home/pratheek/EYRC-Task_1/install/hb_description/share/hb_description//models/boxes/box_blue_11/model.sdf
-- Symlinking: /home/pratheek/EYRC-Task_1/install/hb_description/share/hb_description//models/boxes/box_blue_14/meshes/blue_texture.png
-- Symlinking: /home/pratheek/EYRC-Task_1/install/hb_description/share/hb_description//models/boxes/box_blue_14/meshes/box_blue.dae
-- Symlinking: /home/pratheek/EYRC-Task_1/install/hb_description/share/hb_description//models/boxes/box_blue_14/meshes/marker_14.png
-- Symlinking: /home/pratheek/EYRC-Task_1/install/hb_description/share/hb_description//models/boxes/box_blue_14/model.config
-- Symlinking: /home/pratheek/EYRC-Task_1/install/hb_description/share/hb_description//models/boxes/box_blue_14/model.sdf
-- Symlinking: /home/pratheek/EYRC-Task_1/install/hb_description/share/hb_description//models/boxes/box_blue_17/meshes/blue_texture.png
-- Symlinking: /home/pratheek/EYRC-Task_1/install/hb_description/share/hb_description//models/boxes/box_blue_17/meshes/box_blue.dae
-- Symlinking: /home/pratheek/EYRC-Task_1/install/hb_description/share/hb_description//models/boxes/box_blue_17/meshes/marker_17.png
-- Symlinking: /home/pratheek/EYRC-Task_1/install/hb_description/share/hb_description//models/boxes/box_blue_17/model.config
-- Symlinking: /home/pratheek/EYRC-Task_1/install/hb_description/share/hb_description//models/boxes/box_blue_17/model.sdf
-- Symlinking: /home/pratheek/EYRC-Task_1/install/hb_description/share/hb_description//models/boxes/box_blue_20/meshes/blue_texture.png
-- Symlinking: /home/pratheek/EYRC-Task_1/install/hb_description/share/hb_description//models/boxes/box_blue_20/meshes/box_blue.dae
-- Symlinking: /home/pratheek/EYRC-Task_1/install/hb_description/share/hb_description//models/boxes/box_blue_20/meshes/marker_20.png
-- Symlinking: /home/pratheek/EYRC-Task_1/install/hb_description/share/hb_description//models/boxes/box_blue_20/model.config
-- Symlinking: /home/pratheek/EYRC-Task_1/install/hb_description/share/hb_description//models/boxes/box_blue_20/model.sdf
-- Symlinking: /home/pratheek/EYRC-Task_1/install/hb_description/share/hb_description//models/boxes/box_blue_23/meshes/blue_texture.png
-- Symlinking: /home/pratheek/EYRC-Task_1/install/hb_description/share/hb_description//models/boxes/box_blue_23/meshes/box_blue.dae
-- Symlinking: /home/pratheek/EYRC-Task_1/install/hb_description/share/hb_description//models/boxes/box_blue_23/meshes/marker_23.png
-- Symlinking: /home/pratheek/EYRC-Task_1/install/hb_description/share/hb_description//models/boxes/box_blue_23/model.config
-- Symlinking: /home/pratheek/EYRC-Task_1/install/hb_description/share/hb_description//models/boxes/box_blue_23/model.sdf
-- Symlinking: /home/pratheek/EYRC-Task_1/install/hb_description/share/hb_description//models/boxes/box_blue_26/meshes/blue_texture.png
-- Symlinking: /home/pratheek/EYRC-Task_1/install/hb_description/share/hb_description//models/boxes/box_blue_26/meshes/box_blue.dae
-- Symlinking: /home/pratheek/EYRC-Task_1/install/hb_description/share/hb_description//models/boxes/box_blue_26/meshes/marker_26.png
-- Symlinking: /home/pratheek/EYRC-Task_1/install/hb_description/share/hb_description//models/boxes/box_blue_26/model.config
-- Symlinking: /home/pratheek/EYRC-Task_1/install/hb_description/share/hb_description//models/boxes/box_blue_26/model.sdf
-- Symlinking: /home/pratheek/EYRC-Task_1/install/hb_description/share/hb_description//models/boxes/box_blue_29/meshes/blue_texture.png
-- Symlinking: /home/pratheek/EYRC-Task_1/install/hb_description/share/hb_description//models/boxes/box_blue_29/meshes/box_blue.dae
-- Symlinking: /home/pratheek/EYRC-Task_1/install/hb_description/share/hb_description//models/boxes/box_blue_29/meshes/marker_29.png
-- Symlinking: /home/pratheek/EYRC-Task_1/install/hb_description/share/hb_description//models/boxes/box_blue_29/model.config
-- Symlinking: /home/pratheek/EYRC-Task_1/install/hb_description/share/hb_description//models/boxes/box_blue_29/model.sdf
-- Symlinking: /home/pratheek/EYRC-Task_1/install/hb_description/share/hb_description//models/boxes/box_blue_32/meshes/blue_texture.png
-- Symlinking: /home/pratheek/EYRC-Task_1/install/hb_description/share/hb_description//models/boxes/box_blue_32/meshes/box_blue.dae
-- Symlinking: /home/pratheek/EYRC-Task_1/install/hb_description/share/hb_description//models/boxes/box_blue_32/meshes/marker_32.png
-- Symlinking: /home/pratheek/EYRC-Task_1/install/hb_description/share/hb_description//models/boxes/box_blue_32/model.config
-- Symlinking: /home/pratheek/EYRC-Task_1/install/hb_description/share/hb_description//models/boxes/box_blue_32/model.sdf
-- Symlinking: /home/pratheek/EYRC-Task_1/install/hb_description/share/hb_description//models/boxes/box_blue_35/meshes/blue_texture.png
-- Symlinking: /home/pratheek/EYRC-Task_1/install/hb_description/share/hb_description//models/boxes/box_blue_35/meshes/box_blue.dae
-- Symlinking: /home/pratheek/EYRC-Task_1/install/hb_description/share/hb_description//models/boxes/box_blue_35/meshes/marker_35.png
-- Symlinking: /home/pratheek/EYRC-Task_1/install/hb_description/share/hb_description//models/boxes/box_blue_35/model.config
-- Symlinking: /home/pratheek/EYRC-Task_1/install/hb_description/share/hb_description//models/boxes/box_blue_35/model.sdf
-- Symlinking: /home/pratheek/EYRC-Task_1/install/hb_description/share/hb_description//models/boxes/box_blue_38/meshes/blue_texture.png
-- Symlinking: /home/pratheek/EYRC-Task_1/install/hb_description/share/hb_description//models/boxes/box_blue_38/meshes/box_blue.dae
-- Symlinking: /home/pratheek/EYRC-Task_1/install/hb_description/share/hb_description//models/boxes/box_blue_38/meshes/marker_38.png
-- Symlinking: /home/pratheek/EYRC-Task_1/install/hb_description/share/hb_description//models/boxes/box_blue_38/model.config
-- Symlinking: /home/pratheek/EYRC-Task_1/install/hb_description/share/hb_description//models/boxes/box_blue_38/model.sdf
-- Symlinking: /home/pratheek/EYRC-Task_1/install/hb_description/share/hb_description//models/boxes/box_blue_41/meshes/blue_texture.png
-- Symlinking: /home/pratheek/EYRC-Task_1/install/hb_description/share/hb_description//models/boxes/box_blue_41/meshes/box_blue.dae
-- Symlinking: /home/pratheek/EYRC-Task_1/install/hb_description/share/hb_description//models/boxes/box_blue_41/meshes/marker_41.png
-- Symlinking: /home/pratheek/EYRC-Task_1/install/hb_description/share/hb_description//models/boxes/box_blue_41/model.config
-- Symlinking: /home/pratheek/EYRC-Task_1/install/hb_description/share/hb_description//models/boxes/box_blue_41/model.sdf
-- Symlinking: /home/pratheek/EYRC-Task_1/install/hb_description/share/hb_description//models/boxes/box_blue_44/meshes/blue_texture.png
-- Symlinking: /home/pratheek/EYRC-Task_1/install/hb_description/share/hb_description//models/boxes/box_blue_44/meshes/box_blue.dae
-- Symlinking: /home/pratheek/EYRC-Task_1/install/hb_description/share/hb_description//models/boxes/box_blue_44/meshes/marker_44.png
-- Symlinking: /home/pratheek/EYRC-Task_1/install/hb_description/share/hb_description//models/boxes/box_blue_44/model.config
-- Symlinking: /home/pratheek/EYRC-Task_1/install/hb_description/share/hb_description//models/boxes/box_blue_44/model.sdf
-- Symlinking: /home/pratheek/EYRC-Task_1/install/hb_description/share/hb_description//models/boxes/box_blue_47/meshes/blue_texture.png
-- Symlinking: /home/pratheek/EYRC-Task_1/install/hb_description/share/hb_description//models/boxes/box_blue_47/meshes/box_blue.dae
-- Symlinking: /home/pratheek/EYRC-Task_1/install/hb_description/share/hb_description//models/boxes/box_blue_47/meshes/marker_47.png
-- Symlinking: /home/pratheek/EYRC-Task_1/install/hb_description/share/hb_description//models/boxes/box_blue_47/model.config
-- Symlinking: /home/pratheek/EYRC-Task_1/install/hb_description/share/hb_description//models/boxes/box_blue_47/model.sdf
-- Symlinking: /home/pratheek/EYRC-Task_1/install/hb_description/share/hb_description//models/boxes/box_green/meshes/box_green.dae
-- Symlinking: /home/pratheek/EYRC-Task_1/install/hb_description/share/hb_description//models/boxes/box_green/meshes/green_texture.png
-- Symlinking: /home/pratheek/EYRC-Task_1/install/hb_description/share/hb_description//models/boxes/box_green/meshes/marker.png
-- Symlinking: /home/pratheek/EYRC-Task_1/install/hb_description/share/hb_description//models/boxes/box_green/model.config
-- Symlinking: /home/pratheek/EYRC-Task_1/install/hb_description/share/hb_description//models/boxes/box_green/model.sdf
-- Symlinking: /home/pratheek/EYRC-Task_1/install/hb_description/share/hb_description//models/boxes/box_green_10/meshes/box_green.dae
-- Symlinking: /home/pratheek/EYRC-Task_1/install/hb_description/share/hb_description//models/boxes/box_green_10/meshes/green_texture.png
-- Symlinking: /home/pratheek/EYRC-Task_1/install/hb_description/share/hb_description//models/boxes/box_green_10/meshes/marker_10.png
-- Symlinking: /home/pratheek/EYRC-Task_1/install/hb_description/share/hb_description//models/boxes/box_green_10/model.config
-- Symlinking: /home/pratheek/EYRC-Task_1/install/hb_description/share/hb_description//models/boxes/box_green_10/model.sdf
-- Symlinking: /home/pratheek/EYRC-Task_1/install/hb_description/share/hb_description//models/boxes/box_green_13/meshes/box_green.dae
-- Symlinking: /home/pratheek/EYRC-Task_1/install/hb_description/share/hb_description//models/boxes/box_green_13/meshes/green_texture.png
-- Symlinking: /home/pratheek/EYRC-Task_1/install/hb_description/share/hb_description//models/boxes/box_green_13/meshes/marker_13.png
-- Symlinking: /home/pratheek/EYRC-Task_1/install/hb_description/share/hb_description//models/boxes/box_green_13/model.config
-- Symlinking: /home/pratheek/EYRC-Task_1/install/hb_description/share/hb_description//models/boxes/box_green_13/model.sdf
-- Symlinking: /home/pratheek/EYRC-Task_1/install/hb_description/share/hb_description//models/boxes/box_green_16/meshes/box_green.dae
-- Symlinking: /home/pratheek/EYRC-Task_1/install/hb_description/share/hb_description//models/boxes/box_green_16/meshes/green_texture.png
-- Symlinking: /home/pratheek/EYRC-Task_1/install/hb_description/share/hb_description//models/boxes/box_green_16/meshes/marker_16.png
-- Symlinking: /home/pratheek/EYRC-Task_1/install/hb_description/share/hb_description//models/boxes/box_green_16/model.config
-- Symlinking: /home/pratheek/EYRC-Task_1/install/hb_description/share/hb_description//models/boxes/box_green_16/model.sdf
-- Symlinking: /home/pratheek/EYRC-Task_1/install/hb_description/share/hb_description//models/boxes/box_green_19/meshes/box_green.dae
-- Symlinking: /home/pratheek/EYRC-Task_1/install/hb_description/share/hb_description//models/boxes/box_green_19/meshes/green_texture.png
-- Symlinking: /home/pratheek/EYRC-Task_1/install/hb_description/share/hb_description//models/boxes/box_green_19/meshes/marker_19.png
-- Symlinking: /home/pratheek/EYRC-Task_1/install/hb_description/share/hb_description//models/boxes/box_green_19/model.config
-- Symlinking: /home/pratheek/EYRC-Task_1/install/hb_description/share/hb_description//models/boxes/box_green_19/model.sdf
-- Symlinking: /home/pratheek/EYRC-Task_1/install/hb_description/share/hb_description//models/boxes/box_green_22/meshes/box_green.dae
-- Symlinking: /home/pratheek/EYRC-Task_1/install/hb_description/share/hb_description//models/boxes/box_green_22/meshes/green_texture.png
-- Symlinking: /home/pratheek/EYRC-Task_1/install/hb_description/share/hb_description//models/boxes/box_green_22/meshes/marker_22.png
-- Symlinking: /home/pratheek/EYRC-Task_1/install/hb_description/share/hb_description//models/boxes/box_green_22/model.config
-- Symlinking: /home/pratheek/EYRC-Task_1/install/hb_description/share/hb_description//models/boxes/box_green_22/model.sdf
-- Symlinking: /home/pratheek/EYRC-Task_1/install/hb_description/share/hb_description//models/boxes/box_green_25/meshes/box_green.dae
-- Symlinking: /home/pratheek/EYRC-Task_1/install/hb_description/share/hb_description//models/boxes/box_green_25/meshes/green_texture.png
-- Symlinking: /home/pratheek/EYRC-Task_1/install/hb_description/share/hb_description//models/boxes/box_green_25/meshes/marker_25.png
-- Symlinking: /home/pratheek/EYRC-Task_1/install/hb_description/share/hb_description//models/boxes/box_green_25/model.config
-- Symlinking: /home/pratheek/EYRC-Task_1/install/hb_description/share/hb_description//models/boxes/box_green_25/model.sdf
-- Symlinking: /home/pratheek/EYRC-Task_1/install/hb_description/share/hb_description//models/boxes/box_green_28/meshes/box_green.dae
-- Symlinking: /home/pratheek/EYRC-Task_1/install/hb_description/share/hb_description//models/boxes/box_green_28/meshes/green_texture.png
-- Symlinking: /home/pratheek/EYRC-Task_1/install/hb_description/share/hb_description//models/boxes/box_green_28/meshes/marker_28.png
-- Symlinking: /home/pratheek/EYRC-Task_1/install/hb_description/share/hb_description//models/boxes/box_green_28/model.config
-- Symlinking: /home/pratheek/EYRC-Task_1/install/hb_description/share/hb_description//models/boxes/box_green_28/model.sdf
-- Symlinking: /home/pratheek/EYRC-Task_1/install/hb_description/share/hb_description//models/boxes/box_green_31/meshes/box_green.dae
-- Symlinking: /home/pratheek/EYRC-Task_1/install/hb_description/share/hb_description//models/boxes/box_green_31/meshes/green_texture.png
-- Symlinking: /home/pratheek/EYRC-Task_1/install/hb_description/share/hb_description//models/boxes/box_green_31/meshes/marker_31.png
-- Symlinking: /home/pratheek/EYRC-Task_1/install/hb_description/share/hb_description//models/boxes/box_green_31/model.config
-- Symlinking: /home/pratheek/EYRC-Task_1/install/hb_description/share/hb_description//models/boxes/box_green_31/model.sdf
-- Symlinking: /home/pratheek/EYRC-Task_1/install/hb_description/share/hb_description//models/boxes/box_green_34/meshes/box_green.dae
-- Symlinking: /home/pratheek/EYRC-Task_1/install/hb_description/share/hb_description//models/boxes/box_green_34/meshes/green_texture.png
-- Symlinking: /home/pratheek/EYRC-Task_1/install/hb_description/share/hb_description//models/boxes/box_green_34/meshes/marker_34.png
-- Symlinking: /home/pratheek/EYRC-Task_1/install/hb_description/share/hb_description//models/boxes/box_green_34/model.config
-- Symlinking: /home/pratheek/EYRC-Task_1/install/hb_description/share/hb_description//models/boxes/box_green_34/model.sdf
-- Symlinking: /home/pratheek/EYRC-Task_1/install/hb_description/share/hb_description//models/boxes/box_green_37/meshes/box_green.dae
-- Symlinking: /home/pratheek/EYRC-Task_1/install/hb_description/share/hb_description//models/boxes/box_green_37/meshes/green_texture.png
-- Symlinking: /home/pratheek/EYRC-Task_1/install/hb_description/share/hb_description//models/boxes/box_green_37/meshes/marker_37.png
-- Symlinking: /home/pratheek/EYRC-Task_1/install/hb_description/share/hb_description//models/boxes/box_green_37/model.config
-- Symlinking: /home/pratheek/EYRC-Task_1/install/hb_description/share/hb_description//models/boxes/box_green_37/model.sdf
-- Symlinking: /home/pratheek/EYRC-Task_1/install/hb_description/share/hb_description//models/boxes/box_green_40/meshes/box_green.dae
-- Symlinking: /home/pratheek/EYRC-Task_1/install/hb_description/share/hb_description//models/boxes/box_green_40/meshes/green_texture.png
-- Symlinking: /home/pratheek/EYRC-Task_1/install/hb_description/share/hb_description//models/boxes/box_green_40/meshes/marker_40.png
-- Symlinking: /home/pratheek/EYRC-Task_1/install/hb_description/share/hb_description//models/boxes/box_green_40/model.config
-- Symlinking: /home/pratheek/EYRC-Task_1/install/hb_description/share/hb_description//models/boxes/box_green_40/model.sdf
-- Symlinking: /home/pratheek/EYRC-Task_1/install/hb_description/share/hb_description//models/boxes/box_green_43/meshes/box_green.dae
-- Symlinking: /home/pratheek/EYRC-Task_1/install/hb_description/share/hb_description//models/boxes/box_green_43/meshes/green_texture.png
-- Symlinking: /home/pratheek/EYRC-Task_1/install/hb_description/share/hb_description//models/boxes/box_green_43/meshes/marker_43.png
-- Symlinking: /home/pratheek/EYRC-Task_1/install/hb_description/share/hb_description//models/boxes/box_green_43/model.config
-- Symlinking: /home/pratheek/EYRC-Task_1/install/hb_description/share/hb_description//models/boxes/box_green_43/model.sdf
-- Symlinking: /home/pratheek/EYRC-Task_1/install/hb_description/share/hb_description//models/boxes/box_green_46/meshes/box_green.dae
-- Symlinking: /home/pratheek/EYRC-Task_1/install/hb_description/share/hb_description//models/boxes/box_green_46/meshes/green_texture.png
-- Symlinking: /home/pratheek/EYRC-Task_1/install/hb_description/share/hb_description//models/boxes/box_green_46/meshes/marker_46.png
-- Symlinking: /home/pratheek/EYRC-Task_1/install/hb_description/share/hb_description//models/boxes/box_green_46/model.config
-- Symlinking: /home/pratheek/EYRC-Task_1/install/hb_description/share/hb_description//models/boxes/box_green_46/model.sdf
-- Symlinking: /home/pratheek/EYRC-Task_1/install/hb_description/share/hb_description//models/boxes/box_green_49/meshes/box_green.dae
-- Symlinking: /home/pratheek/EYRC-Task_1/install/hb_description/share/hb_description//models/boxes/box_green_49/meshes/green_texture.png
-- Symlinking: /home/pratheek/EYRC-Task_1/install/hb_description/share/hb_description//models/boxes/box_green_49/meshes/marker_49.png
-- Symlinking: /home/pratheek/EYRC-Task_1/install/hb_description/share/hb_description//models/boxes/box_green_49/model.config
-- Symlinking: /home/pratheek/EYRC-Task_1/install/hb_description/share/hb_description//models/boxes/box_green_49/model.sdf
-- Symlinking: /home/pratheek/EYRC-Task_1/install/hb_description/share/hb_description//models/boxes/box_red/meshes/box_red.dae
-- Symlinking: /home/pratheek/EYRC-Task_1/install/hb_description/share/hb_description//models/boxes/box_red/meshes/marker.png
-- Symlinking: /home/pratheek/EYRC-Task_1/install/hb_description/share/hb_description//models/boxes/box_red/meshes/red_texture.png
-- Symlinking: /home/pratheek/EYRC-Task_1/install/hb_description/share/hb_description//models/boxes/box_red/model.config
-- Symlinking: /home/pratheek/EYRC-Task_1/install/hb_description/share/hb_description//models/boxes/box_red/model.sdf
-- Symlinking: /home/pratheek/EYRC-Task_1/install/hb_description/share/hb_description//models/boxes/box_red_12/meshes/box_red.dae
-- Symlinking: /home/pratheek/EYRC-Task_1/install/hb_description/share/hb_description//models/boxes/box_red_12/meshes/marker_12.png
-- Symlinking: /home/pratheek/EYRC-Task_1/install/hb_description/share/hb_description//models/boxes/box_red_12/meshes/red_texture.png
-- Symlinking: /home/pratheek/EYRC-Task_1/install/hb_description/share/hb_description//models/boxes/box_red_12/model.config
-- Symlinking: /home/pratheek/EYRC-Task_1/install/hb_description/share/hb_description//models/boxes/box_red_12/model.sdf
-- Symlinking: /home/pratheek/EYRC-Task_1/install/hb_description/share/hb_description//models/boxes/box_red_15/meshes/box_red.dae
-- Symlinking: /home/pratheek/EYRC-Task_1/install/hb_description/share/hb_description//models/boxes/box_red_15/meshes/marker_15.png
-- Symlinking: /home/pratheek/EYRC-Task_1/install/hb_description/share/hb_description//models/boxes/box_red_15/meshes/red_texture.png
-- Symlinking: /home/pratheek/EYRC-Task_1/install/hb_description/share/hb_description//models/boxes/box_red_15/model.config
-- Symlinking: /home/pratheek/EYRC-Task_1/install/hb_description/share/hb_description//models/boxes/box_red_15/model.sdf
-- Symlinking: /home/pratheek/EYRC-Task_1/install/hb_description/share/hb_description//models/boxes/box_red_18/meshes/box_red.dae
-- Symlinking: /home/pratheek/EYRC-Task_1/install/hb_description/share/hb_description//models/boxes/box_red_18/meshes/marker_18.png
-- Symlinking: /home/pratheek/EYRC-Task_1/install/hb_description/share/hb_description//models/boxes/box_red_18/meshes/red_texture.png
-- Symlinking: /home/pratheek/EYRC-Task_1/install/hb_description/share/hb_description//models/boxes/box_red_18/model.config
-- Symlinking: /home/pratheek/EYRC-Task_1/install/hb_description/share/hb_description//models/boxes/box_red_18/model.sdf
-- Symlinking: /home/pratheek/EYRC-Task_1/install/hb_description/share/hb_description//models/boxes/box_red_21/meshes/box_red.dae
-- Symlinking: /home/pratheek/EYRC-Task_1/install/hb_description/share/hb_description//models/boxes/box_red_21/meshes/marker_21.png
-- Symlinking: /home/pratheek/EYRC-Task_1/install/hb_description/share/hb_description//models/boxes/box_red_21/meshes/red_texture.png
-- Symlinking: /home/pratheek/EYRC-Task_1/install/hb_description/share/hb_description//models/boxes/box_red_21/model.config
-- Symlinking: /home/pratheek/EYRC-Task_1/install/hb_description/share/hb_description//models/boxes/box_red_21/model.sdf
-- Symlinking: /home/pratheek/EYRC-Task_1/install/hb_description/share/hb_description//models/boxes/box_red_24/meshes/box_red.dae
-- Symlinking: /home/pratheek/EYRC-Task_1/install/hb_description/share/hb_description//models/boxes/box_red_24/meshes/marker_24.png
-- Symlinking: /home/pratheek/EYRC-Task_1/install/hb_description/share/hb_description//models/boxes/box_red_24/meshes/red_texture.png
-- Symlinking: /home/pratheek/EYRC-Task_1/install/hb_description/share/hb_description//models/boxes/box_red_24/model.config
-- Symlinking: /home/pratheek/EYRC-Task_1/install/hb_description/share/hb_description//models/boxes/box_red_24/model.sdf
-- Symlinking: /home/pratheek/EYRC-Task_1/install/hb_description/share/hb_description//models/boxes/box_red_27/meshes/box_red.dae
-- Symlinking: /home/pratheek/EYRC-Task_1/install/hb_description/share/hb_description//models/boxes/box_red_27/meshes/marker_27.png
-- Symlinking: /home/pratheek/EYRC-Task_1/install/hb_description/share/hb_description//models/boxes/box_red_27/meshes/red_texture.png
-- Symlinking: /home/pratheek/EYRC-Task_1/install/hb_description/share/hb_description//models/boxes/box_red_27/model.config
-- Symlinking: /home/pratheek/EYRC-Task_1/install/hb_description/share/hb_description//models/boxes/box_red_27/model.sdf
-- Symlinking: /home/pratheek/EYRC-Task_1/install/hb_description/share/hb_description//models/boxes/box_red_30/meshes/box_red.dae
-- Symlinking: /home/pratheek/EYRC-Task_1/install/hb_description/share/hb_description//models/boxes/box_red_30/meshes/marker_30.png
-- Symlinking: /home/pratheek/EYRC-Task_1/install/hb_description/share/hb_description//models/boxes/box_red_30/meshes/red_texture.png
-- Symlinking: /home/pratheek/EYRC-Task_1/install/hb_description/share/hb_description//models/boxes/box_red_30/model.config
-- Symlinking: /home/pratheek/EYRC-Task_1/install/hb_description/share/hb_description//models/boxes/box_red_30/model.sdf
-- Symlinking: /home/pratheek/EYRC-Task_1/install/hb_description/share/hb_description//models/boxes/box_red_33/meshes/box_red.dae
-- Symlinking: /home/pratheek/EYRC-Task_1/install/hb_description/share/hb_description//models/boxes/box_red_33/meshes/marker_33.png
-- Symlinking: /home/pratheek/EYRC-Task_1/install/hb_description/share/hb_description//models/boxes/box_red_33/meshes/red_texture.png
-- Symlinking: /home/pratheek/EYRC-Task_1/install/hb_description/share/hb_description//models/boxes/box_red_33/model.config
-- Symlinking: /home/pratheek/EYRC-Task_1/install/hb_description/share/hb_description//models/boxes/box_red_33/model.sdf
-- Symlinking: /home/pratheek/EYRC-Task_1/install/hb_description/share/hb_description//models/boxes/box_red_36/meshes/box_red.dae
-- Symlinking: /home/pratheek/EYRC-Task_1/install/hb_description/share/hb_description//models/boxes/box_red_36/meshes/marker_36.png
-- Symlinking: /home/pratheek/EYRC-Task_1/install/hb_description/share/hb_description//models/boxes/box_red_36/meshes/red_texture.png
-- Symlinking: /home/pratheek/EYRC-Task_1/install/hb_description/share/hb_description//models/boxes/box_red_36/model.config
-- Symlinking: /home/pratheek/EYRC-Task_1/install/hb_description/share/hb_description//models/boxes/box_red_36/model.sdf
-- Symlinking: /home/pratheek/EYRC-Task_1/install/hb_description/share/hb_description//models/boxes/box_red_39/meshes/box_red.dae
-- Symlinking: /home/pratheek/EYRC-Task_1/install/hb_description/share/hb_description//models/boxes/box_red_39/meshes/marker_39.png
-- Symlinking: /home/pratheek/EYRC-Task_1/install/hb_description/share/hb_description//models/boxes/box_red_39/meshes/red_texture.png
-- Symlinking: /home/pratheek/EYRC-Task_1/install/hb_description/share/hb_description//models/boxes/box_red_39/model.config
-- Symlinking: /home/pratheek/EYRC-Task_1/install/hb_description/share/hb_description//models/boxes/box_red_39/model.sdf
-- Symlinking: /home/pratheek/EYRC-Task_1/install/hb_description/share/hb_description//models/boxes/box_red_42/meshes/box_red.dae
-- Symlinking: /home/pratheek/EYRC-Task_1/install/hb_description/share/hb_description//models/boxes/box_red_42/meshes/marker_42.png
-- Symlinking: /home/pratheek/EYRC-Task_1/install/hb_description/share/hb_description//models/boxes/box_red_42/meshes/red_texture.png
-- Symlinking: /home/pratheek/EYRC-Task_1/install/hb_description/share/hb_description//models/boxes/box_red_42/model.config
-- Symlinking: /home/pratheek/EYRC-Task_1/install/hb_description/share/hb_description//models/boxes/box_red_42/model.sdf
-- Symlinking: /home/pratheek/EYRC-Task_1/install/hb_description/share/hb_description//models/boxes/box_red_45/meshes/box_red.dae
-- Symlinking: /home/pratheek/EYRC-Task_1/install/hb_description/share/hb_description//models/boxes/box_red_45/meshes/marker_45.png
-- Symlinking: /home/pratheek/EYRC-Task_1/install/hb_description/share/hb_description//models/boxes/box_red_45/meshes/red_texture.png
-- Symlinking: /home/pratheek/EYRC-Task_1/install/hb_description/share/hb_description//models/boxes/box_red_45/model.config
-- Symlinking: /home/pratheek/EYRC-Task_1/install/hb_description/share/hb_description//models/boxes/box_red_45/model.sdf
-- Symlinking: /home/pratheek/EYRC-Task_1/install/hb_description/share/hb_description//models/boxes/box_red_48/meshes/box_red.dae
-- Symlinking: /home/pratheek/EYRC-Task_1/install/hb_description/share/hb_description//models/boxes/box_red_48/meshes/marker_48.png
-- Symlinking: /home/pratheek/EYRC-Task_1/install/hb_description/share/hb_description//models/boxes/box_red_48/meshes/red_texture.png
-- Symlinking: /home/pratheek/EYRC-Task_1/install/hb_description/share/hb_description//models/boxes/box_red_48/model.config
-- Symlinking: /home/pratheek/EYRC-Task_1/install/hb_description/share/hb_description//models/boxes/box_red_48/model.sdf
-- Symlinking: /home/pratheek/EYRC-Task_1/install/hb_description/share/hb_description//models/camera_box/model.config
-- Symlinking: /home/pratheek/EYRC-Task_1/install/hb_description/share/hb_description//models/camera_box/model.sdf
-- Symlinking: /home/pratheek/EYRC-Task_1/install/hb_description/share/hb_description//models/ground_plane/meshes/grass.jpg
-- Symlinking: /home/pratheek/EYRC-Task_1/install/hb_description/share/hb_description//models/ground_plane/meshes/ground.dae
-- Symlinking: /home/pratheek/EYRC-Task_1/install/hb_description/share/hb_description//models/ground_plane/model.config
-- Symlinking: /home/pratheek/EYRC-Task_1/install/hb_description/share/hb_description//models/ground_plane/model.sdf
-- Symlinking: /home/pratheek/EYRC-Task_1/install/hb_description/share/hb_description//models/holonomic_bot/hb_bot.xacro
-- Symlinking: /home/pratheek/EYRC-Task_1/install/hb_description/share/hb_description//models/holonomic_bot/meshes/base.stl
-- Symlinking: /home/pratheek/EYRC-Task_1/install/hb_description/share/hb_description//models/holonomic_bot/meshes/bot.dae
-- Symlinking: /home/pratheek/EYRC-Task_1/install/hb_description/share/hb_description//models/holonomic_bot/meshes/bot_marker.png
-- Symlinking: /home/pratheek/EYRC-Task_1/install/hb_description/share/hb_description//models/holonomic_bot/meshes/rim.stl
-- Symlinking: /home/pratheek/EYRC-Task_1/install/hb_description/share/hb_description//models/holonomic_bot/meshes/roller.stl
-- Symlinking: /home/pratheek/EYRC-Task_1/install/hb_description/share/hb_description//models/holonomic_bot/meshes/wheel.stl
-- Symlinking: /home/pratheek/EYRC-Task_1/install/hb_description/share/hb_description//models/sun/model.config
-- Symlinking: /home/pratheek/EYRC-Task_1/install/hb_description/share/hb_description//models/sun/model.sdf
-- Symlinking: /home/pratheek/EYRC-Task_1/install/hb_description/lib/hb_description/box_placer_1b
-- Symlinking: /home/pratheek/EYRC-Task_1/install/hb_description/lib/hb_description/autoeval_1b
-- Symlinking: /home/pratheek/EYRC-Task_1/install/hb_description/share/ament_index/resource_index/package_run_dependencies/hb_description
-- Symlinking: /home/pratheek/EYRC-Task_1/install/hb_description/share/ament_index/resource_index/parent_prefix_path/hb_description
-- Symlinking: /home/pratheek/EYRC-Task_1/install/hb_description/share/hb_description/environment/ament_prefix_path.sh
-- Symlinking: /home/pratheek/EYRC-Task_1/install/hb_description/share/hb_description/environment/ament_prefix_path.dsv
-- Symlinking: /home/pratheek/EYRC-Task_1/install/hb_description/share/hb_description/environment/path.sh
-- Symlinking: /home/pratheek/EYRC-Task_1/install/hb_description/share/hb_description/environment/path.dsv
-- Symlinking: /home/pratheek/EYRC-Task_1/install/hb_description/share/hb_description/local_setup.bash
-- Symlinking: /home/pratheek/EYRC-Task_1/install/hb_description/share/hb_description/local_setup.sh
-- Symlinking: /home/pratheek/EYRC-Task_1/install/hb_description/share/hb_description/local_setup.zsh
-- Symlinking: /home/pratheek/EYRC-Task_1/install/hb_description/share/hb_description/local_setup.dsv
-- Symlinking: /home/pratheek/EYRC-Task_1/install/hb_description/share/hb_description/package.dsv
-- Symlinking: /home/pratheek/EYRC-Task_1/install/hb_description/share/ament_index/resource_index/packages/hb_description
-- Symlinking: /home/pratheek/EYRC-Task_1/install/hb_description/share/hb_description/cmake/hb_descriptionConfig.cmake
-- Symlinking: /home/pratheek/EYRC-Task_1/install/hb_description/share/hb_description/cmake/hb_descriptionConfig-version.cmake
-- Symlinking: /home/pratheek/EYRC-Task_1/install/hb_description/share/hb_description/package.xml
