[35m[1mConsolidate compiler generated dependencies of target eyantrasim_msgs__rosidl_generator_c[0m
[  1%] Built target eyantrasim_msgs__cpp
[ 12%] Built target eyantrasim_msgs__rosidl_generator_c
[35m[1mConsolidate compiler generated dependencies of target eyantrasim_msgs__rosidl_typesupport_cpp[0m
[ 12%] Built target ament_cmake_python_symlink_eyantrasim_msgs
[ 24%] Built target eyantrasim_msgs__rosidl_typesupport_cpp
[35m[1mConsolidate compiler generated dependencies of target eyantrasim_msgs__rosidl_typesupport_fastrtps_c[0m
[35m[1mConsolidate compiler generated dependencies of target eyantrasim_msgs__rosidl_typesupport_fastrtps_cpp[0m
[ 35%] Built target eyantrasim_msgs__rosidl_typesupport_fastrtps_c
[ 47%] Built target eyantrasim_msgs__rosidl_typesupport_fastrtps_cpp
[35m[1mConsolidate compiler generated dependencies of target eyantrasim_msgs__rosidl_typesupport_introspection_c[0m
[35m[1mConsolidate compiler generated dependencies of target eyantrasim_msgs__rosidl_typesupport_c[0m
[ 58%] Built target eyantrasim_msgs__rosidl_typesupport_c
[ 70%] Built target eyantrasim_msgs__rosidl_typesupport_introspection_c
[35m[1mConsolidate compiler generated dependencies of target eyantrasim_msgs__rosidl_typesupport_introspection_cpp[0m
[ 81%] Built target eyantrasim_msgs__rosidl_typesupport_introspection_cpp
[ 81%] Built target eyantrasim_msgs
[ 82%] Built target eyantrasim_msgs__py
[35m[1mConsolidate compiler generated dependencies of target eyantrasim_msgs__rosidl_generator_py[0m
[ 93%] Built target eyantrasim_msgs__rosidl_generator_py
[35m[1mConsolidate compiler generated dependencies of target eyantrasim_msgs__rosidl_typesupport_fastrtps_c__pyext[0m
[ 95%] Built target eyantrasim_msgs__rosidl_typesupport_fastrtps_c__pyext
[35m[1mConsolidate compiler generated dependencies of target eyantrasim_msgs__rosidl_typesupport_introspection_c__pyext[0m
[ 97%] Built target eyantrasim_msgs__rosidl_typesupport_introspection_c__pyext
[35m[1mConsolidate compiler generated dependencies of target eyantrasim_msgs__rosidl_typesupport_c__pyext[0m
[100%] Built target eyantrasim_msgs__rosidl_typesupport_c__pyext
running egg_info
writing eyantrasim_msgs.egg-info/PKG-INFO
writing dependency_links to eyantrasim_msgs.egg-info/dependency_links.txt
writing top-level names to eyantrasim_msgs.egg-info/top_level.txt
reading manifest file 'eyantrasim_msgs.egg-info/SOURCES.txt'
writing manifest file 'eyantrasim_msgs.egg-info/SOURCES.txt'
[100%] Built target ament_cmake_python_build_eyantrasim_msgs_egg
-- Install configuration: ""
-- Execute custom install script
-- Up-to-date symlink: /home/pratheek/EYRC-Task_1/install/eyantrasim_msgs/share/ament_index/resource_index/rosidl_interfaces/eyantrasim_msgs
-- Up-to-date symlink: /home/pratheek/EYRC-Task_1/install/eyantrasim_msgs/include/eyantrasim_msgs/eyantrasim_msgs/action/detail/rotate_absolute__functions.h
-- Up-to-date symlink: /home/pratheek/EYRC-Task_1/install/eyantrasim_msgs/include/eyantrasim_msgs/eyantrasim_msgs/action/detail/rotate_absolute__struct.h
-- Up-to-date symlink: /home/pratheek/EYRC-Task_1/install/eyantrasim_msgs/include/eyantrasim_msgs/eyantrasim_msgs/action/detail/rotate_absolute__type_support.h
-- Up-to-date symlink: /home/pratheek/EYRC-Task_1/install/eyantrasim_msgs/include/eyantrasim_msgs/eyantrasim_msgs/action/rotate_absolute.h
-- Up-to-date symlink: /home/pratheek/EYRC-Task_1/install/eyantrasim_msgs/include/eyantrasim_msgs/eyantrasim_msgs/msg/color.h
-- Up-to-date symlink: /home/pratheek/EYRC-Task_1/install/eyantrasim_msgs/include/eyantrasim_msgs/eyantrasim_msgs/msg/detail/color__functions.h
-- Up-to-date symlink: /home/pratheek/EYRC-Task_1/install/eyantrasim_msgs/include/eyantrasim_msgs/eyantrasim_msgs/msg/detail/color__struct.h
-- Up-to-date symlink: /home/pratheek/EYRC-Task_1/install/eyantrasim_msgs/include/eyantrasim_msgs/eyantrasim_msgs/msg/detail/color__type_support.h
-- Up-to-date symlink: /home/pratheek/EYRC-Task_1/install/eyantrasim_msgs/include/eyantrasim_msgs/eyantrasim_msgs/msg/detail/pose__functions.h
-- Up-to-date symlink: /home/pratheek/EYRC-Task_1/install/eyantrasim_msgs/include/eyantrasim_msgs/eyantrasim_msgs/msg/detail/pose__struct.h
-- Up-to-date symlink: /home/pratheek/EYRC-Task_1/install/eyantrasim_msgs/include/eyantrasim_msgs/eyantrasim_msgs/msg/detail/pose__type_support.h
-- Up-to-date symlink: /home/pratheek/EYRC-Task_1/install/eyantrasim_msgs/include/eyantrasim_msgs/eyantrasim_msgs/msg/pose.h
-- Up-to-date symlink: /home/pratheek/EYRC-Task_1/install/eyantrasim_msgs/include/eyantrasim_msgs/eyantrasim_msgs/msg/rosidl_generator_c__visibility_control.h
-- Up-to-date symlink: /home/pratheek/EYRC-Task_1/install/eyantrasim_msgs/include/eyantrasim_msgs/eyantrasim_msgs/srv/detail/kill__functions.h
-- Up-to-date symlink: /home/pratheek/EYRC-Task_1/install/eyantrasim_msgs/include/eyantrasim_msgs/eyantrasim_msgs/srv/detail/kill__struct.h
-- Up-to-date symlink: /home/pratheek/EYRC-Task_1/install/eyantrasim_msgs/include/eyantrasim_msgs/eyantrasim_msgs/srv/detail/kill__type_support.h
-- Up-to-date symlink: /home/pratheek/EYRC-Task_1/install/eyantrasim_msgs/include/eyantrasim_msgs/eyantrasim_msgs/srv/detail/set_pen__functions.h
-- Up-to-date symlink: /home/pratheek/EYRC-Task_1/install/eyantrasim_msgs/include/eyantrasim_msgs/eyantrasim_msgs/srv/detail/set_pen__struct.h
-- Up-to-date symlink: /home/pratheek/EYRC-Task_1/install/eyantrasim_msgs/include/eyantrasim_msgs/eyantrasim_msgs/srv/detail/set_pen__type_support.h
-- Up-to-date symlink: /home/pratheek/EYRC-Task_1/install/eyantrasim_msgs/include/eyantrasim_msgs/eyantrasim_msgs/srv/detail/spawn__functions.h
-- Up-to-date symlink: /home/pratheek/EYRC-Task_1/install/eyantrasim_msgs/include/eyantrasim_msgs/eyantrasim_msgs/srv/detail/spawn__struct.h
-- Up-to-date symlink: /home/pratheek/EYRC-Task_1/install/eyantrasim_msgs/include/eyantrasim_msgs/eyantrasim_msgs/srv/detail/spawn__type_support.h
-- Up-to-date symlink: /home/pratheek/EYRC-Task_1/install/eyantrasim_msgs/include/eyantrasim_msgs/eyantrasim_msgs/srv/detail/teleport_absolute__functions.h
-- Up-to-date symlink: /home/pratheek/EYRC-Task_1/install/eyantrasim_msgs/include/eyantrasim_msgs/eyantrasim_msgs/srv/detail/teleport_absolute__struct.h
-- Up-to-date symlink: /home/pratheek/EYRC-Task_1/install/eyantrasim_msgs/include/eyantrasim_msgs/eyantrasim_msgs/srv/detail/teleport_absolute__type_support.h
-- Up-to-date symlink: /home/pratheek/EYRC-Task_1/install/eyantrasim_msgs/include/eyantrasim_msgs/eyantrasim_msgs/srv/detail/teleport_relative__functions.h
-- Up-to-date symlink: /home/pratheek/EYRC-Task_1/install/eyantrasim_msgs/include/eyantrasim_msgs/eyantrasim_msgs/srv/detail/teleport_relative__struct.h
-- Up-to-date symlink: /home/pratheek/EYRC-Task_1/install/eyantrasim_msgs/include/eyantrasim_msgs/eyantrasim_msgs/srv/detail/teleport_relative__type_support.h
-- Up-to-date symlink: /home/pratheek/EYRC-Task_1/install/eyantrasim_msgs/include/eyantrasim_msgs/eyantrasim_msgs/srv/kill.h
-- Up-to-date symlink: /home/pratheek/EYRC-Task_1/install/eyantrasim_msgs/include/eyantrasim_msgs/eyantrasim_msgs/srv/set_pen.h
-- Up-to-date symlink: /home/pratheek/EYRC-Task_1/install/eyantrasim_msgs/include/eyantrasim_msgs/eyantrasim_msgs/srv/spawn.h
-- Up-to-date symlink: /home/pratheek/EYRC-Task_1/install/eyantrasim_msgs/include/eyantrasim_msgs/eyantrasim_msgs/srv/teleport_absolute.h
-- Up-to-date symlink: /home/pratheek/EYRC-Task_1/install/eyantrasim_msgs/include/eyantrasim_msgs/eyantrasim_msgs/srv/teleport_relative.h
-- Up-to-date symlink: /home/pratheek/EYRC-Task_1/install/eyantrasim_msgs/share/eyantrasim_msgs/environment/library_path.sh
-- Up-to-date symlink: /home/pratheek/EYRC-Task_1/install/eyantrasim_msgs/share/eyantrasim_msgs/environment/library_path.dsv
-- Up-to-date symlink: /home/pratheek/EYRC-Task_1/install/eyantrasim_msgs/include/eyantrasim_msgs/eyantrasim_msgs/action/detail/rotate_absolute__rosidl_typesupport_fastrtps_c.h
-- Up-to-date symlink: /home/pratheek/EYRC-Task_1/install/eyantrasim_msgs/include/eyantrasim_msgs/eyantrasim_msgs/msg/detail/color__rosidl_typesupport_fastrtps_c.h
-- Up-to-date symlink: /home/pratheek/EYRC-Task_1/install/eyantrasim_msgs/include/eyantrasim_msgs/eyantrasim_msgs/msg/detail/pose__rosidl_typesupport_fastrtps_c.h
-- Up-to-date symlink: /home/pratheek/EYRC-Task_1/install/eyantrasim_msgs/include/eyantrasim_msgs/eyantrasim_msgs/msg/rosidl_typesupport_fastrtps_c__visibility_control.h
-- Up-to-date symlink: /home/pratheek/EYRC-Task_1/install/eyantrasim_msgs/include/eyantrasim_msgs/eyantrasim_msgs/srv/detail/kill__rosidl_typesupport_fastrtps_c.h
-- Up-to-date symlink: /home/pratheek/EYRC-Task_1/install/eyantrasim_msgs/include/eyantrasim_msgs/eyantrasim_msgs/srv/detail/set_pen__rosidl_typesupport_fastrtps_c.h
-- Up-to-date symlink: /home/pratheek/EYRC-Task_1/install/eyantrasim_msgs/include/eyantrasim_msgs/eyantrasim_msgs/srv/detail/spawn__rosidl_typesupport_fastrtps_c.h
-- Up-to-date symlink: /home/pratheek/EYRC-Task_1/install/eyantrasim_msgs/include/eyantrasim_msgs/eyantrasim_msgs/srv/detail/teleport_absolute__rosidl_typesupport_fastrtps_c.h
-- Up-to-date symlink: /home/pratheek/EYRC-Task_1/install/eyantrasim_msgs/include/eyantrasim_msgs/eyantrasim_msgs/srv/detail/teleport_relative__rosidl_typesupport_fastrtps_c.h
-- Up-to-date symlink: /home/pratheek/EYRC-Task_1/install/eyantrasim_msgs/include/eyantrasim_msgs/eyantrasim_msgs/action/detail/rotate_absolute__builder.hpp
-- Up-to-date symlink: /home/pratheek/EYRC-Task_1/install/eyantrasim_msgs/include/eyantrasim_msgs/eyantrasim_msgs/action/detail/rotate_absolute__struct.hpp
-- Up-to-date symlink: /home/pratheek/EYRC-Task_1/install/eyantrasim_msgs/include/eyantrasim_msgs/eyantrasim_msgs/action/detail/rotate_absolute__traits.hpp
-- Up-to-date symlink: /home/pratheek/EYRC-Task_1/install/eyantrasim_msgs/include/eyantrasim_msgs/eyantrasim_msgs/action/detail/rotate_absolute__type_support.hpp
-- Up-to-date symlink: /home/pratheek/EYRC-Task_1/install/eyantrasim_msgs/include/eyantrasim_msgs/eyantrasim_msgs/action/rotate_absolute.hpp
-- Up-to-date symlink: /home/pratheek/EYRC-Task_1/install/eyantrasim_msgs/include/eyantrasim_msgs/eyantrasim_msgs/msg/color.hpp
-- Up-to-date symlink: /home/pratheek/EYRC-Task_1/install/eyantrasim_msgs/include/eyantrasim_msgs/eyantrasim_msgs/msg/detail/color__builder.hpp
-- Up-to-date symlink: /home/pratheek/EYRC-Task_1/install/eyantrasim_msgs/include/eyantrasim_msgs/eyantrasim_msgs/msg/detail/color__struct.hpp
-- Up-to-date symlink: /home/pratheek/EYRC-Task_1/install/eyantrasim_msgs/include/eyantrasim_msgs/eyantrasim_msgs/msg/detail/color__traits.hpp
-- Up-to-date symlink: /home/pratheek/EYRC-Task_1/install/eyantrasim_msgs/include/eyantrasim_msgs/eyantrasim_msgs/msg/detail/color__type_support.hpp
-- Up-to-date symlink: /home/pratheek/EYRC-Task_1/install/eyantrasim_msgs/include/eyantrasim_msgs/eyantrasim_msgs/msg/detail/pose__builder.hpp
-- Up-to-date symlink: /home/pratheek/EYRC-Task_1/install/eyantrasim_msgs/include/eyantrasim_msgs/eyantrasim_msgs/msg/detail/pose__struct.hpp
-- Up-to-date symlink: /home/pratheek/EYRC-Task_1/install/eyantrasim_msgs/include/eyantrasim_msgs/eyantrasim_msgs/msg/detail/pose__traits.hpp
-- Up-to-date symlink: /home/pratheek/EYRC-Task_1/install/eyantrasim_msgs/include/eyantrasim_msgs/eyantrasim_msgs/msg/detail/pose__type_support.hpp
-- Up-to-date symlink: /home/pratheek/EYRC-Task_1/install/eyantrasim_msgs/include/eyantrasim_msgs/eyantrasim_msgs/msg/pose.hpp
-- Up-to-date symlink: /home/pratheek/EYRC-Task_1/install/eyantrasim_msgs/include/eyantrasim_msgs/eyantrasim_msgs/msg/rosidl_generator_cpp__visibility_control.hpp
-- Up-to-date symlink: /home/pratheek/EYRC-Task_1/install/eyantrasim_msgs/include/eyantrasim_msgs/eyantrasim_msgs/srv/detail/kill__builder.hpp
-- Up-to-date symlink: /home/pratheek/EYRC-Task_1/install/eyantrasim_msgs/include/eyantrasim_msgs/eyantrasim_msgs/srv/detail/kill__struct.hpp
-- Up-to-date symlink: /home/pratheek/EYRC-Task_1/install/eyantrasim_msgs/include/eyantrasim_msgs/eyantrasim_msgs/srv/detail/kill__traits.hpp
-- Up-to-date symlink: /home/pratheek/EYRC-Task_1/install/eyantrasim_msgs/include/eyantrasim_msgs/eyantrasim_msgs/srv/detail/kill__type_support.hpp
-- Up-to-date symlink: /home/pratheek/EYRC-Task_1/install/eyantrasim_msgs/include/eyantrasim_msgs/eyantrasim_msgs/srv/detail/set_pen__builder.hpp
-- Up-to-date symlink: /home/pratheek/EYRC-Task_1/install/eyantrasim_msgs/include/eyantrasim_msgs/eyantrasim_msgs/srv/detail/set_pen__struct.hpp
-- Up-to-date symlink: /home/pratheek/EYRC-Task_1/install/eyantrasim_msgs/include/eyantrasim_msgs/eyantrasim_msgs/srv/detail/set_pen__traits.hpp
-- Up-to-date symlink: /home/pratheek/EYRC-Task_1/install/eyantrasim_msgs/include/eyantrasim_msgs/eyantrasim_msgs/srv/detail/set_pen__type_support.hpp
-- Up-to-date symlink: /home/pratheek/EYRC-Task_1/install/eyantrasim_msgs/include/eyantrasim_msgs/eyantrasim_msgs/srv/detail/spawn__builder.hpp
-- Up-to-date symlink: /home/pratheek/EYRC-Task_1/install/eyantrasim_msgs/include/eyantrasim_msgs/eyantrasim_msgs/srv/detail/spawn__struct.hpp
-- Up-to-date symlink: /home/pratheek/EYRC-Task_1/install/eyantrasim_msgs/include/eyantrasim_msgs/eyantrasim_msgs/srv/detail/spawn__traits.hpp
-- Up-to-date symlink: /home/pratheek/EYRC-Task_1/install/eyantrasim_msgs/include/eyantrasim_msgs/eyantrasim_msgs/srv/detail/spawn__type_support.hpp
-- Up-to-date symlink: /home/pratheek/EYRC-Task_1/install/eyantrasim_msgs/include/eyantrasim_msgs/eyantrasim_msgs/srv/detail/teleport_absolute__builder.hpp
-- Up-to-date symlink: /home/pratheek/EYRC-Task_1/install/eyantrasim_msgs/include/eyantrasim_msgs/eyantrasim_msgs/srv/detail/teleport_absolute__struct.hpp
-- Up-to-date symlink: /home/pratheek/EYRC-Task_1/install/eyantrasim_msgs/include/eyantrasim_msgs/eyantrasim_msgs/srv/detail/teleport_absolute__traits.hpp
-- Up-to-date symlink: /home/pratheek/EYRC-Task_1/install/eyantrasim_msgs/include/eyantrasim_msgs/eyantrasim_msgs/srv/detail/teleport_absolute__type_support.hpp
-- Up-to-date symlink: /home/pratheek/EYRC-Task_1/install/eyantrasim_msgs/include/eyantrasim_msgs/eyantrasim_msgs/srv/detail/teleport_relative__builder.hpp
-- Up-to-date symlink: /home/pratheek/EYRC-Task_1/install/eyantrasim_msgs/include/eyantrasim_msgs/eyantrasim_msgs/srv/detail/teleport_relative__struct.hpp
-- Up-to-date symlink: /home/pratheek/EYRC-Task_1/install/eyantrasim_msgs/include/eyantrasim_msgs/eyantrasim_msgs/srv/detail/teleport_relative__traits.hpp
-- Up-to-date symlink: /home/pratheek/EYRC-Task_1/install/eyantrasim_msgs/include/eyantrasim_msgs/eyantrasim_msgs/srv/detail/teleport_relative__type_support.hpp
-- Up-to-date symlink: /home/pratheek/EYRC-Task_1/install/eyantrasim_msgs/include/eyantrasim_msgs/eyantrasim_msgs/srv/kill.hpp
-- Up-to-date symlink: /home/pratheek/EYRC-Task_1/install/eyantrasim_msgs/include/eyantrasim_msgs/eyantrasim_msgs/srv/set_pen.hpp
-- Up-to-date symlink: /home/pratheek/EYRC-Task_1/install/eyantrasim_msgs/include/eyantrasim_msgs/eyantrasim_msgs/srv/spawn.hpp
-- Up-to-date symlink: /home/pratheek/EYRC-Task_1/install/eyantrasim_msgs/include/eyantrasim_msgs/eyantrasim_msgs/srv/teleport_absolute.hpp
-- Up-to-date symlink: /home/pratheek/EYRC-Task_1/install/eyantrasim_msgs/include/eyantrasim_msgs/eyantrasim_msgs/srv/teleport_relative.hpp
-- Up-to-date symlink: /home/pratheek/EYRC-Task_1/install/eyantrasim_msgs/include/eyantrasim_msgs/eyantrasim_msgs/action/detail/rotate_absolute__rosidl_typesupport_fastrtps_cpp.hpp
-- Up-to-date symlink: /home/pratheek/EYRC-Task_1/install/eyantrasim_msgs/include/eyantrasim_msgs/eyantrasim_msgs/msg/detail/color__rosidl_typesupport_fastrtps_cpp.hpp
-- Up-to-date symlink: /home/pratheek/EYRC-Task_1/install/eyantrasim_msgs/include/eyantrasim_msgs/eyantrasim_msgs/msg/detail/pose__rosidl_typesupport_fastrtps_cpp.hpp
-- Up-to-date symlink: /home/pratheek/EYRC-Task_1/install/eyantrasim_msgs/include/eyantrasim_msgs/eyantrasim_msgs/msg/rosidl_typesupport_fastrtps_cpp__visibility_control.h
-- Up-to-date symlink: /home/pratheek/EYRC-Task_1/install/eyantrasim_msgs/include/eyantrasim_msgs/eyantrasim_msgs/srv/detail/kill__rosidl_typesupport_fastrtps_cpp.hpp
-- Up-to-date symlink: /home/pratheek/EYRC-Task_1/install/eyantrasim_msgs/include/eyantrasim_msgs/eyantrasim_msgs/srv/detail/set_pen__rosidl_typesupport_fastrtps_cpp.hpp
-- Up-to-date symlink: /home/pratheek/EYRC-Task_1/install/eyantrasim_msgs/include/eyantrasim_msgs/eyantrasim_msgs/srv/detail/spawn__rosidl_typesupport_fastrtps_cpp.hpp
-- Up-to-date symlink: /home/pratheek/EYRC-Task_1/install/eyantrasim_msgs/include/eyantrasim_msgs/eyantrasim_msgs/srv/detail/teleport_absolute__rosidl_typesupport_fastrtps_cpp.hpp
-- Up-to-date symlink: /home/pratheek/EYRC-Task_1/install/eyantrasim_msgs/include/eyantrasim_msgs/eyantrasim_msgs/srv/detail/teleport_relative__rosidl_typesupport_fastrtps_cpp.hpp
-- Up-to-date symlink: /home/pratheek/EYRC-Task_1/install/eyantrasim_msgs/include/eyantrasim_msgs/eyantrasim_msgs/action/detail/rotate_absolute__rosidl_typesupport_introspection_c.h
-- Up-to-date symlink: /home/pratheek/EYRC-Task_1/install/eyantrasim_msgs/include/eyantrasim_msgs/eyantrasim_msgs/msg/detail/color__rosidl_typesupport_introspection_c.h
-- Up-to-date symlink: /home/pratheek/EYRC-Task_1/install/eyantrasim_msgs/include/eyantrasim_msgs/eyantrasim_msgs/msg/detail/pose__rosidl_typesupport_introspection_c.h
-- Up-to-date symlink: /home/pratheek/EYRC-Task_1/install/eyantrasim_msgs/include/eyantrasim_msgs/eyantrasim_msgs/msg/rosidl_typesupport_introspection_c__visibility_control.h
-- Up-to-date symlink: /home/pratheek/EYRC-Task_1/install/eyantrasim_msgs/include/eyantrasim_msgs/eyantrasim_msgs/srv/detail/kill__rosidl_typesupport_introspection_c.h
-- Up-to-date symlink: /home/pratheek/EYRC-Task_1/install/eyantrasim_msgs/include/eyantrasim_msgs/eyantrasim_msgs/srv/detail/set_pen__rosidl_typesupport_introspection_c.h
-- Up-to-date symlink: /home/pratheek/EYRC-Task_1/install/eyantrasim_msgs/include/eyantrasim_msgs/eyantrasim_msgs/srv/detail/spawn__rosidl_typesupport_introspection_c.h
-- Up-to-date symlink: /home/pratheek/EYRC-Task_1/install/eyantrasim_msgs/include/eyantrasim_msgs/eyantrasim_msgs/srv/detail/teleport_absolute__rosidl_typesupport_introspection_c.h
-- Up-to-date symlink: /home/pratheek/EYRC-Task_1/install/eyantrasim_msgs/include/eyantrasim_msgs/eyantrasim_msgs/srv/detail/teleport_relative__rosidl_typesupport_introspection_c.h
-- Up-to-date symlink: /home/pratheek/EYRC-Task_1/install/eyantrasim_msgs/include/eyantrasim_msgs/eyantrasim_msgs/action/detail/rotate_absolute__rosidl_typesupport_introspection_cpp.hpp
-- Up-to-date symlink: /home/pratheek/EYRC-Task_1/install/eyantrasim_msgs/include/eyantrasim_msgs/eyantrasim_msgs/msg/detail/color__rosidl_typesupport_introspection_cpp.hpp
-- Up-to-date symlink: /home/pratheek/EYRC-Task_1/install/eyantrasim_msgs/include/eyantrasim_msgs/eyantrasim_msgs/msg/detail/pose__rosidl_typesupport_introspection_cpp.hpp
-- Up-to-date symlink: /home/pratheek/EYRC-Task_1/install/eyantrasim_msgs/include/eyantrasim_msgs/eyantrasim_msgs/srv/detail/kill__rosidl_typesupport_introspection_cpp.hpp
-- Up-to-date symlink: /home/pratheek/EYRC-Task_1/install/eyantrasim_msgs/include/eyantrasim_msgs/eyantrasim_msgs/srv/detail/set_pen__rosidl_typesupport_introspection_cpp.hpp
-- Up-to-date symlink: /home/pratheek/EYRC-Task_1/install/eyantrasim_msgs/include/eyantrasim_msgs/eyantrasim_msgs/srv/detail/spawn__rosidl_typesupport_introspection_cpp.hpp
-- Up-to-date symlink: /home/pratheek/EYRC-Task_1/install/eyantrasim_msgs/include/eyantrasim_msgs/eyantrasim_msgs/srv/detail/teleport_absolute__rosidl_typesupport_introspection_cpp.hpp
-- Up-to-date symlink: /home/pratheek/EYRC-Task_1/install/eyantrasim_msgs/include/eyantrasim_msgs/eyantrasim_msgs/srv/detail/teleport_relative__rosidl_typesupport_introspection_cpp.hpp
-- Up-to-date symlink: /home/pratheek/EYRC-Task_1/install/eyantrasim_msgs/share/eyantrasim_msgs/environment/pythonpath.sh
-- Up-to-date symlink: /home/pratheek/EYRC-Task_1/install/eyantrasim_msgs/share/eyantrasim_msgs/environment/pythonpath.dsv
-- Up-to-date symlink: /home/pratheek/EYRC-Task_1/install/eyantrasim_msgs/local/lib/python3.10/dist-packages/eyantrasim_msgs-1.10.1-py3.10.egg-info/PKG-INFO
-- Up-to-date symlink: /home/pratheek/EYRC-Task_1/install/eyantrasim_msgs/local/lib/python3.10/dist-packages/eyantrasim_msgs-1.10.1-py3.10.egg-info/SOURCES.txt
-- Up-to-date symlink: /home/pratheek/EYRC-Task_1/install/eyantrasim_msgs/local/lib/python3.10/dist-packages/eyantrasim_msgs-1.10.1-py3.10.egg-info/dependency_links.txt
-- Up-to-date symlink: /home/pratheek/EYRC-Task_1/install/eyantrasim_msgs/local/lib/python3.10/dist-packages/eyantrasim_msgs-1.10.1-py3.10.egg-info/top_level.txt
-- Up-to-date symlink: /home/pratheek/EYRC-Task_1/install/eyantrasim_msgs/local/lib/python3.10/dist-packages/eyantrasim_msgs/__init__.py
-- Up-to-date symlink: /home/pratheek/EYRC-Task_1/install/eyantrasim_msgs/local/lib/python3.10/dist-packages/eyantrasim_msgs/_eyantrasim_msgs_s.ep.rosidl_typesupport_c.c
-- Up-to-date symlink: /home/pratheek/EYRC-Task_1/install/eyantrasim_msgs/local/lib/python3.10/dist-packages/eyantrasim_msgs/_eyantrasim_msgs_s.ep.rosidl_typesupport_fastrtps_c.c
-- Up-to-date symlink: /home/pratheek/EYRC-Task_1/install/eyantrasim_msgs/local/lib/python3.10/dist-packages/eyantrasim_msgs/_eyantrasim_msgs_s.ep.rosidl_typesupport_introspection_c.c
-- Up-to-date symlink: /home/pratheek/EYRC-Task_1/install/eyantrasim_msgs/local/lib/python3.10/dist-packages/eyantrasim_msgs/action/__init__.py
-- Up-to-date symlink: /home/pratheek/EYRC-Task_1/install/eyantrasim_msgs/local/lib/python3.10/dist-packages/eyantrasim_msgs/action/_rotate_absolute.py
-- Up-to-date symlink: /home/pratheek/EYRC-Task_1/install/eyantrasim_msgs/local/lib/python3.10/dist-packages/eyantrasim_msgs/action/_rotate_absolute_s.c
-- Up-to-date symlink: /home/pratheek/EYRC-Task_1/install/eyantrasim_msgs/local/lib/python3.10/dist-packages/eyantrasim_msgs/eyantrasim_msgs_s__rosidl_typesupport_c.cpython-310-x86_64-linux-gnu.so
-- Up-to-date symlink: /home/pratheek/EYRC-Task_1/install/eyantrasim_msgs/local/lib/python3.10/dist-packages/eyantrasim_msgs/eyantrasim_msgs_s__rosidl_typesupport_fastrtps_c.cpython-310-x86_64-linux-gnu.so
-- Up-to-date symlink: /home/pratheek/EYRC-Task_1/install/eyantrasim_msgs/local/lib/python3.10/dist-packages/eyantrasim_msgs/eyantrasim_msgs_s__rosidl_typesupport_introspection_c.cpython-310-x86_64-linux-gnu.so
-- Up-to-date symlink: /home/pratheek/EYRC-Task_1/install/eyantrasim_msgs/local/lib/python3.10/dist-packages/eyantrasim_msgs/libeyantrasim_msgs__rosidl_generator_py.so
-- Up-to-date symlink: /home/pratheek/EYRC-Task_1/install/eyantrasim_msgs/local/lib/python3.10/dist-packages/eyantrasim_msgs/msg/__init__.py
-- Up-to-date symlink: /home/pratheek/EYRC-Task_1/install/eyantrasim_msgs/local/lib/python3.10/dist-packages/eyantrasim_msgs/msg/_color.py
-- Up-to-date symlink: /home/pratheek/EYRC-Task_1/install/eyantrasim_msgs/local/lib/python3.10/dist-packages/eyantrasim_msgs/msg/_color_s.c
-- Up-to-date symlink: /home/pratheek/EYRC-Task_1/install/eyantrasim_msgs/local/lib/python3.10/dist-packages/eyantrasim_msgs/msg/_pose.py
-- Up-to-date symlink: /home/pratheek/EYRC-Task_1/install/eyantrasim_msgs/local/lib/python3.10/dist-packages/eyantrasim_msgs/msg/_pose_s.c
-- Up-to-date symlink: /home/pratheek/EYRC-Task_1/install/eyantrasim_msgs/local/lib/python3.10/dist-packages/eyantrasim_msgs/srv/__init__.py
-- Up-to-date symlink: /home/pratheek/EYRC-Task_1/install/eyantrasim_msgs/local/lib/python3.10/dist-packages/eyantrasim_msgs/srv/_kill.py
-- Up-to-date symlink: /home/pratheek/EYRC-Task_1/install/eyantrasim_msgs/local/lib/python3.10/dist-packages/eyantrasim_msgs/srv/_kill_s.c
-- Up-to-date symlink: /home/pratheek/EYRC-Task_1/install/eyantrasim_msgs/local/lib/python3.10/dist-packages/eyantrasim_msgs/srv/_set_pen.py
-- Up-to-date symlink: /home/pratheek/EYRC-Task_1/install/eyantrasim_msgs/local/lib/python3.10/dist-packages/eyantrasim_msgs/srv/_set_pen_s.c
-- Up-to-date symlink: /home/pratheek/EYRC-Task_1/install/eyantrasim_msgs/local/lib/python3.10/dist-packages/eyantrasim_msgs/srv/_spawn.py
-- Up-to-date symlink: /home/pratheek/EYRC-Task_1/install/eyantrasim_msgs/local/lib/python3.10/dist-packages/eyantrasim_msgs/srv/_spawn_s.c
-- Up-to-date symlink: /home/pratheek/EYRC-Task_1/install/eyantrasim_msgs/local/lib/python3.10/dist-packages/eyantrasim_msgs/srv/_teleport_absolute.py
-- Up-to-date symlink: /home/pratheek/EYRC-Task_1/install/eyantrasim_msgs/local/lib/python3.10/dist-packages/eyantrasim_msgs/srv/_teleport_absolute_s.c
-- Up-to-date symlink: /home/pratheek/EYRC-Task_1/install/eyantrasim_msgs/local/lib/python3.10/dist-packages/eyantrasim_msgs/srv/_teleport_relative.py
-- Up-to-date symlink: /home/pratheek/EYRC-Task_1/install/eyantrasim_msgs/local/lib/python3.10/dist-packages/eyantrasim_msgs/srv/_teleport_relative_s.c
-- Up-to-date symlink: /home/pratheek/EYRC-Task_1/install/eyantrasim_msgs/local/lib/python3.10/dist-packages/eyantrasim_msgs/eyantrasim_msgs_s__rosidl_typesupport_fastrtps_c.cpython-310-x86_64-linux-gnu.so
-- Up-to-date symlink: /home/pratheek/EYRC-Task_1/install/eyantrasim_msgs/local/lib/python3.10/dist-packages/eyantrasim_msgs/eyantrasim_msgs_s__rosidl_typesupport_introspection_c.cpython-310-x86_64-linux-gnu.so
-- Up-to-date symlink: /home/pratheek/EYRC-Task_1/install/eyantrasim_msgs/local/lib/python3.10/dist-packages/eyantrasim_msgs/eyantrasim_msgs_s__rosidl_typesupport_c.cpython-310-x86_64-linux-gnu.so
-- Up-to-date symlink: /home/pratheek/EYRC-Task_1/install/eyantrasim_msgs/share/eyantrasim_msgs/msg/Color.idl
-- Up-to-date symlink: /home/pratheek/EYRC-Task_1/install/eyantrasim_msgs/share/eyantrasim_msgs/msg/Pose.idl
-- Up-to-date symlink: /home/pratheek/EYRC-Task_1/install/eyantrasim_msgs/share/eyantrasim_msgs/action/RotateAbsolute.idl
-- Up-to-date symlink: /home/pratheek/EYRC-Task_1/install/eyantrasim_msgs/share/eyantrasim_msgs/srv/Kill.idl
-- Up-to-date symlink: /home/pratheek/EYRC-Task_1/install/eyantrasim_msgs/share/eyantrasim_msgs/srv/SetPen.idl
-- Up-to-date symlink: /home/pratheek/EYRC-Task_1/install/eyantrasim_msgs/share/eyantrasim_msgs/srv/Spawn.idl
-- Up-to-date symlink: /home/pratheek/EYRC-Task_1/install/eyantrasim_msgs/share/eyantrasim_msgs/srv/TeleportAbsolute.idl
-- Up-to-date symlink: /home/pratheek/EYRC-Task_1/install/eyantrasim_msgs/share/eyantrasim_msgs/srv/TeleportRelative.idl
-- Up-to-date symlink: /home/pratheek/EYRC-Task_1/install/eyantrasim_msgs/share/eyantrasim_msgs/msg/Color.msg
-- Up-to-date symlink: /home/pratheek/EYRC-Task_1/install/eyantrasim_msgs/share/eyantrasim_msgs/msg/Pose.msg
-- Up-to-date symlink: /home/pratheek/EYRC-Task_1/install/eyantrasim_msgs/share/eyantrasim_msgs/action/RotateAbsolute.action
-- Up-to-date symlink: /home/pratheek/EYRC-Task_1/install/eyantrasim_msgs/share/eyantrasim_msgs/srv/Kill.srv
-- Up-to-date symlink: /home/pratheek/EYRC-Task_1/install/eyantrasim_msgs/share/eyantrasim_msgs/srv/Kill_Request.msg
-- Up-to-date symlink: /home/pratheek/EYRC-Task_1/install/eyantrasim_msgs/share/eyantrasim_msgs/srv/Kill_Response.msg
-- Up-to-date symlink: /home/pratheek/EYRC-Task_1/install/eyantrasim_msgs/share/eyantrasim_msgs/srv/SetPen.srv
-- Up-to-date symlink: /home/pratheek/EYRC-Task_1/install/eyantrasim_msgs/share/eyantrasim_msgs/srv/SetPen_Request.msg
-- Up-to-date symlink: /home/pratheek/EYRC-Task_1/install/eyantrasim_msgs/share/eyantrasim_msgs/srv/SetPen_Response.msg
-- Up-to-date symlink: /home/pratheek/EYRC-Task_1/install/eyantrasim_msgs/share/eyantrasim_msgs/srv/Spawn.srv
-- Up-to-date symlink: /home/pratheek/EYRC-Task_1/install/eyantrasim_msgs/share/eyantrasim_msgs/srv/Spawn_Request.msg
-- Up-to-date symlink: /home/pratheek/EYRC-Task_1/install/eyantrasim_msgs/share/eyantrasim_msgs/srv/Spawn_Response.msg
-- Up-to-date symlink: /home/pratheek/EYRC-Task_1/install/eyantrasim_msgs/share/eyantrasim_msgs/srv/TeleportAbsolute.srv
-- Up-to-date symlink: /home/pratheek/EYRC-Task_1/install/eyantrasim_msgs/share/eyantrasim_msgs/srv/TeleportAbsolute_Request.msg
-- Up-to-date symlink: /home/pratheek/EYRC-Task_1/install/eyantrasim_msgs/share/eyantrasim_msgs/srv/TeleportAbsolute_Response.msg
-- Up-to-date symlink: /home/pratheek/EYRC-Task_1/install/eyantrasim_msgs/share/eyantrasim_msgs/srv/TeleportRelative.srv
-- Up-to-date symlink: /home/pratheek/EYRC-Task_1/install/eyantrasim_msgs/share/eyantrasim_msgs/srv/TeleportRelative_Request.msg
-- Up-to-date symlink: /home/pratheek/EYRC-Task_1/install/eyantrasim_msgs/share/eyantrasim_msgs/srv/TeleportRelative_Response.msg
-- Up-to-date symlink: /home/pratheek/EYRC-Task_1/install/eyantrasim_msgs/share/ament_index/resource_index/package_run_dependencies/eyantrasim_msgs
-- Up-to-date symlink: /home/pratheek/EYRC-Task_1/install/eyantrasim_msgs/share/ament_index/resource_index/parent_prefix_path/eyantrasim_msgs
-- Up-to-date symlink: /home/pratheek/EYRC-Task_1/install/eyantrasim_msgs/share/eyantrasim_msgs/environment/ament_prefix_path.sh
-- Up-to-date symlink: /home/pratheek/EYRC-Task_1/install/eyantrasim_msgs/share/eyantrasim_msgs/environment/ament_prefix_path.dsv
-- Up-to-date symlink: /home/pratheek/EYRC-Task_1/install/eyantrasim_msgs/share/eyantrasim_msgs/environment/path.sh
-- Up-to-date symlink: /home/pratheek/EYRC-Task_1/install/eyantrasim_msgs/share/eyantrasim_msgs/environment/path.dsv
-- Up-to-date symlink: /home/pratheek/EYRC-Task_1/install/eyantrasim_msgs/share/eyantrasim_msgs/local_setup.bash
-- Up-to-date symlink: /home/pratheek/EYRC-Task_1/install/eyantrasim_msgs/share/eyantrasim_msgs/local_setup.sh
-- Up-to-date symlink: /home/pratheek/EYRC-Task_1/install/eyantrasim_msgs/share/eyantrasim_msgs/local_setup.zsh
-- Up-to-date symlink: /home/pratheek/EYRC-Task_1/install/eyantrasim_msgs/share/eyantrasim_msgs/local_setup.dsv
-- Symlinking: /home/pratheek/EYRC-Task_1/install/eyantrasim_msgs/share/eyantrasim_msgs/package.dsv
-- Up-to-date symlink: /home/pratheek/EYRC-Task_1/install/eyantrasim_msgs/share/ament_index/resource_index/packages/eyantrasim_msgs
-- Up-to-date symlink: /home/pratheek/EYRC-Task_1/install/eyantrasim_msgs/share/eyantrasim_msgs/cmake/rosidl_cmake-extras.cmake
-- Up-to-date symlink: /home/pratheek/EYRC-Task_1/install/eyantrasim_msgs/share/eyantrasim_msgs/cmake/ament_cmake_export_dependencies-extras.cmake
-- Up-to-date symlink: /home/pratheek/EYRC-Task_1/install/eyantrasim_msgs/share/eyantrasim_msgs/cmake/ament_cmake_export_include_directories-extras.cmake
-- Up-to-date symlink: /home/pratheek/EYRC-Task_1/install/eyantrasim_msgs/share/eyantrasim_msgs/cmake/ament_cmake_export_libraries-extras.cmake
-- Up-to-date symlink: /home/pratheek/EYRC-Task_1/install/eyantrasim_msgs/share/eyantrasim_msgs/cmake/ament_cmake_export_targets-extras.cmake
-- Up-to-date symlink: /home/pratheek/EYRC-Task_1/install/eyantrasim_msgs/share/eyantrasim_msgs/cmake/rosidl_cmake_export_typesupport_targets-extras.cmake
-- Up-to-date symlink: /home/pratheek/EYRC-Task_1/install/eyantrasim_msgs/share/eyantrasim_msgs/cmake/rosidl_cmake_export_typesupport_libraries-extras.cmake
-- Up-to-date symlink: /home/pratheek/EYRC-Task_1/install/eyantrasim_msgs/share/eyantrasim_msgs/cmake/eyantrasim_msgsConfig.cmake
-- Up-to-date symlink: /home/pratheek/EYRC-Task_1/install/eyantrasim_msgs/share/eyantrasim_msgs/cmake/eyantrasim_msgsConfig-version.cmake
-- Up-to-date symlink: /home/pratheek/EYRC-Task_1/install/eyantrasim_msgs/share/eyantrasim_msgs/package.xml
-- Up-to-date: /home/pratheek/EYRC-Task_1/install/eyantrasim_msgs/lib/libeyantrasim_msgs__rosidl_generator_c.so
-- Up-to-date: /home/pratheek/EYRC-Task_1/install/eyantrasim_msgs/lib/libeyantrasim_msgs__rosidl_typesupport_fastrtps_c.so
-- Up-to-date: /home/pratheek/EYRC-Task_1/install/eyantrasim_msgs/lib/libeyantrasim_msgs__rosidl_typesupport_fastrtps_cpp.so
-- Up-to-date: /home/pratheek/EYRC-Task_1/install/eyantrasim_msgs/lib/libeyantrasim_msgs__rosidl_typesupport_introspection_c.so
-- Up-to-date: /home/pratheek/EYRC-Task_1/install/eyantrasim_msgs/lib/libeyantrasim_msgs__rosidl_typesupport_c.so
-- Up-to-date: /home/pratheek/EYRC-Task_1/install/eyantrasim_msgs/lib/libeyantrasim_msgs__rosidl_typesupport_introspection_cpp.so
-- Up-to-date: /home/pratheek/EYRC-Task_1/install/eyantrasim_msgs/lib/libeyantrasim_msgs__rosidl_typesupport_cpp.so
Listing '/home/pratheek/EYRC-Task_1/install/eyantrasim_msgs/local/lib/python3.10/dist-packages/eyantrasim_msgs'...
Listing '/home/pratheek/EYRC-Task_1/install/eyantrasim_msgs/local/lib/python3.10/dist-packages/eyantrasim_msgs/action'...
Listing '/home/pratheek/EYRC-Task_1/install/eyantrasim_msgs/local/lib/python3.10/dist-packages/eyantrasim_msgs/msg'...
Listing '/home/pratheek/EYRC-Task_1/install/eyantrasim_msgs/local/lib/python3.10/dist-packages/eyantrasim_msgs/srv'...
-- Up-to-date: /home/pratheek/EYRC-Task_1/install/eyantrasim_msgs/lib/libeyantrasim_msgs__rosidl_generator_py.so
-- Up-to-date: /home/pratheek/EYRC-Task_1/install/eyantrasim_msgs/share/eyantrasim_msgs/cmake/export_eyantrasim_msgs__rosidl_generator_cExport.cmake
-- Up-to-date: /home/pratheek/EYRC-Task_1/install/eyantrasim_msgs/share/eyantrasim_msgs/cmake/export_eyantrasim_msgs__rosidl_generator_cExport-noconfig.cmake
-- Up-to-date: /home/pratheek/EYRC-Task_1/install/eyantrasim_msgs/share/eyantrasim_msgs/cmake/export_eyantrasim_msgs__rosidl_typesupport_fastrtps_cExport.cmake
-- Up-to-date: /home/pratheek/EYRC-Task_1/install/eyantrasim_msgs/share/eyantrasim_msgs/cmake/export_eyantrasim_msgs__rosidl_typesupport_fastrtps_cExport-noconfig.cmake
-- Up-to-date: /home/pratheek/EYRC-Task_1/install/eyantrasim_msgs/share/eyantrasim_msgs/cmake/export_eyantrasim_msgs__rosidl_generator_cppExport.cmake
-- Up-to-date: /home/pratheek/EYRC-Task_1/install/eyantrasim_msgs/share/eyantrasim_msgs/cmake/export_eyantrasim_msgs__rosidl_typesupport_fastrtps_cppExport.cmake
-- Up-to-date: /home/pratheek/EYRC-Task_1/install/eyantrasim_msgs/share/eyantrasim_msgs/cmake/export_eyantrasim_msgs__rosidl_typesupport_fastrtps_cppExport-noconfig.cmake
-- Up-to-date: /home/pratheek/EYRC-Task_1/install/eyantrasim_msgs/share/eyantrasim_msgs/cmake/eyantrasim_msgs__rosidl_typesupport_introspection_cExport.cmake
-- Up-to-date: /home/pratheek/EYRC-Task_1/install/eyantrasim_msgs/share/eyantrasim_msgs/cmake/eyantrasim_msgs__rosidl_typesupport_introspection_cExport-noconfig.cmake
-- Up-to-date: /home/pratheek/EYRC-Task_1/install/eyantrasim_msgs/share/eyantrasim_msgs/cmake/eyantrasim_msgs__rosidl_typesupport_cExport.cmake
-- Up-to-date: /home/pratheek/EYRC-Task_1/install/eyantrasim_msgs/share/eyantrasim_msgs/cmake/eyantrasim_msgs__rosidl_typesupport_cExport-noconfig.cmake
-- Up-to-date: /home/pratheek/EYRC-Task_1/install/eyantrasim_msgs/share/eyantrasim_msgs/cmake/eyantrasim_msgs__rosidl_typesupport_introspection_cppExport.cmake
-- Up-to-date: /home/pratheek/EYRC-Task_1/install/eyantrasim_msgs/share/eyantrasim_msgs/cmake/eyantrasim_msgs__rosidl_typesupport_introspection_cppExport-noconfig.cmake
-- Up-to-date: /home/pratheek/EYRC-Task_1/install/eyantrasim_msgs/share/eyantrasim_msgs/cmake/eyantrasim_msgs__rosidl_typesupport_cppExport.cmake
-- Up-to-date: /home/pratheek/EYRC-Task_1/install/eyantrasim_msgs/share/eyantrasim_msgs/cmake/eyantrasim_msgs__rosidl_typesupport_cppExport-noconfig.cmake
-- Up-to-date: /home/pratheek/EYRC-Task_1/install/eyantrasim_msgs/share/eyantrasim_msgs/cmake/export_eyantrasim_msgs__rosidl_generator_pyExport.cmake
-- Up-to-date: /home/pratheek/EYRC-Task_1/install/eyantrasim_msgs/share/eyantrasim_msgs/cmake/export_eyantrasim_msgs__rosidl_generator_pyExport-noconfig.cmake
