[0.020s] Invoking command in '/home/pratheek/EYRC-Task_1/build/eyantrasim_msgs': CMAKE_PREFIX_PATH=${CMAKE_PREFIX_PATH}:/home/pratheek/ros2_ws/install/my_controller:/opt/ros/humble /usr/bin/cmake --build /home/pratheek/EYRC-Task_1/build/eyantrasim_msgs -- -j2 -l2
[0.114s] [35m[1mConsolidate compiler generated dependencies of target eyantrasim_msgs__rosidl_generator_c[0m
[0.136s] [  1%] Built target eyantrasim_msgs__cpp
[0.151s] [ 12%] Built target eyantrasim_msgs__rosidl_generator_c
[0.186s] [35m[1mConsolidate compiler generated dependencies of target eyantrasim_msgs__rosidl_typesupport_cpp[0m
[0.201s] [ 12%] Built target ament_cmake_python_symlink_eyantrasim_msgs
[0.225s] [ 24%] Built target eyantrasim_msgs__rosidl_typesupport_cpp
[0.237s] [35m[1mConsolidate compiler generated dependencies of target eyantrasim_msgs__rosidl_typesupport_fastrtps_c[0m
[0.262s] [35m[1mConsolidate compiler generated dependencies of target eyantrasim_msgs__rosidl_typesupport_fastrtps_cpp[0m
[0.282s] [ 35%] Built target eyantrasim_msgs__rosidl_typesupport_fastrtps_c
[0.301s] [ 47%] Built target eyantrasim_msgs__rosidl_typesupport_fastrtps_cpp
[0.316s] [35m[1mConsolidate compiler generated dependencies of target eyantrasim_msgs__rosidl_typesupport_introspection_c[0m
[0.333s] [35m[1mConsolidate compiler generated dependencies of target eyantrasim_msgs__rosidl_typesupport_c[0m
[0.356s] [ 58%] Built target eyantrasim_msgs__rosidl_typesupport_c
[0.363s] [ 70%] Built target eyantrasim_msgs__rosidl_typesupport_introspection_c
[0.400s] [35m[1mConsolidate compiler generated dependencies of target eyantrasim_msgs__rosidl_typesupport_introspection_cpp[0m
[0.473s] [ 81%] Built target eyantrasim_msgs__rosidl_typesupport_introspection_cpp
[0.535s] [ 81%] Built target eyantrasim_msgs
[0.575s] [ 82%] Built target eyantrasim_msgs__py
[0.593s] [35m[1mConsolidate compiler generated dependencies of target eyantrasim_msgs__rosidl_generator_py[0m
[0.621s] [ 93%] Built target eyantrasim_msgs__rosidl_generator_py
[0.643s] [35m[1mConsolidate compiler generated dependencies of target eyantrasim_msgs__rosidl_typesupport_fastrtps_c__pyext[0m
[0.665s] [ 95%] Built target eyantrasim_msgs__rosidl_typesupport_fastrtps_c__pyext
[0.695s] [35m[1mConsolidate compiler generated dependencies of target eyantrasim_msgs__rosidl_typesupport_introspection_c__pyext[0m
[0.738s] [ 97%] Built target eyantrasim_msgs__rosidl_typesupport_introspection_c__pyext
[0.774s] [35m[1mConsolidate compiler generated dependencies of target eyantrasim_msgs__rosidl_typesupport_c__pyext[0m
[0.808s] [100%] Built target eyantrasim_msgs__rosidl_typesupport_c__pyext
[0.948s] running egg_info
[0.948s] writing eyantrasim_msgs.egg-info/PKG-INFO
[0.949s] writing dependency_links to eyantrasim_msgs.egg-info/dependency_links.txt
[0.949s] writing top-level names to eyantrasim_msgs.egg-info/top_level.txt
[0.955s] reading manifest file 'eyantrasim_msgs.egg-info/SOURCES.txt'
[0.956s] writing manifest file 'eyantrasim_msgs.egg-info/SOURCES.txt'
[1.012s] [100%] Built target ament_cmake_python_build_eyantrasim_msgs_egg
[1.050s] Invoked command in '/home/pratheek/EYRC-Task_1/build/eyantrasim_msgs' returned '0': CMAKE_PREFIX_PATH=${CMAKE_PREFIX_PATH}:/home/pratheek/ros2_ws/install/my_controller:/opt/ros/humble /usr/bin/cmake --build /home/pratheek/EYRC-Task_1/build/eyantrasim_msgs -- -j2 -l2
[1.051s] Invoking command in '/home/pratheek/EYRC-Task_1/build/eyantrasim_msgs': CMAKE_PREFIX_PATH=${CMAKE_PREFIX_PATH}:/home/pratheek/ros2_ws/install/my_controller:/opt/ros/humble /usr/bin/cmake --install /home/pratheek/EYRC-Task_1/build/eyantrasim_msgs
[1.070s] -- Install configuration: ""
[1.071s] -- Execute custom install script
[1.071s] -- Up-to-date symlink: /home/pratheek/EYRC-Task_1/install/eyantrasim_msgs/share/ament_index/resource_index/rosidl_interfaces/eyantrasim_msgs
[1.072s] -- Up-to-date symlink: /home/pratheek/EYRC-Task_1/install/eyantrasim_msgs/include/eyantrasim_msgs/eyantrasim_msgs/action/detail/rotate_absolute__functions.h
[1.072s] -- Up-to-date symlink: /home/pratheek/EYRC-Task_1/install/eyantrasim_msgs/include/eyantrasim_msgs/eyantrasim_msgs/action/detail/rotate_absolute__struct.h
[1.073s] -- Up-to-date symlink: /home/pratheek/EYRC-Task_1/install/eyantrasim_msgs/include/eyantrasim_msgs/eyantrasim_msgs/action/detail/rotate_absolute__type_support.h
[1.073s] -- Up-to-date symlink: /home/pratheek/EYRC-Task_1/install/eyantrasim_msgs/include/eyantrasim_msgs/eyantrasim_msgs/action/rotate_absolute.h
[1.074s] -- Up-to-date symlink: /home/pratheek/EYRC-Task_1/install/eyantrasim_msgs/include/eyantrasim_msgs/eyantrasim_msgs/msg/color.h
[1.074s] -- Up-to-date symlink: /home/pratheek/EYRC-Task_1/install/eyantrasim_msgs/include/eyantrasim_msgs/eyantrasim_msgs/msg/detail/color__functions.h
[1.075s] -- Up-to-date symlink: /home/pratheek/EYRC-Task_1/install/eyantrasim_msgs/include/eyantrasim_msgs/eyantrasim_msgs/msg/detail/color__struct.h
[1.075s] -- Up-to-date symlink: /home/pratheek/EYRC-Task_1/install/eyantrasim_msgs/include/eyantrasim_msgs/eyantrasim_msgs/msg/detail/color__type_support.h
[1.076s] -- Up-to-date symlink: /home/pratheek/EYRC-Task_1/install/eyantrasim_msgs/include/eyantrasim_msgs/eyantrasim_msgs/msg/detail/pose__functions.h
[1.076s] -- Up-to-date symlink: /home/pratheek/EYRC-Task_1/install/eyantrasim_msgs/include/eyantrasim_msgs/eyantrasim_msgs/msg/detail/pose__struct.h
[1.076s] -- Up-to-date symlink: /home/pratheek/EYRC-Task_1/install/eyantrasim_msgs/include/eyantrasim_msgs/eyantrasim_msgs/msg/detail/pose__type_support.h
[1.077s] -- Up-to-date symlink: /home/pratheek/EYRC-Task_1/install/eyantrasim_msgs/include/eyantrasim_msgs/eyantrasim_msgs/msg/pose.h
[1.077s] -- Up-to-date symlink: /home/pratheek/EYRC-Task_1/install/eyantrasim_msgs/include/eyantrasim_msgs/eyantrasim_msgs/msg/rosidl_generator_c__visibility_control.h
[1.078s] -- Up-to-date symlink: /home/pratheek/EYRC-Task_1/install/eyantrasim_msgs/include/eyantrasim_msgs/eyantrasim_msgs/srv/detail/kill__functions.h
[1.078s] -- Up-to-date symlink: /home/pratheek/EYRC-Task_1/install/eyantrasim_msgs/include/eyantrasim_msgs/eyantrasim_msgs/srv/detail/kill__struct.h
[1.079s] -- Up-to-date symlink: /home/pratheek/EYRC-Task_1/install/eyantrasim_msgs/include/eyantrasim_msgs/eyantrasim_msgs/srv/detail/kill__type_support.h
[1.079s] -- Up-to-date symlink: /home/pratheek/EYRC-Task_1/install/eyantrasim_msgs/include/eyantrasim_msgs/eyantrasim_msgs/srv/detail/set_pen__functions.h
[1.079s] -- Up-to-date symlink: /home/pratheek/EYRC-Task_1/install/eyantrasim_msgs/include/eyantrasim_msgs/eyantrasim_msgs/srv/detail/set_pen__struct.h
[1.079s] -- Up-to-date symlink: /home/pratheek/EYRC-Task_1/install/eyantrasim_msgs/include/eyantrasim_msgs/eyantrasim_msgs/srv/detail/set_pen__type_support.h
[1.079s] -- Up-to-date symlink: /home/pratheek/EYRC-Task_1/install/eyantrasim_msgs/include/eyantrasim_msgs/eyantrasim_msgs/srv/detail/spawn__functions.h
[1.079s] -- Up-to-date symlink: /home/pratheek/EYRC-Task_1/install/eyantrasim_msgs/include/eyantrasim_msgs/eyantrasim_msgs/srv/detail/spawn__struct.h
[1.082s] -- Up-to-date symlink: /home/pratheek/EYRC-Task_1/install/eyantrasim_msgs/include/eyantrasim_msgs/eyantrasim_msgs/srv/detail/spawn__type_support.h
[1.082s] -- Up-to-date symlink: /home/pratheek/EYRC-Task_1/install/eyantrasim_msgs/include/eyantrasim_msgs/eyantrasim_msgs/srv/detail/teleport_absolute__functions.h
[1.082s] -- Up-to-date symlink: /home/pratheek/EYRC-Task_1/install/eyantrasim_msgs/include/eyantrasim_msgs/eyantrasim_msgs/srv/detail/teleport_absolute__struct.h
[1.082s] -- Up-to-date symlink: /home/pratheek/EYRC-Task_1/install/eyantrasim_msgs/include/eyantrasim_msgs/eyantrasim_msgs/srv/detail/teleport_absolute__type_support.h
[1.082s] -- Up-to-date symlink: /home/pratheek/EYRC-Task_1/install/eyantrasim_msgs/include/eyantrasim_msgs/eyantrasim_msgs/srv/detail/teleport_relative__functions.h
[1.083s] -- Up-to-date symlink: /home/pratheek/EYRC-Task_1/install/eyantrasim_msgs/include/eyantrasim_msgs/eyantrasim_msgs/srv/detail/teleport_relative__struct.h
[1.083s] -- Up-to-date symlink: /home/pratheek/EYRC-Task_1/install/eyantrasim_msgs/include/eyantrasim_msgs/eyantrasim_msgs/srv/detail/teleport_relative__type_support.h
[1.083s] -- Up-to-date symlink: /home/pratheek/EYRC-Task_1/install/eyantrasim_msgs/include/eyantrasim_msgs/eyantrasim_msgs/srv/kill.h
[1.084s] -- Up-to-date symlink: /home/pratheek/EYRC-Task_1/install/eyantrasim_msgs/include/eyantrasim_msgs/eyantrasim_msgs/srv/set_pen.h
[1.084s] -- Up-to-date symlink: /home/pratheek/EYRC-Task_1/install/eyantrasim_msgs/include/eyantrasim_msgs/eyantrasim_msgs/srv/spawn.h
[1.085s] -- Up-to-date symlink: /home/pratheek/EYRC-Task_1/install/eyantrasim_msgs/include/eyantrasim_msgs/eyantrasim_msgs/srv/teleport_absolute.h
[1.085s] -- Up-to-date symlink: /home/pratheek/EYRC-Task_1/install/eyantrasim_msgs/include/eyantrasim_msgs/eyantrasim_msgs/srv/teleport_relative.h
[1.086s] -- Up-to-date symlink: /home/pratheek/EYRC-Task_1/install/eyantrasim_msgs/share/eyantrasim_msgs/environment/library_path.sh
[1.086s] -- Up-to-date symlink: /home/pratheek/EYRC-Task_1/install/eyantrasim_msgs/share/eyantrasim_msgs/environment/library_path.dsv
[1.087s] -- Up-to-date symlink: /home/pratheek/EYRC-Task_1/install/eyantrasim_msgs/include/eyantrasim_msgs/eyantrasim_msgs/action/detail/rotate_absolute__rosidl_typesupport_fastrtps_c.h
[1.087s] -- Up-to-date symlink: /home/pratheek/EYRC-Task_1/install/eyantrasim_msgs/include/eyantrasim_msgs/eyantrasim_msgs/msg/detail/color__rosidl_typesupport_fastrtps_c.h
[1.088s] -- Up-to-date symlink: /home/pratheek/EYRC-Task_1/install/eyantrasim_msgs/include/eyantrasim_msgs/eyantrasim_msgs/msg/detail/pose__rosidl_typesupport_fastrtps_c.h
[1.088s] -- Up-to-date symlink: /home/pratheek/EYRC-Task_1/install/eyantrasim_msgs/include/eyantrasim_msgs/eyantrasim_msgs/msg/rosidl_typesupport_fastrtps_c__visibility_control.h
[1.089s] -- Up-to-date symlink: /home/pratheek/EYRC-Task_1/install/eyantrasim_msgs/include/eyantrasim_msgs/eyantrasim_msgs/srv/detail/kill__rosidl_typesupport_fastrtps_c.h
[1.089s] -- Up-to-date symlink: /home/pratheek/EYRC-Task_1/install/eyantrasim_msgs/include/eyantrasim_msgs/eyantrasim_msgs/srv/detail/set_pen__rosidl_typesupport_fastrtps_c.h
[1.089s] -- Up-to-date symlink: /home/pratheek/EYRC-Task_1/install/eyantrasim_msgs/include/eyantrasim_msgs/eyantrasim_msgs/srv/detail/spawn__rosidl_typesupport_fastrtps_c.h
[1.089s] -- Up-to-date symlink: /home/pratheek/EYRC-Task_1/install/eyantrasim_msgs/include/eyantrasim_msgs/eyantrasim_msgs/srv/detail/teleport_absolute__rosidl_typesupport_fastrtps_c.h
[1.089s] -- Up-to-date symlink: /home/pratheek/EYRC-Task_1/install/eyantrasim_msgs/include/eyantrasim_msgs/eyantrasim_msgs/srv/detail/teleport_relative__rosidl_typesupport_fastrtps_c.h
[1.091s] -- Up-to-date symlink: /home/pratheek/EYRC-Task_1/install/eyantrasim_msgs/include/eyantrasim_msgs/eyantrasim_msgs/action/detail/rotate_absolute__builder.hpp
[1.091s] -- Up-to-date symlink: /home/pratheek/EYRC-Task_1/install/eyantrasim_msgs/include/eyantrasim_msgs/eyantrasim_msgs/action/detail/rotate_absolute__struct.hpp
[1.092s] -- Up-to-date symlink: /home/pratheek/EYRC-Task_1/install/eyantrasim_msgs/include/eyantrasim_msgs/eyantrasim_msgs/action/detail/rotate_absolute__traits.hpp
[1.092s] -- Up-to-date symlink: /home/pratheek/EYRC-Task_1/install/eyantrasim_msgs/include/eyantrasim_msgs/eyantrasim_msgs/action/detail/rotate_absolute__type_support.hpp
[1.093s] -- Up-to-date symlink: /home/pratheek/EYRC-Task_1/install/eyantrasim_msgs/include/eyantrasim_msgs/eyantrasim_msgs/action/rotate_absolute.hpp
[1.093s] -- Up-to-date symlink: /home/pratheek/EYRC-Task_1/install/eyantrasim_msgs/include/eyantrasim_msgs/eyantrasim_msgs/msg/color.hpp
[1.093s] -- Up-to-date symlink: /home/pratheek/EYRC-Task_1/install/eyantrasim_msgs/include/eyantrasim_msgs/eyantrasim_msgs/msg/detail/color__builder.hpp
[1.093s] -- Up-to-date symlink: /home/pratheek/EYRC-Task_1/install/eyantrasim_msgs/include/eyantrasim_msgs/eyantrasim_msgs/msg/detail/color__struct.hpp
[1.094s] -- Up-to-date symlink: /home/pratheek/EYRC-Task_1/install/eyantrasim_msgs/include/eyantrasim_msgs/eyantrasim_msgs/msg/detail/color__traits.hpp
[1.094s] -- Up-to-date symlink: /home/pratheek/EYRC-Task_1/install/eyantrasim_msgs/include/eyantrasim_msgs/eyantrasim_msgs/msg/detail/color__type_support.hpp
[1.094s] -- Up-to-date symlink: /home/pratheek/EYRC-Task_1/install/eyantrasim_msgs/include/eyantrasim_msgs/eyantrasim_msgs/msg/detail/pose__builder.hpp
[1.094s] -- Up-to-date symlink: /home/pratheek/EYRC-Task_1/install/eyantrasim_msgs/include/eyantrasim_msgs/eyantrasim_msgs/msg/detail/pose__struct.hpp
[1.095s] -- Up-to-date symlink: /home/pratheek/EYRC-Task_1/install/eyantrasim_msgs/include/eyantrasim_msgs/eyantrasim_msgs/msg/detail/pose__traits.hpp
[1.096s] -- Up-to-date symlink: /home/pratheek/EYRC-Task_1/install/eyantrasim_msgs/include/eyantrasim_msgs/eyantrasim_msgs/msg/detail/pose__type_support.hpp
[1.096s] -- Up-to-date symlink: /home/pratheek/EYRC-Task_1/install/eyantrasim_msgs/include/eyantrasim_msgs/eyantrasim_msgs/msg/pose.hpp
[1.097s] -- Up-to-date symlink: /home/pratheek/EYRC-Task_1/install/eyantrasim_msgs/include/eyantrasim_msgs/eyantrasim_msgs/msg/rosidl_generator_cpp__visibility_control.hpp
[1.098s] -- Up-to-date symlink: /home/pratheek/EYRC-Task_1/install/eyantrasim_msgs/include/eyantrasim_msgs/eyantrasim_msgs/srv/detail/kill__builder.hpp
[1.098s] -- Up-to-date symlink: /home/pratheek/EYRC-Task_1/install/eyantrasim_msgs/include/eyantrasim_msgs/eyantrasim_msgs/srv/detail/kill__struct.hpp
[1.099s] -- Up-to-date symlink: /home/pratheek/EYRC-Task_1/install/eyantrasim_msgs/include/eyantrasim_msgs/eyantrasim_msgs/srv/detail/kill__traits.hpp
[1.099s] -- Up-to-date symlink: /home/pratheek/EYRC-Task_1/install/eyantrasim_msgs/include/eyantrasim_msgs/eyantrasim_msgs/srv/detail/kill__type_support.hpp
[1.099s] -- Up-to-date symlink: /home/pratheek/EYRC-Task_1/install/eyantrasim_msgs/include/eyantrasim_msgs/eyantrasim_msgs/srv/detail/set_pen__builder.hpp
[1.099s] -- Up-to-date symlink: /home/pratheek/EYRC-Task_1/install/eyantrasim_msgs/include/eyantrasim_msgs/eyantrasim_msgs/srv/detail/set_pen__struct.hpp
[1.099s] -- Up-to-date symlink: /home/pratheek/EYRC-Task_1/install/eyantrasim_msgs/include/eyantrasim_msgs/eyantrasim_msgs/srv/detail/set_pen__traits.hpp
[1.100s] -- Up-to-date symlink: /home/pratheek/EYRC-Task_1/install/eyantrasim_msgs/include/eyantrasim_msgs/eyantrasim_msgs/srv/detail/set_pen__type_support.hpp
[1.101s] -- Up-to-date symlink: /home/pratheek/EYRC-Task_1/install/eyantrasim_msgs/include/eyantrasim_msgs/eyantrasim_msgs/srv/detail/spawn__builder.hpp
[1.102s] -- Up-to-date symlink: /home/pratheek/EYRC-Task_1/install/eyantrasim_msgs/include/eyantrasim_msgs/eyantrasim_msgs/srv/detail/spawn__struct.hpp
[1.102s] -- Up-to-date symlink: /home/pratheek/EYRC-Task_1/install/eyantrasim_msgs/include/eyantrasim_msgs/eyantrasim_msgs/srv/detail/spawn__traits.hpp
[1.103s] -- Up-to-date symlink: /home/pratheek/EYRC-Task_1/install/eyantrasim_msgs/include/eyantrasim_msgs/eyantrasim_msgs/srv/detail/spawn__type_support.hpp
[1.103s] -- Up-to-date symlink: /home/pratheek/EYRC-Task_1/install/eyantrasim_msgs/include/eyantrasim_msgs/eyantrasim_msgs/srv/detail/teleport_absolute__builder.hpp
[1.104s] -- Up-to-date symlink: /home/pratheek/EYRC-Task_1/install/eyantrasim_msgs/include/eyantrasim_msgs/eyantrasim_msgs/srv/detail/teleport_absolute__struct.hpp
[1.104s] -- Up-to-date symlink: /home/pratheek/EYRC-Task_1/install/eyantrasim_msgs/include/eyantrasim_msgs/eyantrasim_msgs/srv/detail/teleport_absolute__traits.hpp
[1.105s] -- Up-to-date symlink: /home/pratheek/EYRC-Task_1/install/eyantrasim_msgs/include/eyantrasim_msgs/eyantrasim_msgs/srv/detail/teleport_absolute__type_support.hpp
[1.105s] -- Up-to-date symlink: /home/pratheek/EYRC-Task_1/install/eyantrasim_msgs/include/eyantrasim_msgs/eyantrasim_msgs/srv/detail/teleport_relative__builder.hpp
[1.105s] -- Up-to-date symlink: /home/pratheek/EYRC-Task_1/install/eyantrasim_msgs/include/eyantrasim_msgs/eyantrasim_msgs/srv/detail/teleport_relative__struct.hpp
[1.106s] -- Up-to-date symlink: /home/pratheek/EYRC-Task_1/install/eyantrasim_msgs/include/eyantrasim_msgs/eyantrasim_msgs/srv/detail/teleport_relative__traits.hpp
[1.106s] -- Up-to-date symlink: /home/pratheek/EYRC-Task_1/install/eyantrasim_msgs/include/eyantrasim_msgs/eyantrasim_msgs/srv/detail/teleport_relative__type_support.hpp
[1.107s] -- Up-to-date symlink: /home/pratheek/EYRC-Task_1/install/eyantrasim_msgs/include/eyantrasim_msgs/eyantrasim_msgs/srv/kill.hpp
[1.108s] -- Up-to-date symlink: /home/pratheek/EYRC-Task_1/install/eyantrasim_msgs/include/eyantrasim_msgs/eyantrasim_msgs/srv/set_pen.hpp
[1.108s] -- Up-to-date symlink: /home/pratheek/EYRC-Task_1/install/eyantrasim_msgs/include/eyantrasim_msgs/eyantrasim_msgs/srv/spawn.hpp
[1.108s] -- Up-to-date symlink: /home/pratheek/EYRC-Task_1/install/eyantrasim_msgs/include/eyantrasim_msgs/eyantrasim_msgs/srv/teleport_absolute.hpp
[1.109s] -- Up-to-date symlink: /home/pratheek/EYRC-Task_1/install/eyantrasim_msgs/include/eyantrasim_msgs/eyantrasim_msgs/srv/teleport_relative.hpp
[1.109s] -- Up-to-date symlink: /home/pratheek/EYRC-Task_1/install/eyantrasim_msgs/include/eyantrasim_msgs/eyantrasim_msgs/action/detail/rotate_absolute__rosidl_typesupport_fastrtps_cpp.hpp
[1.109s] -- Up-to-date symlink: /home/pratheek/EYRC-Task_1/install/eyantrasim_msgs/include/eyantrasim_msgs/eyantrasim_msgs/msg/detail/color__rosidl_typesupport_fastrtps_cpp.hpp
[1.109s] -- Up-to-date symlink: /home/pratheek/EYRC-Task_1/install/eyantrasim_msgs/include/eyantrasim_msgs/eyantrasim_msgs/msg/detail/pose__rosidl_typesupport_fastrtps_cpp.hpp
[1.110s] -- Up-to-date symlink: /home/pratheek/EYRC-Task_1/install/eyantrasim_msgs/include/eyantrasim_msgs/eyantrasim_msgs/msg/rosidl_typesupport_fastrtps_cpp__visibility_control.h
[1.110s] -- Up-to-date symlink: /home/pratheek/EYRC-Task_1/install/eyantrasim_msgs/include/eyantrasim_msgs/eyantrasim_msgs/srv/detail/kill__rosidl_typesupport_fastrtps_cpp.hpp
[1.111s] -- Up-to-date symlink: /home/pratheek/EYRC-Task_1/install/eyantrasim_msgs/include/eyantrasim_msgs/eyantrasim_msgs/srv/detail/set_pen__rosidl_typesupport_fastrtps_cpp.hpp
[1.112s] -- Up-to-date symlink: /home/pratheek/EYRC-Task_1/install/eyantrasim_msgs/include/eyantrasim_msgs/eyantrasim_msgs/srv/detail/spawn__rosidl_typesupport_fastrtps_cpp.hpp
[1.112s] -- Up-to-date symlink: /home/pratheek/EYRC-Task_1/install/eyantrasim_msgs/include/eyantrasim_msgs/eyantrasim_msgs/srv/detail/teleport_absolute__rosidl_typesupport_fastrtps_cpp.hpp
[1.112s] -- Up-to-date symlink: /home/pratheek/EYRC-Task_1/install/eyantrasim_msgs/include/eyantrasim_msgs/eyantrasim_msgs/srv/detail/teleport_relative__rosidl_typesupport_fastrtps_cpp.hpp
[1.113s] -- Up-to-date symlink: /home/pratheek/EYRC-Task_1/install/eyantrasim_msgs/include/eyantrasim_msgs/eyantrasim_msgs/action/detail/rotate_absolute__rosidl_typesupport_introspection_c.h
[1.114s] -- Up-to-date symlink: /home/pratheek/EYRC-Task_1/install/eyantrasim_msgs/include/eyantrasim_msgs/eyantrasim_msgs/msg/detail/color__rosidl_typesupport_introspection_c.h
[1.114s] -- Up-to-date symlink: /home/pratheek/EYRC-Task_1/install/eyantrasim_msgs/include/eyantrasim_msgs/eyantrasim_msgs/msg/detail/pose__rosidl_typesupport_introspection_c.h
[1.114s] -- Up-to-date symlink: /home/pratheek/EYRC-Task_1/install/eyantrasim_msgs/include/eyantrasim_msgs/eyantrasim_msgs/msg/rosidl_typesupport_introspection_c__visibility_control.h
[1.114s] -- Up-to-date symlink: /home/pratheek/EYRC-Task_1/install/eyantrasim_msgs/include/eyantrasim_msgs/eyantrasim_msgs/srv/detail/kill__rosidl_typesupport_introspection_c.h
[1.114s] -- Up-to-date symlink: /home/pratheek/EYRC-Task_1/install/eyantrasim_msgs/include/eyantrasim_msgs/eyantrasim_msgs/srv/detail/set_pen__rosidl_typesupport_introspection_c.h
[1.114s] -- Up-to-date symlink: /home/pratheek/EYRC-Task_1/install/eyantrasim_msgs/include/eyantrasim_msgs/eyantrasim_msgs/srv/detail/spawn__rosidl_typesupport_introspection_c.h
[1.117s] -- Up-to-date symlink: /home/pratheek/EYRC-Task_1/install/eyantrasim_msgs/include/eyantrasim_msgs/eyantrasim_msgs/srv/detail/teleport_absolute__rosidl_typesupport_introspection_c.h
[1.117s] -- Up-to-date symlink: /home/pratheek/EYRC-Task_1/install/eyantrasim_msgs/include/eyantrasim_msgs/eyantrasim_msgs/srv/detail/teleport_relative__rosidl_typesupport_introspection_c.h
[1.117s] -- Up-to-date symlink: /home/pratheek/EYRC-Task_1/install/eyantrasim_msgs/include/eyantrasim_msgs/eyantrasim_msgs/action/detail/rotate_absolute__rosidl_typesupport_introspection_cpp.hpp
[1.117s] -- Up-to-date symlink: /home/pratheek/EYRC-Task_1/install/eyantrasim_msgs/include/eyantrasim_msgs/eyantrasim_msgs/msg/detail/color__rosidl_typesupport_introspection_cpp.hpp
[1.117s] -- Up-to-date symlink: /home/pratheek/EYRC-Task_1/install/eyantrasim_msgs/include/eyantrasim_msgs/eyantrasim_msgs/msg/detail/pose__rosidl_typesupport_introspection_cpp.hpp
[1.117s] -- Up-to-date symlink: /home/pratheek/EYRC-Task_1/install/eyantrasim_msgs/include/eyantrasim_msgs/eyantrasim_msgs/srv/detail/kill__rosidl_typesupport_introspection_cpp.hpp
[1.117s] -- Up-to-date symlink: /home/pratheek/EYRC-Task_1/install/eyantrasim_msgs/include/eyantrasim_msgs/eyantrasim_msgs/srv/detail/set_pen__rosidl_typesupport_introspection_cpp.hpp
[1.117s] -- Up-to-date symlink: /home/pratheek/EYRC-Task_1/install/eyantrasim_msgs/include/eyantrasim_msgs/eyantrasim_msgs/srv/detail/spawn__rosidl_typesupport_introspection_cpp.hpp
[1.117s] -- Up-to-date symlink: /home/pratheek/EYRC-Task_1/install/eyantrasim_msgs/include/eyantrasim_msgs/eyantrasim_msgs/srv/detail/teleport_absolute__rosidl_typesupport_introspection_cpp.hpp
[1.117s] -- Up-to-date symlink: /home/pratheek/EYRC-Task_1/install/eyantrasim_msgs/include/eyantrasim_msgs/eyantrasim_msgs/srv/detail/teleport_relative__rosidl_typesupport_introspection_cpp.hpp
[1.119s] -- Up-to-date symlink: /home/pratheek/EYRC-Task_1/install/eyantrasim_msgs/share/eyantrasim_msgs/environment/pythonpath.sh
[1.119s] -- Up-to-date symlink: /home/pratheek/EYRC-Task_1/install/eyantrasim_msgs/share/eyantrasim_msgs/environment/pythonpath.dsv
[1.119s] -- Up-to-date symlink: /home/pratheek/EYRC-Task_1/install/eyantrasim_msgs/local/lib/python3.10/dist-packages/eyantrasim_msgs-1.10.1-py3.10.egg-info/PKG-INFO
[1.124s] -- Up-to-date symlink: /home/pratheek/EYRC-Task_1/install/eyantrasim_msgs/local/lib/python3.10/dist-packages/eyantrasim_msgs-1.10.1-py3.10.egg-info/SOURCES.txt
[1.124s] -- Up-to-date symlink: /home/pratheek/EYRC-Task_1/install/eyantrasim_msgs/local/lib/python3.10/dist-packages/eyantrasim_msgs-1.10.1-py3.10.egg-info/dependency_links.txt
[1.124s] -- Up-to-date symlink: /home/pratheek/EYRC-Task_1/install/eyantrasim_msgs/local/lib/python3.10/dist-packages/eyantrasim_msgs-1.10.1-py3.10.egg-info/top_level.txt
[1.124s] -- Up-to-date symlink: /home/pratheek/EYRC-Task_1/install/eyantrasim_msgs/local/lib/python3.10/dist-packages/eyantrasim_msgs/__init__.py
[1.124s] -- Up-to-date symlink: /home/pratheek/EYRC-Task_1/install/eyantrasim_msgs/local/lib/python3.10/dist-packages/eyantrasim_msgs/_eyantrasim_msgs_s.ep.rosidl_typesupport_c.c
[1.124s] -- Up-to-date symlink: /home/pratheek/EYRC-Task_1/install/eyantrasim_msgs/local/lib/python3.10/dist-packages/eyantrasim_msgs/_eyantrasim_msgs_s.ep.rosidl_typesupport_fastrtps_c.c
[1.124s] -- Up-to-date symlink: /home/pratheek/EYRC-Task_1/install/eyantrasim_msgs/local/lib/python3.10/dist-packages/eyantrasim_msgs/_eyantrasim_msgs_s.ep.rosidl_typesupport_introspection_c.c
[1.124s] -- Up-to-date symlink: /home/pratheek/EYRC-Task_1/install/eyantrasim_msgs/local/lib/python3.10/dist-packages/eyantrasim_msgs/action/__init__.py
[1.124s] -- Up-to-date symlink: /home/pratheek/EYRC-Task_1/install/eyantrasim_msgs/local/lib/python3.10/dist-packages/eyantrasim_msgs/action/_rotate_absolute.py
[1.124s] -- Up-to-date symlink: /home/pratheek/EYRC-Task_1/install/eyantrasim_msgs/local/lib/python3.10/dist-packages/eyantrasim_msgs/action/_rotate_absolute_s.c
[1.125s] -- Up-to-date symlink: /home/pratheek/EYRC-Task_1/install/eyantrasim_msgs/local/lib/python3.10/dist-packages/eyantrasim_msgs/eyantrasim_msgs_s__rosidl_typesupport_c.cpython-310-x86_64-linux-gnu.so
[1.125s] -- Up-to-date symlink: /home/pratheek/EYRC-Task_1/install/eyantrasim_msgs/local/lib/python3.10/dist-packages/eyantrasim_msgs/eyantrasim_msgs_s__rosidl_typesupport_fastrtps_c.cpython-310-x86_64-linux-gnu.so
[1.125s] -- Up-to-date symlink: /home/pratheek/EYRC-Task_1/install/eyantrasim_msgs/local/lib/python3.10/dist-packages/eyantrasim_msgs/eyantrasim_msgs_s__rosidl_typesupport_introspection_c.cpython-310-x86_64-linux-gnu.so
[1.125s] -- Up-to-date symlink: /home/pratheek/EYRC-Task_1/install/eyantrasim_msgs/local/lib/python3.10/dist-packages/eyantrasim_msgs/libeyantrasim_msgs__rosidl_generator_py.so
[1.125s] -- Up-to-date symlink: /home/pratheek/EYRC-Task_1/install/eyantrasim_msgs/local/lib/python3.10/dist-packages/eyantrasim_msgs/msg/__init__.py
[1.125s] -- Up-to-date symlink: /home/pratheek/EYRC-Task_1/install/eyantrasim_msgs/local/lib/python3.10/dist-packages/eyantrasim_msgs/msg/_color.py
[1.125s] -- Up-to-date symlink: /home/pratheek/EYRC-Task_1/install/eyantrasim_msgs/local/lib/python3.10/dist-packages/eyantrasim_msgs/msg/_color_s.c
[1.125s] -- Up-to-date symlink: /home/pratheek/EYRC-Task_1/install/eyantrasim_msgs/local/lib/python3.10/dist-packages/eyantrasim_msgs/msg/_pose.py
[1.125s] -- Up-to-date symlink: /home/pratheek/EYRC-Task_1/install/eyantrasim_msgs/local/lib/python3.10/dist-packages/eyantrasim_msgs/msg/_pose_s.c
[1.125s] -- Up-to-date symlink: /home/pratheek/EYRC-Task_1/install/eyantrasim_msgs/local/lib/python3.10/dist-packages/eyantrasim_msgs/srv/__init__.py
[1.125s] -- Up-to-date symlink: /home/pratheek/EYRC-Task_1/install/eyantrasim_msgs/local/lib/python3.10/dist-packages/eyantrasim_msgs/srv/_kill.py
[1.125s] -- Up-to-date symlink: /home/pratheek/EYRC-Task_1/install/eyantrasim_msgs/local/lib/python3.10/dist-packages/eyantrasim_msgs/srv/_kill_s.c
[1.127s] -- Up-to-date symlink: /home/pratheek/EYRC-Task_1/install/eyantrasim_msgs/local/lib/python3.10/dist-packages/eyantrasim_msgs/srv/_set_pen.py
[1.127s] -- Up-to-date symlink: /home/pratheek/EYRC-Task_1/install/eyantrasim_msgs/local/lib/python3.10/dist-packages/eyantrasim_msgs/srv/_set_pen_s.c
[1.127s] -- Up-to-date symlink: /home/pratheek/EYRC-Task_1/install/eyantrasim_msgs/local/lib/python3.10/dist-packages/eyantrasim_msgs/srv/_spawn.py
[1.127s] -- Up-to-date symlink: /home/pratheek/EYRC-Task_1/install/eyantrasim_msgs/local/lib/python3.10/dist-packages/eyantrasim_msgs/srv/_spawn_s.c
[1.127s] -- Up-to-date symlink: /home/pratheek/EYRC-Task_1/install/eyantrasim_msgs/local/lib/python3.10/dist-packages/eyantrasim_msgs/srv/_teleport_absolute.py
[1.127s] -- Up-to-date symlink: /home/pratheek/EYRC-Task_1/install/eyantrasim_msgs/local/lib/python3.10/dist-packages/eyantrasim_msgs/srv/_teleport_absolute_s.c
[1.127s] -- Up-to-date symlink: /home/pratheek/EYRC-Task_1/install/eyantrasim_msgs/local/lib/python3.10/dist-packages/eyantrasim_msgs/srv/_teleport_relative.py
[1.127s] -- Up-to-date symlink: /home/pratheek/EYRC-Task_1/install/eyantrasim_msgs/local/lib/python3.10/dist-packages/eyantrasim_msgs/srv/_teleport_relative_s.c
[1.128s] -- Up-to-date symlink: /home/pratheek/EYRC-Task_1/install/eyantrasim_msgs/local/lib/python3.10/dist-packages/eyantrasim_msgs/eyantrasim_msgs_s__rosidl_typesupport_fastrtps_c.cpython-310-x86_64-linux-gnu.so
[1.128s] -- Up-to-date symlink: /home/pratheek/EYRC-Task_1/install/eyantrasim_msgs/local/lib/python3.10/dist-packages/eyantrasim_msgs/eyantrasim_msgs_s__rosidl_typesupport_introspection_c.cpython-310-x86_64-linux-gnu.so
[1.128s] -- Up-to-date symlink: /home/pratheek/EYRC-Task_1/install/eyantrasim_msgs/local/lib/python3.10/dist-packages/eyantrasim_msgs/eyantrasim_msgs_s__rosidl_typesupport_c.cpython-310-x86_64-linux-gnu.so
[1.128s] -- Up-to-date symlink: /home/pratheek/EYRC-Task_1/install/eyantrasim_msgs/share/eyantrasim_msgs/msg/Color.idl
[1.128s] -- Up-to-date symlink: /home/pratheek/EYRC-Task_1/install/eyantrasim_msgs/share/eyantrasim_msgs/msg/Pose.idl
[1.128s] -- Up-to-date symlink: /home/pratheek/EYRC-Task_1/install/eyantrasim_msgs/share/eyantrasim_msgs/action/RotateAbsolute.idl
[1.128s] -- Up-to-date symlink: /home/pratheek/EYRC-Task_1/install/eyantrasim_msgs/share/eyantrasim_msgs/srv/Kill.idl
[1.128s] -- Up-to-date symlink: /home/pratheek/EYRC-Task_1/install/eyantrasim_msgs/share/eyantrasim_msgs/srv/SetPen.idl
[1.128s] -- Up-to-date symlink: /home/pratheek/EYRC-Task_1/install/eyantrasim_msgs/share/eyantrasim_msgs/srv/Spawn.idl
[1.128s] -- Up-to-date symlink: /home/pratheek/EYRC-Task_1/install/eyantrasim_msgs/share/eyantrasim_msgs/srv/TeleportAbsolute.idl
[1.128s] -- Up-to-date symlink: /home/pratheek/EYRC-Task_1/install/eyantrasim_msgs/share/eyantrasim_msgs/srv/TeleportRelative.idl
[1.133s] -- Up-to-date symlink: /home/pratheek/EYRC-Task_1/install/eyantrasim_msgs/share/eyantrasim_msgs/msg/Color.msg
[1.133s] -- Up-to-date symlink: /home/pratheek/EYRC-Task_1/install/eyantrasim_msgs/share/eyantrasim_msgs/msg/Pose.msg
[1.133s] -- Up-to-date symlink: /home/pratheek/EYRC-Task_1/install/eyantrasim_msgs/share/eyantrasim_msgs/action/RotateAbsolute.action
[1.133s] -- Up-to-date symlink: /home/pratheek/EYRC-Task_1/install/eyantrasim_msgs/share/eyantrasim_msgs/srv/Kill.srv
[1.133s] -- Up-to-date symlink: /home/pratheek/EYRC-Task_1/install/eyantrasim_msgs/share/eyantrasim_msgs/srv/Kill_Request.msg
[1.133s] -- Up-to-date symlink: /home/pratheek/EYRC-Task_1/install/eyantrasim_msgs/share/eyantrasim_msgs/srv/Kill_Response.msg
[1.134s] -- Up-to-date symlink: /home/pratheek/EYRC-Task_1/install/eyantrasim_msgs/share/eyantrasim_msgs/srv/SetPen.srv
[1.135s] -- Up-to-date symlink: /home/pratheek/EYRC-Task_1/install/eyantrasim_msgs/share/eyantrasim_msgs/srv/SetPen_Request.msg
[1.135s] -- Up-to-date symlink: /home/pratheek/EYRC-Task_1/install/eyantrasim_msgs/share/eyantrasim_msgs/srv/SetPen_Response.msg
[1.135s] -- Up-to-date symlink: /home/pratheek/EYRC-Task_1/install/eyantrasim_msgs/share/eyantrasim_msgs/srv/Spawn.srv
[1.135s] -- Up-to-date symlink: /home/pratheek/EYRC-Task_1/install/eyantrasim_msgs/share/eyantrasim_msgs/srv/Spawn_Request.msg
[1.135s] -- Up-to-date symlink: /home/pratheek/EYRC-Task_1/install/eyantrasim_msgs/share/eyantrasim_msgs/srv/Spawn_Response.msg
[1.135s] -- Up-to-date symlink: /home/pratheek/EYRC-Task_1/install/eyantrasim_msgs/share/eyantrasim_msgs/srv/TeleportAbsolute.srv
[1.135s] -- Up-to-date symlink: /home/pratheek/EYRC-Task_1/install/eyantrasim_msgs/share/eyantrasim_msgs/srv/TeleportAbsolute_Request.msg
[1.135s] -- Up-to-date symlink: /home/pratheek/EYRC-Task_1/install/eyantrasim_msgs/share/eyantrasim_msgs/srv/TeleportAbsolute_Response.msg
[1.135s] -- Up-to-date symlink: /home/pratheek/EYRC-Task_1/install/eyantrasim_msgs/share/eyantrasim_msgs/srv/TeleportRelative.srv
[1.136s] -- Up-to-date symlink: /home/pratheek/EYRC-Task_1/install/eyantrasim_msgs/share/eyantrasim_msgs/srv/TeleportRelative_Request.msg
[1.136s] -- Up-to-date symlink: /home/pratheek/EYRC-Task_1/install/eyantrasim_msgs/share/eyantrasim_msgs/srv/TeleportRelative_Response.msg
[1.136s] -- Up-to-date symlink: /home/pratheek/EYRC-Task_1/install/eyantrasim_msgs/share/ament_index/resource_index/package_run_dependencies/eyantrasim_msgs
[1.137s] -- Up-to-date symlink: /home/pratheek/EYRC-Task_1/install/eyantrasim_msgs/share/ament_index/resource_index/parent_prefix_path/eyantrasim_msgs
[1.137s] -- Up-to-date symlink: /home/pratheek/EYRC-Task_1/install/eyantrasim_msgs/share/eyantrasim_msgs/environment/ament_prefix_path.sh
[1.137s] -- Up-to-date symlink: /home/pratheek/EYRC-Task_1/install/eyantrasim_msgs/share/eyantrasim_msgs/environment/ament_prefix_path.dsv
[1.137s] -- Up-to-date symlink: /home/pratheek/EYRC-Task_1/install/eyantrasim_msgs/share/eyantrasim_msgs/environment/path.sh
[1.139s] -- Up-to-date symlink: /home/pratheek/EYRC-Task_1/install/eyantrasim_msgs/share/eyantrasim_msgs/environment/path.dsv
[1.139s] -- Up-to-date symlink: /home/pratheek/EYRC-Task_1/install/eyantrasim_msgs/share/eyantrasim_msgs/local_setup.bash
[1.139s] -- Up-to-date symlink: /home/pratheek/EYRC-Task_1/install/eyantrasim_msgs/share/eyantrasim_msgs/local_setup.sh
[1.139s] -- Up-to-date symlink: /home/pratheek/EYRC-Task_1/install/eyantrasim_msgs/share/eyantrasim_msgs/local_setup.zsh
[1.139s] -- Up-to-date symlink: /home/pratheek/EYRC-Task_1/install/eyantrasim_msgs/share/eyantrasim_msgs/local_setup.dsv
[1.139s] -- Symlinking: /home/pratheek/EYRC-Task_1/install/eyantrasim_msgs/share/eyantrasim_msgs/package.dsv
[1.139s] -- Up-to-date symlink: /home/pratheek/EYRC-Task_1/install/eyantrasim_msgs/share/ament_index/resource_index/packages/eyantrasim_msgs
[1.139s] -- Up-to-date symlink: /home/pratheek/EYRC-Task_1/install/eyantrasim_msgs/share/eyantrasim_msgs/cmake/rosidl_cmake-extras.cmake
[1.139s] -- Up-to-date symlink: /home/pratheek/EYRC-Task_1/install/eyantrasim_msgs/share/eyantrasim_msgs/cmake/ament_cmake_export_dependencies-extras.cmake
[1.139s] -- Up-to-date symlink: /home/pratheek/EYRC-Task_1/install/eyantrasim_msgs/share/eyantrasim_msgs/cmake/ament_cmake_export_include_directories-extras.cmake
[1.140s] -- Up-to-date symlink: /home/pratheek/EYRC-Task_1/install/eyantrasim_msgs/share/eyantrasim_msgs/cmake/ament_cmake_export_libraries-extras.cmake
[1.140s] -- Up-to-date symlink: /home/pratheek/EYRC-Task_1/install/eyantrasim_msgs/share/eyantrasim_msgs/cmake/ament_cmake_export_targets-extras.cmake
[1.140s] -- Up-to-date symlink: /home/pratheek/EYRC-Task_1/install/eyantrasim_msgs/share/eyantrasim_msgs/cmake/rosidl_cmake_export_typesupport_targets-extras.cmake
[1.141s] -- Up-to-date symlink: /home/pratheek/EYRC-Task_1/install/eyantrasim_msgs/share/eyantrasim_msgs/cmake/rosidl_cmake_export_typesupport_libraries-extras.cmake
[1.141s] -- Up-to-date symlink: /home/pratheek/EYRC-Task_1/install/eyantrasim_msgs/share/eyantrasim_msgs/cmake/eyantrasim_msgsConfig.cmake
[1.141s] -- Up-to-date symlink: /home/pratheek/EYRC-Task_1/install/eyantrasim_msgs/share/eyantrasim_msgs/cmake/eyantrasim_msgsConfig-version.cmake
[1.141s] -- Up-to-date symlink: /home/pratheek/EYRC-Task_1/install/eyantrasim_msgs/share/eyantrasim_msgs/package.xml
[1.142s] -- Up-to-date: /home/pratheek/EYRC-Task_1/install/eyantrasim_msgs/lib/libeyantrasim_msgs__rosidl_generator_c.so
[1.144s] -- Up-to-date: /home/pratheek/EYRC-Task_1/install/eyantrasim_msgs/lib/libeyantrasim_msgs__rosidl_typesupport_fastrtps_c.so
[1.144s] -- Up-to-date: /home/pratheek/EYRC-Task_1/install/eyantrasim_msgs/lib/libeyantrasim_msgs__rosidl_typesupport_fastrtps_cpp.so
[1.147s] -- Up-to-date: /home/pratheek/EYRC-Task_1/install/eyantrasim_msgs/lib/libeyantrasim_msgs__rosidl_typesupport_introspection_c.so
[1.148s] -- Up-to-date: /home/pratheek/EYRC-Task_1/install/eyantrasim_msgs/lib/libeyantrasim_msgs__rosidl_typesupport_c.so
[1.148s] -- Up-to-date: /home/pratheek/EYRC-Task_1/install/eyantrasim_msgs/lib/libeyantrasim_msgs__rosidl_typesupport_introspection_cpp.so
[1.150s] -- Up-to-date: /home/pratheek/EYRC-Task_1/install/eyantrasim_msgs/lib/libeyantrasim_msgs__rosidl_typesupport_cpp.so
[1.251s] Listing '/home/pratheek/EYRC-Task_1/install/eyantrasim_msgs/local/lib/python3.10/dist-packages/eyantrasim_msgs'...
[1.251s] Listing '/home/pratheek/EYRC-Task_1/install/eyantrasim_msgs/local/lib/python3.10/dist-packages/eyantrasim_msgs/action'...
[1.251s] Listing '/home/pratheek/EYRC-Task_1/install/eyantrasim_msgs/local/lib/python3.10/dist-packages/eyantrasim_msgs/msg'...
[1.251s] Listing '/home/pratheek/EYRC-Task_1/install/eyantrasim_msgs/local/lib/python3.10/dist-packages/eyantrasim_msgs/srv'...
[1.265s] -- Up-to-date: /home/pratheek/EYRC-Task_1/install/eyantrasim_msgs/lib/libeyantrasim_msgs__rosidl_generator_py.so
[1.266s] -- Up-to-date: /home/pratheek/EYRC-Task_1/install/eyantrasim_msgs/share/eyantrasim_msgs/cmake/export_eyantrasim_msgs__rosidl_generator_cExport.cmake
[1.266s] -- Up-to-date: /home/pratheek/EYRC-Task_1/install/eyantrasim_msgs/share/eyantrasim_msgs/cmake/export_eyantrasim_msgs__rosidl_generator_cExport-noconfig.cmake
[1.267s] -- Up-to-date: /home/pratheek/EYRC-Task_1/install/eyantrasim_msgs/share/eyantrasim_msgs/cmake/export_eyantrasim_msgs__rosidl_typesupport_fastrtps_cExport.cmake
[1.267s] -- Up-to-date: /home/pratheek/EYRC-Task_1/install/eyantrasim_msgs/share/eyantrasim_msgs/cmake/export_eyantrasim_msgs__rosidl_typesupport_fastrtps_cExport-noconfig.cmake
[1.267s] -- Up-to-date: /home/pratheek/EYRC-Task_1/install/eyantrasim_msgs/share/eyantrasim_msgs/cmake/export_eyantrasim_msgs__rosidl_generator_cppExport.cmake
[1.267s] -- Up-to-date: /home/pratheek/EYRC-Task_1/install/eyantrasim_msgs/share/eyantrasim_msgs/cmake/export_eyantrasim_msgs__rosidl_typesupport_fastrtps_cppExport.cmake
[1.268s] -- Up-to-date: /home/pratheek/EYRC-Task_1/install/eyantrasim_msgs/share/eyantrasim_msgs/cmake/export_eyantrasim_msgs__rosidl_typesupport_fastrtps_cppExport-noconfig.cmake
[1.268s] -- Up-to-date: /home/pratheek/EYRC-Task_1/install/eyantrasim_msgs/share/eyantrasim_msgs/cmake/eyantrasim_msgs__rosidl_typesupport_introspection_cExport.cmake
[1.268s] -- Up-to-date: /home/pratheek/EYRC-Task_1/install/eyantrasim_msgs/share/eyantrasim_msgs/cmake/eyantrasim_msgs__rosidl_typesupport_introspection_cExport-noconfig.cmake
[1.268s] -- Up-to-date: /home/pratheek/EYRC-Task_1/install/eyantrasim_msgs/share/eyantrasim_msgs/cmake/eyantrasim_msgs__rosidl_typesupport_cExport.cmake
[1.268s] -- Up-to-date: /home/pratheek/EYRC-Task_1/install/eyantrasim_msgs/share/eyantrasim_msgs/cmake/eyantrasim_msgs__rosidl_typesupport_cExport-noconfig.cmake
[1.268s] -- Up-to-date: /home/pratheek/EYRC-Task_1/install/eyantrasim_msgs/share/eyantrasim_msgs/cmake/eyantrasim_msgs__rosidl_typesupport_introspection_cppExport.cmake
[1.268s] -- Up-to-date: /home/pratheek/EYRC-Task_1/install/eyantrasim_msgs/share/eyantrasim_msgs/cmake/eyantrasim_msgs__rosidl_typesupport_introspection_cppExport-noconfig.cmake
[1.268s] -- Up-to-date: /home/pratheek/EYRC-Task_1/install/eyantrasim_msgs/share/eyantrasim_msgs/cmake/eyantrasim_msgs__rosidl_typesupport_cppExport.cmake
[1.268s] -- Up-to-date: /home/pratheek/EYRC-Task_1/install/eyantrasim_msgs/share/eyantrasim_msgs/cmake/eyantrasim_msgs__rosidl_typesupport_cppExport-noconfig.cmake
[1.268s] -- Up-to-date: /home/pratheek/EYRC-Task_1/install/eyantrasim_msgs/share/eyantrasim_msgs/cmake/export_eyantrasim_msgs__rosidl_generator_pyExport.cmake
[1.270s] -- Up-to-date: /home/pratheek/EYRC-Task_1/install/eyantrasim_msgs/share/eyantrasim_msgs/cmake/export_eyantrasim_msgs__rosidl_generator_pyExport-noconfig.cmake
[1.281s] Invoked command in '/home/pratheek/EYRC-Task_1/build/eyantrasim_msgs' returned '0': CMAKE_PREFIX_PATH=${CMAKE_PREFIX_PATH}:/home/pratheek/ros2_ws/install/my_controller:/opt/ros/humble /usr/bin/cmake --install /home/pratheek/EYRC-Task_1/build/eyantrasim_msgs
