-- The C compiler identification is GNU 11.4.0
-- The CXX compiler identification is GNU 11.4.0
-- Detecting C compiler ABI info
-- Detecting C compiler ABI info - done
-- Check for working C compiler: /usr/bin/cc - skipped
-- Detecting C compile features
-- Detecting C compile features - done
-- Detecting CXX compiler ABI info
-- Detecting CXX compiler ABI info - done
-- Check for working CXX compiler: /usr/bin/c++ - skipped
-- Detecting CXX compile features
-- Detecting CXX compile features - done
-- Found ament_cmake: 1.3.12 (/opt/ros/humble/share/ament_cmake/cmake)
-- Found Python3: /usr/bin/python3 (found version "3.10.12") found components: Interpreter 
-- Override CMake install command with custom implementation using symlinks instead of copying resources
-- Found builtin_interfaces: 1.2.2 (/opt/ros/humble/share/builtin_interfaces/cmake)
-- Found rosidl_generator_c: 3.1.7 (/opt/ros/humble/share/rosidl_generator_c/cmake)
-- Found rosidl_adapter: 3.1.7 (/opt/ros/humble/share/rosidl_adapter/cmake)
-- Found rosidl_generator_cpp: 3.1.7 (/opt/ros/humble/share/rosidl_generator_cpp/cmake)
-- Using all available rosidl_typesupport_c: rosidl_typesupport_fastrtps_c;rosidl_typesupport_introspection_c
-- Using all available rosidl_typesupport_cpp: rosidl_typesupport_fastrtps_cpp;rosidl_typesupport_introspection_cpp
-- Found rosidl_default_generators: 1.2.0 (/opt/ros/humble/share/rosidl_default_generators/cmake)
-- Found ament_cmake_cppcheck: 0.12.14 (/opt/ros/humble/share/ament_cmake_cppcheck/cmake)
-- Found ament_cmake_cpplint: 0.12.14 (/opt/ros/humble/share/ament_cmake_cpplint/cmake)
-- Found ament_cmake_uncrustify: 0.12.14 (/opt/ros/humble/share/ament_cmake_uncrustify/cmake)
-- Found ament_cmake_ros: 0.10.0 (/opt/ros/humble/share/ament_cmake_ros/cmake)
-- Using all available rosidl_typesupport_c: rosidl_typesupport_fastrtps_c;rosidl_typesupport_introspection_c
-- Using all available rosidl_typesupport_cpp: rosidl_typesupport_fastrtps_cpp;rosidl_typesupport_introspection_cpp
-- Found PythonInterp: /usr/bin/python3 (found suitable version "3.10.12", minimum required is "3.6") 
-- Found python_cmake_module: 0.10.0 (/opt/ros/humble/share/python_cmake_module/cmake)
-- Found PythonLibs: /usr/lib/x86_64-linux-gnu/libpython3.10.so (found suitable version "3.10.12", minimum required is "3.5") 
-- Using PYTHON_EXECUTABLE: /usr/bin/python3
-- Using PYTHON_INCLUDE_DIRS: /usr/include/python3.10
-- Using PYTHON_LIBRARIES: /usr/lib/x86_64-linux-gnu/libpython3.10.so
-- Found PythonExtra: .so  
-- Found ament_cmake_flake8: 0.12.14 (/opt/ros/humble/share/ament_cmake_flake8/cmake)
-- Found ament_cmake_pep257: 0.12.14 (/opt/ros/humble/share/ament_cmake_pep257/cmake)
-- Configuring done
-- Generating done
-- Build files have been written to: /home/pratheek/EYRC-Task_1/build/eyantrasim_msgs
[  1%] [34m[1mGenerating C code for ROS interfaces[0m
[  2%] [34m[1mGenerating C++ code for ROS interfaces[0m
[  3%] [32mBuilding C object CMakeFiles/eyantrasim_msgs__rosidl_generator_c.dir/rosidl_generator_c/eyantrasim_msgs/msg/detail/color__functions.c.o[0m
[  4%] [32mBuilding C object CMakeFiles/eyantrasim_msgs__rosidl_generator_c.dir/rosidl_generator_c/eyantrasim_msgs/msg/detail/pose__functions.c.o[0m
[  4%] Built target eyantrasim_msgs__cpp
[  5%] [32mBuilding C object CMakeFiles/eyantrasim_msgs__rosidl_generator_c.dir/rosidl_generator_c/eyantrasim_msgs/action/detail/rotate_absolute__functions.c.o[0m
[  6%] [32mBuilding C object CMakeFiles/eyantrasim_msgs__rosidl_generator_c.dir/rosidl_generator_c/eyantrasim_msgs/srv/detail/kill__functions.c.o[0m
[  6%] Built target ament_cmake_python_symlink_eyantrasim_msgs
[  8%] [32mBuilding C object CMakeFiles/eyantrasim_msgs__rosidl_generator_c.dir/rosidl_generator_c/eyantrasim_msgs/srv/detail/set_pen__functions.c.o[0m
[  9%] [32mBuilding C object CMakeFiles/eyantrasim_msgs__rosidl_generator_c.dir/rosidl_generator_c/eyantrasim_msgs/srv/detail/spawn__functions.c.o[0m
[ 10%] [34m[1mGenerating C++ type support dispatch for ROS interfaces[0m
[ 11%] [32mBuilding C object CMakeFiles/eyantrasim_msgs__rosidl_generator_c.dir/rosidl_generator_c/eyantrasim_msgs/srv/detail/teleport_absolute__functions.c.o[0m
[ 12%] [32mBuilding C object CMakeFiles/eyantrasim_msgs__rosidl_generator_c.dir/rosidl_generator_c/eyantrasim_msgs/srv/detail/teleport_relative__functions.c.o[0m
[ 13%] [32m[1mLinking C shared library libeyantrasim_msgs__rosidl_generator_c.so[0m
[ 13%] Built target eyantrasim_msgs__rosidl_generator_c
[ 14%] [34m[1mGenerating C++ type support for eProsima Fast-RTPS[0m
[ 16%] [32mBuilding CXX object CMakeFiles/eyantrasim_msgs__rosidl_typesupport_cpp.dir/rosidl_typesupport_cpp/eyantrasim_msgs/msg/color__type_support.cpp.o[0m
[ 17%] [32mBuilding CXX object CMakeFiles/eyantrasim_msgs__rosidl_typesupport_cpp.dir/rosidl_typesupport_cpp/eyantrasim_msgs/msg/pose__type_support.cpp.o[0m
[ 18%] [32mBuilding CXX object CMakeFiles/eyantrasim_msgs__rosidl_typesupport_fastrtps_cpp.dir/rosidl_typesupport_fastrtps_cpp/eyantrasim_msgs/msg/detail/dds_fastrtps/color__type_support.cpp.o[0m
[ 19%] [32mBuilding CXX object CMakeFiles/eyantrasim_msgs__rosidl_typesupport_cpp.dir/rosidl_typesupport_cpp/eyantrasim_msgs/action/rotate_absolute__type_support.cpp.o[0m
[ 20%] [32mBuilding CXX object CMakeFiles/eyantrasim_msgs__rosidl_typesupport_fastrtps_cpp.dir/rosidl_typesupport_fastrtps_cpp/eyantrasim_msgs/msg/detail/dds_fastrtps/pose__type_support.cpp.o[0m
[ 21%] [32mBuilding CXX object CMakeFiles/eyantrasim_msgs__rosidl_typesupport_cpp.dir/rosidl_typesupport_cpp/eyantrasim_msgs/srv/kill__type_support.cpp.o[0m
[ 22%] [32mBuilding CXX object CMakeFiles/eyantrasim_msgs__rosidl_typesupport_fastrtps_cpp.dir/rosidl_typesupport_fastrtps_cpp/eyantrasim_msgs/action/detail/dds_fastrtps/rotate_absolute__type_support.cpp.o[0m
[ 24%] [32mBuilding CXX object CMakeFiles/eyantrasim_msgs__rosidl_typesupport_cpp.dir/rosidl_typesupport_cpp/eyantrasim_msgs/srv/set_pen__type_support.cpp.o[0m
[ 25%] [32mBuilding CXX object CMakeFiles/eyantrasim_msgs__rosidl_typesupport_fastrtps_cpp.dir/rosidl_typesupport_fastrtps_cpp/eyantrasim_msgs/srv/detail/dds_fastrtps/kill__type_support.cpp.o[0m
[ 26%] [32mBuilding CXX object CMakeFiles/eyantrasim_msgs__rosidl_typesupport_cpp.dir/rosidl_typesupport_cpp/eyantrasim_msgs/srv/spawn__type_support.cpp.o[0m
[ 27%] [32mBuilding CXX object CMakeFiles/eyantrasim_msgs__rosidl_typesupport_fastrtps_cpp.dir/rosidl_typesupport_fastrtps_cpp/eyantrasim_msgs/srv/detail/dds_fastrtps/set_pen__type_support.cpp.o[0m
[ 28%] [32mBuilding CXX object CMakeFiles/eyantrasim_msgs__rosidl_typesupport_cpp.dir/rosidl_typesupport_cpp/eyantrasim_msgs/srv/teleport_absolute__type_support.cpp.o[0m
[ 29%] [32mBuilding CXX object CMakeFiles/eyantrasim_msgs__rosidl_typesupport_fastrtps_cpp.dir/rosidl_typesupport_fastrtps_cpp/eyantrasim_msgs/srv/detail/dds_fastrtps/spawn__type_support.cpp.o[0m
[ 31%] [32mBuilding CXX object CMakeFiles/eyantrasim_msgs__rosidl_typesupport_cpp.dir/rosidl_typesupport_cpp/eyantrasim_msgs/srv/teleport_relative__type_support.cpp.o[0m
[ 32%] [32m[1mLinking CXX shared library libeyantrasim_msgs__rosidl_typesupport_cpp.so[0m
[ 33%] [32mBuilding CXX object CMakeFiles/eyantrasim_msgs__rosidl_typesupport_fastrtps_cpp.dir/rosidl_typesupport_fastrtps_cpp/eyantrasim_msgs/srv/detail/dds_fastrtps/teleport_absolute__type_support.cpp.o[0m
[ 33%] Built target eyantrasim_msgs__rosidl_typesupport_cpp
[ 34%] [32mBuilding CXX object CMakeFiles/eyantrasim_msgs__rosidl_typesupport_fastrtps_cpp.dir/rosidl_typesupport_fastrtps_cpp/eyantrasim_msgs/srv/detail/dds_fastrtps/teleport_relative__type_support.cpp.o[0m
[ 35%] [34m[1mGenerating C introspection for ROS interfaces[0m
[ 36%] [32m[1mLinking CXX shared library libeyantrasim_msgs__rosidl_typesupport_fastrtps_cpp.so[0m
[ 36%] Built target eyantrasim_msgs__rosidl_typesupport_fastrtps_cpp
[ 37%] [34m[1mGenerating C type support dispatch for ROS interfaces[0m
[ 39%] [32mBuilding CXX object CMakeFiles/eyantrasim_msgs__rosidl_typesupport_c.dir/rosidl_typesupport_c/eyantrasim_msgs/msg/color__type_support.cpp.o[0m
[ 40%] [32mBuilding CXX object CMakeFiles/eyantrasim_msgs__rosidl_typesupport_c.dir/rosidl_typesupport_c/eyantrasim_msgs/msg/pose__type_support.cpp.o[0m
[ 41%] [32mBuilding CXX object CMakeFiles/eyantrasim_msgs__rosidl_typesupport_c.dir/rosidl_typesupport_c/eyantrasim_msgs/action/rotate_absolute__type_support.cpp.o[0m
[ 42%] [32mBuilding CXX object CMakeFiles/eyantrasim_msgs__rosidl_typesupport_c.dir/rosidl_typesupport_c/eyantrasim_msgs/srv/kill__type_support.cpp.o[0m
[ 43%] [32mBuilding CXX object CMakeFiles/eyantrasim_msgs__rosidl_typesupport_c.dir/rosidl_typesupport_c/eyantrasim_msgs/srv/set_pen__type_support.cpp.o[0m
[ 44%] [32mBuilding CXX object CMakeFiles/eyantrasim_msgs__rosidl_typesupport_c.dir/rosidl_typesupport_c/eyantrasim_msgs/srv/spawn__type_support.cpp.o[0m
[ 45%] [32mBuilding C object CMakeFiles/eyantrasim_msgs__rosidl_typesupport_introspection_c.dir/rosidl_typesupport_introspection_c/eyantrasim_msgs/msg/detail/color__type_support.c.o[0m
[ 47%] [32mBuilding CXX object CMakeFiles/eyantrasim_msgs__rosidl_typesupport_c.dir/rosidl_typesupport_c/eyantrasim_msgs/srv/teleport_absolute__type_support.cpp.o[0m
[ 48%] [32mBuilding CXX object CMakeFiles/eyantrasim_msgs__rosidl_typesupport_c.dir/rosidl_typesupport_c/eyantrasim_msgs/srv/teleport_relative__type_support.cpp.o[0m
[ 49%] [32mBuilding C object CMakeFiles/eyantrasim_msgs__rosidl_typesupport_introspection_c.dir/rosidl_typesupport_introspection_c/eyantrasim_msgs/msg/detail/pose__type_support.c.o[0m
[ 50%] [32mBuilding C object CMakeFiles/eyantrasim_msgs__rosidl_typesupport_introspection_c.dir/rosidl_typesupport_introspection_c/eyantrasim_msgs/action/detail/rotate_absolute__type_support.c.o[0m
[ 51%] [32m[1mLinking CXX shared library libeyantrasim_msgs__rosidl_typesupport_c.so[0m
[ 51%] Built target eyantrasim_msgs__rosidl_typesupport_c
[ 52%] [32mBuilding C object CMakeFiles/eyantrasim_msgs__rosidl_typesupport_introspection_c.dir/rosidl_typesupport_introspection_c/eyantrasim_msgs/srv/detail/kill__type_support.c.o[0m
[ 54%] [32mBuilding C object CMakeFiles/eyantrasim_msgs__rosidl_typesupport_introspection_c.dir/rosidl_typesupport_introspection_c/eyantrasim_msgs/srv/detail/set_pen__type_support.c.o[0m
[ 55%] [34m[1mGenerating C++ introspection for ROS interfaces[0m
[ 56%] [32mBuilding C object CMakeFiles/eyantrasim_msgs__rosidl_typesupport_introspection_c.dir/rosidl_typesupport_introspection_c/eyantrasim_msgs/srv/detail/spawn__type_support.c.o[0m
[ 57%] [32mBuilding C object CMakeFiles/eyantrasim_msgs__rosidl_typesupport_introspection_c.dir/rosidl_typesupport_introspection_c/eyantrasim_msgs/srv/detail/teleport_absolute__type_support.c.o[0m
[ 58%] [32mBuilding C object CMakeFiles/eyantrasim_msgs__rosidl_typesupport_introspection_c.dir/rosidl_typesupport_introspection_c/eyantrasim_msgs/srv/detail/teleport_relative__type_support.c.o[0m
[ 59%] [32m[1mLinking C shared library libeyantrasim_msgs__rosidl_typesupport_introspection_c.so[0m
[ 59%] Built target eyantrasim_msgs__rosidl_typesupport_introspection_c
running egg_info
creating eyantrasim_msgs.egg-info
writing eyantrasim_msgs.egg-info/PKG-INFO
writing dependency_links to eyantrasim_msgs.egg-info/dependency_links.txt
writing top-level names to eyantrasim_msgs.egg-info/top_level.txt
writing manifest file 'eyantrasim_msgs.egg-info/SOURCES.txt'
reading manifest file 'eyantrasim_msgs.egg-info/SOURCES.txt'
writing manifest file 'eyantrasim_msgs.egg-info/SOURCES.txt'
[ 59%] Built target ament_cmake_python_build_eyantrasim_msgs_egg
[ 60%] [34m[1mGenerating C type support for eProsima Fast-RTPS[0m
[ 62%] [32mBuilding CXX object CMakeFiles/eyantrasim_msgs__rosidl_typesupport_introspection_cpp.dir/rosidl_typesupport_introspection_cpp/eyantrasim_msgs/msg/detail/color__type_support.cpp.o[0m
[ 63%] [32mBuilding CXX object CMakeFiles/eyantrasim_msgs__rosidl_typesupport_introspection_cpp.dir/rosidl_typesupport_introspection_cpp/eyantrasim_msgs/msg/detail/pose__type_support.cpp.o[0m
[ 64%] [32mBuilding CXX object CMakeFiles/eyantrasim_msgs__rosidl_typesupport_introspection_cpp.dir/rosidl_typesupport_introspection_cpp/eyantrasim_msgs/action/detail/rotate_absolute__type_support.cpp.o[0m
[ 65%] [32mBuilding CXX object CMakeFiles/eyantrasim_msgs__rosidl_typesupport_fastrtps_c.dir/rosidl_typesupport_fastrtps_c/eyantrasim_msgs/msg/detail/color__type_support_c.cpp.o[0m
[ 66%] [32mBuilding CXX object CMakeFiles/eyantrasim_msgs__rosidl_typesupport_fastrtps_c.dir/rosidl_typesupport_fastrtps_c/eyantrasim_msgs/msg/detail/pose__type_support_c.cpp.o[0m
[ 67%] [32mBuilding CXX object CMakeFiles/eyantrasim_msgs__rosidl_typesupport_fastrtps_c.dir/rosidl_typesupport_fastrtps_c/eyantrasim_msgs/action/detail/rotate_absolute__type_support_c.cpp.o[0m
[ 68%] [32mBuilding CXX object CMakeFiles/eyantrasim_msgs__rosidl_typesupport_introspection_cpp.dir/rosidl_typesupport_introspection_cpp/eyantrasim_msgs/srv/detail/kill__type_support.cpp.o[0m
[ 70%] [32mBuilding CXX object CMakeFiles/eyantrasim_msgs__rosidl_typesupport_introspection_cpp.dir/rosidl_typesupport_introspection_cpp/eyantrasim_msgs/srv/detail/set_pen__type_support.cpp.o[0m
[ 71%] [32mBuilding CXX object CMakeFiles/eyantrasim_msgs__rosidl_typesupport_fastrtps_c.dir/rosidl_typesupport_fastrtps_c/eyantrasim_msgs/srv/detail/kill__type_support_c.cpp.o[0m
[ 72%] [32mBuilding CXX object CMakeFiles/eyantrasim_msgs__rosidl_typesupport_fastrtps_c.dir/rosidl_typesupport_fastrtps_c/eyantrasim_msgs/srv/detail/set_pen__type_support_c.cpp.o[0m
[ 73%] [32mBuilding CXX object CMakeFiles/eyantrasim_msgs__rosidl_typesupport_introspection_cpp.dir/rosidl_typesupport_introspection_cpp/eyantrasim_msgs/srv/detail/spawn__type_support.cpp.o[0m
[ 74%] [32mBuilding CXX object CMakeFiles/eyantrasim_msgs__rosidl_typesupport_fastrtps_c.dir/rosidl_typesupport_fastrtps_c/eyantrasim_msgs/srv/detail/spawn__type_support_c.cpp.o[0m
[ 75%] [32mBuilding CXX object CMakeFiles/eyantrasim_msgs__rosidl_typesupport_introspection_cpp.dir/rosidl_typesupport_introspection_cpp/eyantrasim_msgs/srv/detail/teleport_absolute__type_support.cpp.o[0m
[ 77%] [32mBuilding CXX object CMakeFiles/eyantrasim_msgs__rosidl_typesupport_fastrtps_c.dir/rosidl_typesupport_fastrtps_c/eyantrasim_msgs/srv/detail/teleport_absolute__type_support_c.cpp.o[0m
[ 78%] [32mBuilding CXX object CMakeFiles/eyantrasim_msgs__rosidl_typesupport_introspection_cpp.dir/rosidl_typesupport_introspection_cpp/eyantrasim_msgs/srv/detail/teleport_relative__type_support.cpp.o[0m
[ 79%] [32mBuilding CXX object CMakeFiles/eyantrasim_msgs__rosidl_typesupport_fastrtps_c.dir/rosidl_typesupport_fastrtps_c/eyantrasim_msgs/srv/detail/teleport_relative__type_support_c.cpp.o[0m
[ 80%] [32m[1mLinking CXX shared library libeyantrasim_msgs__rosidl_typesupport_introspection_cpp.so[0m
[ 80%] Built target eyantrasim_msgs__rosidl_typesupport_introspection_cpp
[ 81%] [32m[1mLinking CXX shared library libeyantrasim_msgs__rosidl_typesupport_fastrtps_c.so[0m
[ 81%] Built target eyantrasim_msgs__rosidl_typesupport_fastrtps_c
[ 81%] Built target eyantrasim_msgs
[ 82%] [34m[1mGenerating Python code for ROS interfaces[0m
[ 82%] Built target eyantrasim_msgs__py
[ 83%] [32mBuilding C object CMakeFiles/eyantrasim_msgs__rosidl_generator_py.dir/rosidl_generator_py/eyantrasim_msgs/msg/_color_s.c.o[0m
[ 85%] [32mBuilding C object CMakeFiles/eyantrasim_msgs__rosidl_generator_py.dir/rosidl_generator_py/eyantrasim_msgs/msg/_pose_s.c.o[0m
[ 86%] [32mBuilding C object CMakeFiles/eyantrasim_msgs__rosidl_generator_py.dir/rosidl_generator_py/eyantrasim_msgs/action/_rotate_absolute_s.c.o[0m
[ 87%] [32mBuilding C object CMakeFiles/eyantrasim_msgs__rosidl_generator_py.dir/rosidl_generator_py/eyantrasim_msgs/srv/_kill_s.c.o[0m
[ 88%] [32mBuilding C object CMakeFiles/eyantrasim_msgs__rosidl_generator_py.dir/rosidl_generator_py/eyantrasim_msgs/srv/_set_pen_s.c.o[0m
[ 89%] [32mBuilding C object CMakeFiles/eyantrasim_msgs__rosidl_generator_py.dir/rosidl_generator_py/eyantrasim_msgs/srv/_spawn_s.c.o[0m
[ 90%] [32mBuilding C object CMakeFiles/eyantrasim_msgs__rosidl_generator_py.dir/rosidl_generator_py/eyantrasim_msgs/srv/_teleport_absolute_s.c.o[0m
[ 91%] [32mBuilding C object CMakeFiles/eyantrasim_msgs__rosidl_generator_py.dir/rosidl_generator_py/eyantrasim_msgs/srv/_teleport_relative_s.c.o[0m
[ 93%] [32m[1mLinking C shared library rosidl_generator_py/eyantrasim_msgs/libeyantrasim_msgs__rosidl_generator_py.so[0m
[ 93%] Built target eyantrasim_msgs__rosidl_generator_py
[ 94%] [32mBuilding C object CMakeFiles/eyantrasim_msgs__rosidl_typesupport_introspection_c__pyext.dir/rosidl_generator_py/eyantrasim_msgs/_eyantrasim_msgs_s.ep.rosidl_typesupport_introspection_c.c.o[0m
[ 95%] [32mBuilding C object CMakeFiles/eyantrasim_msgs__rosidl_typesupport_fastrtps_c__pyext.dir/rosidl_generator_py/eyantrasim_msgs/_eyantrasim_msgs_s.ep.rosidl_typesupport_fastrtps_c.c.o[0m
[ 96%] [32m[1mLinking C shared library rosidl_generator_py/eyantrasim_msgs/eyantrasim_msgs_s__rosidl_typesupport_introspection_c.cpython-310-x86_64-linux-gnu.so[0m
[ 97%] [32m[1mLinking C shared library rosidl_generator_py/eyantrasim_msgs/eyantrasim_msgs_s__rosidl_typesupport_fastrtps_c.cpython-310-x86_64-linux-gnu.so[0m
[ 97%] Built target eyantrasim_msgs__rosidl_typesupport_introspection_c__pyext
[ 97%] Built target eyantrasim_msgs__rosidl_typesupport_fastrtps_c__pyext
[ 98%] [32mBuilding C object CMakeFiles/eyantrasim_msgs__rosidl_typesupport_c__pyext.dir/rosidl_generator_py/eyantrasim_msgs/_eyantrasim_msgs_s.ep.rosidl_typesupport_c.c.o[0m
[100%] [32m[1mLinking C shared library rosidl_generator_py/eyantrasim_msgs/eyantrasim_msgs_s__rosidl_typesupport_c.cpython-310-x86_64-linux-gnu.so[0m
[100%] Built target eyantrasim_msgs__rosidl_typesupport_c__pyext
-- Install configuration: ""
-- Execute custom install script
-- Symlinking: /home/pratheek/EYRC-Task_1/install/eyantrasim_msgs/share/ament_index/resource_index/rosidl_interfaces/eyantrasim_msgs
-- Symlinking: /home/pratheek/EYRC-Task_1/install/eyantrasim_msgs/include/eyantrasim_msgs/eyantrasim_msgs/action/detail/rotate_absolute__functions.h
-- Symlinking: /home/pratheek/EYRC-Task_1/install/eyantrasim_msgs/include/eyantrasim_msgs/eyantrasim_msgs/action/detail/rotate_absolute__struct.h
-- Symlinking: /home/pratheek/EYRC-Task_1/install/eyantrasim_msgs/include/eyantrasim_msgs/eyantrasim_msgs/action/detail/rotate_absolute__type_support.h
-- Symlinking: /home/pratheek/EYRC-Task_1/install/eyantrasim_msgs/include/eyantrasim_msgs/eyantrasim_msgs/action/rotate_absolute.h
-- Symlinking: /home/pratheek/EYRC-Task_1/install/eyantrasim_msgs/include/eyantrasim_msgs/eyantrasim_msgs/msg/color.h
-- Symlinking: /home/pratheek/EYRC-Task_1/install/eyantrasim_msgs/include/eyantrasim_msgs/eyantrasim_msgs/msg/detail/color__functions.h
-- Symlinking: /home/pratheek/EYRC-Task_1/install/eyantrasim_msgs/include/eyantrasim_msgs/eyantrasim_msgs/msg/detail/color__struct.h
-- Symlinking: /home/pratheek/EYRC-Task_1/install/eyantrasim_msgs/include/eyantrasim_msgs/eyantrasim_msgs/msg/detail/color__type_support.h
-- Symlinking: /home/pratheek/EYRC-Task_1/install/eyantrasim_msgs/include/eyantrasim_msgs/eyantrasim_msgs/msg/detail/pose__functions.h
-- Symlinking: /home/pratheek/EYRC-Task_1/install/eyantrasim_msgs/include/eyantrasim_msgs/eyantrasim_msgs/msg/detail/pose__struct.h
-- Symlinking: /home/pratheek/EYRC-Task_1/install/eyantrasim_msgs/include/eyantrasim_msgs/eyantrasim_msgs/msg/detail/pose__type_support.h
-- Symlinking: /home/pratheek/EYRC-Task_1/install/eyantrasim_msgs/include/eyantrasim_msgs/eyantrasim_msgs/msg/pose.h
-- Symlinking: /home/pratheek/EYRC-Task_1/install/eyantrasim_msgs/include/eyantrasim_msgs/eyantrasim_msgs/msg/rosidl_generator_c__visibility_control.h
-- Symlinking: /home/pratheek/EYRC-Task_1/install/eyantrasim_msgs/include/eyantrasim_msgs/eyantrasim_msgs/srv/detail/kill__functions.h
-- Symlinking: /home/pratheek/EYRC-Task_1/install/eyantrasim_msgs/include/eyantrasim_msgs/eyantrasim_msgs/srv/detail/kill__struct.h
-- Symlinking: /home/pratheek/EYRC-Task_1/install/eyantrasim_msgs/include/eyantrasim_msgs/eyantrasim_msgs/srv/detail/kill__type_support.h
-- Symlinking: /home/pratheek/EYRC-Task_1/install/eyantrasim_msgs/include/eyantrasim_msgs/eyantrasim_msgs/srv/detail/set_pen__functions.h
-- Symlinking: /home/pratheek/EYRC-Task_1/install/eyantrasim_msgs/include/eyantrasim_msgs/eyantrasim_msgs/srv/detail/set_pen__struct.h
-- Symlinking: /home/pratheek/EYRC-Task_1/install/eyantrasim_msgs/include/eyantrasim_msgs/eyantrasim_msgs/srv/detail/set_pen__type_support.h
-- Symlinking: /home/pratheek/EYRC-Task_1/install/eyantrasim_msgs/include/eyantrasim_msgs/eyantrasim_msgs/srv/detail/spawn__functions.h
-- Symlinking: /home/pratheek/EYRC-Task_1/install/eyantrasim_msgs/include/eyantrasim_msgs/eyantrasim_msgs/srv/detail/spawn__struct.h
-- Symlinking: /home/pratheek/EYRC-Task_1/install/eyantrasim_msgs/include/eyantrasim_msgs/eyantrasim_msgs/srv/detail/spawn__type_support.h
-- Symlinking: /home/pratheek/EYRC-Task_1/install/eyantrasim_msgs/include/eyantrasim_msgs/eyantrasim_msgs/srv/detail/teleport_absolute__functions.h
-- Symlinking: /home/pratheek/EYRC-Task_1/install/eyantrasim_msgs/include/eyantrasim_msgs/eyantrasim_msgs/srv/detail/teleport_absolute__struct.h
-- Symlinking: /home/pratheek/EYRC-Task_1/install/eyantrasim_msgs/include/eyantrasim_msgs/eyantrasim_msgs/srv/detail/teleport_absolute__type_support.h
-- Symlinking: /home/pratheek/EYRC-Task_1/install/eyantrasim_msgs/include/eyantrasim_msgs/eyantrasim_msgs/srv/detail/teleport_relative__functions.h
-- Symlinking: /home/pratheek/EYRC-Task_1/install/eyantrasim_msgs/include/eyantrasim_msgs/eyantrasim_msgs/srv/detail/teleport_relative__struct.h
-- Symlinking: /home/pratheek/EYRC-Task_1/install/eyantrasim_msgs/include/eyantrasim_msgs/eyantrasim_msgs/srv/detail/teleport_relative__type_support.h
-- Symlinking: /home/pratheek/EYRC-Task_1/install/eyantrasim_msgs/include/eyantrasim_msgs/eyantrasim_msgs/srv/kill.h
-- Symlinking: /home/pratheek/EYRC-Task_1/install/eyantrasim_msgs/include/eyantrasim_msgs/eyantrasim_msgs/srv/set_pen.h
-- Symlinking: /home/pratheek/EYRC-Task_1/install/eyantrasim_msgs/include/eyantrasim_msgs/eyantrasim_msgs/srv/spawn.h
-- Symlinking: /home/pratheek/EYRC-Task_1/install/eyantrasim_msgs/include/eyantrasim_msgs/eyantrasim_msgs/srv/teleport_absolute.h
-- Symlinking: /home/pratheek/EYRC-Task_1/install/eyantrasim_msgs/include/eyantrasim_msgs/eyantrasim_msgs/srv/teleport_relative.h
-- Symlinking: /home/pratheek/EYRC-Task_1/install/eyantrasim_msgs/share/eyantrasim_msgs/environment/library_path.sh
-- Symlinking: /home/pratheek/EYRC-Task_1/install/eyantrasim_msgs/share/eyantrasim_msgs/environment/library_path.dsv
-- Symlinking: /home/pratheek/EYRC-Task_1/install/eyantrasim_msgs/include/eyantrasim_msgs/eyantrasim_msgs/action/detail/rotate_absolute__rosidl_typesupport_fastrtps_c.h
-- Symlinking: /home/pratheek/EYRC-Task_1/install/eyantrasim_msgs/include/eyantrasim_msgs/eyantrasim_msgs/msg/detail/color__rosidl_typesupport_fastrtps_c.h
-- Symlinking: /home/pratheek/EYRC-Task_1/install/eyantrasim_msgs/include/eyantrasim_msgs/eyantrasim_msgs/msg/detail/pose__rosidl_typesupport_fastrtps_c.h
-- Symlinking: /home/pratheek/EYRC-Task_1/install/eyantrasim_msgs/include/eyantrasim_msgs/eyantrasim_msgs/msg/rosidl_typesupport_fastrtps_c__visibility_control.h
-- Symlinking: /home/pratheek/EYRC-Task_1/install/eyantrasim_msgs/include/eyantrasim_msgs/eyantrasim_msgs/srv/detail/kill__rosidl_typesupport_fastrtps_c.h
-- Symlinking: /home/pratheek/EYRC-Task_1/install/eyantrasim_msgs/include/eyantrasim_msgs/eyantrasim_msgs/srv/detail/set_pen__rosidl_typesupport_fastrtps_c.h
-- Symlinking: /home/pratheek/EYRC-Task_1/install/eyantrasim_msgs/include/eyantrasim_msgs/eyantrasim_msgs/srv/detail/spawn__rosidl_typesupport_fastrtps_c.h
-- Symlinking: /home/pratheek/EYRC-Task_1/install/eyantrasim_msgs/include/eyantrasim_msgs/eyantrasim_msgs/srv/detail/teleport_absolute__rosidl_typesupport_fastrtps_c.h
-- Symlinking: /home/pratheek/EYRC-Task_1/install/eyantrasim_msgs/include/eyantrasim_msgs/eyantrasim_msgs/srv/detail/teleport_relative__rosidl_typesupport_fastrtps_c.h
-- Symlinking: /home/pratheek/EYRC-Task_1/install/eyantrasim_msgs/include/eyantrasim_msgs/eyantrasim_msgs/action/detail/rotate_absolute__builder.hpp
-- Symlinking: /home/pratheek/EYRC-Task_1/install/eyantrasim_msgs/include/eyantrasim_msgs/eyantrasim_msgs/action/detail/rotate_absolute__struct.hpp
-- Symlinking: /home/pratheek/EYRC-Task_1/install/eyantrasim_msgs/include/eyantrasim_msgs/eyantrasim_msgs/action/detail/rotate_absolute__traits.hpp
-- Symlinking: /home/pratheek/EYRC-Task_1/install/eyantrasim_msgs/include/eyantrasim_msgs/eyantrasim_msgs/action/detail/rotate_absolute__type_support.hpp
-- Symlinking: /home/pratheek/EYRC-Task_1/install/eyantrasim_msgs/include/eyantrasim_msgs/eyantrasim_msgs/action/rotate_absolute.hpp
-- Symlinking: /home/pratheek/EYRC-Task_1/install/eyantrasim_msgs/include/eyantrasim_msgs/eyantrasim_msgs/msg/color.hpp
-- Symlinking: /home/pratheek/EYRC-Task_1/install/eyantrasim_msgs/include/eyantrasim_msgs/eyantrasim_msgs/msg/detail/color__builder.hpp
-- Symlinking: /home/pratheek/EYRC-Task_1/install/eyantrasim_msgs/include/eyantrasim_msgs/eyantrasim_msgs/msg/detail/color__struct.hpp
-- Symlinking: /home/pratheek/EYRC-Task_1/install/eyantrasim_msgs/include/eyantrasim_msgs/eyantrasim_msgs/msg/detail/color__traits.hpp
-- Symlinking: /home/pratheek/EYRC-Task_1/install/eyantrasim_msgs/include/eyantrasim_msgs/eyantrasim_msgs/msg/detail/color__type_support.hpp
-- Symlinking: /home/pratheek/EYRC-Task_1/install/eyantrasim_msgs/include/eyantrasim_msgs/eyantrasim_msgs/msg/detail/pose__builder.hpp
-- Symlinking: /home/pratheek/EYRC-Task_1/install/eyantrasim_msgs/include/eyantrasim_msgs/eyantrasim_msgs/msg/detail/pose__struct.hpp
-- Symlinking: /home/pratheek/EYRC-Task_1/install/eyantrasim_msgs/include/eyantrasim_msgs/eyantrasim_msgs/msg/detail/pose__traits.hpp
-- Symlinking: /home/pratheek/EYRC-Task_1/install/eyantrasim_msgs/include/eyantrasim_msgs/eyantrasim_msgs/msg/detail/pose__type_support.hpp
-- Symlinking: /home/pratheek/EYRC-Task_1/install/eyantrasim_msgs/include/eyantrasim_msgs/eyantrasim_msgs/msg/pose.hpp
-- Symlinking: /home/pratheek/EYRC-Task_1/install/eyantrasim_msgs/include/eyantrasim_msgs/eyantrasim_msgs/msg/rosidl_generator_cpp__visibility_control.hpp
-- Symlinking: /home/pratheek/EYRC-Task_1/install/eyantrasim_msgs/include/eyantrasim_msgs/eyantrasim_msgs/srv/detail/kill__builder.hpp
-- Symlinking: /home/pratheek/EYRC-Task_1/install/eyantrasim_msgs/include/eyantrasim_msgs/eyantrasim_msgs/srv/detail/kill__struct.hpp
-- Symlinking: /home/pratheek/EYRC-Task_1/install/eyantrasim_msgs/include/eyantrasim_msgs/eyantrasim_msgs/srv/detail/kill__traits.hpp
-- Symlinking: /home/pratheek/EYRC-Task_1/install/eyantrasim_msgs/include/eyantrasim_msgs/eyantrasim_msgs/srv/detail/kill__type_support.hpp
-- Symlinking: /home/pratheek/EYRC-Task_1/install/eyantrasim_msgs/include/eyantrasim_msgs/eyantrasim_msgs/srv/detail/set_pen__builder.hpp
-- Symlinking: /home/pratheek/EYRC-Task_1/install/eyantrasim_msgs/include/eyantrasim_msgs/eyantrasim_msgs/srv/detail/set_pen__struct.hpp
-- Symlinking: /home/pratheek/EYRC-Task_1/install/eyantrasim_msgs/include/eyantrasim_msgs/eyantrasim_msgs/srv/detail/set_pen__traits.hpp
-- Symlinking: /home/pratheek/EYRC-Task_1/install/eyantrasim_msgs/include/eyantrasim_msgs/eyantrasim_msgs/srv/detail/set_pen__type_support.hpp
-- Symlinking: /home/pratheek/EYRC-Task_1/install/eyantrasim_msgs/include/eyantrasim_msgs/eyantrasim_msgs/srv/detail/spawn__builder.hpp
-- Symlinking: /home/pratheek/EYRC-Task_1/install/eyantrasim_msgs/include/eyantrasim_msgs/eyantrasim_msgs/srv/detail/spawn__struct.hpp
-- Symlinking: /home/pratheek/EYRC-Task_1/install/eyantrasim_msgs/include/eyantrasim_msgs/eyantrasim_msgs/srv/detail/spawn__traits.hpp
-- Symlinking: /home/pratheek/EYRC-Task_1/install/eyantrasim_msgs/include/eyantrasim_msgs/eyantrasim_msgs/srv/detail/spawn__type_support.hpp
-- Symlinking: /home/pratheek/EYRC-Task_1/install/eyantrasim_msgs/include/eyantrasim_msgs/eyantrasim_msgs/srv/detail/teleport_absolute__builder.hpp
-- Symlinking: /home/pratheek/EYRC-Task_1/install/eyantrasim_msgs/include/eyantrasim_msgs/eyantrasim_msgs/srv/detail/teleport_absolute__struct.hpp
-- Symlinking: /home/pratheek/EYRC-Task_1/install/eyantrasim_msgs/include/eyantrasim_msgs/eyantrasim_msgs/srv/detail/teleport_absolute__traits.hpp
-- Symlinking: /home/pratheek/EYRC-Task_1/install/eyantrasim_msgs/include/eyantrasim_msgs/eyantrasim_msgs/srv/detail/teleport_absolute__type_support.hpp
-- Symlinking: /home/pratheek/EYRC-Task_1/install/eyantrasim_msgs/include/eyantrasim_msgs/eyantrasim_msgs/srv/detail/teleport_relative__builder.hpp
-- Symlinking: /home/pratheek/EYRC-Task_1/install/eyantrasim_msgs/include/eyantrasim_msgs/eyantrasim_msgs/srv/detail/teleport_relative__struct.hpp
-- Symlinking: /home/pratheek/EYRC-Task_1/install/eyantrasim_msgs/include/eyantrasim_msgs/eyantrasim_msgs/srv/detail/teleport_relative__traits.hpp
-- Symlinking: /home/pratheek/EYRC-Task_1/install/eyantrasim_msgs/include/eyantrasim_msgs/eyantrasim_msgs/srv/detail/teleport_relative__type_support.hpp
-- Symlinking: /home/pratheek/EYRC-Task_1/install/eyantrasim_msgs/include/eyantrasim_msgs/eyantrasim_msgs/srv/kill.hpp
-- Symlinking: /home/pratheek/EYRC-Task_1/install/eyantrasim_msgs/include/eyantrasim_msgs/eyantrasim_msgs/srv/set_pen.hpp
-- Symlinking: /home/pratheek/EYRC-Task_1/install/eyantrasim_msgs/include/eyantrasim_msgs/eyantrasim_msgs/srv/spawn.hpp
-- Symlinking: /home/pratheek/EYRC-Task_1/install/eyantrasim_msgs/include/eyantrasim_msgs/eyantrasim_msgs/srv/teleport_absolute.hpp
-- Symlinking: /home/pratheek/EYRC-Task_1/install/eyantrasim_msgs/include/eyantrasim_msgs/eyantrasim_msgs/srv/teleport_relative.hpp
-- Symlinking: /home/pratheek/EYRC-Task_1/install/eyantrasim_msgs/include/eyantrasim_msgs/eyantrasim_msgs/action/detail/rotate_absolute__rosidl_typesupport_fastrtps_cpp.hpp
-- Symlinking: /home/pratheek/EYRC-Task_1/install/eyantrasim_msgs/include/eyantrasim_msgs/eyantrasim_msgs/msg/detail/color__rosidl_typesupport_fastrtps_cpp.hpp
-- Symlinking: /home/pratheek/EYRC-Task_1/install/eyantrasim_msgs/include/eyantrasim_msgs/eyantrasim_msgs/msg/detail/pose__rosidl_typesupport_fastrtps_cpp.hpp
-- Symlinking: /home/pratheek/EYRC-Task_1/install/eyantrasim_msgs/include/eyantrasim_msgs/eyantrasim_msgs/msg/rosidl_typesupport_fastrtps_cpp__visibility_control.h
-- Symlinking: /home/pratheek/EYRC-Task_1/install/eyantrasim_msgs/include/eyantrasim_msgs/eyantrasim_msgs/srv/detail/kill__rosidl_typesupport_fastrtps_cpp.hpp
-- Symlinking: /home/pratheek/EYRC-Task_1/install/eyantrasim_msgs/include/eyantrasim_msgs/eyantrasim_msgs/srv/detail/set_pen__rosidl_typesupport_fastrtps_cpp.hpp
-- Symlinking: /home/pratheek/EYRC-Task_1/install/eyantrasim_msgs/include/eyantrasim_msgs/eyantrasim_msgs/srv/detail/spawn__rosidl_typesupport_fastrtps_cpp.hpp
-- Symlinking: /home/pratheek/EYRC-Task_1/install/eyantrasim_msgs/include/eyantrasim_msgs/eyantrasim_msgs/srv/detail/teleport_absolute__rosidl_typesupport_fastrtps_cpp.hpp
-- Symlinking: /home/pratheek/EYRC-Task_1/install/eyantrasim_msgs/include/eyantrasim_msgs/eyantrasim_msgs/srv/detail/teleport_relative__rosidl_typesupport_fastrtps_cpp.hpp
-- Symlinking: /home/pratheek/EYRC-Task_1/install/eyantrasim_msgs/include/eyantrasim_msgs/eyantrasim_msgs/action/detail/rotate_absolute__rosidl_typesupport_introspection_c.h
-- Symlinking: /home/pratheek/EYRC-Task_1/install/eyantrasim_msgs/include/eyantrasim_msgs/eyantrasim_msgs/msg/detail/color__rosidl_typesupport_introspection_c.h
-- Symlinking: /home/pratheek/EYRC-Task_1/install/eyantrasim_msgs/include/eyantrasim_msgs/eyantrasim_msgs/msg/detail/pose__rosidl_typesupport_introspection_c.h
-- Symlinking: /home/pratheek/EYRC-Task_1/install/eyantrasim_msgs/include/eyantrasim_msgs/eyantrasim_msgs/msg/rosidl_typesupport_introspection_c__visibility_control.h
-- Symlinking: /home/pratheek/EYRC-Task_1/install/eyantrasim_msgs/include/eyantrasim_msgs/eyantrasim_msgs/srv/detail/kill__rosidl_typesupport_introspection_c.h
-- Symlinking: /home/pratheek/EYRC-Task_1/install/eyantrasim_msgs/include/eyantrasim_msgs/eyantrasim_msgs/srv/detail/set_pen__rosidl_typesupport_introspection_c.h
-- Symlinking: /home/pratheek/EYRC-Task_1/install/eyantrasim_msgs/include/eyantrasim_msgs/eyantrasim_msgs/srv/detail/spawn__rosidl_typesupport_introspection_c.h
-- Symlinking: /home/pratheek/EYRC-Task_1/install/eyantrasim_msgs/include/eyantrasim_msgs/eyantrasim_msgs/srv/detail/teleport_absolute__rosidl_typesupport_introspection_c.h
-- Symlinking: /home/pratheek/EYRC-Task_1/install/eyantrasim_msgs/include/eyantrasim_msgs/eyantrasim_msgs/srv/detail/teleport_relative__rosidl_typesupport_introspection_c.h
-- Symlinking: /home/pratheek/EYRC-Task_1/install/eyantrasim_msgs/include/eyantrasim_msgs/eyantrasim_msgs/action/detail/rotate_absolute__rosidl_typesupport_introspection_cpp.hpp
-- Symlinking: /home/pratheek/EYRC-Task_1/install/eyantrasim_msgs/include/eyantrasim_msgs/eyantrasim_msgs/msg/detail/color__rosidl_typesupport_introspection_cpp.hpp
-- Symlinking: /home/pratheek/EYRC-Task_1/install/eyantrasim_msgs/include/eyantrasim_msgs/eyantrasim_msgs/msg/detail/pose__rosidl_typesupport_introspection_cpp.hpp
-- Symlinking: /home/pratheek/EYRC-Task_1/install/eyantrasim_msgs/include/eyantrasim_msgs/eyantrasim_msgs/srv/detail/kill__rosidl_typesupport_introspection_cpp.hpp
-- Symlinking: /home/pratheek/EYRC-Task_1/install/eyantrasim_msgs/include/eyantrasim_msgs/eyantrasim_msgs/srv/detail/set_pen__rosidl_typesupport_introspection_cpp.hpp
-- Symlinking: /home/pratheek/EYRC-Task_1/install/eyantrasim_msgs/include/eyantrasim_msgs/eyantrasim_msgs/srv/detail/spawn__rosidl_typesupport_introspection_cpp.hpp
-- Symlinking: /home/pratheek/EYRC-Task_1/install/eyantrasim_msgs/include/eyantrasim_msgs/eyantrasim_msgs/srv/detail/teleport_absolute__rosidl_typesupport_introspection_cpp.hpp
-- Symlinking: /home/pratheek/EYRC-Task_1/install/eyantrasim_msgs/include/eyantrasim_msgs/eyantrasim_msgs/srv/detail/teleport_relative__rosidl_typesupport_introspection_cpp.hpp
-- Symlinking: /home/pratheek/EYRC-Task_1/install/eyantrasim_msgs/share/eyantrasim_msgs/environment/pythonpath.sh
-- Symlinking: /home/pratheek/EYRC-Task_1/install/eyantrasim_msgs/share/eyantrasim_msgs/environment/pythonpath.dsv
-- Symlinking: /home/pratheek/EYRC-Task_1/install/eyantrasim_msgs/local/lib/python3.10/dist-packages/eyantrasim_msgs-1.10.1-py3.10.egg-info/PKG-INFO
-- Symlinking: /home/pratheek/EYRC-Task_1/install/eyantrasim_msgs/local/lib/python3.10/dist-packages/eyantrasim_msgs-1.10.1-py3.10.egg-info/SOURCES.txt
-- Symlinking: /home/pratheek/EYRC-Task_1/install/eyantrasim_msgs/local/lib/python3.10/dist-packages/eyantrasim_msgs-1.10.1-py3.10.egg-info/dependency_links.txt
-- Symlinking: /home/pratheek/EYRC-Task_1/install/eyantrasim_msgs/local/lib/python3.10/dist-packages/eyantrasim_msgs-1.10.1-py3.10.egg-info/top_level.txt
-- Symlinking: /home/pratheek/EYRC-Task_1/install/eyantrasim_msgs/local/lib/python3.10/dist-packages/eyantrasim_msgs/__init__.py
-- Symlinking: /home/pratheek/EYRC-Task_1/install/eyantrasim_msgs/local/lib/python3.10/dist-packages/eyantrasim_msgs/_eyantrasim_msgs_s.ep.rosidl_typesupport_c.c
-- Symlinking: /home/pratheek/EYRC-Task_1/install/eyantrasim_msgs/local/lib/python3.10/dist-packages/eyantrasim_msgs/_eyantrasim_msgs_s.ep.rosidl_typesupport_fastrtps_c.c
-- Symlinking: /home/pratheek/EYRC-Task_1/install/eyantrasim_msgs/local/lib/python3.10/dist-packages/eyantrasim_msgs/_eyantrasim_msgs_s.ep.rosidl_typesupport_introspection_c.c
-- Symlinking: /home/pratheek/EYRC-Task_1/install/eyantrasim_msgs/local/lib/python3.10/dist-packages/eyantrasim_msgs/action/__init__.py
-- Symlinking: /home/pratheek/EYRC-Task_1/install/eyantrasim_msgs/local/lib/python3.10/dist-packages/eyantrasim_msgs/action/_rotate_absolute.py
-- Symlinking: /home/pratheek/EYRC-Task_1/install/eyantrasim_msgs/local/lib/python3.10/dist-packages/eyantrasim_msgs/action/_rotate_absolute_s.c
-- Symlinking: /home/pratheek/EYRC-Task_1/install/eyantrasim_msgs/local/lib/python3.10/dist-packages/eyantrasim_msgs/eyantrasim_msgs_s__rosidl_typesupport_c.cpython-310-x86_64-linux-gnu.so
-- Symlinking: /home/pratheek/EYRC-Task_1/install/eyantrasim_msgs/local/lib/python3.10/dist-packages/eyantrasim_msgs/eyantrasim_msgs_s__rosidl_typesupport_fastrtps_c.cpython-310-x86_64-linux-gnu.so
-- Symlinking: /home/pratheek/EYRC-Task_1/install/eyantrasim_msgs/local/lib/python3.10/dist-packages/eyantrasim_msgs/eyantrasim_msgs_s__rosidl_typesupport_introspection_c.cpython-310-x86_64-linux-gnu.so
-- Symlinking: /home/pratheek/EYRC-Task_1/install/eyantrasim_msgs/local/lib/python3.10/dist-packages/eyantrasim_msgs/libeyantrasim_msgs__rosidl_generator_py.so
-- Symlinking: /home/pratheek/EYRC-Task_1/install/eyantrasim_msgs/local/lib/python3.10/dist-packages/eyantrasim_msgs/msg/__init__.py
-- Symlinking: /home/pratheek/EYRC-Task_1/install/eyantrasim_msgs/local/lib/python3.10/dist-packages/eyantrasim_msgs/msg/_color.py
-- Symlinking: /home/pratheek/EYRC-Task_1/install/eyantrasim_msgs/local/lib/python3.10/dist-packages/eyantrasim_msgs/msg/_color_s.c
-- Symlinking: /home/pratheek/EYRC-Task_1/install/eyantrasim_msgs/local/lib/python3.10/dist-packages/eyantrasim_msgs/msg/_pose.py
-- Symlinking: /home/pratheek/EYRC-Task_1/install/eyantrasim_msgs/local/lib/python3.10/dist-packages/eyantrasim_msgs/msg/_pose_s.c
-- Symlinking: /home/pratheek/EYRC-Task_1/install/eyantrasim_msgs/local/lib/python3.10/dist-packages/eyantrasim_msgs/srv/__init__.py
-- Symlinking: /home/pratheek/EYRC-Task_1/install/eyantrasim_msgs/local/lib/python3.10/dist-packages/eyantrasim_msgs/srv/_kill.py
-- Symlinking: /home/pratheek/EYRC-Task_1/install/eyantrasim_msgs/local/lib/python3.10/dist-packages/eyantrasim_msgs/srv/_kill_s.c
-- Symlinking: /home/pratheek/EYRC-Task_1/install/eyantrasim_msgs/local/lib/python3.10/dist-packages/eyantrasim_msgs/srv/_set_pen.py
-- Symlinking: /home/pratheek/EYRC-Task_1/install/eyantrasim_msgs/local/lib/python3.10/dist-packages/eyantrasim_msgs/srv/_set_pen_s.c
-- Symlinking: /home/pratheek/EYRC-Task_1/install/eyantrasim_msgs/local/lib/python3.10/dist-packages/eyantrasim_msgs/srv/_spawn.py
-- Symlinking: /home/pratheek/EYRC-Task_1/install/eyantrasim_msgs/local/lib/python3.10/dist-packages/eyantrasim_msgs/srv/_spawn_s.c
-- Symlinking: /home/pratheek/EYRC-Task_1/install/eyantrasim_msgs/local/lib/python3.10/dist-packages/eyantrasim_msgs/srv/_teleport_absolute.py
-- Symlinking: /home/pratheek/EYRC-Task_1/install/eyantrasim_msgs/local/lib/python3.10/dist-packages/eyantrasim_msgs/srv/_teleport_absolute_s.c
-- Symlinking: /home/pratheek/EYRC-Task_1/install/eyantrasim_msgs/local/lib/python3.10/dist-packages/eyantrasim_msgs/srv/_teleport_relative.py
-- Symlinking: /home/pratheek/EYRC-Task_1/install/eyantrasim_msgs/local/lib/python3.10/dist-packages/eyantrasim_msgs/srv/_teleport_relative_s.c
-- Up-to-date symlink: /home/pratheek/EYRC-Task_1/install/eyantrasim_msgs/local/lib/python3.10/dist-packages/eyantrasim_msgs/eyantrasim_msgs_s__rosidl_typesupport_fastrtps_c.cpython-310-x86_64-linux-gnu.so
-- Up-to-date symlink: /home/pratheek/EYRC-Task_1/install/eyantrasim_msgs/local/lib/python3.10/dist-packages/eyantrasim_msgs/eyantrasim_msgs_s__rosidl_typesupport_introspection_c.cpython-310-x86_64-linux-gnu.so
-- Up-to-date symlink: /home/pratheek/EYRC-Task_1/install/eyantrasim_msgs/local/lib/python3.10/dist-packages/eyantrasim_msgs/eyantrasim_msgs_s__rosidl_typesupport_c.cpython-310-x86_64-linux-gnu.so
-- Symlinking: /home/pratheek/EYRC-Task_1/install/eyantrasim_msgs/share/eyantrasim_msgs/msg/Color.idl
-- Symlinking: /home/pratheek/EYRC-Task_1/install/eyantrasim_msgs/share/eyantrasim_msgs/msg/Pose.idl
-- Symlinking: /home/pratheek/EYRC-Task_1/install/eyantrasim_msgs/share/eyantrasim_msgs/action/RotateAbsolute.idl
-- Symlinking: /home/pratheek/EYRC-Task_1/install/eyantrasim_msgs/share/eyantrasim_msgs/srv/Kill.idl
-- Symlinking: /home/pratheek/EYRC-Task_1/install/eyantrasim_msgs/share/eyantrasim_msgs/srv/SetPen.idl
-- Symlinking: /home/pratheek/EYRC-Task_1/install/eyantrasim_msgs/share/eyantrasim_msgs/srv/Spawn.idl
-- Symlinking: /home/pratheek/EYRC-Task_1/install/eyantrasim_msgs/share/eyantrasim_msgs/srv/TeleportAbsolute.idl
-- Symlinking: /home/pratheek/EYRC-Task_1/install/eyantrasim_msgs/share/eyantrasim_msgs/srv/TeleportRelative.idl
-- Symlinking: /home/pratheek/EYRC-Task_1/install/eyantrasim_msgs/share/eyantrasim_msgs/msg/Color.msg
-- Symlinking: /home/pratheek/EYRC-Task_1/install/eyantrasim_msgs/share/eyantrasim_msgs/msg/Pose.msg
-- Symlinking: /home/pratheek/EYRC-Task_1/install/eyantrasim_msgs/share/eyantrasim_msgs/action/RotateAbsolute.action
-- Symlinking: /home/pratheek/EYRC-Task_1/install/eyantrasim_msgs/share/eyantrasim_msgs/srv/Kill.srv
-- Symlinking: /home/pratheek/EYRC-Task_1/install/eyantrasim_msgs/share/eyantrasim_msgs/srv/Kill_Request.msg
-- Symlinking: /home/pratheek/EYRC-Task_1/install/eyantrasim_msgs/share/eyantrasim_msgs/srv/Kill_Response.msg
-- Symlinking: /home/pratheek/EYRC-Task_1/install/eyantrasim_msgs/share/eyantrasim_msgs/srv/SetPen.srv
-- Symlinking: /home/pratheek/EYRC-Task_1/install/eyantrasim_msgs/share/eyantrasim_msgs/srv/SetPen_Request.msg
-- Symlinking: /home/pratheek/EYRC-Task_1/install/eyantrasim_msgs/share/eyantrasim_msgs/srv/SetPen_Response.msg
-- Symlinking: /home/pratheek/EYRC-Task_1/install/eyantrasim_msgs/share/eyantrasim_msgs/srv/Spawn.srv
-- Symlinking: /home/pratheek/EYRC-Task_1/install/eyantrasim_msgs/share/eyantrasim_msgs/srv/Spawn_Request.msg
-- Symlinking: /home/pratheek/EYRC-Task_1/install/eyantrasim_msgs/share/eyantrasim_msgs/srv/Spawn_Response.msg
-- Symlinking: /home/pratheek/EYRC-Task_1/install/eyantrasim_msgs/share/eyantrasim_msgs/srv/TeleportAbsolute.srv
-- Symlinking: /home/pratheek/EYRC-Task_1/install/eyantrasim_msgs/share/eyantrasim_msgs/srv/TeleportAbsolute_Request.msg
-- Symlinking: /home/pratheek/EYRC-Task_1/install/eyantrasim_msgs/share/eyantrasim_msgs/srv/TeleportAbsolute_Response.msg
-- Symlinking: /home/pratheek/EYRC-Task_1/install/eyantrasim_msgs/share/eyantrasim_msgs/srv/TeleportRelative.srv
-- Symlinking: /home/pratheek/EYRC-Task_1/install/eyantrasim_msgs/share/eyantrasim_msgs/srv/TeleportRelative_Request.msg
-- Symlinking: /home/pratheek/EYRC-Task_1/install/eyantrasim_msgs/share/eyantrasim_msgs/srv/TeleportRelative_Response.msg
-- Symlinking: /home/pratheek/EYRC-Task_1/install/eyantrasim_msgs/share/ament_index/resource_index/package_run_dependencies/eyantrasim_msgs
-- Symlinking: /home/pratheek/EYRC-Task_1/install/eyantrasim_msgs/share/ament_index/resource_index/parent_prefix_path/eyantrasim_msgs
-- Symlinking: /home/pratheek/EYRC-Task_1/install/eyantrasim_msgs/share/eyantrasim_msgs/environment/ament_prefix_path.sh
-- Symlinking: /home/pratheek/EYRC-Task_1/install/eyantrasim_msgs/share/eyantrasim_msgs/environment/ament_prefix_path.dsv
-- Symlinking: /home/pratheek/EYRC-Task_1/install/eyantrasim_msgs/share/eyantrasim_msgs/environment/path.sh
-- Symlinking: /home/pratheek/EYRC-Task_1/install/eyantrasim_msgs/share/eyantrasim_msgs/environment/path.dsv
-- Symlinking: /home/pratheek/EYRC-Task_1/install/eyantrasim_msgs/share/eyantrasim_msgs/local_setup.bash
-- Symlinking: /home/pratheek/EYRC-Task_1/install/eyantrasim_msgs/share/eyantrasim_msgs/local_setup.sh
-- Symlinking: /home/pratheek/EYRC-Task_1/install/eyantrasim_msgs/share/eyantrasim_msgs/local_setup.zsh
-- Symlinking: /home/pratheek/EYRC-Task_1/install/eyantrasim_msgs/share/eyantrasim_msgs/local_setup.dsv
-- Symlinking: /home/pratheek/EYRC-Task_1/install/eyantrasim_msgs/share/eyantrasim_msgs/package.dsv
-- Symlinking: /home/pratheek/EYRC-Task_1/install/eyantrasim_msgs/share/ament_index/resource_index/packages/eyantrasim_msgs
-- Symlinking: /home/pratheek/EYRC-Task_1/install/eyantrasim_msgs/share/eyantrasim_msgs/cmake/rosidl_cmake-extras.cmake
-- Symlinking: /home/pratheek/EYRC-Task_1/install/eyantrasim_msgs/share/eyantrasim_msgs/cmake/ament_cmake_export_dependencies-extras.cmake
-- Symlinking: /home/pratheek/EYRC-Task_1/install/eyantrasim_msgs/share/eyantrasim_msgs/cmake/ament_cmake_export_include_directories-extras.cmake
-- Symlinking: /home/pratheek/EYRC-Task_1/install/eyantrasim_msgs/share/eyantrasim_msgs/cmake/ament_cmake_export_libraries-extras.cmake
-- Symlinking: /home/pratheek/EYRC-Task_1/install/eyantrasim_msgs/share/eyantrasim_msgs/cmake/ament_cmake_export_targets-extras.cmake
-- Symlinking: /home/pratheek/EYRC-Task_1/install/eyantrasim_msgs/share/eyantrasim_msgs/cmake/rosidl_cmake_export_typesupport_targets-extras.cmake
-- Symlinking: /home/pratheek/EYRC-Task_1/install/eyantrasim_msgs/share/eyantrasim_msgs/cmake/rosidl_cmake_export_typesupport_libraries-extras.cmake
-- Symlinking: /home/pratheek/EYRC-Task_1/install/eyantrasim_msgs/share/eyantrasim_msgs/cmake/eyantrasim_msgsConfig.cmake
-- Symlinking: /home/pratheek/EYRC-Task_1/install/eyantrasim_msgs/share/eyantrasim_msgs/cmake/eyantrasim_msgsConfig-version.cmake
-- Symlinking: /home/pratheek/EYRC-Task_1/install/eyantrasim_msgs/share/eyantrasim_msgs/package.xml
-- Installing: /home/pratheek/EYRC-Task_1/install/eyantrasim_msgs/lib/libeyantrasim_msgs__rosidl_generator_c.so
-- Set runtime path of "/home/pratheek/EYRC-Task_1/install/eyantrasim_msgs/lib/libeyantrasim_msgs__rosidl_generator_c.so" to ""
-- Installing: /home/pratheek/EYRC-Task_1/install/eyantrasim_msgs/lib/libeyantrasim_msgs__rosidl_typesupport_fastrtps_c.so
-- Set runtime path of "/home/pratheek/EYRC-Task_1/install/eyantrasim_msgs/lib/libeyantrasim_msgs__rosidl_typesupport_fastrtps_c.so" to ""
-- Installing: /home/pratheek/EYRC-Task_1/install/eyantrasim_msgs/lib/libeyantrasim_msgs__rosidl_typesupport_fastrtps_cpp.so
-- Set runtime path of "/home/pratheek/EYRC-Task_1/install/eyantrasim_msgs/lib/libeyantrasim_msgs__rosidl_typesupport_fastrtps_cpp.so" to ""
-- Installing: /home/pratheek/EYRC-Task_1/install/eyantrasim_msgs/lib/libeyantrasim_msgs__rosidl_typesupport_introspection_c.so
-- Set runtime path of "/home/pratheek/EYRC-Task_1/install/eyantrasim_msgs/lib/libeyantrasim_msgs__rosidl_typesupport_introspection_c.so" to ""
-- Installing: /home/pratheek/EYRC-Task_1/install/eyantrasim_msgs/lib/libeyantrasim_msgs__rosidl_typesupport_c.so
-- Set runtime path of "/home/pratheek/EYRC-Task_1/install/eyantrasim_msgs/lib/libeyantrasim_msgs__rosidl_typesupport_c.so" to ""
-- Installing: /home/pratheek/EYRC-Task_1/install/eyantrasim_msgs/lib/libeyantrasim_msgs__rosidl_typesupport_introspection_cpp.so
-- Set runtime path of "/home/pratheek/EYRC-Task_1/install/eyantrasim_msgs/lib/libeyantrasim_msgs__rosidl_typesupport_introspection_cpp.so" to ""
-- Installing: /home/pratheek/EYRC-Task_1/install/eyantrasim_msgs/lib/libeyantrasim_msgs__rosidl_typesupport_cpp.so
-- Set runtime path of "/home/pratheek/EYRC-Task_1/install/eyantrasim_msgs/lib/libeyantrasim_msgs__rosidl_typesupport_cpp.so" to ""
Listing '/home/pratheek/EYRC-Task_1/install/eyantrasim_msgs/local/lib/python3.10/dist-packages/eyantrasim_msgs'...
Compiling '/home/pratheek/EYRC-Task_1/install/eyantrasim_msgs/local/lib/python3.10/dist-packages/eyantrasim_msgs/__init__.py'...
Listing '/home/pratheek/EYRC-Task_1/install/eyantrasim_msgs/local/lib/python3.10/dist-packages/eyantrasim_msgs/action'...
Compiling '/home/pratheek/EYRC-Task_1/install/eyantrasim_msgs/local/lib/python3.10/dist-packages/eyantrasim_msgs/action/__init__.py'...
Compiling '/home/pratheek/EYRC-Task_1/install/eyantrasim_msgs/local/lib/python3.10/dist-packages/eyantrasim_msgs/action/_rotate_absolute.py'...
Listing '/home/pratheek/EYRC-Task_1/install/eyantrasim_msgs/local/lib/python3.10/dist-packages/eyantrasim_msgs/msg'...
Compiling '/home/pratheek/EYRC-Task_1/install/eyantrasim_msgs/local/lib/python3.10/dist-packages/eyantrasim_msgs/msg/__init__.py'...
Compiling '/home/pratheek/EYRC-Task_1/install/eyantrasim_msgs/local/lib/python3.10/dist-packages/eyantrasim_msgs/msg/_color.py'...
Compiling '/home/pratheek/EYRC-Task_1/install/eyantrasim_msgs/local/lib/python3.10/dist-packages/eyantrasim_msgs/msg/_pose.py'...
Listing '/home/pratheek/EYRC-Task_1/install/eyantrasim_msgs/local/lib/python3.10/dist-packages/eyantrasim_msgs/srv'...
Compiling '/home/pratheek/EYRC-Task_1/install/eyantrasim_msgs/local/lib/python3.10/dist-packages/eyantrasim_msgs/srv/__init__.py'...
Compiling '/home/pratheek/EYRC-Task_1/install/eyantrasim_msgs/local/lib/python3.10/dist-packages/eyantrasim_msgs/srv/_kill.py'...
Compiling '/home/pratheek/EYRC-Task_1/install/eyantrasim_msgs/local/lib/python3.10/dist-packages/eyantrasim_msgs/srv/_set_pen.py'...
Compiling '/home/pratheek/EYRC-Task_1/install/eyantrasim_msgs/local/lib/python3.10/dist-packages/eyantrasim_msgs/srv/_spawn.py'...
Compiling '/home/pratheek/EYRC-Task_1/install/eyantrasim_msgs/local/lib/python3.10/dist-packages/eyantrasim_msgs/srv/_teleport_absolute.py'...
Compiling '/home/pratheek/EYRC-Task_1/install/eyantrasim_msgs/local/lib/python3.10/dist-packages/eyantrasim_msgs/srv/_teleport_relative.py'...
-- Installing: /home/pratheek/EYRC-Task_1/install/eyantrasim_msgs/lib/libeyantrasim_msgs__rosidl_generator_py.so
-- Set runtime path of "/home/pratheek/EYRC-Task_1/install/eyantrasim_msgs/lib/libeyantrasim_msgs__rosidl_generator_py.so" to ""
-- Installing: /home/pratheek/EYRC-Task_1/install/eyantrasim_msgs/share/eyantrasim_msgs/cmake/export_eyantrasim_msgs__rosidl_generator_cExport.cmake
-- Installing: /home/pratheek/EYRC-Task_1/install/eyantrasim_msgs/share/eyantrasim_msgs/cmake/export_eyantrasim_msgs__rosidl_generator_cExport-noconfig.cmake
-- Installing: /home/pratheek/EYRC-Task_1/install/eyantrasim_msgs/share/eyantrasim_msgs/cmake/export_eyantrasim_msgs__rosidl_typesupport_fastrtps_cExport.cmake
-- Installing: /home/pratheek/EYRC-Task_1/install/eyantrasim_msgs/share/eyantrasim_msgs/cmake/export_eyantrasim_msgs__rosidl_typesupport_fastrtps_cExport-noconfig.cmake
-- Installing: /home/pratheek/EYRC-Task_1/install/eyantrasim_msgs/share/eyantrasim_msgs/cmake/export_eyantrasim_msgs__rosidl_generator_cppExport.cmake
-- Installing: /home/pratheek/EYRC-Task_1/install/eyantrasim_msgs/share/eyantrasim_msgs/cmake/export_eyantrasim_msgs__rosidl_typesupport_fastrtps_cppExport.cmake
-- Installing: /home/pratheek/EYRC-Task_1/install/eyantrasim_msgs/share/eyantrasim_msgs/cmake/export_eyantrasim_msgs__rosidl_typesupport_fastrtps_cppExport-noconfig.cmake
-- Installing: /home/pratheek/EYRC-Task_1/install/eyantrasim_msgs/share/eyantrasim_msgs/cmake/eyantrasim_msgs__rosidl_typesupport_introspection_cExport.cmake
-- Installing: /home/pratheek/EYRC-Task_1/install/eyantrasim_msgs/share/eyantrasim_msgs/cmake/eyantrasim_msgs__rosidl_typesupport_introspection_cExport-noconfig.cmake
-- Installing: /home/pratheek/EYRC-Task_1/install/eyantrasim_msgs/share/eyantrasim_msgs/cmake/eyantrasim_msgs__rosidl_typesupport_cExport.cmake
-- Installing: /home/pratheek/EYRC-Task_1/install/eyantrasim_msgs/share/eyantrasim_msgs/cmake/eyantrasim_msgs__rosidl_typesupport_cExport-noconfig.cmake
-- Installing: /home/pratheek/EYRC-Task_1/install/eyantrasim_msgs/share/eyantrasim_msgs/cmake/eyantrasim_msgs__rosidl_typesupport_introspection_cppExport.cmake
-- Installing: /home/pratheek/EYRC-Task_1/install/eyantrasim_msgs/share/eyantrasim_msgs/cmake/eyantrasim_msgs__rosidl_typesupport_introspection_cppExport-noconfig.cmake
-- Installing: /home/pratheek/EYRC-Task_1/install/eyantrasim_msgs/share/eyantrasim_msgs/cmake/eyantrasim_msgs__rosidl_typesupport_cppExport.cmake
-- Installing: /home/pratheek/EYRC-Task_1/install/eyantrasim_msgs/share/eyantrasim_msgs/cmake/eyantrasim_msgs__rosidl_typesupport_cppExport-noconfig.cmake
-- Installing: /home/pratheek/EYRC-Task_1/install/eyantrasim_msgs/share/eyantrasim_msgs/cmake/export_eyantrasim_msgs__rosidl_generator_pyExport.cmake
-- Installing: /home/pratheek/EYRC-Task_1/install/eyantrasim_msgs/share/eyantrasim_msgs/cmake/export_eyantrasim_msgs__rosidl_generator_pyExport-noconfig.cmake
