[0.016s] Invoking command in '/home/pratheek/EYRC-Task_1/build/eyantrasim_msgs': CMAKE_PREFIX_PATH=${CMAKE_PREFIX_PATH}:/home/pratheek/ros2_ws/install/my_controller:/opt/ros/humble /usr/bin/cmake /home/pratheek/EYRC-Task_1/src/eyantrasim_msgs -DAMENT_CMAKE_SYMLINK_INSTALL=1 -DCMAKE_INSTALL_PREFIX=/home/pratheek/EYRC-Task_1/install/eyantrasim_msgs
[0.113s] -- The C compiler identification is GNU 11.4.0
[0.212s] -- The CXX compiler identification is GNU 11.4.0
[0.226s] -- Detecting C compiler ABI info
[0.338s] -- Detecting C compiler ABI info - done
[0.351s] -- Check for working C compiler: /usr/bin/cc - skipped
[0.352s] -- Detecting C compile features
[0.353s] -- Detecting C compile features - done
[0.358s] -- Detecting CXX compiler ABI info
[0.495s] -- Detecting CXX compiler ABI info - done
[0.507s] -- Check for working CXX compiler: /usr/bin/c++ - skipped
[0.508s] -- Detecting CXX compile features
[0.509s] -- Detecting CXX compile features - done
[0.513s] -- Found ament_cmake: 1.3.12 (/opt/ros/humble/share/ament_cmake/cmake)
[0.785s] -- Found Python3: /usr/bin/python3 (found version "3.10.12") found components: Interpreter 
[0.895s] -- Override CMake install command with custom implementation using symlinks instead of copying resources
[0.950s] -- Found builtin_interfaces: 1.2.2 (/opt/ros/humble/share/builtin_interfaces/cmake)
[1.007s] -- Found rosidl_generator_c: 3.1.7 (/opt/ros/humble/share/rosidl_generator_c/cmake)
[1.017s] -- Found rosidl_adapter: 3.1.7 (/opt/ros/humble/share/rosidl_adapter/cmake)
[1.036s] -- Found rosidl_generator_cpp: 3.1.7 (/opt/ros/humble/share/rosidl_generator_cpp/cmake)
[1.056s] -- Using all available rosidl_typesupport_c: rosidl_typesupport_fastrtps_c;rosidl_typesupport_introspection_c
[1.084s] -- Using all available rosidl_typesupport_cpp: rosidl_typesupport_fastrtps_cpp;rosidl_typesupport_introspection_cpp
[1.112s] -- Found rosidl_default_generators: 1.2.0 (/opt/ros/humble/share/rosidl_default_generators/cmake)
[1.719s] -- Found ament_cmake_cppcheck: 0.12.14 (/opt/ros/humble/share/ament_cmake_cppcheck/cmake)
[1.724s] -- Found ament_cmake_cpplint: 0.12.14 (/opt/ros/humble/share/ament_cmake_cpplint/cmake)
[1.728s] -- Found ament_cmake_uncrustify: 0.12.14 (/opt/ros/humble/share/ament_cmake_uncrustify/cmake)
[1.733s] -- Found ament_cmake_ros: 0.10.0 (/opt/ros/humble/share/ament_cmake_ros/cmake)
[2.285s] -- Using all available rosidl_typesupport_c: rosidl_typesupport_fastrtps_c;rosidl_typesupport_introspection_c
[2.494s] -- Using all available rosidl_typesupport_cpp: rosidl_typesupport_fastrtps_cpp;rosidl_typesupport_introspection_cpp
[2.542s] -- Found PythonInterp: /usr/bin/python3 (found suitable version "3.10.12", minimum required is "3.6") 
[2.544s] -- Found python_cmake_module: 0.10.0 (/opt/ros/humble/share/python_cmake_module/cmake)
[2.587s] -- Found PythonLibs: /usr/lib/x86_64-linux-gnu/libpython3.10.so (found suitable version "3.10.12", minimum required is "3.5") 
[2.587s] -- Using PYTHON_EXECUTABLE: /usr/bin/python3
[2.587s] -- Using PYTHON_INCLUDE_DIRS: /usr/include/python3.10
[2.587s] -- Using PYTHON_LIBRARIES: /usr/lib/x86_64-linux-gnu/libpython3.10.so
[2.622s] -- Found PythonExtra: .so  
[2.701s] -- Found ament_cmake_flake8: 0.12.14 (/opt/ros/humble/share/ament_cmake_flake8/cmake)
[2.708s] -- Found ament_cmake_pep257: 0.12.14 (/opt/ros/humble/share/ament_cmake_pep257/cmake)
[2.728s] -- Configuring done
[2.803s] -- Generating done
[2.823s] -- Build files have been written to: /home/pratheek/EYRC-Task_1/build/eyantrasim_msgs
[2.839s] Invoked command in '/home/pratheek/EYRC-Task_1/build/eyantrasim_msgs' returned '0': CMAKE_PREFIX_PATH=${CMAKE_PREFIX_PATH}:/home/pratheek/ros2_ws/install/my_controller:/opt/ros/humble /usr/bin/cmake /home/pratheek/EYRC-Task_1/src/eyantrasim_msgs -DAMENT_CMAKE_SYMLINK_INSTALL=1 -DCMAKE_INSTALL_PREFIX=/home/pratheek/EYRC-Task_1/install/eyantrasim_msgs
[2.843s] Invoking command in '/home/pratheek/EYRC-Task_1/build/eyantrasim_msgs': CMAKE_PREFIX_PATH=${CMAKE_PREFIX_PATH}:/home/pratheek/ros2_ws/install/my_controller:/opt/ros/humble /usr/bin/cmake --build /home/pratheek/EYRC-Task_1/build/eyantrasim_msgs -- -j2 -l2
[2.925s] [  1%] [34m[1mGenerating C code for ROS interfaces[0m
[2.949s] [  2%] [34m[1mGenerating C++ code for ROS interfaces[0m
[6.097s] [  3%] [32mBuilding C object CMakeFiles/eyantrasim_msgs__rosidl_generator_c.dir/rosidl_generator_c/eyantrasim_msgs/msg/detail/color__functions.c.o[0m
[6.227s] [  4%] [32mBuilding C object CMakeFiles/eyantrasim_msgs__rosidl_generator_c.dir/rosidl_generator_c/eyantrasim_msgs/msg/detail/pose__functions.c.o[0m
[6.302s] [  4%] Built target eyantrasim_msgs__cpp
[6.323s] [  5%] [32mBuilding C object CMakeFiles/eyantrasim_msgs__rosidl_generator_c.dir/rosidl_generator_c/eyantrasim_msgs/action/detail/rotate_absolute__functions.c.o[0m
[6.334s] [  6%] [32mBuilding C object CMakeFiles/eyantrasim_msgs__rosidl_generator_c.dir/rosidl_generator_c/eyantrasim_msgs/srv/detail/kill__functions.c.o[0m
[6.552s] [  6%] Built target ament_cmake_python_symlink_eyantrasim_msgs
[6.571s] [  8%] [32mBuilding C object CMakeFiles/eyantrasim_msgs__rosidl_generator_c.dir/rosidl_generator_c/eyantrasim_msgs/srv/detail/set_pen__functions.c.o[0m
[6.602s] [  9%] [32mBuilding C object CMakeFiles/eyantrasim_msgs__rosidl_generator_c.dir/rosidl_generator_c/eyantrasim_msgs/srv/detail/spawn__functions.c.o[0m
[6.672s] [ 10%] [34m[1mGenerating C++ type support dispatch for ROS interfaces[0m
[6.764s] [ 11%] [32mBuilding C object CMakeFiles/eyantrasim_msgs__rosidl_generator_c.dir/rosidl_generator_c/eyantrasim_msgs/srv/detail/teleport_absolute__functions.c.o[0m
[6.963s] [ 12%] [32mBuilding C object CMakeFiles/eyantrasim_msgs__rosidl_generator_c.dir/rosidl_generator_c/eyantrasim_msgs/srv/detail/teleport_relative__functions.c.o[0m
[7.157s] [ 13%] [32m[1mLinking C shared library libeyantrasim_msgs__rosidl_generator_c.so[0m
[7.287s] [ 13%] Built target eyantrasim_msgs__rosidl_generator_c
[7.323s] [ 14%] [34m[1mGenerating C++ type support for eProsima Fast-RTPS[0m
[8.290s] [ 16%] [32mBuilding CXX object CMakeFiles/eyantrasim_msgs__rosidl_typesupport_cpp.dir/rosidl_typesupport_cpp/eyantrasim_msgs/msg/color__type_support.cpp.o[0m
[9.168s] [ 17%] [32mBuilding CXX object CMakeFiles/eyantrasim_msgs__rosidl_typesupport_cpp.dir/rosidl_typesupport_cpp/eyantrasim_msgs/msg/pose__type_support.cpp.o[0m
[9.937s] [ 18%] [32mBuilding CXX object CMakeFiles/eyantrasim_msgs__rosidl_typesupport_fastrtps_cpp.dir/rosidl_typesupport_fastrtps_cpp/eyantrasim_msgs/msg/detail/dds_fastrtps/color__type_support.cpp.o[0m
[10.023s] [ 19%] [32mBuilding CXX object CMakeFiles/eyantrasim_msgs__rosidl_typesupport_cpp.dir/rosidl_typesupport_cpp/eyantrasim_msgs/action/rotate_absolute__type_support.cpp.o[0m
[10.727s] [ 20%] [32mBuilding CXX object CMakeFiles/eyantrasim_msgs__rosidl_typesupport_fastrtps_cpp.dir/rosidl_typesupport_fastrtps_cpp/eyantrasim_msgs/msg/detail/dds_fastrtps/pose__type_support.cpp.o[0m
[11.437s] [ 21%] [32mBuilding CXX object CMakeFiles/eyantrasim_msgs__rosidl_typesupport_cpp.dir/rosidl_typesupport_cpp/eyantrasim_msgs/srv/kill__type_support.cpp.o[0m
[11.528s] [ 22%] [32mBuilding CXX object CMakeFiles/eyantrasim_msgs__rosidl_typesupport_fastrtps_cpp.dir/rosidl_typesupport_fastrtps_cpp/eyantrasim_msgs/action/detail/dds_fastrtps/rotate_absolute__type_support.cpp.o[0m
[12.073s] [ 24%] [32mBuilding CXX object CMakeFiles/eyantrasim_msgs__rosidl_typesupport_cpp.dir/rosidl_typesupport_cpp/eyantrasim_msgs/srv/set_pen__type_support.cpp.o[0m
[12.640s] [ 25%] [32mBuilding CXX object CMakeFiles/eyantrasim_msgs__rosidl_typesupport_fastrtps_cpp.dir/rosidl_typesupport_fastrtps_cpp/eyantrasim_msgs/srv/detail/dds_fastrtps/kill__type_support.cpp.o[0m
[12.972s] [ 26%] [32mBuilding CXX object CMakeFiles/eyantrasim_msgs__rosidl_typesupport_cpp.dir/rosidl_typesupport_cpp/eyantrasim_msgs/srv/spawn__type_support.cpp.o[0m
[13.586s] [ 27%] [32mBuilding CXX object CMakeFiles/eyantrasim_msgs__rosidl_typesupport_fastrtps_cpp.dir/rosidl_typesupport_fastrtps_cpp/eyantrasim_msgs/srv/detail/dds_fastrtps/set_pen__type_support.cpp.o[0m
[13.833s] [ 28%] [32mBuilding CXX object CMakeFiles/eyantrasim_msgs__rosidl_typesupport_cpp.dir/rosidl_typesupport_cpp/eyantrasim_msgs/srv/teleport_absolute__type_support.cpp.o[0m
[14.336s] [ 29%] [32mBuilding CXX object CMakeFiles/eyantrasim_msgs__rosidl_typesupport_fastrtps_cpp.dir/rosidl_typesupport_fastrtps_cpp/eyantrasim_msgs/srv/detail/dds_fastrtps/spawn__type_support.cpp.o[0m
[14.622s] [ 31%] [32mBuilding CXX object CMakeFiles/eyantrasim_msgs__rosidl_typesupport_cpp.dir/rosidl_typesupport_cpp/eyantrasim_msgs/srv/teleport_relative__type_support.cpp.o[0m
[15.534s] [ 32%] [32m[1mLinking CXX shared library libeyantrasim_msgs__rosidl_typesupport_cpp.so[0m
[15.622s] [ 33%] [32mBuilding CXX object CMakeFiles/eyantrasim_msgs__rosidl_typesupport_fastrtps_cpp.dir/rosidl_typesupport_fastrtps_cpp/eyantrasim_msgs/srv/detail/dds_fastrtps/teleport_absolute__type_support.cpp.o[0m
[15.659s] [ 33%] Built target eyantrasim_msgs__rosidl_typesupport_cpp
[15.686s] [ 34%] [32mBuilding CXX object CMakeFiles/eyantrasim_msgs__rosidl_typesupport_fastrtps_cpp.dir/rosidl_typesupport_fastrtps_cpp/eyantrasim_msgs/srv/detail/dds_fastrtps/teleport_relative__type_support.cpp.o[0m
[17.250s] [ 35%] [34m[1mGenerating C introspection for ROS interfaces[0m
[17.310s] [ 36%] [32m[1mLinking CXX shared library libeyantrasim_msgs__rosidl_typesupport_fastrtps_cpp.so[0m
[17.578s] [ 36%] Built target eyantrasim_msgs__rosidl_typesupport_fastrtps_cpp
[17.611s] [ 37%] [34m[1mGenerating C type support dispatch for ROS interfaces[0m
[19.872s] [ 39%] [32mBuilding CXX object CMakeFiles/eyantrasim_msgs__rosidl_typesupport_c.dir/rosidl_typesupport_c/eyantrasim_msgs/msg/color__type_support.cpp.o[0m
[19.925s] [ 40%] [32mBuilding CXX object CMakeFiles/eyantrasim_msgs__rosidl_typesupport_c.dir/rosidl_typesupport_c/eyantrasim_msgs/msg/pose__type_support.cpp.o[0m
[20.047s] [ 41%] [32mBuilding CXX object CMakeFiles/eyantrasim_msgs__rosidl_typesupport_c.dir/rosidl_typesupport_c/eyantrasim_msgs/action/rotate_absolute__type_support.cpp.o[0m
[20.214s] [ 42%] [32mBuilding CXX object CMakeFiles/eyantrasim_msgs__rosidl_typesupport_c.dir/rosidl_typesupport_c/eyantrasim_msgs/srv/kill__type_support.cpp.o[0m
[20.326s] [ 43%] [32mBuilding CXX object CMakeFiles/eyantrasim_msgs__rosidl_typesupport_c.dir/rosidl_typesupport_c/eyantrasim_msgs/srv/set_pen__type_support.cpp.o[0m
[20.443s] [ 44%] [32mBuilding CXX object CMakeFiles/eyantrasim_msgs__rosidl_typesupport_c.dir/rosidl_typesupport_c/eyantrasim_msgs/srv/spawn__type_support.cpp.o[0m
[20.558s] [ 45%] [32mBuilding C object CMakeFiles/eyantrasim_msgs__rosidl_typesupport_introspection_c.dir/rosidl_typesupport_introspection_c/eyantrasim_msgs/msg/detail/color__type_support.c.o[0m
[20.570s] [ 47%] [32mBuilding CXX object CMakeFiles/eyantrasim_msgs__rosidl_typesupport_c.dir/rosidl_typesupport_c/eyantrasim_msgs/srv/teleport_absolute__type_support.cpp.o[0m
[20.675s] [ 48%] [32mBuilding CXX object CMakeFiles/eyantrasim_msgs__rosidl_typesupport_c.dir/rosidl_typesupport_c/eyantrasim_msgs/srv/teleport_relative__type_support.cpp.o[0m
[20.675s] [ 49%] [32mBuilding C object CMakeFiles/eyantrasim_msgs__rosidl_typesupport_introspection_c.dir/rosidl_typesupport_introspection_c/eyantrasim_msgs/msg/detail/pose__type_support.c.o[0m
[20.787s] [ 50%] [32mBuilding C object CMakeFiles/eyantrasim_msgs__rosidl_typesupport_introspection_c.dir/rosidl_typesupport_introspection_c/eyantrasim_msgs/action/detail/rotate_absolute__type_support.c.o[0m
[20.787s] [ 51%] [32m[1mLinking CXX shared library libeyantrasim_msgs__rosidl_typesupport_c.so[0m
[20.960s] [ 51%] Built target eyantrasim_msgs__rosidl_typesupport_c
[20.976s] [ 52%] [32mBuilding C object CMakeFiles/eyantrasim_msgs__rosidl_typesupport_introspection_c.dir/rosidl_typesupport_introspection_c/eyantrasim_msgs/srv/detail/kill__type_support.c.o[0m
[20.988s] [ 54%] [32mBuilding C object CMakeFiles/eyantrasim_msgs__rosidl_typesupport_introspection_c.dir/rosidl_typesupport_introspection_c/eyantrasim_msgs/srv/detail/set_pen__type_support.c.o[0m
[21.101s] [ 55%] [34m[1mGenerating C++ introspection for ROS interfaces[0m
[21.107s] [ 56%] [32mBuilding C object CMakeFiles/eyantrasim_msgs__rosidl_typesupport_introspection_c.dir/rosidl_typesupport_introspection_c/eyantrasim_msgs/srv/detail/spawn__type_support.c.o[0m
[21.249s] [ 57%] [32mBuilding C object CMakeFiles/eyantrasim_msgs__rosidl_typesupport_introspection_c.dir/rosidl_typesupport_introspection_c/eyantrasim_msgs/srv/detail/teleport_absolute__type_support.c.o[0m
[21.405s] [ 58%] [32mBuilding C object CMakeFiles/eyantrasim_msgs__rosidl_typesupport_introspection_c.dir/rosidl_typesupport_introspection_c/eyantrasim_msgs/srv/detail/teleport_relative__type_support.c.o[0m
[21.547s] [ 59%] [32m[1mLinking C shared library libeyantrasim_msgs__rosidl_typesupport_introspection_c.so[0m
[21.676s] [ 59%] Built target eyantrasim_msgs__rosidl_typesupport_introspection_c
[22.708s] running egg_info
[22.713s] creating eyantrasim_msgs.egg-info
[22.713s] writing eyantrasim_msgs.egg-info/PKG-INFO
[22.713s] writing dependency_links to eyantrasim_msgs.egg-info/dependency_links.txt
[22.713s] writing top-level names to eyantrasim_msgs.egg-info/top_level.txt
[22.719s] writing manifest file 'eyantrasim_msgs.egg-info/SOURCES.txt'
[22.719s] reading manifest file 'eyantrasim_msgs.egg-info/SOURCES.txt'
[22.723s] writing manifest file 'eyantrasim_msgs.egg-info/SOURCES.txt'
[22.831s] [ 59%] Built target ament_cmake_python_build_eyantrasim_msgs_egg
[22.869s] [ 60%] [34m[1mGenerating C type support for eProsima Fast-RTPS[0m
[23.501s] [ 62%] [32mBuilding CXX object CMakeFiles/eyantrasim_msgs__rosidl_typesupport_introspection_cpp.dir/rosidl_typesupport_introspection_cpp/eyantrasim_msgs/msg/detail/color__type_support.cpp.o[0m
[24.647s] [ 63%] [32mBuilding CXX object CMakeFiles/eyantrasim_msgs__rosidl_typesupport_introspection_cpp.dir/rosidl_typesupport_introspection_cpp/eyantrasim_msgs/msg/detail/pose__type_support.cpp.o[0m
[25.773s] [ 64%] [32mBuilding CXX object CMakeFiles/eyantrasim_msgs__rosidl_typesupport_introspection_cpp.dir/rosidl_typesupport_introspection_cpp/eyantrasim_msgs/action/detail/rotate_absolute__type_support.cpp.o[0m
[25.775s] [ 65%] [32mBuilding CXX object CMakeFiles/eyantrasim_msgs__rosidl_typesupport_fastrtps_c.dir/rosidl_typesupport_fastrtps_c/eyantrasim_msgs/msg/detail/color__type_support_c.cpp.o[0m
[26.688s] [ 66%] [32mBuilding CXX object CMakeFiles/eyantrasim_msgs__rosidl_typesupport_fastrtps_c.dir/rosidl_typesupport_fastrtps_c/eyantrasim_msgs/msg/detail/pose__type_support_c.cpp.o[0m
[27.579s] [ 67%] [32mBuilding CXX object CMakeFiles/eyantrasim_msgs__rosidl_typesupport_fastrtps_c.dir/rosidl_typesupport_fastrtps_c/eyantrasim_msgs/action/detail/rotate_absolute__type_support_c.cpp.o[0m
[27.729s] [ 68%] [32mBuilding CXX object CMakeFiles/eyantrasim_msgs__rosidl_typesupport_introspection_cpp.dir/rosidl_typesupport_introspection_cpp/eyantrasim_msgs/srv/detail/kill__type_support.cpp.o[0m
[28.614s] [ 70%] [32mBuilding CXX object CMakeFiles/eyantrasim_msgs__rosidl_typesupport_introspection_cpp.dir/rosidl_typesupport_introspection_cpp/eyantrasim_msgs/srv/detail/set_pen__type_support.cpp.o[0m
[28.678s] [ 71%] [32mBuilding CXX object CMakeFiles/eyantrasim_msgs__rosidl_typesupport_fastrtps_c.dir/rosidl_typesupport_fastrtps_c/eyantrasim_msgs/srv/detail/kill__type_support_c.cpp.o[0m
[29.679s] [ 72%] [32mBuilding CXX object CMakeFiles/eyantrasim_msgs__rosidl_typesupport_fastrtps_c.dir/rosidl_typesupport_fastrtps_c/eyantrasim_msgs/srv/detail/set_pen__type_support_c.cpp.o[0m
[29.771s] [ 73%] [32mBuilding CXX object CMakeFiles/eyantrasim_msgs__rosidl_typesupport_introspection_cpp.dir/rosidl_typesupport_introspection_cpp/eyantrasim_msgs/srv/detail/spawn__type_support.cpp.o[0m
[30.442s] [ 74%] [32mBuilding CXX object CMakeFiles/eyantrasim_msgs__rosidl_typesupport_fastrtps_c.dir/rosidl_typesupport_fastrtps_c/eyantrasim_msgs/srv/detail/spawn__type_support_c.cpp.o[0m
[30.521s] [ 75%] [32mBuilding CXX object CMakeFiles/eyantrasim_msgs__rosidl_typesupport_introspection_cpp.dir/rosidl_typesupport_introspection_cpp/eyantrasim_msgs/srv/detail/teleport_absolute__type_support.cpp.o[0m
[31.030s] [ 77%] [32mBuilding CXX object CMakeFiles/eyantrasim_msgs__rosidl_typesupport_fastrtps_c.dir/rosidl_typesupport_fastrtps_c/eyantrasim_msgs/srv/detail/teleport_absolute__type_support_c.cpp.o[0m
[31.122s] [ 78%] [32mBuilding CXX object CMakeFiles/eyantrasim_msgs__rosidl_typesupport_introspection_cpp.dir/rosidl_typesupport_introspection_cpp/eyantrasim_msgs/srv/detail/teleport_relative__type_support.cpp.o[0m
[31.601s] [ 79%] [32mBuilding CXX object CMakeFiles/eyantrasim_msgs__rosidl_typesupport_fastrtps_c.dir/rosidl_typesupport_fastrtps_c/eyantrasim_msgs/srv/detail/teleport_relative__type_support_c.cpp.o[0m
[31.722s] [ 80%] [32m[1mLinking CXX shared library libeyantrasim_msgs__rosidl_typesupport_introspection_cpp.so[0m
[31.861s] [ 80%] Built target eyantrasim_msgs__rosidl_typesupport_introspection_cpp
[32.147s] [ 81%] [32m[1mLinking CXX shared library libeyantrasim_msgs__rosidl_typesupport_fastrtps_c.so[0m
[32.274s] [ 81%] Built target eyantrasim_msgs__rosidl_typesupport_fastrtps_c
[32.304s] [ 81%] Built target eyantrasim_msgs
[32.336s] [ 82%] [34m[1mGenerating Python code for ROS interfaces[0m
[35.124s] [ 82%] Built target eyantrasim_msgs__py
[35.159s] [ 83%] [32mBuilding C object CMakeFiles/eyantrasim_msgs__rosidl_generator_py.dir/rosidl_generator_py/eyantrasim_msgs/msg/_color_s.c.o[0m
[35.162s] [ 85%] [32mBuilding C object CMakeFiles/eyantrasim_msgs__rosidl_generator_py.dir/rosidl_generator_py/eyantrasim_msgs/msg/_pose_s.c.o[0m
[35.319s] [ 86%] [32mBuilding C object CMakeFiles/eyantrasim_msgs__rosidl_generator_py.dir/rosidl_generator_py/eyantrasim_msgs/action/_rotate_absolute_s.c.o[0m
[35.334s] [ 87%] [32mBuilding C object CMakeFiles/eyantrasim_msgs__rosidl_generator_py.dir/rosidl_generator_py/eyantrasim_msgs/srv/_kill_s.c.o[0m
[35.516s] [ 88%] [32mBuilding C object CMakeFiles/eyantrasim_msgs__rosidl_generator_py.dir/rosidl_generator_py/eyantrasim_msgs/srv/_set_pen_s.c.o[0m
[35.542s] [ 89%] [32mBuilding C object CMakeFiles/eyantrasim_msgs__rosidl_generator_py.dir/rosidl_generator_py/eyantrasim_msgs/srv/_spawn_s.c.o[0m
[35.702s] [ 90%] [32mBuilding C object CMakeFiles/eyantrasim_msgs__rosidl_generator_py.dir/rosidl_generator_py/eyantrasim_msgs/srv/_teleport_absolute_s.c.o[0m
[35.723s] [ 91%] [32mBuilding C object CMakeFiles/eyantrasim_msgs__rosidl_generator_py.dir/rosidl_generator_py/eyantrasim_msgs/srv/_teleport_relative_s.c.o[0m
[35.888s] [ 93%] [32m[1mLinking C shared library rosidl_generator_py/eyantrasim_msgs/libeyantrasim_msgs__rosidl_generator_py.so[0m
[35.956s] [ 93%] Built target eyantrasim_msgs__rosidl_generator_py
[35.990s] [ 94%] [32mBuilding C object CMakeFiles/eyantrasim_msgs__rosidl_typesupport_introspection_c__pyext.dir/rosidl_generator_py/eyantrasim_msgs/_eyantrasim_msgs_s.ep.rosidl_typesupport_introspection_c.c.o[0m
[35.990s] [ 95%] [32mBuilding C object CMakeFiles/eyantrasim_msgs__rosidl_typesupport_fastrtps_c__pyext.dir/rosidl_generator_py/eyantrasim_msgs/_eyantrasim_msgs_s.ep.rosidl_typesupport_fastrtps_c.c.o[0m
[36.250s] [ 96%] [32m[1mLinking C shared library rosidl_generator_py/eyantrasim_msgs/eyantrasim_msgs_s__rosidl_typesupport_introspection_c.cpython-310-x86_64-linux-gnu.so[0m
[36.272s] [ 97%] [32m[1mLinking C shared library rosidl_generator_py/eyantrasim_msgs/eyantrasim_msgs_s__rosidl_typesupport_fastrtps_c.cpython-310-x86_64-linux-gnu.so[0m
[36.318s] [ 97%] Built target eyantrasim_msgs__rosidl_typesupport_introspection_c__pyext
[36.341s] [ 97%] Built target eyantrasim_msgs__rosidl_typesupport_fastrtps_c__pyext
[36.350s] [ 98%] [32mBuilding C object CMakeFiles/eyantrasim_msgs__rosidl_typesupport_c__pyext.dir/rosidl_generator_py/eyantrasim_msgs/_eyantrasim_msgs_s.ep.rosidl_typesupport_c.c.o[0m
[36.604s] [100%] [32m[1mLinking C shared library rosidl_generator_py/eyantrasim_msgs/eyantrasim_msgs_s__rosidl_typesupport_c.cpython-310-x86_64-linux-gnu.so[0m
[36.671s] [100%] Built target eyantrasim_msgs__rosidl_typesupport_c__pyext
[36.690s] Invoked command in '/home/pratheek/EYRC-Task_1/build/eyantrasim_msgs' returned '0': CMAKE_PREFIX_PATH=${CMAKE_PREFIX_PATH}:/home/pratheek/ros2_ws/install/my_controller:/opt/ros/humble /usr/bin/cmake --build /home/pratheek/EYRC-Task_1/build/eyantrasim_msgs -- -j2 -l2
[36.693s] Invoking command in '/home/pratheek/EYRC-Task_1/build/eyantrasim_msgs': CMAKE_PREFIX_PATH=${CMAKE_PREFIX_PATH}:/home/pratheek/ros2_ws/install/my_controller:/opt/ros/humble /usr/bin/cmake --install /home/pratheek/EYRC-Task_1/build/eyantrasim_msgs
[36.704s] -- Install configuration: ""
[36.705s] -- Execute custom install script
[36.705s] -- Symlinking: /home/pratheek/EYRC-Task_1/install/eyantrasim_msgs/share/ament_index/resource_index/rosidl_interfaces/eyantrasim_msgs
[36.720s] -- Symlinking: /home/pratheek/EYRC-Task_1/install/eyantrasim_msgs/include/eyantrasim_msgs/eyantrasim_msgs/action/detail/rotate_absolute__functions.h
[36.733s] -- Symlinking: /home/pratheek/EYRC-Task_1/install/eyantrasim_msgs/include/eyantrasim_msgs/eyantrasim_msgs/action/detail/rotate_absolute__struct.h
[36.746s] -- Symlinking: /home/pratheek/EYRC-Task_1/install/eyantrasim_msgs/include/eyantrasim_msgs/eyantrasim_msgs/action/detail/rotate_absolute__type_support.h
[36.760s] -- Symlinking: /home/pratheek/EYRC-Task_1/install/eyantrasim_msgs/include/eyantrasim_msgs/eyantrasim_msgs/action/rotate_absolute.h
[36.774s] -- Symlinking: /home/pratheek/EYRC-Task_1/install/eyantrasim_msgs/include/eyantrasim_msgs/eyantrasim_msgs/msg/color.h
[36.787s] -- Symlinking: /home/pratheek/EYRC-Task_1/install/eyantrasim_msgs/include/eyantrasim_msgs/eyantrasim_msgs/msg/detail/color__functions.h
[36.800s] -- Symlinking: /home/pratheek/EYRC-Task_1/install/eyantrasim_msgs/include/eyantrasim_msgs/eyantrasim_msgs/msg/detail/color__struct.h
[36.814s] -- Symlinking: /home/pratheek/EYRC-Task_1/install/eyantrasim_msgs/include/eyantrasim_msgs/eyantrasim_msgs/msg/detail/color__type_support.h
[36.827s] -- Symlinking: /home/pratheek/EYRC-Task_1/install/eyantrasim_msgs/include/eyantrasim_msgs/eyantrasim_msgs/msg/detail/pose__functions.h
[36.840s] -- Symlinking: /home/pratheek/EYRC-Task_1/install/eyantrasim_msgs/include/eyantrasim_msgs/eyantrasim_msgs/msg/detail/pose__struct.h
[36.853s] -- Symlinking: /home/pratheek/EYRC-Task_1/install/eyantrasim_msgs/include/eyantrasim_msgs/eyantrasim_msgs/msg/detail/pose__type_support.h
[36.867s] -- Symlinking: /home/pratheek/EYRC-Task_1/install/eyantrasim_msgs/include/eyantrasim_msgs/eyantrasim_msgs/msg/pose.h
[36.880s] -- Symlinking: /home/pratheek/EYRC-Task_1/install/eyantrasim_msgs/include/eyantrasim_msgs/eyantrasim_msgs/msg/rosidl_generator_c__visibility_control.h
[36.893s] -- Symlinking: /home/pratheek/EYRC-Task_1/install/eyantrasim_msgs/include/eyantrasim_msgs/eyantrasim_msgs/srv/detail/kill__functions.h
[36.907s] -- Symlinking: /home/pratheek/EYRC-Task_1/install/eyantrasim_msgs/include/eyantrasim_msgs/eyantrasim_msgs/srv/detail/kill__struct.h
[36.920s] -- Symlinking: /home/pratheek/EYRC-Task_1/install/eyantrasim_msgs/include/eyantrasim_msgs/eyantrasim_msgs/srv/detail/kill__type_support.h
[36.933s] -- Symlinking: /home/pratheek/EYRC-Task_1/install/eyantrasim_msgs/include/eyantrasim_msgs/eyantrasim_msgs/srv/detail/set_pen__functions.h
[36.946s] -- Symlinking: /home/pratheek/EYRC-Task_1/install/eyantrasim_msgs/include/eyantrasim_msgs/eyantrasim_msgs/srv/detail/set_pen__struct.h
[36.960s] -- Symlinking: /home/pratheek/EYRC-Task_1/install/eyantrasim_msgs/include/eyantrasim_msgs/eyantrasim_msgs/srv/detail/set_pen__type_support.h
[36.974s] -- Symlinking: /home/pratheek/EYRC-Task_1/install/eyantrasim_msgs/include/eyantrasim_msgs/eyantrasim_msgs/srv/detail/spawn__functions.h
[36.987s] -- Symlinking: /home/pratheek/EYRC-Task_1/install/eyantrasim_msgs/include/eyantrasim_msgs/eyantrasim_msgs/srv/detail/spawn__struct.h
[37.000s] -- Symlinking: /home/pratheek/EYRC-Task_1/install/eyantrasim_msgs/include/eyantrasim_msgs/eyantrasim_msgs/srv/detail/spawn__type_support.h
[37.013s] -- Symlinking: /home/pratheek/EYRC-Task_1/install/eyantrasim_msgs/include/eyantrasim_msgs/eyantrasim_msgs/srv/detail/teleport_absolute__functions.h
[37.026s] -- Symlinking: /home/pratheek/EYRC-Task_1/install/eyantrasim_msgs/include/eyantrasim_msgs/eyantrasim_msgs/srv/detail/teleport_absolute__struct.h
[37.042s] -- Symlinking: /home/pratheek/EYRC-Task_1/install/eyantrasim_msgs/include/eyantrasim_msgs/eyantrasim_msgs/srv/detail/teleport_absolute__type_support.h
[37.053s] -- Symlinking: /home/pratheek/EYRC-Task_1/install/eyantrasim_msgs/include/eyantrasim_msgs/eyantrasim_msgs/srv/detail/teleport_relative__functions.h
[37.068s] -- Symlinking: /home/pratheek/EYRC-Task_1/install/eyantrasim_msgs/include/eyantrasim_msgs/eyantrasim_msgs/srv/detail/teleport_relative__struct.h
[37.081s] -- Symlinking: /home/pratheek/EYRC-Task_1/install/eyantrasim_msgs/include/eyantrasim_msgs/eyantrasim_msgs/srv/detail/teleport_relative__type_support.h
[37.094s] -- Symlinking: /home/pratheek/EYRC-Task_1/install/eyantrasim_msgs/include/eyantrasim_msgs/eyantrasim_msgs/srv/kill.h
[37.107s] -- Symlinking: /home/pratheek/EYRC-Task_1/install/eyantrasim_msgs/include/eyantrasim_msgs/eyantrasim_msgs/srv/set_pen.h
[37.120s] -- Symlinking: /home/pratheek/EYRC-Task_1/install/eyantrasim_msgs/include/eyantrasim_msgs/eyantrasim_msgs/srv/spawn.h
[37.133s] -- Symlinking: /home/pratheek/EYRC-Task_1/install/eyantrasim_msgs/include/eyantrasim_msgs/eyantrasim_msgs/srv/teleport_absolute.h
[37.146s] -- Symlinking: /home/pratheek/EYRC-Task_1/install/eyantrasim_msgs/include/eyantrasim_msgs/eyantrasim_msgs/srv/teleport_relative.h
[37.161s] -- Symlinking: /home/pratheek/EYRC-Task_1/install/eyantrasim_msgs/share/eyantrasim_msgs/environment/library_path.sh
[37.175s] -- Symlinking: /home/pratheek/EYRC-Task_1/install/eyantrasim_msgs/share/eyantrasim_msgs/environment/library_path.dsv
[37.189s] -- Symlinking: /home/pratheek/EYRC-Task_1/install/eyantrasim_msgs/include/eyantrasim_msgs/eyantrasim_msgs/action/detail/rotate_absolute__rosidl_typesupport_fastrtps_c.h
[37.202s] -- Symlinking: /home/pratheek/EYRC-Task_1/install/eyantrasim_msgs/include/eyantrasim_msgs/eyantrasim_msgs/msg/detail/color__rosidl_typesupport_fastrtps_c.h
[37.215s] -- Symlinking: /home/pratheek/EYRC-Task_1/install/eyantrasim_msgs/include/eyantrasim_msgs/eyantrasim_msgs/msg/detail/pose__rosidl_typesupport_fastrtps_c.h
[37.228s] -- Symlinking: /home/pratheek/EYRC-Task_1/install/eyantrasim_msgs/include/eyantrasim_msgs/eyantrasim_msgs/msg/rosidl_typesupport_fastrtps_c__visibility_control.h
[37.242s] -- Symlinking: /home/pratheek/EYRC-Task_1/install/eyantrasim_msgs/include/eyantrasim_msgs/eyantrasim_msgs/srv/detail/kill__rosidl_typesupport_fastrtps_c.h
[37.255s] -- Symlinking: /home/pratheek/EYRC-Task_1/install/eyantrasim_msgs/include/eyantrasim_msgs/eyantrasim_msgs/srv/detail/set_pen__rosidl_typesupport_fastrtps_c.h
[37.269s] -- Symlinking: /home/pratheek/EYRC-Task_1/install/eyantrasim_msgs/include/eyantrasim_msgs/eyantrasim_msgs/srv/detail/spawn__rosidl_typesupport_fastrtps_c.h
[37.283s] -- Symlinking: /home/pratheek/EYRC-Task_1/install/eyantrasim_msgs/include/eyantrasim_msgs/eyantrasim_msgs/srv/detail/teleport_absolute__rosidl_typesupport_fastrtps_c.h
[37.296s] -- Symlinking: /home/pratheek/EYRC-Task_1/install/eyantrasim_msgs/include/eyantrasim_msgs/eyantrasim_msgs/srv/detail/teleport_relative__rosidl_typesupport_fastrtps_c.h
[37.310s] -- Symlinking: /home/pratheek/EYRC-Task_1/install/eyantrasim_msgs/include/eyantrasim_msgs/eyantrasim_msgs/action/detail/rotate_absolute__builder.hpp
[37.323s] -- Symlinking: /home/pratheek/EYRC-Task_1/install/eyantrasim_msgs/include/eyantrasim_msgs/eyantrasim_msgs/action/detail/rotate_absolute__struct.hpp
[37.336s] -- Symlinking: /home/pratheek/EYRC-Task_1/install/eyantrasim_msgs/include/eyantrasim_msgs/eyantrasim_msgs/action/detail/rotate_absolute__traits.hpp
[37.349s] -- Symlinking: /home/pratheek/EYRC-Task_1/install/eyantrasim_msgs/include/eyantrasim_msgs/eyantrasim_msgs/action/detail/rotate_absolute__type_support.hpp
[37.364s] -- Symlinking: /home/pratheek/EYRC-Task_1/install/eyantrasim_msgs/include/eyantrasim_msgs/eyantrasim_msgs/action/rotate_absolute.hpp
[37.378s] -- Symlinking: /home/pratheek/EYRC-Task_1/install/eyantrasim_msgs/include/eyantrasim_msgs/eyantrasim_msgs/msg/color.hpp
[37.391s] -- Symlinking: /home/pratheek/EYRC-Task_1/install/eyantrasim_msgs/include/eyantrasim_msgs/eyantrasim_msgs/msg/detail/color__builder.hpp
[37.404s] -- Symlinking: /home/pratheek/EYRC-Task_1/install/eyantrasim_msgs/include/eyantrasim_msgs/eyantrasim_msgs/msg/detail/color__struct.hpp
[37.417s] -- Symlinking: /home/pratheek/EYRC-Task_1/install/eyantrasim_msgs/include/eyantrasim_msgs/eyantrasim_msgs/msg/detail/color__traits.hpp
[37.430s] -- Symlinking: /home/pratheek/EYRC-Task_1/install/eyantrasim_msgs/include/eyantrasim_msgs/eyantrasim_msgs/msg/detail/color__type_support.hpp
[37.443s] -- Symlinking: /home/pratheek/EYRC-Task_1/install/eyantrasim_msgs/include/eyantrasim_msgs/eyantrasim_msgs/msg/detail/pose__builder.hpp
[37.460s] -- Symlinking: /home/pratheek/EYRC-Task_1/install/eyantrasim_msgs/include/eyantrasim_msgs/eyantrasim_msgs/msg/detail/pose__struct.hpp
[37.471s] -- Symlinking: /home/pratheek/EYRC-Task_1/install/eyantrasim_msgs/include/eyantrasim_msgs/eyantrasim_msgs/msg/detail/pose__traits.hpp
[37.485s] -- Symlinking: /home/pratheek/EYRC-Task_1/install/eyantrasim_msgs/include/eyantrasim_msgs/eyantrasim_msgs/msg/detail/pose__type_support.hpp
[37.498s] -- Symlinking: /home/pratheek/EYRC-Task_1/install/eyantrasim_msgs/include/eyantrasim_msgs/eyantrasim_msgs/msg/pose.hpp
[37.511s] -- Symlinking: /home/pratheek/EYRC-Task_1/install/eyantrasim_msgs/include/eyantrasim_msgs/eyantrasim_msgs/msg/rosidl_generator_cpp__visibility_control.hpp
[37.524s] -- Symlinking: /home/pratheek/EYRC-Task_1/install/eyantrasim_msgs/include/eyantrasim_msgs/eyantrasim_msgs/srv/detail/kill__builder.hpp
[37.537s] -- Symlinking: /home/pratheek/EYRC-Task_1/install/eyantrasim_msgs/include/eyantrasim_msgs/eyantrasim_msgs/srv/detail/kill__struct.hpp
[37.550s] -- Symlinking: /home/pratheek/EYRC-Task_1/install/eyantrasim_msgs/include/eyantrasim_msgs/eyantrasim_msgs/srv/detail/kill__traits.hpp
[37.564s] -- Symlinking: /home/pratheek/EYRC-Task_1/install/eyantrasim_msgs/include/eyantrasim_msgs/eyantrasim_msgs/srv/detail/kill__type_support.hpp
[37.578s] -- Symlinking: /home/pratheek/EYRC-Task_1/install/eyantrasim_msgs/include/eyantrasim_msgs/eyantrasim_msgs/srv/detail/set_pen__builder.hpp
[37.591s] -- Symlinking: /home/pratheek/EYRC-Task_1/install/eyantrasim_msgs/include/eyantrasim_msgs/eyantrasim_msgs/srv/detail/set_pen__struct.hpp
[37.604s] -- Symlinking: /home/pratheek/EYRC-Task_1/install/eyantrasim_msgs/include/eyantrasim_msgs/eyantrasim_msgs/srv/detail/set_pen__traits.hpp
[37.618s] -- Symlinking: /home/pratheek/EYRC-Task_1/install/eyantrasim_msgs/include/eyantrasim_msgs/eyantrasim_msgs/srv/detail/set_pen__type_support.hpp
[37.631s] -- Symlinking: /home/pratheek/EYRC-Task_1/install/eyantrasim_msgs/include/eyantrasim_msgs/eyantrasim_msgs/srv/detail/spawn__builder.hpp
[37.644s] -- Symlinking: /home/pratheek/EYRC-Task_1/install/eyantrasim_msgs/include/eyantrasim_msgs/eyantrasim_msgs/srv/detail/spawn__struct.hpp
[37.660s] -- Symlinking: /home/pratheek/EYRC-Task_1/install/eyantrasim_msgs/include/eyantrasim_msgs/eyantrasim_msgs/srv/detail/spawn__traits.hpp
[37.672s] -- Symlinking: /home/pratheek/EYRC-Task_1/install/eyantrasim_msgs/include/eyantrasim_msgs/eyantrasim_msgs/srv/detail/spawn__type_support.hpp
[37.685s] -- Symlinking: /home/pratheek/EYRC-Task_1/install/eyantrasim_msgs/include/eyantrasim_msgs/eyantrasim_msgs/srv/detail/teleport_absolute__builder.hpp
[37.698s] -- Symlinking: /home/pratheek/EYRC-Task_1/install/eyantrasim_msgs/include/eyantrasim_msgs/eyantrasim_msgs/srv/detail/teleport_absolute__struct.hpp
[37.711s] -- Symlinking: /home/pratheek/EYRC-Task_1/install/eyantrasim_msgs/include/eyantrasim_msgs/eyantrasim_msgs/srv/detail/teleport_absolute__traits.hpp
[37.724s] -- Symlinking: /home/pratheek/EYRC-Task_1/install/eyantrasim_msgs/include/eyantrasim_msgs/eyantrasim_msgs/srv/detail/teleport_absolute__type_support.hpp
[37.737s] -- Symlinking: /home/pratheek/EYRC-Task_1/install/eyantrasim_msgs/include/eyantrasim_msgs/eyantrasim_msgs/srv/detail/teleport_relative__builder.hpp
[37.750s] -- Symlinking: /home/pratheek/EYRC-Task_1/install/eyantrasim_msgs/include/eyantrasim_msgs/eyantrasim_msgs/srv/detail/teleport_relative__struct.hpp
[37.764s] -- Symlinking: /home/pratheek/EYRC-Task_1/install/eyantrasim_msgs/include/eyantrasim_msgs/eyantrasim_msgs/srv/detail/teleport_relative__traits.hpp
[37.778s] -- Symlinking: /home/pratheek/EYRC-Task_1/install/eyantrasim_msgs/include/eyantrasim_msgs/eyantrasim_msgs/srv/detail/teleport_relative__type_support.hpp
[37.791s] -- Symlinking: /home/pratheek/EYRC-Task_1/install/eyantrasim_msgs/include/eyantrasim_msgs/eyantrasim_msgs/srv/kill.hpp
[37.804s] -- Symlinking: /home/pratheek/EYRC-Task_1/install/eyantrasim_msgs/include/eyantrasim_msgs/eyantrasim_msgs/srv/set_pen.hpp
[37.817s] -- Symlinking: /home/pratheek/EYRC-Task_1/install/eyantrasim_msgs/include/eyantrasim_msgs/eyantrasim_msgs/srv/spawn.hpp
[37.831s] -- Symlinking: /home/pratheek/EYRC-Task_1/install/eyantrasim_msgs/include/eyantrasim_msgs/eyantrasim_msgs/srv/teleport_absolute.hpp
[37.844s] -- Symlinking: /home/pratheek/EYRC-Task_1/install/eyantrasim_msgs/include/eyantrasim_msgs/eyantrasim_msgs/srv/teleport_relative.hpp
[37.859s] -- Symlinking: /home/pratheek/EYRC-Task_1/install/eyantrasim_msgs/include/eyantrasim_msgs/eyantrasim_msgs/action/detail/rotate_absolute__rosidl_typesupport_fastrtps_cpp.hpp
[37.874s] -- Symlinking: /home/pratheek/EYRC-Task_1/install/eyantrasim_msgs/include/eyantrasim_msgs/eyantrasim_msgs/msg/detail/color__rosidl_typesupport_fastrtps_cpp.hpp
[37.887s] -- Symlinking: /home/pratheek/EYRC-Task_1/install/eyantrasim_msgs/include/eyantrasim_msgs/eyantrasim_msgs/msg/detail/pose__rosidl_typesupport_fastrtps_cpp.hpp
[37.900s] -- Symlinking: /home/pratheek/EYRC-Task_1/install/eyantrasim_msgs/include/eyantrasim_msgs/eyantrasim_msgs/msg/rosidl_typesupport_fastrtps_cpp__visibility_control.h
[37.913s] -- Symlinking: /home/pratheek/EYRC-Task_1/install/eyantrasim_msgs/include/eyantrasim_msgs/eyantrasim_msgs/srv/detail/kill__rosidl_typesupport_fastrtps_cpp.hpp
[37.926s] -- Symlinking: /home/pratheek/EYRC-Task_1/install/eyantrasim_msgs/include/eyantrasim_msgs/eyantrasim_msgs/srv/detail/set_pen__rosidl_typesupport_fastrtps_cpp.hpp
[37.939s] -- Symlinking: /home/pratheek/EYRC-Task_1/install/eyantrasim_msgs/include/eyantrasim_msgs/eyantrasim_msgs/srv/detail/spawn__rosidl_typesupport_fastrtps_cpp.hpp
[37.952s] -- Symlinking: /home/pratheek/EYRC-Task_1/install/eyantrasim_msgs/include/eyantrasim_msgs/eyantrasim_msgs/srv/detail/teleport_absolute__rosidl_typesupport_fastrtps_cpp.hpp
[37.966s] -- Symlinking: /home/pratheek/EYRC-Task_1/install/eyantrasim_msgs/include/eyantrasim_msgs/eyantrasim_msgs/srv/detail/teleport_relative__rosidl_typesupport_fastrtps_cpp.hpp
[37.980s] -- Symlinking: /home/pratheek/EYRC-Task_1/install/eyantrasim_msgs/include/eyantrasim_msgs/eyantrasim_msgs/action/detail/rotate_absolute__rosidl_typesupport_introspection_c.h
[37.994s] -- Symlinking: /home/pratheek/EYRC-Task_1/install/eyantrasim_msgs/include/eyantrasim_msgs/eyantrasim_msgs/msg/detail/color__rosidl_typesupport_introspection_c.h
[38.007s] -- Symlinking: /home/pratheek/EYRC-Task_1/install/eyantrasim_msgs/include/eyantrasim_msgs/eyantrasim_msgs/msg/detail/pose__rosidl_typesupport_introspection_c.h
[38.020s] -- Symlinking: /home/pratheek/EYRC-Task_1/install/eyantrasim_msgs/include/eyantrasim_msgs/eyantrasim_msgs/msg/rosidl_typesupport_introspection_c__visibility_control.h
[38.033s] -- Symlinking: /home/pratheek/EYRC-Task_1/install/eyantrasim_msgs/include/eyantrasim_msgs/eyantrasim_msgs/srv/detail/kill__rosidl_typesupport_introspection_c.h
[38.046s] -- Symlinking: /home/pratheek/EYRC-Task_1/install/eyantrasim_msgs/include/eyantrasim_msgs/eyantrasim_msgs/srv/detail/set_pen__rosidl_typesupport_introspection_c.h
[38.061s] -- Symlinking: /home/pratheek/EYRC-Task_1/install/eyantrasim_msgs/include/eyantrasim_msgs/eyantrasim_msgs/srv/detail/spawn__rosidl_typesupport_introspection_c.h
[38.074s] -- Symlinking: /home/pratheek/EYRC-Task_1/install/eyantrasim_msgs/include/eyantrasim_msgs/eyantrasim_msgs/srv/detail/teleport_absolute__rosidl_typesupport_introspection_c.h
[38.087s] -- Symlinking: /home/pratheek/EYRC-Task_1/install/eyantrasim_msgs/include/eyantrasim_msgs/eyantrasim_msgs/srv/detail/teleport_relative__rosidl_typesupport_introspection_c.h
[38.101s] -- Symlinking: /home/pratheek/EYRC-Task_1/install/eyantrasim_msgs/include/eyantrasim_msgs/eyantrasim_msgs/action/detail/rotate_absolute__rosidl_typesupport_introspection_cpp.hpp
[38.114s] -- Symlinking: /home/pratheek/EYRC-Task_1/install/eyantrasim_msgs/include/eyantrasim_msgs/eyantrasim_msgs/msg/detail/color__rosidl_typesupport_introspection_cpp.hpp
[38.127s] -- Symlinking: /home/pratheek/EYRC-Task_1/install/eyantrasim_msgs/include/eyantrasim_msgs/eyantrasim_msgs/msg/detail/pose__rosidl_typesupport_introspection_cpp.hpp
[38.140s] -- Symlinking: /home/pratheek/EYRC-Task_1/install/eyantrasim_msgs/include/eyantrasim_msgs/eyantrasim_msgs/srv/detail/kill__rosidl_typesupport_introspection_cpp.hpp
[38.154s] -- Symlinking: /home/pratheek/EYRC-Task_1/install/eyantrasim_msgs/include/eyantrasim_msgs/eyantrasim_msgs/srv/detail/set_pen__rosidl_typesupport_introspection_cpp.hpp
[38.168s] -- Symlinking: /home/pratheek/EYRC-Task_1/install/eyantrasim_msgs/include/eyantrasim_msgs/eyantrasim_msgs/srv/detail/spawn__rosidl_typesupport_introspection_cpp.hpp
[38.181s] -- Symlinking: /home/pratheek/EYRC-Task_1/install/eyantrasim_msgs/include/eyantrasim_msgs/eyantrasim_msgs/srv/detail/teleport_absolute__rosidl_typesupport_introspection_cpp.hpp
[38.195s] -- Symlinking: /home/pratheek/EYRC-Task_1/install/eyantrasim_msgs/include/eyantrasim_msgs/eyantrasim_msgs/srv/detail/teleport_relative__rosidl_typesupport_introspection_cpp.hpp
[38.208s] -- Symlinking: /home/pratheek/EYRC-Task_1/install/eyantrasim_msgs/share/eyantrasim_msgs/environment/pythonpath.sh
[38.221s] -- Symlinking: /home/pratheek/EYRC-Task_1/install/eyantrasim_msgs/share/eyantrasim_msgs/environment/pythonpath.dsv
[38.235s] -- Symlinking: /home/pratheek/EYRC-Task_1/install/eyantrasim_msgs/local/lib/python3.10/dist-packages/eyantrasim_msgs-1.10.1-py3.10.egg-info/PKG-INFO
[38.248s] -- Symlinking: /home/pratheek/EYRC-Task_1/install/eyantrasim_msgs/local/lib/python3.10/dist-packages/eyantrasim_msgs-1.10.1-py3.10.egg-info/SOURCES.txt
[38.262s] -- Symlinking: /home/pratheek/EYRC-Task_1/install/eyantrasim_msgs/local/lib/python3.10/dist-packages/eyantrasim_msgs-1.10.1-py3.10.egg-info/dependency_links.txt
[38.276s] -- Symlinking: /home/pratheek/EYRC-Task_1/install/eyantrasim_msgs/local/lib/python3.10/dist-packages/eyantrasim_msgs-1.10.1-py3.10.egg-info/top_level.txt
[38.290s] -- Symlinking: /home/pratheek/EYRC-Task_1/install/eyantrasim_msgs/local/lib/python3.10/dist-packages/eyantrasim_msgs/__init__.py
[38.303s] -- Symlinking: /home/pratheek/EYRC-Task_1/install/eyantrasim_msgs/local/lib/python3.10/dist-packages/eyantrasim_msgs/_eyantrasim_msgs_s.ep.rosidl_typesupport_c.c
[38.316s] -- Symlinking: /home/pratheek/EYRC-Task_1/install/eyantrasim_msgs/local/lib/python3.10/dist-packages/eyantrasim_msgs/_eyantrasim_msgs_s.ep.rosidl_typesupport_fastrtps_c.c
[38.330s] -- Symlinking: /home/pratheek/EYRC-Task_1/install/eyantrasim_msgs/local/lib/python3.10/dist-packages/eyantrasim_msgs/_eyantrasim_msgs_s.ep.rosidl_typesupport_introspection_c.c
[38.343s] -- Symlinking: /home/pratheek/EYRC-Task_1/install/eyantrasim_msgs/local/lib/python3.10/dist-packages/eyantrasim_msgs/action/__init__.py
[38.356s] -- Symlinking: /home/pratheek/EYRC-Task_1/install/eyantrasim_msgs/local/lib/python3.10/dist-packages/eyantrasim_msgs/action/_rotate_absolute.py
[38.371s] -- Symlinking: /home/pratheek/EYRC-Task_1/install/eyantrasim_msgs/local/lib/python3.10/dist-packages/eyantrasim_msgs/action/_rotate_absolute_s.c
[38.385s] -- Symlinking: /home/pratheek/EYRC-Task_1/install/eyantrasim_msgs/local/lib/python3.10/dist-packages/eyantrasim_msgs/eyantrasim_msgs_s__rosidl_typesupport_c.cpython-310-x86_64-linux-gnu.so
[38.398s] -- Symlinking: /home/pratheek/EYRC-Task_1/install/eyantrasim_msgs/local/lib/python3.10/dist-packages/eyantrasim_msgs/eyantrasim_msgs_s__rosidl_typesupport_fastrtps_c.cpython-310-x86_64-linux-gnu.so
[38.411s] -- Symlinking: /home/pratheek/EYRC-Task_1/install/eyantrasim_msgs/local/lib/python3.10/dist-packages/eyantrasim_msgs/eyantrasim_msgs_s__rosidl_typesupport_introspection_c.cpython-310-x86_64-linux-gnu.so
[38.425s] -- Symlinking: /home/pratheek/EYRC-Task_1/install/eyantrasim_msgs/local/lib/python3.10/dist-packages/eyantrasim_msgs/libeyantrasim_msgs__rosidl_generator_py.so
[38.438s] -- Symlinking: /home/pratheek/EYRC-Task_1/install/eyantrasim_msgs/local/lib/python3.10/dist-packages/eyantrasim_msgs/msg/__init__.py
[38.451s] -- Symlinking: /home/pratheek/EYRC-Task_1/install/eyantrasim_msgs/local/lib/python3.10/dist-packages/eyantrasim_msgs/msg/_color.py
[38.465s] -- Symlinking: /home/pratheek/EYRC-Task_1/install/eyantrasim_msgs/local/lib/python3.10/dist-packages/eyantrasim_msgs/msg/_color_s.c
[38.479s] -- Symlinking: /home/pratheek/EYRC-Task_1/install/eyantrasim_msgs/local/lib/python3.10/dist-packages/eyantrasim_msgs/msg/_pose.py
[38.493s] -- Symlinking: /home/pratheek/EYRC-Task_1/install/eyantrasim_msgs/local/lib/python3.10/dist-packages/eyantrasim_msgs/msg/_pose_s.c
[38.506s] -- Symlinking: /home/pratheek/EYRC-Task_1/install/eyantrasim_msgs/local/lib/python3.10/dist-packages/eyantrasim_msgs/srv/__init__.py
[38.519s] -- Symlinking: /home/pratheek/EYRC-Task_1/install/eyantrasim_msgs/local/lib/python3.10/dist-packages/eyantrasim_msgs/srv/_kill.py
[38.532s] -- Symlinking: /home/pratheek/EYRC-Task_1/install/eyantrasim_msgs/local/lib/python3.10/dist-packages/eyantrasim_msgs/srv/_kill_s.c
[38.546s] -- Symlinking: /home/pratheek/EYRC-Task_1/install/eyantrasim_msgs/local/lib/python3.10/dist-packages/eyantrasim_msgs/srv/_set_pen.py
[38.561s] -- Symlinking: /home/pratheek/EYRC-Task_1/install/eyantrasim_msgs/local/lib/python3.10/dist-packages/eyantrasim_msgs/srv/_set_pen_s.c
[38.573s] -- Symlinking: /home/pratheek/EYRC-Task_1/install/eyantrasim_msgs/local/lib/python3.10/dist-packages/eyantrasim_msgs/srv/_spawn.py
[38.586s] -- Symlinking: /home/pratheek/EYRC-Task_1/install/eyantrasim_msgs/local/lib/python3.10/dist-packages/eyantrasim_msgs/srv/_spawn_s.c
[38.600s] -- Symlinking: /home/pratheek/EYRC-Task_1/install/eyantrasim_msgs/local/lib/python3.10/dist-packages/eyantrasim_msgs/srv/_teleport_absolute.py
[38.613s] -- Symlinking: /home/pratheek/EYRC-Task_1/install/eyantrasim_msgs/local/lib/python3.10/dist-packages/eyantrasim_msgs/srv/_teleport_absolute_s.c
[38.626s] -- Symlinking: /home/pratheek/EYRC-Task_1/install/eyantrasim_msgs/local/lib/python3.10/dist-packages/eyantrasim_msgs/srv/_teleport_relative.py
[38.639s] -- Symlinking: /home/pratheek/EYRC-Task_1/install/eyantrasim_msgs/local/lib/python3.10/dist-packages/eyantrasim_msgs/srv/_teleport_relative_s.c
[38.653s] -- Up-to-date symlink: /home/pratheek/EYRC-Task_1/install/eyantrasim_msgs/local/lib/python3.10/dist-packages/eyantrasim_msgs/eyantrasim_msgs_s__rosidl_typesupport_fastrtps_c.cpython-310-x86_64-linux-gnu.so
[38.653s] -- Up-to-date symlink: /home/pratheek/EYRC-Task_1/install/eyantrasim_msgs/local/lib/python3.10/dist-packages/eyantrasim_msgs/eyantrasim_msgs_s__rosidl_typesupport_introspection_c.cpython-310-x86_64-linux-gnu.so
[38.653s] -- Up-to-date symlink: /home/pratheek/EYRC-Task_1/install/eyantrasim_msgs/local/lib/python3.10/dist-packages/eyantrasim_msgs/eyantrasim_msgs_s__rosidl_typesupport_c.cpython-310-x86_64-linux-gnu.so
[38.653s] -- Symlinking: /home/pratheek/EYRC-Task_1/install/eyantrasim_msgs/share/eyantrasim_msgs/msg/Color.idl
[38.667s] -- Symlinking: /home/pratheek/EYRC-Task_1/install/eyantrasim_msgs/share/eyantrasim_msgs/msg/Pose.idl
[38.681s] -- Symlinking: /home/pratheek/EYRC-Task_1/install/eyantrasim_msgs/share/eyantrasim_msgs/action/RotateAbsolute.idl
[38.695s] -- Symlinking: /home/pratheek/EYRC-Task_1/install/eyantrasim_msgs/share/eyantrasim_msgs/srv/Kill.idl
[38.708s] -- Symlinking: /home/pratheek/EYRC-Task_1/install/eyantrasim_msgs/share/eyantrasim_msgs/srv/SetPen.idl
[38.721s] -- Symlinking: /home/pratheek/EYRC-Task_1/install/eyantrasim_msgs/share/eyantrasim_msgs/srv/Spawn.idl
[38.734s] -- Symlinking: /home/pratheek/EYRC-Task_1/install/eyantrasim_msgs/share/eyantrasim_msgs/srv/TeleportAbsolute.idl
[38.747s] -- Symlinking: /home/pratheek/EYRC-Task_1/install/eyantrasim_msgs/share/eyantrasim_msgs/srv/TeleportRelative.idl
[38.762s] -- Symlinking: /home/pratheek/EYRC-Task_1/install/eyantrasim_msgs/share/eyantrasim_msgs/msg/Color.msg
[38.775s] -- Symlinking: /home/pratheek/EYRC-Task_1/install/eyantrasim_msgs/share/eyantrasim_msgs/msg/Pose.msg
[38.789s] -- Symlinking: /home/pratheek/EYRC-Task_1/install/eyantrasim_msgs/share/eyantrasim_msgs/action/RotateAbsolute.action
[38.802s] -- Symlinking: /home/pratheek/EYRC-Task_1/install/eyantrasim_msgs/share/eyantrasim_msgs/srv/Kill.srv
[38.815s] -- Symlinking: /home/pratheek/EYRC-Task_1/install/eyantrasim_msgs/share/eyantrasim_msgs/srv/Kill_Request.msg
[38.828s] -- Symlinking: /home/pratheek/EYRC-Task_1/install/eyantrasim_msgs/share/eyantrasim_msgs/srv/Kill_Response.msg
[38.842s] -- Symlinking: /home/pratheek/EYRC-Task_1/install/eyantrasim_msgs/share/eyantrasim_msgs/srv/SetPen.srv
[38.855s] -- Symlinking: /home/pratheek/EYRC-Task_1/install/eyantrasim_msgs/share/eyantrasim_msgs/srv/SetPen_Request.msg
[38.870s] -- Symlinking: /home/pratheek/EYRC-Task_1/install/eyantrasim_msgs/share/eyantrasim_msgs/srv/SetPen_Response.msg
[38.883s] -- Symlinking: /home/pratheek/EYRC-Task_1/install/eyantrasim_msgs/share/eyantrasim_msgs/srv/Spawn.srv
[38.897s] -- Symlinking: /home/pratheek/EYRC-Task_1/install/eyantrasim_msgs/share/eyantrasim_msgs/srv/Spawn_Request.msg
[38.910s] -- Symlinking: /home/pratheek/EYRC-Task_1/install/eyantrasim_msgs/share/eyantrasim_msgs/srv/Spawn_Response.msg
[38.923s] -- Symlinking: /home/pratheek/EYRC-Task_1/install/eyantrasim_msgs/share/eyantrasim_msgs/srv/TeleportAbsolute.srv
[38.936s] -- Symlinking: /home/pratheek/EYRC-Task_1/install/eyantrasim_msgs/share/eyantrasim_msgs/srv/TeleportAbsolute_Request.msg
[38.949s] -- Symlinking: /home/pratheek/EYRC-Task_1/install/eyantrasim_msgs/share/eyantrasim_msgs/srv/TeleportAbsolute_Response.msg
[38.963s] -- Symlinking: /home/pratheek/EYRC-Task_1/install/eyantrasim_msgs/share/eyantrasim_msgs/srv/TeleportRelative.srv
[38.977s] -- Symlinking: /home/pratheek/EYRC-Task_1/install/eyantrasim_msgs/share/eyantrasim_msgs/srv/TeleportRelative_Request.msg
[38.990s] -- Symlinking: /home/pratheek/EYRC-Task_1/install/eyantrasim_msgs/share/eyantrasim_msgs/srv/TeleportRelative_Response.msg
[39.004s] -- Symlinking: /home/pratheek/EYRC-Task_1/install/eyantrasim_msgs/share/ament_index/resource_index/package_run_dependencies/eyantrasim_msgs
[39.017s] -- Symlinking: /home/pratheek/EYRC-Task_1/install/eyantrasim_msgs/share/ament_index/resource_index/parent_prefix_path/eyantrasim_msgs
[39.031s] -- Symlinking: /home/pratheek/EYRC-Task_1/install/eyantrasim_msgs/share/eyantrasim_msgs/environment/ament_prefix_path.sh
[39.044s] -- Symlinking: /home/pratheek/EYRC-Task_1/install/eyantrasim_msgs/share/eyantrasim_msgs/environment/ament_prefix_path.dsv
[39.060s] -- Symlinking: /home/pratheek/EYRC-Task_1/install/eyantrasim_msgs/share/eyantrasim_msgs/environment/path.sh
[39.073s] -- Symlinking: /home/pratheek/EYRC-Task_1/install/eyantrasim_msgs/share/eyantrasim_msgs/environment/path.dsv
[39.086s] -- Symlinking: /home/pratheek/EYRC-Task_1/install/eyantrasim_msgs/share/eyantrasim_msgs/local_setup.bash
[39.099s] -- Symlinking: /home/pratheek/EYRC-Task_1/install/eyantrasim_msgs/share/eyantrasim_msgs/local_setup.sh
[39.113s] -- Symlinking: /home/pratheek/EYRC-Task_1/install/eyantrasim_msgs/share/eyantrasim_msgs/local_setup.zsh
[39.126s] -- Symlinking: /home/pratheek/EYRC-Task_1/install/eyantrasim_msgs/share/eyantrasim_msgs/local_setup.dsv
[39.139s] -- Symlinking: /home/pratheek/EYRC-Task_1/install/eyantrasim_msgs/share/eyantrasim_msgs/package.dsv
[39.152s] -- Symlinking: /home/pratheek/EYRC-Task_1/install/eyantrasim_msgs/share/ament_index/resource_index/packages/eyantrasim_msgs
[39.166s] -- Symlinking: /home/pratheek/EYRC-Task_1/install/eyantrasim_msgs/share/eyantrasim_msgs/cmake/rosidl_cmake-extras.cmake
[39.180s] -- Symlinking: /home/pratheek/EYRC-Task_1/install/eyantrasim_msgs/share/eyantrasim_msgs/cmake/ament_cmake_export_dependencies-extras.cmake
[39.193s] -- Symlinking: /home/pratheek/EYRC-Task_1/install/eyantrasim_msgs/share/eyantrasim_msgs/cmake/ament_cmake_export_include_directories-extras.cmake
[39.207s] -- Symlinking: /home/pratheek/EYRC-Task_1/install/eyantrasim_msgs/share/eyantrasim_msgs/cmake/ament_cmake_export_libraries-extras.cmake
[39.220s] -- Symlinking: /home/pratheek/EYRC-Task_1/install/eyantrasim_msgs/share/eyantrasim_msgs/cmake/ament_cmake_export_targets-extras.cmake
[39.233s] -- Symlinking: /home/pratheek/EYRC-Task_1/install/eyantrasim_msgs/share/eyantrasim_msgs/cmake/rosidl_cmake_export_typesupport_targets-extras.cmake
[39.246s] -- Symlinking: /home/pratheek/EYRC-Task_1/install/eyantrasim_msgs/share/eyantrasim_msgs/cmake/rosidl_cmake_export_typesupport_libraries-extras.cmake
[39.262s] -- Symlinking: /home/pratheek/EYRC-Task_1/install/eyantrasim_msgs/share/eyantrasim_msgs/cmake/eyantrasim_msgsConfig.cmake
[39.274s] -- Symlinking: /home/pratheek/EYRC-Task_1/install/eyantrasim_msgs/share/eyantrasim_msgs/cmake/eyantrasim_msgsConfig-version.cmake
[39.287s] -- Symlinking: /home/pratheek/EYRC-Task_1/install/eyantrasim_msgs/share/eyantrasim_msgs/package.xml
[39.301s] -- Installing: /home/pratheek/EYRC-Task_1/install/eyantrasim_msgs/lib/libeyantrasim_msgs__rosidl_generator_c.so
[39.301s] -- Set runtime path of "/home/pratheek/EYRC-Task_1/install/eyantrasim_msgs/lib/libeyantrasim_msgs__rosidl_generator_c.so" to ""
[39.301s] -- Installing: /home/pratheek/EYRC-Task_1/install/eyantrasim_msgs/lib/libeyantrasim_msgs__rosidl_typesupport_fastrtps_c.so
[39.302s] -- Set runtime path of "/home/pratheek/EYRC-Task_1/install/eyantrasim_msgs/lib/libeyantrasim_msgs__rosidl_typesupport_fastrtps_c.so" to ""
[39.302s] -- Installing: /home/pratheek/EYRC-Task_1/install/eyantrasim_msgs/lib/libeyantrasim_msgs__rosidl_typesupport_fastrtps_cpp.so
[39.303s] -- Set runtime path of "/home/pratheek/EYRC-Task_1/install/eyantrasim_msgs/lib/libeyantrasim_msgs__rosidl_typesupport_fastrtps_cpp.so" to ""
[39.303s] -- Installing: /home/pratheek/EYRC-Task_1/install/eyantrasim_msgs/lib/libeyantrasim_msgs__rosidl_typesupport_introspection_c.so
[39.304s] -- Set runtime path of "/home/pratheek/EYRC-Task_1/install/eyantrasim_msgs/lib/libeyantrasim_msgs__rosidl_typesupport_introspection_c.so" to ""
[39.304s] -- Installing: /home/pratheek/EYRC-Task_1/install/eyantrasim_msgs/lib/libeyantrasim_msgs__rosidl_typesupport_c.so
[39.305s] -- Set runtime path of "/home/pratheek/EYRC-Task_1/install/eyantrasim_msgs/lib/libeyantrasim_msgs__rosidl_typesupport_c.so" to ""
[39.305s] -- Installing: /home/pratheek/EYRC-Task_1/install/eyantrasim_msgs/lib/libeyantrasim_msgs__rosidl_typesupport_introspection_cpp.so
[39.305s] -- Set runtime path of "/home/pratheek/EYRC-Task_1/install/eyantrasim_msgs/lib/libeyantrasim_msgs__rosidl_typesupport_introspection_cpp.so" to ""
[39.305s] -- Installing: /home/pratheek/EYRC-Task_1/install/eyantrasim_msgs/lib/libeyantrasim_msgs__rosidl_typesupport_cpp.so
[39.306s] -- Set runtime path of "/home/pratheek/EYRC-Task_1/install/eyantrasim_msgs/lib/libeyantrasim_msgs__rosidl_typesupport_cpp.so" to ""
[39.387s] Listing '/home/pratheek/EYRC-Task_1/install/eyantrasim_msgs/local/lib/python3.10/dist-packages/eyantrasim_msgs'...
[39.387s] Compiling '/home/pratheek/EYRC-Task_1/install/eyantrasim_msgs/local/lib/python3.10/dist-packages/eyantrasim_msgs/__init__.py'...
[39.387s] Listing '/home/pratheek/EYRC-Task_1/install/eyantrasim_msgs/local/lib/python3.10/dist-packages/eyantrasim_msgs/action'...
[39.387s] Compiling '/home/pratheek/EYRC-Task_1/install/eyantrasim_msgs/local/lib/python3.10/dist-packages/eyantrasim_msgs/action/__init__.py'...
[39.387s] Compiling '/home/pratheek/EYRC-Task_1/install/eyantrasim_msgs/local/lib/python3.10/dist-packages/eyantrasim_msgs/action/_rotate_absolute.py'...
[39.387s] Listing '/home/pratheek/EYRC-Task_1/install/eyantrasim_msgs/local/lib/python3.10/dist-packages/eyantrasim_msgs/msg'...
[39.387s] Compiling '/home/pratheek/EYRC-Task_1/install/eyantrasim_msgs/local/lib/python3.10/dist-packages/eyantrasim_msgs/msg/__init__.py'...
[39.387s] Compiling '/home/pratheek/EYRC-Task_1/install/eyantrasim_msgs/local/lib/python3.10/dist-packages/eyantrasim_msgs/msg/_color.py'...
[39.388s] Compiling '/home/pratheek/EYRC-Task_1/install/eyantrasim_msgs/local/lib/python3.10/dist-packages/eyantrasim_msgs/msg/_pose.py'...
[39.388s] Listing '/home/pratheek/EYRC-Task_1/install/eyantrasim_msgs/local/lib/python3.10/dist-packages/eyantrasim_msgs/srv'...
[39.388s] Compiling '/home/pratheek/EYRC-Task_1/install/eyantrasim_msgs/local/lib/python3.10/dist-packages/eyantrasim_msgs/srv/__init__.py'...
[39.388s] Compiling '/home/pratheek/EYRC-Task_1/install/eyantrasim_msgs/local/lib/python3.10/dist-packages/eyantrasim_msgs/srv/_kill.py'...
[39.388s] Compiling '/home/pratheek/EYRC-Task_1/install/eyantrasim_msgs/local/lib/python3.10/dist-packages/eyantrasim_msgs/srv/_set_pen.py'...
[39.388s] Compiling '/home/pratheek/EYRC-Task_1/install/eyantrasim_msgs/local/lib/python3.10/dist-packages/eyantrasim_msgs/srv/_spawn.py'...
[39.388s] Compiling '/home/pratheek/EYRC-Task_1/install/eyantrasim_msgs/local/lib/python3.10/dist-packages/eyantrasim_msgs/srv/_teleport_absolute.py'...
[39.388s] Compiling '/home/pratheek/EYRC-Task_1/install/eyantrasim_msgs/local/lib/python3.10/dist-packages/eyantrasim_msgs/srv/_teleport_relative.py'...
[39.395s] -- Installing: /home/pratheek/EYRC-Task_1/install/eyantrasim_msgs/lib/libeyantrasim_msgs__rosidl_generator_py.so
[39.395s] -- Set runtime path of "/home/pratheek/EYRC-Task_1/install/eyantrasim_msgs/lib/libeyantrasim_msgs__rosidl_generator_py.so" to ""
[39.395s] -- Installing: /home/pratheek/EYRC-Task_1/install/eyantrasim_msgs/share/eyantrasim_msgs/cmake/export_eyantrasim_msgs__rosidl_generator_cExport.cmake
[39.396s] -- Installing: /home/pratheek/EYRC-Task_1/install/eyantrasim_msgs/share/eyantrasim_msgs/cmake/export_eyantrasim_msgs__rosidl_generator_cExport-noconfig.cmake
[39.396s] -- Installing: /home/pratheek/EYRC-Task_1/install/eyantrasim_msgs/share/eyantrasim_msgs/cmake/export_eyantrasim_msgs__rosidl_typesupport_fastrtps_cExport.cmake
[39.396s] -- Installing: /home/pratheek/EYRC-Task_1/install/eyantrasim_msgs/share/eyantrasim_msgs/cmake/export_eyantrasim_msgs__rosidl_typesupport_fastrtps_cExport-noconfig.cmake
[39.396s] -- Installing: /home/pratheek/EYRC-Task_1/install/eyantrasim_msgs/share/eyantrasim_msgs/cmake/export_eyantrasim_msgs__rosidl_generator_cppExport.cmake
[39.396s] -- Installing: /home/pratheek/EYRC-Task_1/install/eyantrasim_msgs/share/eyantrasim_msgs/cmake/export_eyantrasim_msgs__rosidl_typesupport_fastrtps_cppExport.cmake
[39.397s] -- Installing: /home/pratheek/EYRC-Task_1/install/eyantrasim_msgs/share/eyantrasim_msgs/cmake/export_eyantrasim_msgs__rosidl_typesupport_fastrtps_cppExport-noconfig.cmake
[39.397s] -- Installing: /home/pratheek/EYRC-Task_1/install/eyantrasim_msgs/share/eyantrasim_msgs/cmake/eyantrasim_msgs__rosidl_typesupport_introspection_cExport.cmake
[39.397s] -- Installing: /home/pratheek/EYRC-Task_1/install/eyantrasim_msgs/share/eyantrasim_msgs/cmake/eyantrasim_msgs__rosidl_typesupport_introspection_cExport-noconfig.cmake
[39.397s] -- Installing: /home/pratheek/EYRC-Task_1/install/eyantrasim_msgs/share/eyantrasim_msgs/cmake/eyantrasim_msgs__rosidl_typesupport_cExport.cmake
[39.398s] -- Installing: /home/pratheek/EYRC-Task_1/install/eyantrasim_msgs/share/eyantrasim_msgs/cmake/eyantrasim_msgs__rosidl_typesupport_cExport-noconfig.cmake
[39.398s] -- Installing: /home/pratheek/EYRC-Task_1/install/eyantrasim_msgs/share/eyantrasim_msgs/cmake/eyantrasim_msgs__rosidl_typesupport_introspection_cppExport.cmake
[39.398s] -- Installing: /home/pratheek/EYRC-Task_1/install/eyantrasim_msgs/share/eyantrasim_msgs/cmake/eyantrasim_msgs__rosidl_typesupport_introspection_cppExport-noconfig.cmake
[39.398s] -- Installing: /home/pratheek/EYRC-Task_1/install/eyantrasim_msgs/share/eyantrasim_msgs/cmake/eyantrasim_msgs__rosidl_typesupport_cppExport.cmake
[39.398s] -- Installing: /home/pratheek/EYRC-Task_1/install/eyantrasim_msgs/share/eyantrasim_msgs/cmake/eyantrasim_msgs__rosidl_typesupport_cppExport-noconfig.cmake
[39.399s] -- Installing: /home/pratheek/EYRC-Task_1/install/eyantrasim_msgs/share/eyantrasim_msgs/cmake/export_eyantrasim_msgs__rosidl_generator_pyExport.cmake
[39.399s] -- Installing: /home/pratheek/EYRC-Task_1/install/eyantrasim_msgs/share/eyantrasim_msgs/cmake/export_eyantrasim_msgs__rosidl_generator_pyExport-noconfig.cmake
[39.403s] Invoked command in '/home/pratheek/EYRC-Task_1/build/eyantrasim_msgs' returned '0': CMAKE_PREFIX_PATH=${CMAKE_PREFIX_PATH}:/home/pratheek/ros2_ws/install/my_controller:/opt/ros/humble /usr/bin/cmake --install /home/pratheek/EYRC-Task_1/build/eyantrasim_msgs
