-- Install configuration: ""
-- Execute custom install script
-- Up-to-date symlink: /home/pratheek/EYRC-Task_1/install/eyantrasim/share/eyantrasim/launch/sim.launch.py
-- Up-to-date symlink: /home/pratheek/EYRC-Task_1/install/eyantrasim/share/eyantrasim/launch/task1a_submission.launch.py
-- Up-to-date symlink: /home/pratheek/EYRC-Task_1/install/eyantrasim/lib/eyantrasim/eyantrasim_node
-- Up-to-date symlink: /home/pratheek/EYRC-Task_1/install/eyantrasim/lib/eyantrasim/sim_control.py
-- Up-to-date symlink: /home/pratheek/EYRC-Task_1/install/eyantrasim/share/ament_index/resource_index/package_run_dependencies/eyantrasim
-- Up-to-date symlink: /home/pratheek/EYRC-Task_1/install/eyantrasim/share/ament_index/resource_index/parent_prefix_path/eyantrasim
-- Up-to-date symlink: /home/pratheek/EYRC-Task_1/install/eyantrasim/share/eyantrasim/environment/ament_prefix_path.sh
-- Up-to-date symlink: /home/pratheek/EYRC-Task_1/install/eyantrasim/share/eyantrasim/environment/ament_prefix_path.dsv
-- Up-to-date symlink: /home/pratheek/EYRC-Task_1/install/eyantrasim/share/eyantrasim/environment/path.sh
-- Up-to-date symlink: /home/pratheek/EYRC-Task_1/install/eyantrasim/share/eyantrasim/environment/path.dsv
-- Up-to-date symlink: /home/pratheek/EYRC-Task_1/install/eyantrasim/share/eyantrasim/local_setup.bash
-- Up-to-date symlink: /home/pratheek/EYRC-Task_1/install/eyantrasim/share/eyantrasim/local_setup.sh
-- Up-to-date symlink: /home/pratheek/EYRC-Task_1/install/eyantrasim/share/eyantrasim/local_setup.zsh
-- Up-to-date symlink: /home/pratheek/EYRC-Task_1/install/eyantrasim/share/eyantrasim/local_setup.dsv
-- Symlinking: /home/pratheek/EYRC-Task_1/install/eyantrasim/share/eyantrasim/package.dsv
-- Up-to-date symlink: /home/pratheek/EYRC-Task_1/install/eyantrasim/share/ament_index/resource_index/packages/eyantrasim
-- Up-to-date symlink: /home/pratheek/EYRC-Task_1/install/eyantrasim/share/eyantrasim/cmake/eyantrasimConfig.cmake
-- Up-to-date symlink: /home/pratheek/EYRC-Task_1/install/eyantrasim/share/eyantrasim/cmake/eyantrasimConfig-version.cmake
-- Up-to-date symlink: /home/pratheek/EYRC-Task_1/install/eyantrasim/share/eyantrasim/package.xml
