[35m[1mConsolidate compiler generated dependencies of target hb_interfaces__rosidl_generator_c[0m
[  2%] Built target hb_interfaces__cpp
[ 12%] Built target hb_interfaces__rosidl_generator_c
[35m[1mConsolidate compiler generated dependencies of target hb_interfaces__rosidl_typesupport_cpp[0m
[ 12%] Built target ament_cmake_python_symlink_hb_interfaces
[ 23%] Built target hb_interfaces__rosidl_typesupport_cpp
[35m[1mConsolidate compiler generated dependencies of target hb_interfaces__rosidl_typesupport_fastrtps_c[0m
[35m[1mConsolidate compiler generated dependencies of target hb_interfaces__rosidl_typesupport_fastrtps_cpp[0m
[ 33%] Built target hb_interfaces__rosidl_typesupport_fastrtps_cpp
[ 43%] Built target hb_interfaces__rosidl_typesupport_fastrtps_c
[35m[1mConsolidate compiler generated dependencies of target hb_interfaces__rosidl_typesupport_introspection_c[0m
[35m[1mConsolidate compiler generated dependencies of target hb_interfaces__rosidl_typesupport_c[0m
[ 53%] Built target hb_interfaces__rosidl_typesupport_c
[ 64%] Built target hb_interfaces__rosidl_typesupport_introspection_c
[35m[1mConsolidate compiler generated dependencies of target hb_interfaces__rosidl_typesupport_introspection_cpp[0m
[ 74%] Built target hb_interfaces__rosidl_typesupport_introspection_cpp
[ 74%] Built target hb_interfaces
[ 76%] Built target hb_interfaces__py
[35m[1mConsolidate compiler generated dependencies of target hb_interfaces__rosidl_generator_py[0m
[ 84%] Built target hb_interfaces__rosidl_generator_py
[35m[1mConsolidate compiler generated dependencies of target hb_interfaces__rosidl_typesupport_fastrtps_c__pyext[0m
[ 89%] Built target hb_interfaces__rosidl_typesupport_fastrtps_c__pyext
[35m[1mConsolidate compiler generated dependencies of target hb_interfaces__rosidl_typesupport_introspection_c__pyext[0m
[ 94%] Built target hb_interfaces__rosidl_typesupport_introspection_c__pyext
[35m[1mConsolidate compiler generated dependencies of target hb_interfaces__rosidl_typesupport_c__pyext[0m
[100%] Built target hb_interfaces__rosidl_typesupport_c__pyext
running egg_info
writing hb_interfaces.egg-info/PKG-INFO
writing dependency_links to hb_interfaces.egg-info/dependency_links.txt
writing top-level names to hb_interfaces.egg-info/top_level.txt
reading manifest file 'hb_interfaces.egg-info/SOURCES.txt'
writing manifest file 'hb_interfaces.egg-info/SOURCES.txt'
[100%] Built target ament_cmake_python_build_hb_interfaces_egg
-- Install configuration: ""
-- Execute custom install script
-- Up-to-date symlink: /home/pratheek/EYRC-Task_1/install/hb_interfaces/share/ament_index/resource_index/rosidl_interfaces/hb_interfaces
-- Up-to-date symlink: /home/pratheek/EYRC-Task_1/install/hb_interfaces/include/hb_interfaces/hb_interfaces/msg/detail/pose2_d__functions.h
-- Up-to-date symlink: /home/pratheek/EYRC-Task_1/install/hb_interfaces/include/hb_interfaces/hb_interfaces/msg/detail/pose2_d__struct.h
-- Up-to-date symlink: /home/pratheek/EYRC-Task_1/install/hb_interfaces/include/hb_interfaces/hb_interfaces/msg/detail/pose2_d__type_support.h
-- Up-to-date symlink: /home/pratheek/EYRC-Task_1/install/hb_interfaces/include/hb_interfaces/hb_interfaces/msg/detail/poses2_d__functions.h
-- Up-to-date symlink: /home/pratheek/EYRC-Task_1/install/hb_interfaces/include/hb_interfaces/hb_interfaces/msg/detail/poses2_d__struct.h
-- Up-to-date symlink: /home/pratheek/EYRC-Task_1/install/hb_interfaces/include/hb_interfaces/hb_interfaces/msg/detail/poses2_d__type_support.h
-- Up-to-date symlink: /home/pratheek/EYRC-Task_1/install/hb_interfaces/include/hb_interfaces/hb_interfaces/msg/pose2_d.h
-- Up-to-date symlink: /home/pratheek/EYRC-Task_1/install/hb_interfaces/include/hb_interfaces/hb_interfaces/msg/poses2_d.h
-- Up-to-date symlink: /home/pratheek/EYRC-Task_1/install/hb_interfaces/include/hb_interfaces/hb_interfaces/msg/rosidl_generator_c__visibility_control.h
-- Up-to-date symlink: /home/pratheek/EYRC-Task_1/install/hb_interfaces/share/hb_interfaces/environment/library_path.sh
-- Up-to-date symlink: /home/pratheek/EYRC-Task_1/install/hb_interfaces/share/hb_interfaces/environment/library_path.dsv
-- Up-to-date symlink: /home/pratheek/EYRC-Task_1/install/hb_interfaces/include/hb_interfaces/hb_interfaces/msg/detail/pose2_d__rosidl_typesupport_fastrtps_c.h
-- Up-to-date symlink: /home/pratheek/EYRC-Task_1/install/hb_interfaces/include/hb_interfaces/hb_interfaces/msg/detail/poses2_d__rosidl_typesupport_fastrtps_c.h
-- Up-to-date symlink: /home/pratheek/EYRC-Task_1/install/hb_interfaces/include/hb_interfaces/hb_interfaces/msg/rosidl_typesupport_fastrtps_c__visibility_control.h
-- Up-to-date symlink: /home/pratheek/EYRC-Task_1/install/hb_interfaces/include/hb_interfaces/hb_interfaces/msg/detail/pose2_d__builder.hpp
-- Up-to-date symlink: /home/pratheek/EYRC-Task_1/install/hb_interfaces/include/hb_interfaces/hb_interfaces/msg/detail/pose2_d__struct.hpp
-- Up-to-date symlink: /home/pratheek/EYRC-Task_1/install/hb_interfaces/include/hb_interfaces/hb_interfaces/msg/detail/pose2_d__traits.hpp
-- Up-to-date symlink: /home/pratheek/EYRC-Task_1/install/hb_interfaces/include/hb_interfaces/hb_interfaces/msg/detail/pose2_d__type_support.hpp
-- Up-to-date symlink: /home/pratheek/EYRC-Task_1/install/hb_interfaces/include/hb_interfaces/hb_interfaces/msg/detail/poses2_d__builder.hpp
-- Up-to-date symlink: /home/pratheek/EYRC-Task_1/install/hb_interfaces/include/hb_interfaces/hb_interfaces/msg/detail/poses2_d__struct.hpp
-- Up-to-date symlink: /home/pratheek/EYRC-Task_1/install/hb_interfaces/include/hb_interfaces/hb_interfaces/msg/detail/poses2_d__traits.hpp
-- Up-to-date symlink: /home/pratheek/EYRC-Task_1/install/hb_interfaces/include/hb_interfaces/hb_interfaces/msg/detail/poses2_d__type_support.hpp
-- Up-to-date symlink: /home/pratheek/EYRC-Task_1/install/hb_interfaces/include/hb_interfaces/hb_interfaces/msg/pose2_d.hpp
-- Up-to-date symlink: /home/pratheek/EYRC-Task_1/install/hb_interfaces/include/hb_interfaces/hb_interfaces/msg/poses2_d.hpp
-- Up-to-date symlink: /home/pratheek/EYRC-Task_1/install/hb_interfaces/include/hb_interfaces/hb_interfaces/msg/rosidl_generator_cpp__visibility_control.hpp
-- Up-to-date symlink: /home/pratheek/EYRC-Task_1/install/hb_interfaces/include/hb_interfaces/hb_interfaces/msg/detail/pose2_d__rosidl_typesupport_fastrtps_cpp.hpp
-- Up-to-date symlink: /home/pratheek/EYRC-Task_1/install/hb_interfaces/include/hb_interfaces/hb_interfaces/msg/detail/poses2_d__rosidl_typesupport_fastrtps_cpp.hpp
-- Up-to-date symlink: /home/pratheek/EYRC-Task_1/install/hb_interfaces/include/hb_interfaces/hb_interfaces/msg/rosidl_typesupport_fastrtps_cpp__visibility_control.h
-- Up-to-date symlink: /home/pratheek/EYRC-Task_1/install/hb_interfaces/include/hb_interfaces/hb_interfaces/msg/detail/pose2_d__rosidl_typesupport_introspection_c.h
-- Up-to-date symlink: /home/pratheek/EYRC-Task_1/install/hb_interfaces/include/hb_interfaces/hb_interfaces/msg/detail/poses2_d__rosidl_typesupport_introspection_c.h
-- Up-to-date symlink: /home/pratheek/EYRC-Task_1/install/hb_interfaces/include/hb_interfaces/hb_interfaces/msg/rosidl_typesupport_introspection_c__visibility_control.h
-- Up-to-date symlink: /home/pratheek/EYRC-Task_1/install/hb_interfaces/include/hb_interfaces/hb_interfaces/msg/detail/pose2_d__rosidl_typesupport_introspection_cpp.hpp
-- Up-to-date symlink: /home/pratheek/EYRC-Task_1/install/hb_interfaces/include/hb_interfaces/hb_interfaces/msg/detail/poses2_d__rosidl_typesupport_introspection_cpp.hpp
-- Up-to-date symlink: /home/pratheek/EYRC-Task_1/install/hb_interfaces/share/hb_interfaces/environment/pythonpath.sh
-- Up-to-date symlink: /home/pratheek/EYRC-Task_1/install/hb_interfaces/share/hb_interfaces/environment/pythonpath.dsv
-- Up-to-date symlink: /home/pratheek/EYRC-Task_1/install/hb_interfaces/local/lib/python3.10/dist-packages/hb_interfaces-1.10.1-py3.10.egg-info/PKG-INFO
-- Up-to-date symlink: /home/pratheek/EYRC-Task_1/install/hb_interfaces/local/lib/python3.10/dist-packages/hb_interfaces-1.10.1-py3.10.egg-info/SOURCES.txt
-- Up-to-date symlink: /home/pratheek/EYRC-Task_1/install/hb_interfaces/local/lib/python3.10/dist-packages/hb_interfaces-1.10.1-py3.10.egg-info/dependency_links.txt
-- Up-to-date symlink: /home/pratheek/EYRC-Task_1/install/hb_interfaces/local/lib/python3.10/dist-packages/hb_interfaces-1.10.1-py3.10.egg-info/top_level.txt
-- Up-to-date symlink: /home/pratheek/EYRC-Task_1/install/hb_interfaces/local/lib/python3.10/dist-packages/hb_interfaces/__init__.py
-- Up-to-date symlink: /home/pratheek/EYRC-Task_1/install/hb_interfaces/local/lib/python3.10/dist-packages/hb_interfaces/_hb_interfaces_s.ep.rosidl_typesupport_c.c
-- Up-to-date symlink: /home/pratheek/EYRC-Task_1/install/hb_interfaces/local/lib/python3.10/dist-packages/hb_interfaces/_hb_interfaces_s.ep.rosidl_typesupport_fastrtps_c.c
-- Up-to-date symlink: /home/pratheek/EYRC-Task_1/install/hb_interfaces/local/lib/python3.10/dist-packages/hb_interfaces/_hb_interfaces_s.ep.rosidl_typesupport_introspection_c.c
-- Up-to-date symlink: /home/pratheek/EYRC-Task_1/install/hb_interfaces/local/lib/python3.10/dist-packages/hb_interfaces/hb_interfaces_s__rosidl_typesupport_c.cpython-310-x86_64-linux-gnu.so
-- Up-to-date symlink: /home/pratheek/EYRC-Task_1/install/hb_interfaces/local/lib/python3.10/dist-packages/hb_interfaces/hb_interfaces_s__rosidl_typesupport_fastrtps_c.cpython-310-x86_64-linux-gnu.so
-- Up-to-date symlink: /home/pratheek/EYRC-Task_1/install/hb_interfaces/local/lib/python3.10/dist-packages/hb_interfaces/hb_interfaces_s__rosidl_typesupport_introspection_c.cpython-310-x86_64-linux-gnu.so
-- Up-to-date symlink: /home/pratheek/EYRC-Task_1/install/hb_interfaces/local/lib/python3.10/dist-packages/hb_interfaces/libhb_interfaces__rosidl_generator_py.so
-- Up-to-date symlink: /home/pratheek/EYRC-Task_1/install/hb_interfaces/local/lib/python3.10/dist-packages/hb_interfaces/msg/__init__.py
-- Up-to-date symlink: /home/pratheek/EYRC-Task_1/install/hb_interfaces/local/lib/python3.10/dist-packages/hb_interfaces/msg/_pose2_d.py
-- Up-to-date symlink: /home/pratheek/EYRC-Task_1/install/hb_interfaces/local/lib/python3.10/dist-packages/hb_interfaces/msg/_pose2_d_s.c
-- Up-to-date symlink: /home/pratheek/EYRC-Task_1/install/hb_interfaces/local/lib/python3.10/dist-packages/hb_interfaces/msg/_poses2_d.py
-- Up-to-date symlink: /home/pratheek/EYRC-Task_1/install/hb_interfaces/local/lib/python3.10/dist-packages/hb_interfaces/msg/_poses2_d_s.c
-- Up-to-date symlink: /home/pratheek/EYRC-Task_1/install/hb_interfaces/local/lib/python3.10/dist-packages/hb_interfaces/hb_interfaces_s__rosidl_typesupport_fastrtps_c.cpython-310-x86_64-linux-gnu.so
-- Up-to-date symlink: /home/pratheek/EYRC-Task_1/install/hb_interfaces/local/lib/python3.10/dist-packages/hb_interfaces/hb_interfaces_s__rosidl_typesupport_introspection_c.cpython-310-x86_64-linux-gnu.so
-- Up-to-date symlink: /home/pratheek/EYRC-Task_1/install/hb_interfaces/local/lib/python3.10/dist-packages/hb_interfaces/hb_interfaces_s__rosidl_typesupport_c.cpython-310-x86_64-linux-gnu.so
-- Up-to-date symlink: /home/pratheek/EYRC-Task_1/install/hb_interfaces/share/hb_interfaces/msg/Pose2D.idl
-- Up-to-date symlink: /home/pratheek/EYRC-Task_1/install/hb_interfaces/share/hb_interfaces/msg/Poses2D.idl
-- Up-to-date symlink: /home/pratheek/EYRC-Task_1/install/hb_interfaces/share/hb_interfaces/msg/Pose2D.msg
-- Up-to-date symlink: /home/pratheek/EYRC-Task_1/install/hb_interfaces/share/hb_interfaces/msg/Poses2D.msg
-- Up-to-date symlink: /home/pratheek/EYRC-Task_1/install/hb_interfaces/share/ament_index/resource_index/package_run_dependencies/hb_interfaces
-- Up-to-date symlink: /home/pratheek/EYRC-Task_1/install/hb_interfaces/share/ament_index/resource_index/parent_prefix_path/hb_interfaces
-- Up-to-date symlink: /home/pratheek/EYRC-Task_1/install/hb_interfaces/share/hb_interfaces/environment/ament_prefix_path.sh
-- Up-to-date symlink: /home/pratheek/EYRC-Task_1/install/hb_interfaces/share/hb_interfaces/environment/ament_prefix_path.dsv
-- Up-to-date symlink: /home/pratheek/EYRC-Task_1/install/hb_interfaces/share/hb_interfaces/environment/path.sh
-- Up-to-date symlink: /home/pratheek/EYRC-Task_1/install/hb_interfaces/share/hb_interfaces/environment/path.dsv
-- Up-to-date symlink: /home/pratheek/EYRC-Task_1/install/hb_interfaces/share/hb_interfaces/local_setup.bash
-- Up-to-date symlink: /home/pratheek/EYRC-Task_1/install/hb_interfaces/share/hb_interfaces/local_setup.sh
-- Up-to-date symlink: /home/pratheek/EYRC-Task_1/install/hb_interfaces/share/hb_interfaces/local_setup.zsh
-- Up-to-date symlink: /home/pratheek/EYRC-Task_1/install/hb_interfaces/share/hb_interfaces/local_setup.dsv
-- Symlinking: /home/pratheek/EYRC-Task_1/install/hb_interfaces/share/hb_interfaces/package.dsv
-- Up-to-date symlink: /home/pratheek/EYRC-Task_1/install/hb_interfaces/share/ament_index/resource_index/packages/hb_interfaces
-- Up-to-date symlink: /home/pratheek/EYRC-Task_1/install/hb_interfaces/share/hb_interfaces/cmake/rosidl_cmake-extras.cmake
-- Up-to-date symlink: /home/pratheek/EYRC-Task_1/install/hb_interfaces/share/hb_interfaces/cmake/ament_cmake_export_dependencies-extras.cmake
-- Up-to-date symlink: /home/pratheek/EYRC-Task_1/install/hb_interfaces/share/hb_interfaces/cmake/ament_cmake_export_include_directories-extras.cmake
-- Up-to-date symlink: /home/pratheek/EYRC-Task_1/install/hb_interfaces/share/hb_interfaces/cmake/ament_cmake_export_libraries-extras.cmake
-- Up-to-date symlink: /home/pratheek/EYRC-Task_1/install/hb_interfaces/share/hb_interfaces/cmake/ament_cmake_export_targets-extras.cmake
-- Up-to-date symlink: /home/pratheek/EYRC-Task_1/install/hb_interfaces/share/hb_interfaces/cmake/rosidl_cmake_export_typesupport_targets-extras.cmake
-- Up-to-date symlink: /home/pratheek/EYRC-Task_1/install/hb_interfaces/share/hb_interfaces/cmake/rosidl_cmake_export_typesupport_libraries-extras.cmake
-- Up-to-date symlink: /home/pratheek/EYRC-Task_1/install/hb_interfaces/share/hb_interfaces/cmake/hb_interfacesConfig.cmake
-- Up-to-date symlink: /home/pratheek/EYRC-Task_1/install/hb_interfaces/share/hb_interfaces/cmake/hb_interfacesConfig-version.cmake
-- Up-to-date symlink: /home/pratheek/EYRC-Task_1/install/hb_interfaces/share/hb_interfaces/package.xml
-- Up-to-date: /home/pratheek/EYRC-Task_1/install/hb_interfaces/lib/libhb_interfaces__rosidl_generator_c.so
-- Up-to-date: /home/pratheek/EYRC-Task_1/install/hb_interfaces/lib/libhb_interfaces__rosidl_typesupport_fastrtps_c.so
-- Up-to-date: /home/pratheek/EYRC-Task_1/install/hb_interfaces/lib/libhb_interfaces__rosidl_typesupport_fastrtps_cpp.so
-- Up-to-date: /home/pratheek/EYRC-Task_1/install/hb_interfaces/lib/libhb_interfaces__rosidl_typesupport_introspection_c.so
-- Up-to-date: /home/pratheek/EYRC-Task_1/install/hb_interfaces/lib/libhb_interfaces__rosidl_typesupport_c.so
-- Up-to-date: /home/pratheek/EYRC-Task_1/install/hb_interfaces/lib/libhb_interfaces__rosidl_typesupport_introspection_cpp.so
-- Up-to-date: /home/pratheek/EYRC-Task_1/install/hb_interfaces/lib/libhb_interfaces__rosidl_typesupport_cpp.so
Listing '/home/pratheek/EYRC-Task_1/install/hb_interfaces/local/lib/python3.10/dist-packages/hb_interfaces'...
Listing '/home/pratheek/EYRC-Task_1/install/hb_interfaces/local/lib/python3.10/dist-packages/hb_interfaces/msg'...
-- Up-to-date: /home/pratheek/EYRC-Task_1/install/hb_interfaces/lib/libhb_interfaces__rosidl_generator_py.so
-- Up-to-date: /home/pratheek/EYRC-Task_1/install/hb_interfaces/share/hb_interfaces/cmake/export_hb_interfaces__rosidl_generator_cExport.cmake
-- Up-to-date: /home/pratheek/EYRC-Task_1/install/hb_interfaces/share/hb_interfaces/cmake/export_hb_interfaces__rosidl_generator_cExport-noconfig.cmake
-- Up-to-date: /home/pratheek/EYRC-Task_1/install/hb_interfaces/share/hb_interfaces/cmake/export_hb_interfaces__rosidl_typesupport_fastrtps_cExport.cmake
-- Up-to-date: /home/pratheek/EYRC-Task_1/install/hb_interfaces/share/hb_interfaces/cmake/export_hb_interfaces__rosidl_typesupport_fastrtps_cExport-noconfig.cmake
-- Up-to-date: /home/pratheek/EYRC-Task_1/install/hb_interfaces/share/hb_interfaces/cmake/export_hb_interfaces__rosidl_generator_cppExport.cmake
-- Up-to-date: /home/pratheek/EYRC-Task_1/install/hb_interfaces/share/hb_interfaces/cmake/export_hb_interfaces__rosidl_typesupport_fastrtps_cppExport.cmake
-- Up-to-date: /home/pratheek/EYRC-Task_1/install/hb_interfaces/share/hb_interfaces/cmake/export_hb_interfaces__rosidl_typesupport_fastrtps_cppExport-noconfig.cmake
-- Up-to-date: /home/pratheek/EYRC-Task_1/install/hb_interfaces/share/hb_interfaces/cmake/hb_interfaces__rosidl_typesupport_introspection_cExport.cmake
-- Up-to-date: /home/pratheek/EYRC-Task_1/install/hb_interfaces/share/hb_interfaces/cmake/hb_interfaces__rosidl_typesupport_introspection_cExport-noconfig.cmake
-- Up-to-date: /home/pratheek/EYRC-Task_1/install/hb_interfaces/share/hb_interfaces/cmake/hb_interfaces__rosidl_typesupport_cExport.cmake
-- Up-to-date: /home/pratheek/EYRC-Task_1/install/hb_interfaces/share/hb_interfaces/cmake/hb_interfaces__rosidl_typesupport_cExport-noconfig.cmake
-- Up-to-date: /home/pratheek/EYRC-Task_1/install/hb_interfaces/share/hb_interfaces/cmake/hb_interfaces__rosidl_typesupport_introspection_cppExport.cmake
-- Up-to-date: /home/pratheek/EYRC-Task_1/install/hb_interfaces/share/hb_interfaces/cmake/hb_interfaces__rosidl_typesupport_introspection_cppExport-noconfig.cmake
-- Up-to-date: /home/pratheek/EYRC-Task_1/install/hb_interfaces/share/hb_interfaces/cmake/hb_interfaces__rosidl_typesupport_cppExport.cmake
-- Up-to-date: /home/pratheek/EYRC-Task_1/install/hb_interfaces/share/hb_interfaces/cmake/hb_interfaces__rosidl_typesupport_cppExport-noconfig.cmake
-- Up-to-date: /home/pratheek/EYRC-Task_1/install/hb_interfaces/share/hb_interfaces/cmake/export_hb_interfaces__rosidl_generator_pyExport.cmake
-- Up-to-date: /home/pratheek/EYRC-Task_1/install/hb_interfaces/share/hb_interfaces/cmake/export_hb_interfaces__rosidl_generator_pyExport-noconfig.cmake
