[0.016s] Invoking command in '/home/pratheek/EYRC-Task_1/build/hb_interfaces': CMAKE_PREFIX_PATH=${CMAKE_PREFIX_PATH}:/home/pratheek/ros2_ws/install/my_controller:/opt/ros/humble /usr/bin/cmake --build /home/pratheek/EYRC-Task_1/build/hb_interfaces -- -j2 -l2
[0.105s] [35m[1mConsolidate compiler generated dependencies of target hb_interfaces__rosidl_generator_c[0m
[0.125s] [  2%] Built target hb_interfaces__cpp
[0.142s] [ 12%] Built target hb_interfaces__rosidl_generator_c
[0.175s] [35m[1mConsolidate compiler generated dependencies of target hb_interfaces__rosidl_typesupport_cpp[0m
[0.207s] [ 12%] Built target ament_cmake_python_symlink_hb_interfaces
[0.211s] [ 23%] Built target hb_interfaces__rosidl_typesupport_cpp
[0.226s] [35m[1mConsolidate compiler generated dependencies of target hb_interfaces__rosidl_typesupport_fastrtps_c[0m
[0.247s] [35m[1mConsolidate compiler generated dependencies of target hb_interfaces__rosidl_typesupport_fastrtps_cpp[0m
[0.270s] [ 33%] Built target hb_interfaces__rosidl_typesupport_fastrtps_cpp
[0.270s] [ 43%] Built target hb_interfaces__rosidl_typesupport_fastrtps_c
[0.335s] [35m[1mConsolidate compiler generated dependencies of target hb_interfaces__rosidl_typesupport_introspection_c[0m
[0.342s] [35m[1mConsolidate compiler generated dependencies of target hb_interfaces__rosidl_typesupport_c[0m
[0.355s] [ 53%] Built target hb_interfaces__rosidl_typesupport_c
[0.360s] [ 64%] Built target hb_interfaces__rosidl_typesupport_introspection_c
[0.375s] [35m[1mConsolidate compiler generated dependencies of target hb_interfaces__rosidl_typesupport_introspection_cpp[0m
[0.403s] [ 74%] Built target hb_interfaces__rosidl_typesupport_introspection_cpp
[0.466s] [ 74%] Built target hb_interfaces
[0.532s] [ 76%] Built target hb_interfaces__py
[0.552s] [35m[1mConsolidate compiler generated dependencies of target hb_interfaces__rosidl_generator_py[0m
[0.575s] [ 84%] Built target hb_interfaces__rosidl_generator_py
[0.592s] [35m[1mConsolidate compiler generated dependencies of target hb_interfaces__rosidl_typesupport_fastrtps_c__pyext[0m
[0.612s] [ 89%] Built target hb_interfaces__rosidl_typesupport_fastrtps_c__pyext
[0.629s] [35m[1mConsolidate compiler generated dependencies of target hb_interfaces__rosidl_typesupport_introspection_c__pyext[0m
[0.651s] [ 94%] Built target hb_interfaces__rosidl_typesupport_introspection_c__pyext
[0.667s] [35m[1mConsolidate compiler generated dependencies of target hb_interfaces__rosidl_typesupport_c__pyext[0m
[0.687s] [100%] Built target hb_interfaces__rosidl_typesupport_c__pyext
[0.813s] running egg_info
[0.814s] writing hb_interfaces.egg-info/PKG-INFO
[0.815s] writing dependency_links to hb_interfaces.egg-info/dependency_links.txt
[0.815s] writing top-level names to hb_interfaces.egg-info/top_level.txt
[0.818s] reading manifest file 'hb_interfaces.egg-info/SOURCES.txt'
[0.819s] writing manifest file 'hb_interfaces.egg-info/SOURCES.txt'
[0.863s] [100%] Built target ament_cmake_python_build_hb_interfaces_egg
[0.880s] Invoked command in '/home/pratheek/EYRC-Task_1/build/hb_interfaces' returned '0': CMAKE_PREFIX_PATH=${CMAKE_PREFIX_PATH}:/home/pratheek/ros2_ws/install/my_controller:/opt/ros/humble /usr/bin/cmake --build /home/pratheek/EYRC-Task_1/build/hb_interfaces -- -j2 -l2
[0.882s] Invoking command in '/home/pratheek/EYRC-Task_1/build/hb_interfaces': CMAKE_PREFIX_PATH=${CMAKE_PREFIX_PATH}:/home/pratheek/ros2_ws/install/my_controller:/opt/ros/humble /usr/bin/cmake --install /home/pratheek/EYRC-Task_1/build/hb_interfaces
[0.894s] -- Install configuration: ""
[0.894s] -- Execute custom install script
[0.895s] -- Up-to-date symlink: /home/pratheek/EYRC-Task_1/install/hb_interfaces/share/ament_index/resource_index/rosidl_interfaces/hb_interfaces
[0.895s] -- Up-to-date symlink: /home/pratheek/EYRC-Task_1/install/hb_interfaces/include/hb_interfaces/hb_interfaces/msg/detail/pose2_d__functions.h
[0.896s] -- Up-to-date symlink: /home/pratheek/EYRC-Task_1/install/hb_interfaces/include/hb_interfaces/hb_interfaces/msg/detail/pose2_d__struct.h
[0.896s] -- Up-to-date symlink: /home/pratheek/EYRC-Task_1/install/hb_interfaces/include/hb_interfaces/hb_interfaces/msg/detail/pose2_d__type_support.h
[0.896s] -- Up-to-date symlink: /home/pratheek/EYRC-Task_1/install/hb_interfaces/include/hb_interfaces/hb_interfaces/msg/detail/poses2_d__functions.h
[0.896s] -- Up-to-date symlink: /home/pratheek/EYRC-Task_1/install/hb_interfaces/include/hb_interfaces/hb_interfaces/msg/detail/poses2_d__struct.h
[0.896s] -- Up-to-date symlink: /home/pratheek/EYRC-Task_1/install/hb_interfaces/include/hb_interfaces/hb_interfaces/msg/detail/poses2_d__type_support.h
[0.896s] -- Up-to-date symlink: /home/pratheek/EYRC-Task_1/install/hb_interfaces/include/hb_interfaces/hb_interfaces/msg/pose2_d.h
[0.897s] -- Up-to-date symlink: /home/pratheek/EYRC-Task_1/install/hb_interfaces/include/hb_interfaces/hb_interfaces/msg/poses2_d.h
[0.897s] -- Up-to-date symlink: /home/pratheek/EYRC-Task_1/install/hb_interfaces/include/hb_interfaces/hb_interfaces/msg/rosidl_generator_c__visibility_control.h
[0.897s] -- Up-to-date symlink: /home/pratheek/EYRC-Task_1/install/hb_interfaces/share/hb_interfaces/environment/library_path.sh
[0.897s] -- Up-to-date symlink: /home/pratheek/EYRC-Task_1/install/hb_interfaces/share/hb_interfaces/environment/library_path.dsv
[0.898s] -- Up-to-date symlink: /home/pratheek/EYRC-Task_1/install/hb_interfaces/include/hb_interfaces/hb_interfaces/msg/detail/pose2_d__rosidl_typesupport_fastrtps_c.h
[0.898s] -- Up-to-date symlink: /home/pratheek/EYRC-Task_1/install/hb_interfaces/include/hb_interfaces/hb_interfaces/msg/detail/poses2_d__rosidl_typesupport_fastrtps_c.h
[0.898s] -- Up-to-date symlink: /home/pratheek/EYRC-Task_1/install/hb_interfaces/include/hb_interfaces/hb_interfaces/msg/rosidl_typesupport_fastrtps_c__visibility_control.h
[0.899s] -- Up-to-date symlink: /home/pratheek/EYRC-Task_1/install/hb_interfaces/include/hb_interfaces/hb_interfaces/msg/detail/pose2_d__builder.hpp
[0.899s] -- Up-to-date symlink: /home/pratheek/EYRC-Task_1/install/hb_interfaces/include/hb_interfaces/hb_interfaces/msg/detail/pose2_d__struct.hpp
[0.899s] -- Up-to-date symlink: /home/pratheek/EYRC-Task_1/install/hb_interfaces/include/hb_interfaces/hb_interfaces/msg/detail/pose2_d__traits.hpp
[0.899s] -- Up-to-date symlink: /home/pratheek/EYRC-Task_1/install/hb_interfaces/include/hb_interfaces/hb_interfaces/msg/detail/pose2_d__type_support.hpp
[0.900s] -- Up-to-date symlink: /home/pratheek/EYRC-Task_1/install/hb_interfaces/include/hb_interfaces/hb_interfaces/msg/detail/poses2_d__builder.hpp
[0.900s] -- Up-to-date symlink: /home/pratheek/EYRC-Task_1/install/hb_interfaces/include/hb_interfaces/hb_interfaces/msg/detail/poses2_d__struct.hpp
[0.900s] -- Up-to-date symlink: /home/pratheek/EYRC-Task_1/install/hb_interfaces/include/hb_interfaces/hb_interfaces/msg/detail/poses2_d__traits.hpp
[0.900s] -- Up-to-date symlink: /home/pratheek/EYRC-Task_1/install/hb_interfaces/include/hb_interfaces/hb_interfaces/msg/detail/poses2_d__type_support.hpp
[0.900s] -- Up-to-date symlink: /home/pratheek/EYRC-Task_1/install/hb_interfaces/include/hb_interfaces/hb_interfaces/msg/pose2_d.hpp
[0.901s] -- Up-to-date symlink: /home/pratheek/EYRC-Task_1/install/hb_interfaces/include/hb_interfaces/hb_interfaces/msg/poses2_d.hpp
[0.901s] -- Up-to-date symlink: /home/pratheek/EYRC-Task_1/install/hb_interfaces/include/hb_interfaces/hb_interfaces/msg/rosidl_generator_cpp__visibility_control.hpp
[0.901s] -- Up-to-date symlink: /home/pratheek/EYRC-Task_1/install/hb_interfaces/include/hb_interfaces/hb_interfaces/msg/detail/pose2_d__rosidl_typesupport_fastrtps_cpp.hpp
[0.902s] -- Up-to-date symlink: /home/pratheek/EYRC-Task_1/install/hb_interfaces/include/hb_interfaces/hb_interfaces/msg/detail/poses2_d__rosidl_typesupport_fastrtps_cpp.hpp
[0.902s] -- Up-to-date symlink: /home/pratheek/EYRC-Task_1/install/hb_interfaces/include/hb_interfaces/hb_interfaces/msg/rosidl_typesupport_fastrtps_cpp__visibility_control.h
[0.902s] -- Up-to-date symlink: /home/pratheek/EYRC-Task_1/install/hb_interfaces/include/hb_interfaces/hb_interfaces/msg/detail/pose2_d__rosidl_typesupport_introspection_c.h
[0.902s] -- Up-to-date symlink: /home/pratheek/EYRC-Task_1/install/hb_interfaces/include/hb_interfaces/hb_interfaces/msg/detail/poses2_d__rosidl_typesupport_introspection_c.h
[0.903s] -- Up-to-date symlink: /home/pratheek/EYRC-Task_1/install/hb_interfaces/include/hb_interfaces/hb_interfaces/msg/rosidl_typesupport_introspection_c__visibility_control.h
[0.903s] -- Up-to-date symlink: /home/pratheek/EYRC-Task_1/install/hb_interfaces/include/hb_interfaces/hb_interfaces/msg/detail/pose2_d__rosidl_typesupport_introspection_cpp.hpp
[0.903s] -- Up-to-date symlink: /home/pratheek/EYRC-Task_1/install/hb_interfaces/include/hb_interfaces/hb_interfaces/msg/detail/poses2_d__rosidl_typesupport_introspection_cpp.hpp
[0.904s] -- Up-to-date symlink: /home/pratheek/EYRC-Task_1/install/hb_interfaces/share/hb_interfaces/environment/pythonpath.sh
[0.904s] -- Up-to-date symlink: /home/pratheek/EYRC-Task_1/install/hb_interfaces/share/hb_interfaces/environment/pythonpath.dsv
[0.904s] -- Up-to-date symlink: /home/pratheek/EYRC-Task_1/install/hb_interfaces/local/lib/python3.10/dist-packages/hb_interfaces-1.10.1-py3.10.egg-info/PKG-INFO
[0.904s] -- Up-to-date symlink: /home/pratheek/EYRC-Task_1/install/hb_interfaces/local/lib/python3.10/dist-packages/hb_interfaces-1.10.1-py3.10.egg-info/SOURCES.txt
[0.905s] -- Up-to-date symlink: /home/pratheek/EYRC-Task_1/install/hb_interfaces/local/lib/python3.10/dist-packages/hb_interfaces-1.10.1-py3.10.egg-info/dependency_links.txt
[0.905s] -- Up-to-date symlink: /home/pratheek/EYRC-Task_1/install/hb_interfaces/local/lib/python3.10/dist-packages/hb_interfaces-1.10.1-py3.10.egg-info/top_level.txt
[0.906s] -- Up-to-date symlink: /home/pratheek/EYRC-Task_1/install/hb_interfaces/local/lib/python3.10/dist-packages/hb_interfaces/__init__.py
[0.906s] -- Up-to-date symlink: /home/pratheek/EYRC-Task_1/install/hb_interfaces/local/lib/python3.10/dist-packages/hb_interfaces/_hb_interfaces_s.ep.rosidl_typesupport_c.c
[0.906s] -- Up-to-date symlink: /home/pratheek/EYRC-Task_1/install/hb_interfaces/local/lib/python3.10/dist-packages/hb_interfaces/_hb_interfaces_s.ep.rosidl_typesupport_fastrtps_c.c
[0.906s] -- Up-to-date symlink: /home/pratheek/EYRC-Task_1/install/hb_interfaces/local/lib/python3.10/dist-packages/hb_interfaces/_hb_interfaces_s.ep.rosidl_typesupport_introspection_c.c
[0.906s] -- Up-to-date symlink: /home/pratheek/EYRC-Task_1/install/hb_interfaces/local/lib/python3.10/dist-packages/hb_interfaces/hb_interfaces_s__rosidl_typesupport_c.cpython-310-x86_64-linux-gnu.so
[0.906s] -- Up-to-date symlink: /home/pratheek/EYRC-Task_1/install/hb_interfaces/local/lib/python3.10/dist-packages/hb_interfaces/hb_interfaces_s__rosidl_typesupport_fastrtps_c.cpython-310-x86_64-linux-gnu.so
[0.907s] -- Up-to-date symlink: /home/pratheek/EYRC-Task_1/install/hb_interfaces/local/lib/python3.10/dist-packages/hb_interfaces/hb_interfaces_s__rosidl_typesupport_introspection_c.cpython-310-x86_64-linux-gnu.so
[0.907s] -- Up-to-date symlink: /home/pratheek/EYRC-Task_1/install/hb_interfaces/local/lib/python3.10/dist-packages/hb_interfaces/libhb_interfaces__rosidl_generator_py.so
[0.907s] -- Up-to-date symlink: /home/pratheek/EYRC-Task_1/install/hb_interfaces/local/lib/python3.10/dist-packages/hb_interfaces/msg/__init__.py
[0.907s] -- Up-to-date symlink: /home/pratheek/EYRC-Task_1/install/hb_interfaces/local/lib/python3.10/dist-packages/hb_interfaces/msg/_pose2_d.py
[0.907s] -- Up-to-date symlink: /home/pratheek/EYRC-Task_1/install/hb_interfaces/local/lib/python3.10/dist-packages/hb_interfaces/msg/_pose2_d_s.c
[0.908s] -- Up-to-date symlink: /home/pratheek/EYRC-Task_1/install/hb_interfaces/local/lib/python3.10/dist-packages/hb_interfaces/msg/_poses2_d.py
[0.908s] -- Up-to-date symlink: /home/pratheek/EYRC-Task_1/install/hb_interfaces/local/lib/python3.10/dist-packages/hb_interfaces/msg/_poses2_d_s.c
[0.908s] -- Up-to-date symlink: /home/pratheek/EYRC-Task_1/install/hb_interfaces/local/lib/python3.10/dist-packages/hb_interfaces/hb_interfaces_s__rosidl_typesupport_fastrtps_c.cpython-310-x86_64-linux-gnu.so
[0.908s] -- Up-to-date symlink: /home/pratheek/EYRC-Task_1/install/hb_interfaces/local/lib/python3.10/dist-packages/hb_interfaces/hb_interfaces_s__rosidl_typesupport_introspection_c.cpython-310-x86_64-linux-gnu.so
[0.909s] -- Up-to-date symlink: /home/pratheek/EYRC-Task_1/install/hb_interfaces/local/lib/python3.10/dist-packages/hb_interfaces/hb_interfaces_s__rosidl_typesupport_c.cpython-310-x86_64-linux-gnu.so
[0.909s] -- Up-to-date symlink: /home/pratheek/EYRC-Task_1/install/hb_interfaces/share/hb_interfaces/msg/Pose2D.idl
[0.909s] -- Up-to-date symlink: /home/pratheek/EYRC-Task_1/install/hb_interfaces/share/hb_interfaces/msg/Poses2D.idl
[0.910s] -- Up-to-date symlink: /home/pratheek/EYRC-Task_1/install/hb_interfaces/share/hb_interfaces/msg/Pose2D.msg
[0.910s] -- Up-to-date symlink: /home/pratheek/EYRC-Task_1/install/hb_interfaces/share/hb_interfaces/msg/Poses2D.msg
[0.910s] -- Up-to-date symlink: /home/pratheek/EYRC-Task_1/install/hb_interfaces/share/ament_index/resource_index/package_run_dependencies/hb_interfaces
[0.910s] -- Up-to-date symlink: /home/pratheek/EYRC-Task_1/install/hb_interfaces/share/ament_index/resource_index/parent_prefix_path/hb_interfaces
[0.911s] -- Up-to-date symlink: /home/pratheek/EYRC-Task_1/install/hb_interfaces/share/hb_interfaces/environment/ament_prefix_path.sh
[0.911s] -- Up-to-date symlink: /home/pratheek/EYRC-Task_1/install/hb_interfaces/share/hb_interfaces/environment/ament_prefix_path.dsv
[0.911s] -- Up-to-date symlink: /home/pratheek/EYRC-Task_1/install/hb_interfaces/share/hb_interfaces/environment/path.sh
[0.911s] -- Up-to-date symlink: /home/pratheek/EYRC-Task_1/install/hb_interfaces/share/hb_interfaces/environment/path.dsv
[0.911s] -- Up-to-date symlink: /home/pratheek/EYRC-Task_1/install/hb_interfaces/share/hb_interfaces/local_setup.bash
[0.912s] -- Up-to-date symlink: /home/pratheek/EYRC-Task_1/install/hb_interfaces/share/hb_interfaces/local_setup.sh
[0.912s] -- Up-to-date symlink: /home/pratheek/EYRC-Task_1/install/hb_interfaces/share/hb_interfaces/local_setup.zsh
[0.912s] -- Up-to-date symlink: /home/pratheek/EYRC-Task_1/install/hb_interfaces/share/hb_interfaces/local_setup.dsv
[0.912s] -- Symlinking: /home/pratheek/EYRC-Task_1/install/hb_interfaces/share/hb_interfaces/package.dsv
[0.926s] -- Up-to-date symlink: /home/pratheek/EYRC-Task_1/install/hb_interfaces/share/ament_index/resource_index/packages/hb_interfaces
[0.926s] -- Up-to-date symlink: /home/pratheek/EYRC-Task_1/install/hb_interfaces/share/hb_interfaces/cmake/rosidl_cmake-extras.cmake
[0.926s] -- Up-to-date symlink: /home/pratheek/EYRC-Task_1/install/hb_interfaces/share/hb_interfaces/cmake/ament_cmake_export_dependencies-extras.cmake
[0.926s] -- Up-to-date symlink: /home/pratheek/EYRC-Task_1/install/hb_interfaces/share/hb_interfaces/cmake/ament_cmake_export_include_directories-extras.cmake
[0.926s] -- Up-to-date symlink: /home/pratheek/EYRC-Task_1/install/hb_interfaces/share/hb_interfaces/cmake/ament_cmake_export_libraries-extras.cmake
[0.927s] -- Up-to-date symlink: /home/pratheek/EYRC-Task_1/install/hb_interfaces/share/hb_interfaces/cmake/ament_cmake_export_targets-extras.cmake
[0.929s] -- Up-to-date symlink: /home/pratheek/EYRC-Task_1/install/hb_interfaces/share/hb_interfaces/cmake/rosidl_cmake_export_typesupport_targets-extras.cmake
[0.929s] -- Up-to-date symlink: /home/pratheek/EYRC-Task_1/install/hb_interfaces/share/hb_interfaces/cmake/rosidl_cmake_export_typesupport_libraries-extras.cmake
[0.929s] -- Up-to-date symlink: /home/pratheek/EYRC-Task_1/install/hb_interfaces/share/hb_interfaces/cmake/hb_interfacesConfig.cmake
[0.929s] -- Up-to-date symlink: /home/pratheek/EYRC-Task_1/install/hb_interfaces/share/hb_interfaces/cmake/hb_interfacesConfig-version.cmake
[0.929s] -- Up-to-date symlink: /home/pratheek/EYRC-Task_1/install/hb_interfaces/share/hb_interfaces/package.xml
[0.929s] -- Up-to-date: /home/pratheek/EYRC-Task_1/install/hb_interfaces/lib/libhb_interfaces__rosidl_generator_c.so
[0.929s] -- Up-to-date: /home/pratheek/EYRC-Task_1/install/hb_interfaces/lib/libhb_interfaces__rosidl_typesupport_fastrtps_c.so
[0.929s] -- Up-to-date: /home/pratheek/EYRC-Task_1/install/hb_interfaces/lib/libhb_interfaces__rosidl_typesupport_fastrtps_cpp.so
[0.930s] -- Up-to-date: /home/pratheek/EYRC-Task_1/install/hb_interfaces/lib/libhb_interfaces__rosidl_typesupport_introspection_c.so
[0.930s] -- Up-to-date: /home/pratheek/EYRC-Task_1/install/hb_interfaces/lib/libhb_interfaces__rosidl_typesupport_c.so
[0.931s] -- Up-to-date: /home/pratheek/EYRC-Task_1/install/hb_interfaces/lib/libhb_interfaces__rosidl_typesupport_introspection_cpp.so
[0.931s] -- Up-to-date: /home/pratheek/EYRC-Task_1/install/hb_interfaces/lib/libhb_interfaces__rosidl_typesupport_cpp.so
[0.984s] Listing '/home/pratheek/EYRC-Task_1/install/hb_interfaces/local/lib/python3.10/dist-packages/hb_interfaces'...
[0.984s] Listing '/home/pratheek/EYRC-Task_1/install/hb_interfaces/local/lib/python3.10/dist-packages/hb_interfaces/msg'...
[0.993s] -- Up-to-date: /home/pratheek/EYRC-Task_1/install/hb_interfaces/lib/libhb_interfaces__rosidl_generator_py.so
[0.993s] -- Up-to-date: /home/pratheek/EYRC-Task_1/install/hb_interfaces/share/hb_interfaces/cmake/export_hb_interfaces__rosidl_generator_cExport.cmake
[0.993s] -- Up-to-date: /home/pratheek/EYRC-Task_1/install/hb_interfaces/share/hb_interfaces/cmake/export_hb_interfaces__rosidl_generator_cExport-noconfig.cmake
[0.993s] -- Up-to-date: /home/pratheek/EYRC-Task_1/install/hb_interfaces/share/hb_interfaces/cmake/export_hb_interfaces__rosidl_typesupport_fastrtps_cExport.cmake
[0.993s] -- Up-to-date: /home/pratheek/EYRC-Task_1/install/hb_interfaces/share/hb_interfaces/cmake/export_hb_interfaces__rosidl_typesupport_fastrtps_cExport-noconfig.cmake
[0.993s] -- Up-to-date: /home/pratheek/EYRC-Task_1/install/hb_interfaces/share/hb_interfaces/cmake/export_hb_interfaces__rosidl_generator_cppExport.cmake
[0.994s] -- Up-to-date: /home/pratheek/EYRC-Task_1/install/hb_interfaces/share/hb_interfaces/cmake/export_hb_interfaces__rosidl_typesupport_fastrtps_cppExport.cmake
[0.994s] -- Up-to-date: /home/pratheek/EYRC-Task_1/install/hb_interfaces/share/hb_interfaces/cmake/export_hb_interfaces__rosidl_typesupport_fastrtps_cppExport-noconfig.cmake
[0.994s] -- Up-to-date: /home/pratheek/EYRC-Task_1/install/hb_interfaces/share/hb_interfaces/cmake/hb_interfaces__rosidl_typesupport_introspection_cExport.cmake
[0.994s] -- Up-to-date: /home/pratheek/EYRC-Task_1/install/hb_interfaces/share/hb_interfaces/cmake/hb_interfaces__rosidl_typesupport_introspection_cExport-noconfig.cmake
[0.994s] -- Up-to-date: /home/pratheek/EYRC-Task_1/install/hb_interfaces/share/hb_interfaces/cmake/hb_interfaces__rosidl_typesupport_cExport.cmake
[0.994s] -- Up-to-date: /home/pratheek/EYRC-Task_1/install/hb_interfaces/share/hb_interfaces/cmake/hb_interfaces__rosidl_typesupport_cExport-noconfig.cmake
[0.995s] -- Up-to-date: /home/pratheek/EYRC-Task_1/install/hb_interfaces/share/hb_interfaces/cmake/hb_interfaces__rosidl_typesupport_introspection_cppExport.cmake
[0.995s] -- Up-to-date: /home/pratheek/EYRC-Task_1/install/hb_interfaces/share/hb_interfaces/cmake/hb_interfaces__rosidl_typesupport_introspection_cppExport-noconfig.cmake
[0.995s] -- Up-to-date: /home/pratheek/EYRC-Task_1/install/hb_interfaces/share/hb_interfaces/cmake/hb_interfaces__rosidl_typesupport_cppExport.cmake
[0.995s] -- Up-to-date: /home/pratheek/EYRC-Task_1/install/hb_interfaces/share/hb_interfaces/cmake/hb_interfaces__rosidl_typesupport_cppExport-noconfig.cmake
[0.995s] -- Up-to-date: /home/pratheek/EYRC-Task_1/install/hb_interfaces/share/hb_interfaces/cmake/export_hb_interfaces__rosidl_generator_pyExport.cmake
[0.995s] -- Up-to-date: /home/pratheek/EYRC-Task_1/install/hb_interfaces/share/hb_interfaces/cmake/export_hb_interfaces__rosidl_generator_pyExport-noconfig.cmake
[0.998s] Invoked command in '/home/pratheek/EYRC-Task_1/build/hb_interfaces' returned '0': CMAKE_PREFIX_PATH=${CMAKE_PREFIX_PATH}:/home/pratheek/ros2_ws/install/my_controller:/opt/ros/humble /usr/bin/cmake --install /home/pratheek/EYRC-Task_1/build/hb_interfaces
