[0.019s] Invoking command in '/home/pratheek/EYRC-Task_1/build/hb_control': CMAKE_PREFIX_PATH=${CMAKE_PREFIX_PATH}:/home/pratheek/ros2_ws/install/my_controller:/opt/ros/humble /usr/bin/cmake /home/pratheek/EYRC-Task_1/src/hb_control -DAMENT_CMAKE_SYMLINK_INSTALL=1 -DCMAKE_INSTALL_PREFIX=/home/pratheek/EYRC-Task_1/install/hb_control
[0.113s] -- The C compiler identification is GNU 11.4.0
[0.205s] -- The CXX compiler identification is GNU 11.4.0
[0.218s] -- Detecting C compiler ABI info
[0.337s] -- Detecting C compiler ABI info - done
[0.349s] -- Check for working C compiler: /usr/bin/cc - skipped
[0.351s] -- Detecting C compile features
[0.351s] -- Detecting C compile features - done
[0.357s] -- Detecting CXX compiler ABI info
[0.494s] -- Detecting CXX compiler ABI info - done
[0.507s] -- Check for working CXX compiler: /usr/bin/c++ - skipped
[0.508s] -- Detecting CXX compile features
[0.509s] -- Detecting CXX compile features - done
[0.515s] -- Found ament_cmake: 1.3.12 (/opt/ros/humble/share/ament_cmake/cmake)
[0.794s] -- Found Python3: /usr/bin/python3 (found version "3.10.12") found components: Interpreter 
[0.901s] -- Override CMake install command with custom implementation using symlinks instead of copying resources
[0.964s] -- Found rclcpp: 16.0.14 (/opt/ros/humble/share/rclcpp/cmake)
[1.042s] -- Found rosidl_generator_c: 3.1.7 (/opt/ros/humble/share/rosidl_generator_c/cmake)
[1.051s] -- Found rosidl_adapter: 3.1.7 (/opt/ros/humble/share/rosidl_adapter/cmake)
[1.068s] -- Found rosidl_generator_cpp: 3.1.7 (/opt/ros/humble/share/rosidl_generator_cpp/cmake)
[1.090s] -- Using all available rosidl_typesupport_c: rosidl_typesupport_fastrtps_c;rosidl_typesupport_introspection_c
[1.119s] -- Using all available rosidl_typesupport_cpp: rosidl_typesupport_fastrtps_cpp;rosidl_typesupport_introspection_cpp
[1.210s] -- Found rmw_implementation_cmake: 6.1.2 (/opt/ros/humble/share/rmw_implementation_cmake/cmake)
[1.217s] -- Found rmw_fastrtps_cpp: 6.2.8 (/opt/ros/humble/share/rmw_fastrtps_cpp/cmake)
[1.405s] -- Found OpenSSL: /usr/lib/x86_64-linux-gnu/libcrypto.so (found version "3.0.2")  
[1.456s] -- Found FastRTPS: /opt/ros/humble/include  
[1.524s] -- Using RMW implementation 'rmw_fastrtps_cpp' as default
[1.547s] -- Looking for pthread.h
[1.768s] -- Looking for pthread.h - found
[1.770s] -- Performing Test CMAKE_HAVE_LIBC_PTHREAD
[2.015s] -- Performing Test CMAKE_HAVE_LIBC_PTHREAD - Success
[2.017s] -- Found Threads: TRUE  
[2.184s] -- Found sensor_msgs: 4.9.0 (/opt/ros/humble/share/sensor_msgs/cmake)
[2.233s] -- Found cv_bridge: 3.2.1 (/opt/ros/humble/share/cv_bridge/cmake)
[2.265s] -- Found OpenCV: /usr (found version "4.5.4") 
[2.266s] -- Found ament_lint_auto: 0.12.14 (/opt/ros/humble/share/ament_lint_auto/cmake)
[2.403s] -- Added test 'flake8' to check Python code syntax and style conventions
[2.408s] -- Added test 'lint_cmake' to check CMake code style
[2.408s] -- Added test 'pep257' to check Python code against some of the docstring style conventions in PEP 257
[2.408s] -- Added test 'xmllint' to check XML markup files
[2.410s] -- Configuring done
[2.417s] -- Generating done
[2.420s] -- Build files have been written to: /home/pratheek/EYRC-Task_1/build/hb_control
[2.436s] Invoked command in '/home/pratheek/EYRC-Task_1/build/hb_control' returned '0': CMAKE_PREFIX_PATH=${CMAKE_PREFIX_PATH}:/home/pratheek/ros2_ws/install/my_controller:/opt/ros/humble /usr/bin/cmake /home/pratheek/EYRC-Task_1/src/hb_control -DAMENT_CMAKE_SYMLINK_INSTALL=1 -DCMAKE_INSTALL_PREFIX=/home/pratheek/EYRC-Task_1/install/hb_control
[2.437s] Invoking command in '/home/pratheek/EYRC-Task_1/build/hb_control': CMAKE_PREFIX_PATH=${CMAKE_PREFIX_PATH}:/home/pratheek/ros2_ws/install/my_controller:/opt/ros/humble /usr/bin/cmake --build /home/pratheek/EYRC-Task_1/build/hb_control -- -j2 -l2
[2.512s] Invoked command in '/home/pratheek/EYRC-Task_1/build/hb_control' returned '0': CMAKE_PREFIX_PATH=${CMAKE_PREFIX_PATH}:/home/pratheek/ros2_ws/install/my_controller:/opt/ros/humble /usr/bin/cmake --build /home/pratheek/EYRC-Task_1/build/hb_control -- -j2 -l2
[2.513s] Invoking command in '/home/pratheek/EYRC-Task_1/build/hb_control': CMAKE_PREFIX_PATH=${CMAKE_PREFIX_PATH}:/home/pratheek/ros2_ws/install/my_controller:/opt/ros/humble /usr/bin/cmake --install /home/pratheek/EYRC-Task_1/build/hb_control
[2.523s] -- Install configuration: ""
[2.524s] -- Execute custom install script
[2.526s] -- Symlinking: /home/pratheek/EYRC-Task_1/install/hb_control/lib/hb_control/holonomic_perception.py
[2.540s] -- Symlinking: /home/pratheek/EYRC-Task_1/install/hb_control/lib/hb_control/holonomic_controller.py
[2.563s] -- Symlinking: /home/pratheek/EYRC-Task_1/install/hb_control/share/ament_index/resource_index/package_run_dependencies/hb_control
[2.575s] -- Symlinking: /home/pratheek/EYRC-Task_1/install/hb_control/share/ament_index/resource_index/parent_prefix_path/hb_control
[2.589s] -- Symlinking: /home/pratheek/EYRC-Task_1/install/hb_control/share/hb_control/environment/ament_prefix_path.sh
[2.602s] -- Symlinking: /home/pratheek/EYRC-Task_1/install/hb_control/share/hb_control/environment/ament_prefix_path.dsv
[2.617s] -- Symlinking: /home/pratheek/EYRC-Task_1/install/hb_control/share/hb_control/environment/path.sh
[2.631s] -- Symlinking: /home/pratheek/EYRC-Task_1/install/hb_control/share/hb_control/environment/path.dsv
[2.645s] -- Symlinking: /home/pratheek/EYRC-Task_1/install/hb_control/share/hb_control/local_setup.bash
[2.666s] -- Symlinking: /home/pratheek/EYRC-Task_1/install/hb_control/share/hb_control/local_setup.sh
[2.679s] -- Symlinking: /home/pratheek/EYRC-Task_1/install/hb_control/share/hb_control/local_setup.zsh
[2.693s] -- Symlinking: /home/pratheek/EYRC-Task_1/install/hb_control/share/hb_control/local_setup.dsv
[2.708s] -- Symlinking: /home/pratheek/EYRC-Task_1/install/hb_control/share/hb_control/package.dsv
[2.723s] -- Symlinking: /home/pratheek/EYRC-Task_1/install/hb_control/share/ament_index/resource_index/packages/hb_control
[2.738s] -- Symlinking: /home/pratheek/EYRC-Task_1/install/hb_control/share/hb_control/cmake/hb_controlConfig.cmake
[2.757s] -- Symlinking: /home/pratheek/EYRC-Task_1/install/hb_control/share/hb_control/cmake/hb_controlConfig-version.cmake
[2.773s] -- Symlinking: /home/pratheek/EYRC-Task_1/install/hb_control/share/hb_control/package.xml
[2.790s] Invoked command in '/home/pratheek/EYRC-Task_1/build/hb_control' returned '0': CMAKE_PREFIX_PATH=${CMAKE_PREFIX_PATH}:/home/pratheek/ros2_ws/install/my_controller:/opt/ros/humble /usr/bin/cmake --install /home/pratheek/EYRC-Task_1/build/hb_control
