[0.016s] Invoking command in '/home/pratheek/EYRC-Task_1/build/hb_control': CMAKE_PREFIX_PATH=${CMAKE_PREFIX_PATH}:/home/pratheek/ros2_ws/install/my_controller:/opt/ros/humble /usr/bin/cmake --build /home/pratheek/EYRC-Task_1/build/hb_control -- -j2 -l2
[0.119s] Invoked command in '/home/pratheek/EYRC-Task_1/build/hb_control' returned '0': CMAKE_PREFIX_PATH=${CMAKE_PREFIX_PATH}:/home/pratheek/ros2_ws/install/my_controller:/opt/ros/humble /usr/bin/cmake --build /home/pratheek/EYRC-Task_1/build/hb_control -- -j2 -l2
[0.120s] Invoking command in '/home/pratheek/EYRC-Task_1/build/hb_control': CMAKE_PREFIX_PATH=${CMAKE_PREFIX_PATH}:/home/pratheek/ros2_ws/install/my_controller:/opt/ros/humble /usr/bin/cmake --install /home/pratheek/EYRC-Task_1/build/hb_control
[0.144s] -- Install configuration: ""
[0.146s] -- Execute custom install script
[0.146s] -- Up-to-date symlink: /home/pratheek/EYRC-Task_1/install/hb_control/lib/hb_control/holonomic_perception.py
[0.146s] -- Up-to-date symlink: /home/pratheek/EYRC-Task_1/install/hb_control/lib/hb_control/holonomic_controller.py
[0.149s] -- Up-to-date symlink: /home/pratheek/EYRC-Task_1/install/hb_control/share/ament_index/resource_index/package_run_dependencies/hb_control
[0.149s] -- Up-to-date symlink: /home/pratheek/EYRC-Task_1/install/hb_control/share/ament_index/resource_index/parent_prefix_path/hb_control
[0.150s] -- Up-to-date symlink: /home/pratheek/EYRC-Task_1/install/hb_control/share/hb_control/environment/ament_prefix_path.sh
[0.150s] -- Up-to-date symlink: /home/pratheek/EYRC-Task_1/install/hb_control/share/hb_control/environment/ament_prefix_path.dsv
[0.150s] -- Up-to-date symlink: /home/pratheek/EYRC-Task_1/install/hb_control/share/hb_control/environment/path.sh
[0.150s] -- Up-to-date symlink: /home/pratheek/EYRC-Task_1/install/hb_control/share/hb_control/environment/path.dsv
[0.150s] -- Up-to-date symlink: /home/pratheek/EYRC-Task_1/install/hb_control/share/hb_control/local_setup.bash
[0.152s] -- Up-to-date symlink: /home/pratheek/EYRC-Task_1/install/hb_control/share/hb_control/local_setup.sh
[0.153s] -- Up-to-date symlink: /home/pratheek/EYRC-Task_1/install/hb_control/share/hb_control/local_setup.zsh
[0.153s] -- Up-to-date symlink: /home/pratheek/EYRC-Task_1/install/hb_control/share/hb_control/local_setup.dsv
[0.153s] -- Symlinking: /home/pratheek/EYRC-Task_1/install/hb_control/share/hb_control/package.dsv
[0.181s] -- Up-to-date symlink: /home/pratheek/EYRC-Task_1/install/hb_control/share/ament_index/resource_index/packages/hb_control
[0.181s] -- Up-to-date symlink: /home/pratheek/EYRC-Task_1/install/hb_control/share/hb_control/cmake/hb_controlConfig.cmake
[0.181s] -- Up-to-date symlink: /home/pratheek/EYRC-Task_1/install/hb_control/share/hb_control/cmake/hb_controlConfig-version.cmake
[0.181s] -- Up-to-date symlink: /home/pratheek/EYRC-Task_1/install/hb_control/share/hb_control/package.xml
[0.186s] Invoked command in '/home/pratheek/EYRC-Task_1/build/hb_control' returned '0': CMAKE_PREFIX_PATH=${CMAKE_PREFIX_PATH}:/home/pratheek/ros2_ws/install/my_controller:/opt/ros/humble /usr/bin/cmake --install /home/pratheek/EYRC-Task_1/build/hb_control
