[0.173s] DEBUG:colcon:Command line arguments: ['/usr/bin/colcon', 'build', '--symlink-install']
[0.173s] DEBUG:colcon:Parsed command line arguments: Namespace(log_base=None, log_level=None, verb_name='build', build_base='build', install_base='install', merge_install=False, symlink_install=True, test_result_base=None, continue_on_error=False, executor='parallel', parallel_workers=2, event_handlers=None, ignore_user_meta=False, metas=['./colcon.meta'], base_paths=['.'], packages_ignore=None, packages_ignore_regex=None, paths=None, packages_up_to=None, packages_up_to_regex=None, packages_above=None, packages_above_and_dependencies=None, packages_above_depth=None, packages_select_by_dep=None, packages_skip_by_dep=None, packages_skip_up_to=None, packages_select_build_failed=False, packages_skip_build_finished=False, packages_select_test_failures=False, packages_skip_test_passed=False, packages_select=None, packages_skip=None, packages_select_regex=None, packages_skip_regex=None, packages_start=None, packages_end=None, allow_overriding=[], cmake_args=None, cmake_target=None, cmake_target_skip_unavailable=False, cmake_clean_cache=False, cmake_clean_first=False, cmake_force_configure=False, ament_cmake_args=None, catkin_cmake_args=None, catkin_skip_building_tests=False, mixin_files=None, mixin=None, verb_parser=<colcon_mixin.mixin.mixin_argument.MixinArgumentDecorator object at 0x736119a667a0>, verb_extension=<colcon_core.verb.build.BuildVerb object at 0x736119a661d0>, main=<bound method BuildVerb.main of <colcon_core.verb.build.BuildVerb object at 0x736119a661d0>>, mixin_verb=('build',))
[0.428s] Level 1:colcon.colcon_core.package_discovery:discover_packages(colcon_meta) check parameters
[0.428s] Level 1:colcon.colcon_core.package_discovery:discover_packages(recursive) check parameters
[0.428s] Level 1:colcon.colcon_core.package_discovery:discover_packages(ignore) check parameters
[0.428s] Level 1:colcon.colcon_core.package_discovery:discover_packages(path) check parameters
[0.428s] Level 1:colcon.colcon_core.package_discovery:discover_packages(colcon_meta) discover
[0.428s] Level 1:colcon.colcon_core.package_discovery:discover_packages(recursive) discover
[0.428s] INFO:colcon.colcon_core.package_discovery:Crawling recursively for packages in '/home/pratheek/EYRC-Task_1'
[0.428s] Level 1:colcon.colcon_core.package_identification:_identify(.) by extensions ['ignore', 'ignore_ament_install']
[0.429s] Level 1:colcon.colcon_core.package_identification:_identify(.) by extension 'ignore'
[0.429s] Level 1:colcon.colcon_core.package_identification:_identify(.) by extension 'ignore_ament_install'
[0.429s] Level 1:colcon.colcon_core.package_identification:_identify(.) by extensions ['colcon_pkg']
[0.429s] Level 1:colcon.colcon_core.package_identification:_identify(.) by extension 'colcon_pkg'
[0.429s] Level 1:colcon.colcon_core.package_identification:_identify(.) by extensions ['colcon_meta']
[0.429s] Level 1:colcon.colcon_core.package_identification:_identify(.) by extension 'colcon_meta'
[0.429s] Level 1:colcon.colcon_core.package_identification:_identify(.) by extensions ['ros']
[0.429s] Level 1:colcon.colcon_core.package_identification:_identify(.) by extension 'ros'
[0.445s] Level 1:colcon.colcon_core.package_identification:_identify(.) by extensions ['cmake', 'python']
[0.445s] Level 1:colcon.colcon_core.package_identification:_identify(.) by extension 'cmake'
[0.446s] Level 1:colcon.colcon_core.package_identification:_identify(.) by extension 'python'
[0.446s] Level 1:colcon.colcon_core.package_identification:_identify(.) by extensions ['python_setup_py']
[0.446s] Level 1:colcon.colcon_core.package_identification:_identify(.) by extension 'python_setup_py'
[0.446s] Level 1:colcon.colcon_core.package_identification:_identify(build) by extensions ['ignore', 'ignore_ament_install']
[0.446s] Level 1:colcon.colcon_core.package_identification:_identify(build) by extension 'ignore'
[0.446s] Level 1:colcon.colcon_core.package_identification:_identify(build) ignored
[0.446s] Level 1:colcon.colcon_core.package_identification:_identify(install) by extensions ['ignore', 'ignore_ament_install']
[0.446s] Level 1:colcon.colcon_core.package_identification:_identify(install) by extension 'ignore'
[0.446s] Level 1:colcon.colcon_core.package_identification:_identify(install) ignored
[0.447s] Level 1:colcon.colcon_core.package_identification:_identify(log) by extensions ['ignore', 'ignore_ament_install']
[0.447s] Level 1:colcon.colcon_core.package_identification:_identify(log) by extension 'ignore'
[0.447s] Level 1:colcon.colcon_core.package_identification:_identify(log) ignored
[0.447s] Level 1:colcon.colcon_core.package_identification:_identify(src) by extensions ['ignore', 'ignore_ament_install']
[0.447s] Level 1:colcon.colcon_core.package_identification:_identify(src) by extension 'ignore'
[0.447s] Level 1:colcon.colcon_core.package_identification:_identify(src) by extension 'ignore_ament_install'
[0.447s] Level 1:colcon.colcon_core.package_identification:_identify(src) by extensions ['colcon_pkg']
[0.447s] Level 1:colcon.colcon_core.package_identification:_identify(src) by extension 'colcon_pkg'
[0.447s] Level 1:colcon.colcon_core.package_identification:_identify(src) by extensions ['colcon_meta']
[0.447s] Level 1:colcon.colcon_core.package_identification:_identify(src) by extension 'colcon_meta'
[0.447s] Level 1:colcon.colcon_core.package_identification:_identify(src) by extensions ['ros']
[0.447s] Level 1:colcon.colcon_core.package_identification:_identify(src) by extension 'ros'
[0.448s] Level 1:colcon.colcon_core.package_identification:_identify(src) by extensions ['cmake', 'python']
[0.448s] Level 1:colcon.colcon_core.package_identification:_identify(src) by extension 'cmake'
[0.448s] Level 1:colcon.colcon_core.package_identification:_identify(src) by extension 'python'
[0.448s] Level 1:colcon.colcon_core.package_identification:_identify(src) by extensions ['python_setup_py']
[0.448s] Level 1:colcon.colcon_core.package_identification:_identify(src) by extension 'python_setup_py'
[0.448s] Level 1:colcon.colcon_core.package_identification:_identify(src/eyantrasim) by extensions ['ignore', 'ignore_ament_install']
[0.448s] Level 1:colcon.colcon_core.package_identification:_identify(src/eyantrasim) by extension 'ignore'
[0.448s] Level 1:colcon.colcon_core.package_identification:_identify(src/eyantrasim) by extension 'ignore_ament_install'
[0.448s] Level 1:colcon.colcon_core.package_identification:_identify(src/eyantrasim) by extensions ['colcon_pkg']
[0.448s] Level 1:colcon.colcon_core.package_identification:_identify(src/eyantrasim) by extension 'colcon_pkg'
[0.448s] Level 1:colcon.colcon_core.package_identification:_identify(src/eyantrasim) by extensions ['colcon_meta']
[0.448s] Level 1:colcon.colcon_core.package_identification:_identify(src/eyantrasim) by extension 'colcon_meta'
[0.448s] Level 1:colcon.colcon_core.package_identification:_identify(src/eyantrasim) by extensions ['ros']
[0.449s] Level 1:colcon.colcon_core.package_identification:_identify(src/eyantrasim) by extension 'ros'
[0.452s] DEBUG:colcon.colcon_core.package_identification:Package 'src/eyantrasim' with type 'ros.ament_cmake' and name 'eyantrasim'
[0.452s] Level 1:colcon.colcon_core.package_identification:_identify(src/eyantrasim_msgs) by extensions ['ignore', 'ignore_ament_install']
[0.452s] Level 1:colcon.colcon_core.package_identification:_identify(src/eyantrasim_msgs) by extension 'ignore'
[0.452s] Level 1:colcon.colcon_core.package_identification:_identify(src/eyantrasim_msgs) by extension 'ignore_ament_install'
[0.452s] Level 1:colcon.colcon_core.package_identification:_identify(src/eyantrasim_msgs) by extensions ['colcon_pkg']
[0.452s] Level 1:colcon.colcon_core.package_identification:_identify(src/eyantrasim_msgs) by extension 'colcon_pkg'
[0.452s] Level 1:colcon.colcon_core.package_identification:_identify(src/eyantrasim_msgs) by extensions ['colcon_meta']
[0.453s] Level 1:colcon.colcon_core.package_identification:_identify(src/eyantrasim_msgs) by extension 'colcon_meta'
[0.453s] Level 1:colcon.colcon_core.package_identification:_identify(src/eyantrasim_msgs) by extensions ['ros']
[0.453s] Level 1:colcon.colcon_core.package_identification:_identify(src/eyantrasim_msgs) by extension 'ros'
[0.454s] DEBUG:colcon.colcon_core.package_identification:Package 'src/eyantrasim_msgs' with type 'ros.ament_cmake' and name 'eyantrasim_msgs'
[0.454s] Level 1:colcon.colcon_core.package_identification:_identify(src/hb_control) by extensions ['ignore', 'ignore_ament_install']
[0.454s] Level 1:colcon.colcon_core.package_identification:_identify(src/hb_control) by extension 'ignore'
[0.454s] Level 1:colcon.colcon_core.package_identification:_identify(src/hb_control) by extension 'ignore_ament_install'
[0.454s] Level 1:colcon.colcon_core.package_identification:_identify(src/hb_control) by extensions ['colcon_pkg']
[0.454s] Level 1:colcon.colcon_core.package_identification:_identify(src/hb_control) by extension 'colcon_pkg'
[0.455s] Level 1:colcon.colcon_core.package_identification:_identify(src/hb_control) by extensions ['colcon_meta']
[0.455s] Level 1:colcon.colcon_core.package_identification:_identify(src/hb_control) by extension 'colcon_meta'
[0.455s] Level 1:colcon.colcon_core.package_identification:_identify(src/hb_control) by extensions ['ros']
[0.455s] Level 1:colcon.colcon_core.package_identification:_identify(src/hb_control) by extension 'ros'
[0.456s] DEBUG:colcon.colcon_core.package_identification:Package 'src/hb_control' with type 'ros.ament_cmake' and name 'hb_control'
[0.456s] Level 1:colcon.colcon_core.package_identification:_identify(src/hb_description) by extensions ['ignore', 'ignore_ament_install']
[0.456s] Level 1:colcon.colcon_core.package_identification:_identify(src/hb_description) by extension 'ignore'
[0.456s] Level 1:colcon.colcon_core.package_identification:_identify(src/hb_description) by extension 'ignore_ament_install'
[0.456s] Level 1:colcon.colcon_core.package_identification:_identify(src/hb_description) by extensions ['colcon_pkg']
[0.456s] Level 1:colcon.colcon_core.package_identification:_identify(src/hb_description) by extension 'colcon_pkg'
[0.456s] Level 1:colcon.colcon_core.package_identification:_identify(src/hb_description) by extensions ['colcon_meta']
[0.456s] Level 1:colcon.colcon_core.package_identification:_identify(src/hb_description) by extension 'colcon_meta'
[0.456s] Level 1:colcon.colcon_core.package_identification:_identify(src/hb_description) by extensions ['ros']
[0.457s] Level 1:colcon.colcon_core.package_identification:_identify(src/hb_description) by extension 'ros'
[0.457s] DEBUG:colcon.colcon_core.package_identification:Package 'src/hb_description' with type 'ros.ament_cmake' and name 'hb_description'
[0.457s] Level 1:colcon.colcon_core.package_identification:_identify(src/hb_interfaces) by extensions ['ignore', 'ignore_ament_install']
[0.458s] Level 1:colcon.colcon_core.package_identification:_identify(src/hb_interfaces) by extension 'ignore'
[0.458s] Level 1:colcon.colcon_core.package_identification:_identify(src/hb_interfaces) by extension 'ignore_ament_install'
[0.458s] Level 1:colcon.colcon_core.package_identification:_identify(src/hb_interfaces) by extensions ['colcon_pkg']
[0.458s] Level 1:colcon.colcon_core.package_identification:_identify(src/hb_interfaces) by extension 'colcon_pkg'
[0.458s] Level 1:colcon.colcon_core.package_identification:_identify(src/hb_interfaces) by extensions ['colcon_meta']
[0.458s] Level 1:colcon.colcon_core.package_identification:_identify(src/hb_interfaces) by extension 'colcon_meta'
[0.458s] Level 1:colcon.colcon_core.package_identification:_identify(src/hb_interfaces) by extensions ['ros']
[0.458s] Level 1:colcon.colcon_core.package_identification:_identify(src/hb_interfaces) by extension 'ros'
[0.459s] DEBUG:colcon.colcon_core.package_identification:Package 'src/hb_interfaces' with type 'ros.ament_cmake' and name 'hb_interfaces'
[0.459s] Level 1:colcon.colcon_core.package_discovery:discover_packages(recursive) using defaults
[0.459s] Level 1:colcon.colcon_core.package_discovery:discover_packages(ignore) discover
[0.459s] Level 1:colcon.colcon_core.package_discovery:discover_packages(ignore) using defaults
[0.459s] Level 1:colcon.colcon_core.package_discovery:discover_packages(path) discover
[0.459s] Level 1:colcon.colcon_core.package_discovery:discover_packages(path) using defaults
[0.503s] Level 1:colcon.colcon_core.package_discovery:discover_packages(prefix_path) check parameters
[0.503s] Level 1:colcon.colcon_core.package_discovery:discover_packages(prefix_path) discover
[0.504s] WARNING:colcon.colcon_ros.prefix_path.ament:The path '/home/pratheek/EYRC-Task_1/install/hb_interfaces' in the environment variable AMENT_PREFIX_PATH doesn't exist
[0.504s] WARNING:colcon.colcon_ros.prefix_path.ament:The path '/home/pratheek/EYRC-Task_1/install/hb_description' in the environment variable AMENT_PREFIX_PATH doesn't exist
[0.504s] WARNING:colcon.colcon_ros.prefix_path.ament:The path '/home/pratheek/EYRC-Task_1/install/hb_control' in the environment variable AMENT_PREFIX_PATH doesn't exist
[0.504s] WARNING:colcon.colcon_ros.prefix_path.ament:The path '/home/pratheek/EYRC-Task_1/install/eyantrasim_msgs' in the environment variable AMENT_PREFIX_PATH doesn't exist
[0.504s] WARNING:colcon.colcon_ros.prefix_path.ament:The path '/home/pratheek/EYRC-Task_1/install/eyantrasim' in the environment variable AMENT_PREFIX_PATH doesn't exist
[0.505s] WARNING:colcon.colcon_ros.prefix_path.catkin:The path '/home/pratheek/EYRC-Task_1/install/hb_interfaces' in the environment variable CMAKE_PREFIX_PATH doesn't exist
[0.505s] WARNING:colcon.colcon_ros.prefix_path.catkin:The path '/home/pratheek/EYRC-Task_1/install/hb_description' in the environment variable CMAKE_PREFIX_PATH doesn't exist
[0.505s] WARNING:colcon.colcon_ros.prefix_path.catkin:The path '/home/pratheek/EYRC-Task_1/install/hb_control' in the environment variable CMAKE_PREFIX_PATH doesn't exist
[0.505s] WARNING:colcon.colcon_ros.prefix_path.catkin:The path '/home/pratheek/EYRC-Task_1/install/eyantrasim_msgs' in the environment variable CMAKE_PREFIX_PATH doesn't exist
[0.505s] WARNING:colcon.colcon_ros.prefix_path.catkin:The path '/home/pratheek/EYRC-Task_1/install/eyantrasim' in the environment variable CMAKE_PREFIX_PATH doesn't exist
[0.506s] DEBUG:colcon.colcon_installed_package_information.package_discovery:Found 1 installed packages in /home/pratheek/ros2_ws/install
[0.507s] DEBUG:colcon.colcon_installed_package_information.package_discovery:Found 0 installed packages in /home/pratheek/EYRC-Task_1/install
[0.507s] DEBUG:colcon.colcon_installed_package_information.package_discovery:Found 5 installed packages in /home/pratheek/hb_ws/install
[0.509s] DEBUG:colcon.colcon_installed_package_information.package_discovery:Found 286 installed packages in /opt/ros/humble
[0.512s] Level 1:colcon.colcon_core.package_discovery:discover_packages(prefix_path) using defaults
[0.573s] Level 5:colcon.colcon_core.verb:set package 'eyantrasim' build argument 'cmake_args' from command line to 'None'
[0.573s] Level 5:colcon.colcon_core.verb:set package 'eyantrasim' build argument 'cmake_target' from command line to 'None'
[0.573s] Level 5:colcon.colcon_core.verb:set package 'eyantrasim' build argument 'cmake_target_skip_unavailable' from command line to 'False'
[0.573s] Level 5:colcon.colcon_core.verb:set package 'eyantrasim' build argument 'cmake_clean_cache' from command line to 'False'
[0.573s] Level 5:colcon.colcon_core.verb:set package 'eyantrasim' build argument 'cmake_clean_first' from command line to 'False'
[0.573s] Level 5:colcon.colcon_core.verb:set package 'eyantrasim' build argument 'cmake_force_configure' from command line to 'False'
[0.573s] Level 5:colcon.colcon_core.verb:set package 'eyantrasim' build argument 'ament_cmake_args' from command line to 'None'
[0.573s] Level 5:colcon.colcon_core.verb:set package 'eyantrasim' build argument 'catkin_cmake_args' from command line to 'None'
[0.573s] Level 5:colcon.colcon_core.verb:set package 'eyantrasim' build argument 'catkin_skip_building_tests' from command line to 'False'
[0.573s] DEBUG:colcon.colcon_core.verb:Building package 'eyantrasim' with the following arguments: {'ament_cmake_args': None, 'build_base': '/home/pratheek/EYRC-Task_1/build/eyantrasim', 'catkin_cmake_args': None, 'catkin_skip_building_tests': False, 'cmake_args': None, 'cmake_clean_cache': False, 'cmake_clean_first': False, 'cmake_force_configure': False, 'cmake_target': None, 'cmake_target_skip_unavailable': False, 'install_base': '/home/pratheek/EYRC-Task_1/install/eyantrasim', 'merge_install': False, 'path': '/home/pratheek/EYRC-Task_1/src/eyantrasim', 'symlink_install': True, 'test_result_base': None}
[0.574s] Level 5:colcon.colcon_core.verb:set package 'eyantrasim_msgs' build argument 'cmake_args' from command line to 'None'
[0.574s] Level 5:colcon.colcon_core.verb:set package 'eyantrasim_msgs' build argument 'cmake_target' from command line to 'None'
[0.574s] Level 5:colcon.colcon_core.verb:set package 'eyantrasim_msgs' build argument 'cmake_target_skip_unavailable' from command line to 'False'
[0.574s] Level 5:colcon.colcon_core.verb:set package 'eyantrasim_msgs' build argument 'cmake_clean_cache' from command line to 'False'
[0.574s] Level 5:colcon.colcon_core.verb:set package 'eyantrasim_msgs' build argument 'cmake_clean_first' from command line to 'False'
[0.574s] Level 5:colcon.colcon_core.verb:set package 'eyantrasim_msgs' build argument 'cmake_force_configure' from command line to 'False'
[0.574s] Level 5:colcon.colcon_core.verb:set package 'eyantrasim_msgs' build argument 'ament_cmake_args' from command line to 'None'
[0.574s] Level 5:colcon.colcon_core.verb:set package 'eyantrasim_msgs' build argument 'catkin_cmake_args' from command line to 'None'
[0.574s] Level 5:colcon.colcon_core.verb:set package 'eyantrasim_msgs' build argument 'catkin_skip_building_tests' from command line to 'False'
[0.574s] DEBUG:colcon.colcon_core.verb:Building package 'eyantrasim_msgs' with the following arguments: {'ament_cmake_args': None, 'build_base': '/home/pratheek/EYRC-Task_1/build/eyantrasim_msgs', 'catkin_cmake_args': None, 'catkin_skip_building_tests': False, 'cmake_args': None, 'cmake_clean_cache': False, 'cmake_clean_first': False, 'cmake_force_configure': False, 'cmake_target': None, 'cmake_target_skip_unavailable': False, 'install_base': '/home/pratheek/EYRC-Task_1/install/eyantrasim_msgs', 'merge_install': False, 'path': '/home/pratheek/EYRC-Task_1/src/eyantrasim_msgs', 'symlink_install': True, 'test_result_base': None}
[0.575s] Level 5:colcon.colcon_core.verb:set package 'hb_control' build argument 'cmake_args' from command line to 'None'
[0.575s] Level 5:colcon.colcon_core.verb:set package 'hb_control' build argument 'cmake_target' from command line to 'None'
[0.575s] Level 5:colcon.colcon_core.verb:set package 'hb_control' build argument 'cmake_target_skip_unavailable' from command line to 'False'
[0.575s] Level 5:colcon.colcon_core.verb:set package 'hb_control' build argument 'cmake_clean_cache' from command line to 'False'
[0.575s] Level 5:colcon.colcon_core.verb:set package 'hb_control' build argument 'cmake_clean_first' from command line to 'False'
[0.575s] Level 5:colcon.colcon_core.verb:set package 'hb_control' build argument 'cmake_force_configure' from command line to 'False'
[0.575s] Level 5:colcon.colcon_core.verb:set package 'hb_control' build argument 'ament_cmake_args' from command line to 'None'
[0.575s] Level 5:colcon.colcon_core.verb:set package 'hb_control' build argument 'catkin_cmake_args' from command line to 'None'
[0.575s] Level 5:colcon.colcon_core.verb:set package 'hb_control' build argument 'catkin_skip_building_tests' from command line to 'False'
[0.575s] DEBUG:colcon.colcon_core.verb:Building package 'hb_control' with the following arguments: {'ament_cmake_args': None, 'build_base': '/home/pratheek/EYRC-Task_1/build/hb_control', 'catkin_cmake_args': None, 'catkin_skip_building_tests': False, 'cmake_args': None, 'cmake_clean_cache': False, 'cmake_clean_first': False, 'cmake_force_configure': False, 'cmake_target': None, 'cmake_target_skip_unavailable': False, 'install_base': '/home/pratheek/EYRC-Task_1/install/hb_control', 'merge_install': False, 'path': '/home/pratheek/EYRC-Task_1/src/hb_control', 'symlink_install': True, 'test_result_base': None}
[0.576s] Level 5:colcon.colcon_core.verb:set package 'hb_description' build argument 'cmake_args' from command line to 'None'
[0.576s] Level 5:colcon.colcon_core.verb:set package 'hb_description' build argument 'cmake_target' from command line to 'None'
[0.576s] Level 5:colcon.colcon_core.verb:set package 'hb_description' build argument 'cmake_target_skip_unavailable' from command line to 'False'
[0.576s] Level 5:colcon.colcon_core.verb:set package 'hb_description' build argument 'cmake_clean_cache' from command line to 'False'
[0.576s] Level 5:colcon.colcon_core.verb:set package 'hb_description' build argument 'cmake_clean_first' from command line to 'False'
[0.576s] Level 5:colcon.colcon_core.verb:set package 'hb_description' build argument 'cmake_force_configure' from command line to 'False'
[0.576s] Level 5:colcon.colcon_core.verb:set package 'hb_description' build argument 'ament_cmake_args' from command line to 'None'
[0.576s] Level 5:colcon.colcon_core.verb:set package 'hb_description' build argument 'catkin_cmake_args' from command line to 'None'
[0.576s] Level 5:colcon.colcon_core.verb:set package 'hb_description' build argument 'catkin_skip_building_tests' from command line to 'False'
[0.576s] DEBUG:colcon.colcon_core.verb:Building package 'hb_description' with the following arguments: {'ament_cmake_args': None, 'build_base': '/home/pratheek/EYRC-Task_1/build/hb_description', 'catkin_cmake_args': None, 'catkin_skip_building_tests': False, 'cmake_args': None, 'cmake_clean_cache': False, 'cmake_clean_first': False, 'cmake_force_configure': False, 'cmake_target': None, 'cmake_target_skip_unavailable': False, 'install_base': '/home/pratheek/EYRC-Task_1/install/hb_description', 'merge_install': False, 'path': '/home/pratheek/EYRC-Task_1/src/hb_description', 'symlink_install': True, 'test_result_base': None}
[0.576s] Level 5:colcon.colcon_core.verb:set package 'hb_interfaces' build argument 'cmake_args' from command line to 'None'
[0.577s] Level 5:colcon.colcon_core.verb:set package 'hb_interfaces' build argument 'cmake_target' from command line to 'None'
[0.577s] Level 5:colcon.colcon_core.verb:set package 'hb_interfaces' build argument 'cmake_target_skip_unavailable' from command line to 'False'
[0.577s] Level 5:colcon.colcon_core.verb:set package 'hb_interfaces' build argument 'cmake_clean_cache' from command line to 'False'
[0.577s] Level 5:colcon.colcon_core.verb:set package 'hb_interfaces' build argument 'cmake_clean_first' from command line to 'False'
[0.577s] Level 5:colcon.colcon_core.verb:set package 'hb_interfaces' build argument 'cmake_force_configure' from command line to 'False'
[0.577s] Level 5:colcon.colcon_core.verb:set package 'hb_interfaces' build argument 'ament_cmake_args' from command line to 'None'
[0.577s] Level 5:colcon.colcon_core.verb:set package 'hb_interfaces' build argument 'catkin_cmake_args' from command line to 'None'
[0.577s] Level 5:colcon.colcon_core.verb:set package 'hb_interfaces' build argument 'catkin_skip_building_tests' from command line to 'False'
[0.577s] DEBUG:colcon.colcon_core.verb:Building package 'hb_interfaces' with the following arguments: {'ament_cmake_args': None, 'build_base': '/home/pratheek/EYRC-Task_1/build/hb_interfaces', 'catkin_cmake_args': None, 'catkin_skip_building_tests': False, 'cmake_args': None, 'cmake_clean_cache': False, 'cmake_clean_first': False, 'cmake_force_configure': False, 'cmake_target': None, 'cmake_target_skip_unavailable': False, 'install_base': '/home/pratheek/EYRC-Task_1/install/hb_interfaces', 'merge_install': False, 'path': '/home/pratheek/EYRC-Task_1/src/hb_interfaces', 'symlink_install': True, 'test_result_base': None}
[0.577s] INFO:colcon.colcon_core.executor:Executing jobs using 'parallel' executor
[0.578s] DEBUG:colcon.colcon_parallel_executor.executor.parallel:run_until_complete
[0.578s] INFO:colcon.colcon_ros.task.ament_cmake.build:Building ROS package in '/home/pratheek/EYRC-Task_1/src/eyantrasim' with build type 'ament_cmake'
[0.579s] INFO:colcon.colcon_cmake.task.cmake.build:Building CMake package in '/home/pratheek/EYRC-Task_1/src/eyantrasim'
[0.582s] INFO:colcon.colcon_core.plugin_system:Skipping extension 'colcon_core.shell.bat': Not used on non-Windows systems
[0.582s] INFO:colcon.colcon_core.shell:Skip shell extension 'powershell' for command environment: Not usable outside of PowerShell
[0.582s] DEBUG:colcon.colcon_core.shell:Skip shell extension 'dsv' for command environment
[0.588s] INFO:colcon.colcon_ros.task.ament_cmake.build:Building ROS package in '/home/pratheek/EYRC-Task_1/src/eyantrasim_msgs' with build type 'ament_cmake'
[0.588s] INFO:colcon.colcon_cmake.task.cmake.build:Building CMake package in '/home/pratheek/EYRC-Task_1/src/eyantrasim_msgs'
[0.589s] INFO:colcon.colcon_core.shell:Skip shell extension 'powershell' for command environment: Not usable outside of PowerShell
[0.589s] DEBUG:colcon.colcon_core.shell:Skip shell extension 'dsv' for command environment
[0.601s] DEBUG:colcon.colcon_core.event_handler.log_command:Invoking command in '/home/pratheek/EYRC-Task_1/build/eyantrasim': CMAKE_PREFIX_PATH=${CMAKE_PREFIX_PATH}:/home/pratheek/ros2_ws/install/my_controller:/opt/ros/humble /usr/bin/cmake /home/pratheek/EYRC-Task_1/src/eyantrasim -DAMENT_CMAKE_SYMLINK_INSTALL=1 -DCMAKE_INSTALL_PREFIX=/home/pratheek/EYRC-Task_1/install/eyantrasim
[0.605s] DEBUG:colcon.colcon_core.event_handler.log_command:Invoking command in '/home/pratheek/EYRC-Task_1/build/eyantrasim_msgs': CMAKE_PREFIX_PATH=${CMAKE_PREFIX_PATH}:/home/pratheek/ros2_ws/install/my_controller:/opt/ros/humble /usr/bin/cmake /home/pratheek/EYRC-Task_1/src/eyantrasim_msgs -DAMENT_CMAKE_SYMLINK_INSTALL=1 -DCMAKE_INSTALL_PREFIX=/home/pratheek/EYRC-Task_1/install/eyantrasim_msgs
[1.887s] DEBUG:colcon.colcon_core.event_handler.log_command:Invoked command in '/home/pratheek/EYRC-Task_1/build/eyantrasim' returned '0': CMAKE_PREFIX_PATH=${CMAKE_PREFIX_PATH}:/home/pratheek/ros2_ws/install/my_controller:/opt/ros/humble /usr/bin/cmake /home/pratheek/EYRC-Task_1/src/eyantrasim -DAMENT_CMAKE_SYMLINK_INSTALL=1 -DCMAKE_INSTALL_PREFIX=/home/pratheek/EYRC-Task_1/install/eyantrasim
[1.889s] DEBUG:colcon.colcon_core.event_handler.log_command:Invoking command in '/home/pratheek/EYRC-Task_1/build/eyantrasim': CMAKE_PREFIX_PATH=${CMAKE_PREFIX_PATH}:/home/pratheek/ros2_ws/install/my_controller:/opt/ros/humble /usr/bin/cmake --build /home/pratheek/EYRC-Task_1/build/eyantrasim -- -j2 -l2
[1.951s] DEBUG:colcon.colcon_core.event_handler.log_command:Invoked command in '/home/pratheek/EYRC-Task_1/build/eyantrasim' returned '0': CMAKE_PREFIX_PATH=${CMAKE_PREFIX_PATH}:/home/pratheek/ros2_ws/install/my_controller:/opt/ros/humble /usr/bin/cmake --build /home/pratheek/EYRC-Task_1/build/eyantrasim -- -j2 -l2
[1.967s] DEBUG:colcon.colcon_core.event_handler.log_command:Invoking command in '/home/pratheek/EYRC-Task_1/build/eyantrasim': CMAKE_PREFIX_PATH=${CMAKE_PREFIX_PATH}:/home/pratheek/ros2_ws/install/my_controller:/opt/ros/humble /usr/bin/cmake --install /home/pratheek/EYRC-Task_1/build/eyantrasim
[2.253s] Level 1:colcon.colcon_core.environment:create_environment_scripts_only(eyantrasim)
[2.254s] DEBUG:colcon.colcon_core.event_handler.log_command:Invoked command in '/home/pratheek/EYRC-Task_1/build/eyantrasim' returned '0': CMAKE_PREFIX_PATH=${CMAKE_PREFIX_PATH}:/home/pratheek/ros2_ws/install/my_controller:/opt/ros/humble /usr/bin/cmake --install /home/pratheek/EYRC-Task_1/build/eyantrasim
[2.257s] Level 1:colcon.colcon_core.environment:checking '/home/pratheek/EYRC-Task_1/install/eyantrasim' for CMake module files
[2.258s] Level 1:colcon.colcon_core.environment:checking '/home/pratheek/EYRC-Task_1/install/eyantrasim' for CMake config files
[2.258s] Level 1:colcon.colcon_core.shell:create_environment_hook('eyantrasim', 'cmake_prefix_path')
[2.259s] INFO:colcon.colcon_core.shell:Creating environment hook '/home/pratheek/EYRC-Task_1/install/eyantrasim/share/eyantrasim/hook/cmake_prefix_path.ps1'
[2.260s] INFO:colcon.colcon_core.shell:Creating environment descriptor '/home/pratheek/EYRC-Task_1/install/eyantrasim/share/eyantrasim/hook/cmake_prefix_path.dsv'
[2.260s] INFO:colcon.colcon_core.shell:Creating environment hook '/home/pratheek/EYRC-Task_1/install/eyantrasim/share/eyantrasim/hook/cmake_prefix_path.sh'
[2.262s] Level 1:colcon.colcon_core.environment:checking '/home/pratheek/EYRC-Task_1/install/eyantrasim/lib'
[2.262s] Level 1:colcon.colcon_core.environment:checking '/home/pratheek/EYRC-Task_1/install/eyantrasim/bin'
[2.262s] Level 1:colcon.colcon_core.environment:checking '/home/pratheek/EYRC-Task_1/install/eyantrasim/lib/pkgconfig/eyantrasim.pc'
[2.262s] Level 1:colcon.colcon_core.environment:checking '/home/pratheek/EYRC-Task_1/install/eyantrasim/lib/python3.10/site-packages'
[2.263s] Level 1:colcon.colcon_core.environment:checking '/home/pratheek/EYRC-Task_1/install/eyantrasim/bin'
[2.263s] INFO:colcon.colcon_core.shell:Creating package script '/home/pratheek/EYRC-Task_1/install/eyantrasim/share/eyantrasim/package.ps1'
[2.264s] INFO:colcon.colcon_core.shell:Creating package descriptor '/home/pratheek/EYRC-Task_1/install/eyantrasim/share/eyantrasim/package.dsv'
[2.265s] INFO:colcon.colcon_core.shell:Creating package script '/home/pratheek/EYRC-Task_1/install/eyantrasim/share/eyantrasim/package.sh'
[2.267s] INFO:colcon.colcon_core.shell:Creating package script '/home/pratheek/EYRC-Task_1/install/eyantrasim/share/eyantrasim/package.bash'
[2.268s] INFO:colcon.colcon_core.shell:Creating package script '/home/pratheek/EYRC-Task_1/install/eyantrasim/share/eyantrasim/package.zsh'
[2.269s] Level 1:colcon.colcon_core.environment:create_file_with_runtime_dependencies(/home/pratheek/EYRC-Task_1/install/eyantrasim/share/colcon-core/packages/eyantrasim)
[2.269s] Level 1:colcon.colcon_core.environment:create_environment_scripts_only(eyantrasim)
[2.270s] Level 1:colcon.colcon_core.environment:checking '/home/pratheek/EYRC-Task_1/install/eyantrasim' for CMake module files
[2.271s] Level 1:colcon.colcon_core.environment:checking '/home/pratheek/EYRC-Task_1/install/eyantrasim' for CMake config files
[2.271s] Level 1:colcon.colcon_core.shell:create_environment_hook('eyantrasim', 'cmake_prefix_path')
[2.271s] INFO:colcon.colcon_core.shell:Creating environment hook '/home/pratheek/EYRC-Task_1/install/eyantrasim/share/eyantrasim/hook/cmake_prefix_path.ps1'
[2.272s] INFO:colcon.colcon_core.shell:Creating environment descriptor '/home/pratheek/EYRC-Task_1/install/eyantrasim/share/eyantrasim/hook/cmake_prefix_path.dsv'
[2.273s] INFO:colcon.colcon_core.shell:Creating environment hook '/home/pratheek/EYRC-Task_1/install/eyantrasim/share/eyantrasim/hook/cmake_prefix_path.sh'
[2.273s] Level 1:colcon.colcon_core.environment:checking '/home/pratheek/EYRC-Task_1/install/eyantrasim/lib'
[2.273s] Level 1:colcon.colcon_core.environment:checking '/home/pratheek/EYRC-Task_1/install/eyantrasim/bin'
[2.274s] Level 1:colcon.colcon_core.environment:checking '/home/pratheek/EYRC-Task_1/install/eyantrasim/lib/pkgconfig/eyantrasim.pc'
[2.274s] Level 1:colcon.colcon_core.environment:checking '/home/pratheek/EYRC-Task_1/install/eyantrasim/lib/python3.10/site-packages'
[2.274s] Level 1:colcon.colcon_core.environment:checking '/home/pratheek/EYRC-Task_1/install/eyantrasim/bin'
[2.275s] INFO:colcon.colcon_core.shell:Creating package script '/home/pratheek/EYRC-Task_1/install/eyantrasim/share/eyantrasim/package.ps1'
[2.275s] INFO:colcon.colcon_core.shell:Creating package descriptor '/home/pratheek/EYRC-Task_1/install/eyantrasim/share/eyantrasim/package.dsv'
[2.276s] INFO:colcon.colcon_core.shell:Creating package script '/home/pratheek/EYRC-Task_1/install/eyantrasim/share/eyantrasim/package.sh'
[2.277s] INFO:colcon.colcon_core.shell:Creating package script '/home/pratheek/EYRC-Task_1/install/eyantrasim/share/eyantrasim/package.bash'
[2.277s] INFO:colcon.colcon_core.shell:Creating package script '/home/pratheek/EYRC-Task_1/install/eyantrasim/share/eyantrasim/package.zsh'
[2.278s] Level 1:colcon.colcon_core.environment:create_file_with_runtime_dependencies(/home/pratheek/EYRC-Task_1/install/eyantrasim/share/colcon-core/packages/eyantrasim)
[2.279s] INFO:colcon.colcon_ros.task.ament_cmake.build:Building ROS package in '/home/pratheek/EYRC-Task_1/src/hb_control' with build type 'ament_cmake'
[2.279s] INFO:colcon.colcon_cmake.task.cmake.build:Building CMake package in '/home/pratheek/EYRC-Task_1/src/hb_control'
[2.279s] INFO:colcon.colcon_core.shell:Skip shell extension 'powershell' for command environment: Not usable outside of PowerShell
[2.279s] DEBUG:colcon.colcon_core.shell:Skip shell extension 'dsv' for command environment
[2.299s] DEBUG:colcon.colcon_core.event_handler.log_command:Invoking command in '/home/pratheek/EYRC-Task_1/build/hb_control': CMAKE_PREFIX_PATH=${CMAKE_PREFIX_PATH}:/home/pratheek/ros2_ws/install/my_controller:/opt/ros/humble /usr/bin/cmake /home/pratheek/EYRC-Task_1/src/hb_control -DAMENT_CMAKE_SYMLINK_INSTALL=1 -DCMAKE_INSTALL_PREFIX=/home/pratheek/EYRC-Task_1/install/hb_control
[3.428s] DEBUG:colcon.colcon_core.event_handler.log_command:Invoked command in '/home/pratheek/EYRC-Task_1/build/eyantrasim_msgs' returned '0': CMAKE_PREFIX_PATH=${CMAKE_PREFIX_PATH}:/home/pratheek/ros2_ws/install/my_controller:/opt/ros/humble /usr/bin/cmake /home/pratheek/EYRC-Task_1/src/eyantrasim_msgs -DAMENT_CMAKE_SYMLINK_INSTALL=1 -DCMAKE_INSTALL_PREFIX=/home/pratheek/EYRC-Task_1/install/eyantrasim_msgs
[3.432s] DEBUG:colcon.colcon_core.event_handler.log_command:Invoking command in '/home/pratheek/EYRC-Task_1/build/eyantrasim_msgs': CMAKE_PREFIX_PATH=${CMAKE_PREFIX_PATH}:/home/pratheek/ros2_ws/install/my_controller:/opt/ros/humble /usr/bin/cmake --build /home/pratheek/EYRC-Task_1/build/eyantrasim_msgs -- -j2 -l2
[4.716s] DEBUG:colcon.colcon_core.event_handler.log_command:Invoked command in '/home/pratheek/EYRC-Task_1/build/hb_control' returned '0': CMAKE_PREFIX_PATH=${CMAKE_PREFIX_PATH}:/home/pratheek/ros2_ws/install/my_controller:/opt/ros/humble /usr/bin/cmake /home/pratheek/EYRC-Task_1/src/hb_control -DAMENT_CMAKE_SYMLINK_INSTALL=1 -DCMAKE_INSTALL_PREFIX=/home/pratheek/EYRC-Task_1/install/hb_control
[4.717s] DEBUG:colcon.colcon_core.event_handler.log_command:Invoking command in '/home/pratheek/EYRC-Task_1/build/hb_control': CMAKE_PREFIX_PATH=${CMAKE_PREFIX_PATH}:/home/pratheek/ros2_ws/install/my_controller:/opt/ros/humble /usr/bin/cmake --build /home/pratheek/EYRC-Task_1/build/hb_control -- -j2 -l2
[4.792s] DEBUG:colcon.colcon_core.event_handler.log_command:Invoked command in '/home/pratheek/EYRC-Task_1/build/hb_control' returned '0': CMAKE_PREFIX_PATH=${CMAKE_PREFIX_PATH}:/home/pratheek/ros2_ws/install/my_controller:/opt/ros/humble /usr/bin/cmake --build /home/pratheek/EYRC-Task_1/build/hb_control -- -j2 -l2
[4.793s] DEBUG:colcon.colcon_core.event_handler.log_command:Invoking command in '/home/pratheek/EYRC-Task_1/build/hb_control': CMAKE_PREFIX_PATH=${CMAKE_PREFIX_PATH}:/home/pratheek/ros2_ws/install/my_controller:/opt/ros/humble /usr/bin/cmake --install /home/pratheek/EYRC-Task_1/build/hb_control
[5.068s] Level 1:colcon.colcon_core.environment:create_environment_scripts_only(hb_control)
[5.069s] Level 1:colcon.colcon_core.environment:checking '/home/pratheek/EYRC-Task_1/install/hb_control' for CMake module files
[5.070s] Level 1:colcon.colcon_core.environment:checking '/home/pratheek/EYRC-Task_1/install/hb_control' for CMake config files
[5.070s] DEBUG:colcon.colcon_core.event_handler.log_command:Invoked command in '/home/pratheek/EYRC-Task_1/build/hb_control' returned '0': CMAKE_PREFIX_PATH=${CMAKE_PREFIX_PATH}:/home/pratheek/ros2_ws/install/my_controller:/opt/ros/humble /usr/bin/cmake --install /home/pratheek/EYRC-Task_1/build/hb_control
[5.070s] Level 1:colcon.colcon_core.shell:create_environment_hook('hb_control', 'cmake_prefix_path')
[5.071s] INFO:colcon.colcon_core.shell:Creating environment hook '/home/pratheek/EYRC-Task_1/install/hb_control/share/hb_control/hook/cmake_prefix_path.ps1'
[5.071s] INFO:colcon.colcon_core.shell:Creating environment descriptor '/home/pratheek/EYRC-Task_1/install/hb_control/share/hb_control/hook/cmake_prefix_path.dsv'
[5.072s] INFO:colcon.colcon_core.shell:Creating environment hook '/home/pratheek/EYRC-Task_1/install/hb_control/share/hb_control/hook/cmake_prefix_path.sh'
[5.073s] Level 1:colcon.colcon_core.environment:checking '/home/pratheek/EYRC-Task_1/install/hb_control/lib'
[5.073s] Level 1:colcon.colcon_core.environment:checking '/home/pratheek/EYRC-Task_1/install/hb_control/bin'
[5.073s] Level 1:colcon.colcon_core.environment:checking '/home/pratheek/EYRC-Task_1/install/hb_control/lib/pkgconfig/hb_control.pc'
[5.073s] Level 1:colcon.colcon_core.environment:checking '/home/pratheek/EYRC-Task_1/install/hb_control/lib/python3.10/site-packages'
[5.074s] Level 1:colcon.colcon_core.environment:checking '/home/pratheek/EYRC-Task_1/install/hb_control/bin'
[5.074s] INFO:colcon.colcon_core.shell:Creating package script '/home/pratheek/EYRC-Task_1/install/hb_control/share/hb_control/package.ps1'
[5.075s] INFO:colcon.colcon_core.shell:Creating package descriptor '/home/pratheek/EYRC-Task_1/install/hb_control/share/hb_control/package.dsv'
[5.075s] INFO:colcon.colcon_core.shell:Creating package script '/home/pratheek/EYRC-Task_1/install/hb_control/share/hb_control/package.sh'
[5.076s] INFO:colcon.colcon_core.shell:Creating package script '/home/pratheek/EYRC-Task_1/install/hb_control/share/hb_control/package.bash'
[5.076s] INFO:colcon.colcon_core.shell:Creating package script '/home/pratheek/EYRC-Task_1/install/hb_control/share/hb_control/package.zsh'
[5.077s] Level 1:colcon.colcon_core.environment:create_file_with_runtime_dependencies(/home/pratheek/EYRC-Task_1/install/hb_control/share/colcon-core/packages/hb_control)
[5.078s] Level 1:colcon.colcon_core.environment:create_environment_scripts_only(hb_control)
[5.078s] Level 1:colcon.colcon_core.environment:checking '/home/pratheek/EYRC-Task_1/install/hb_control' for CMake module files
[5.079s] Level 1:colcon.colcon_core.environment:checking '/home/pratheek/EYRC-Task_1/install/hb_control' for CMake config files
[5.079s] Level 1:colcon.colcon_core.shell:create_environment_hook('hb_control', 'cmake_prefix_path')
[5.079s] INFO:colcon.colcon_core.shell:Creating environment hook '/home/pratheek/EYRC-Task_1/install/hb_control/share/hb_control/hook/cmake_prefix_path.ps1'
[5.080s] INFO:colcon.colcon_core.shell:Creating environment descriptor '/home/pratheek/EYRC-Task_1/install/hb_control/share/hb_control/hook/cmake_prefix_path.dsv'
[5.080s] INFO:colcon.colcon_core.shell:Creating environment hook '/home/pratheek/EYRC-Task_1/install/hb_control/share/hb_control/hook/cmake_prefix_path.sh'
[5.081s] Level 1:colcon.colcon_core.environment:checking '/home/pratheek/EYRC-Task_1/install/hb_control/lib'
[5.082s] Level 1:colcon.colcon_core.environment:checking '/home/pratheek/EYRC-Task_1/install/hb_control/bin'
[5.082s] Level 1:colcon.colcon_core.environment:checking '/home/pratheek/EYRC-Task_1/install/hb_control/lib/pkgconfig/hb_control.pc'
[5.082s] Level 1:colcon.colcon_core.environment:checking '/home/pratheek/EYRC-Task_1/install/hb_control/lib/python3.10/site-packages'
[5.082s] Level 1:colcon.colcon_core.environment:checking '/home/pratheek/EYRC-Task_1/install/hb_control/bin'
[5.083s] INFO:colcon.colcon_core.shell:Creating package script '/home/pratheek/EYRC-Task_1/install/hb_control/share/hb_control/package.ps1'
[5.084s] INFO:colcon.colcon_core.shell:Creating package descriptor '/home/pratheek/EYRC-Task_1/install/hb_control/share/hb_control/package.dsv'
[5.084s] INFO:colcon.colcon_core.shell:Creating package script '/home/pratheek/EYRC-Task_1/install/hb_control/share/hb_control/package.sh'
[5.085s] INFO:colcon.colcon_core.shell:Creating package script '/home/pratheek/EYRC-Task_1/install/hb_control/share/hb_control/package.bash'
[5.085s] INFO:colcon.colcon_core.shell:Creating package script '/home/pratheek/EYRC-Task_1/install/hb_control/share/hb_control/package.zsh'
[5.086s] Level 1:colcon.colcon_core.environment:create_file_with_runtime_dependencies(/home/pratheek/EYRC-Task_1/install/hb_control/share/colcon-core/packages/hb_control)
[5.087s] INFO:colcon.colcon_ros.task.ament_cmake.build:Building ROS package in '/home/pratheek/EYRC-Task_1/src/hb_description' with build type 'ament_cmake'
[5.087s] INFO:colcon.colcon_cmake.task.cmake.build:Building CMake package in '/home/pratheek/EYRC-Task_1/src/hb_description'
[5.088s] INFO:colcon.colcon_core.shell:Skip shell extension 'powershell' for command environment: Not usable outside of PowerShell
[5.088s] DEBUG:colcon.colcon_core.shell:Skip shell extension 'dsv' for command environment
[5.102s] DEBUG:colcon.colcon_core.event_handler.log_command:Invoking command in '/home/pratheek/EYRC-Task_1/build/hb_description': CMAKE_PREFIX_PATH=${CMAKE_PREFIX_PATH}:/home/pratheek/ros2_ws/install/my_controller:/opt/ros/humble /usr/bin/cmake /home/pratheek/EYRC-Task_1/src/hb_description -DAMENT_CMAKE_SYMLINK_INSTALL=1 -DCMAKE_INSTALL_PREFIX=/home/pratheek/EYRC-Task_1/install/hb_description
[6.905s] DEBUG:colcon.colcon_core.event_handler.log_command:Invoked command in '/home/pratheek/EYRC-Task_1/build/hb_description' returned '0': CMAKE_PREFIX_PATH=${CMAKE_PREFIX_PATH}:/home/pratheek/ros2_ws/install/my_controller:/opt/ros/humble /usr/bin/cmake /home/pratheek/EYRC-Task_1/src/hb_description -DAMENT_CMAKE_SYMLINK_INSTALL=1 -DCMAKE_INSTALL_PREFIX=/home/pratheek/EYRC-Task_1/install/hb_description
[6.905s] DEBUG:colcon.colcon_core.event_handler.log_command:Invoking command in '/home/pratheek/EYRC-Task_1/build/hb_description': CMAKE_PREFIX_PATH=${CMAKE_PREFIX_PATH}:/home/pratheek/ros2_ws/install/my_controller:/opt/ros/humble /usr/bin/cmake --build /home/pratheek/EYRC-Task_1/build/hb_description -- -j2 -l2
[7.016s] DEBUG:colcon.colcon_core.event_handler.log_command:Invoked command in '/home/pratheek/EYRC-Task_1/build/hb_description' returned '0': CMAKE_PREFIX_PATH=${CMAKE_PREFIX_PATH}:/home/pratheek/ros2_ws/install/my_controller:/opt/ros/humble /usr/bin/cmake --build /home/pratheek/EYRC-Task_1/build/hb_description -- -j2 -l2
[7.019s] DEBUG:colcon.colcon_core.event_handler.log_command:Invoking command in '/home/pratheek/EYRC-Task_1/build/hb_description': CMAKE_PREFIX_PATH=${CMAKE_PREFIX_PATH}:/home/pratheek/ros2_ws/install/my_controller:/opt/ros/humble /usr/bin/cmake --install /home/pratheek/EYRC-Task_1/build/hb_description
[12.325s] Level 1:colcon.colcon_core.environment:create_environment_scripts_only(hb_description)
[12.328s] Level 1:colcon.colcon_core.environment:checking '/home/pratheek/EYRC-Task_1/install/hb_description' for CMake module files
[12.329s] Level 1:colcon.colcon_core.environment:checking '/home/pratheek/EYRC-Task_1/install/hb_description' for CMake config files
[12.329s] Level 1:colcon.colcon_core.shell:create_environment_hook('hb_description', 'cmake_prefix_path')
[12.332s] INFO:colcon.colcon_core.shell:Creating environment hook '/home/pratheek/EYRC-Task_1/install/hb_description/share/hb_description/hook/cmake_prefix_path.ps1'
[12.332s] INFO:colcon.colcon_core.shell:Creating environment descriptor '/home/pratheek/EYRC-Task_1/install/hb_description/share/hb_description/hook/cmake_prefix_path.dsv'
[12.333s] INFO:colcon.colcon_core.shell:Creating environment hook '/home/pratheek/EYRC-Task_1/install/hb_description/share/hb_description/hook/cmake_prefix_path.sh'
[12.336s] Level 1:colcon.colcon_core.environment:checking '/home/pratheek/EYRC-Task_1/install/hb_description/lib'
[12.336s] Level 1:colcon.colcon_core.environment:checking '/home/pratheek/EYRC-Task_1/install/hb_description/bin'
[12.336s] Level 1:colcon.colcon_core.environment:checking '/home/pratheek/EYRC-Task_1/install/hb_description/lib/pkgconfig/hb_description.pc'
[12.336s] Level 1:colcon.colcon_core.environment:checking '/home/pratheek/EYRC-Task_1/install/hb_description/lib/python3.10/site-packages'
[12.337s] Level 1:colcon.colcon_core.environment:checking '/home/pratheek/EYRC-Task_1/install/hb_description/bin'
[12.337s] INFO:colcon.colcon_core.shell:Creating package script '/home/pratheek/EYRC-Task_1/install/hb_description/share/hb_description/package.ps1'
[12.340s] DEBUG:colcon.colcon_core.event_handler.log_command:Invoked command in '/home/pratheek/EYRC-Task_1/build/hb_description' returned '0': CMAKE_PREFIX_PATH=${CMAKE_PREFIX_PATH}:/home/pratheek/ros2_ws/install/my_controller:/opt/ros/humble /usr/bin/cmake --install /home/pratheek/EYRC-Task_1/build/hb_description
[12.341s] INFO:colcon.colcon_core.shell:Creating package descriptor '/home/pratheek/EYRC-Task_1/install/hb_description/share/hb_description/package.dsv'
[12.341s] INFO:colcon.colcon_core.shell:Creating package script '/home/pratheek/EYRC-Task_1/install/hb_description/share/hb_description/package.sh'
[12.342s] INFO:colcon.colcon_core.shell:Creating package script '/home/pratheek/EYRC-Task_1/install/hb_description/share/hb_description/package.bash'
[12.342s] INFO:colcon.colcon_core.shell:Creating package script '/home/pratheek/EYRC-Task_1/install/hb_description/share/hb_description/package.zsh'
[12.344s] Level 1:colcon.colcon_core.environment:create_file_with_runtime_dependencies(/home/pratheek/EYRC-Task_1/install/hb_description/share/colcon-core/packages/hb_description)
[12.345s] Level 1:colcon.colcon_core.environment:create_environment_scripts_only(hb_description)
[12.345s] Level 1:colcon.colcon_core.environment:checking '/home/pratheek/EYRC-Task_1/install/hb_description' for CMake module files
[12.349s] Level 1:colcon.colcon_core.environment:checking '/home/pratheek/EYRC-Task_1/install/hb_description' for CMake config files
[12.349s] Level 1:colcon.colcon_core.shell:create_environment_hook('hb_description', 'cmake_prefix_path')
[12.350s] INFO:colcon.colcon_core.shell:Creating environment hook '/home/pratheek/EYRC-Task_1/install/hb_description/share/hb_description/hook/cmake_prefix_path.ps1'
[12.354s] INFO:colcon.colcon_core.shell:Creating environment descriptor '/home/pratheek/EYRC-Task_1/install/hb_description/share/hb_description/hook/cmake_prefix_path.dsv'
[12.354s] INFO:colcon.colcon_core.shell:Creating environment hook '/home/pratheek/EYRC-Task_1/install/hb_description/share/hb_description/hook/cmake_prefix_path.sh'
[12.355s] Level 1:colcon.colcon_core.environment:checking '/home/pratheek/EYRC-Task_1/install/hb_description/lib'
[12.355s] Level 1:colcon.colcon_core.environment:checking '/home/pratheek/EYRC-Task_1/install/hb_description/bin'
[12.355s] Level 1:colcon.colcon_core.environment:checking '/home/pratheek/EYRC-Task_1/install/hb_description/lib/pkgconfig/hb_description.pc'
[12.356s] Level 1:colcon.colcon_core.environment:checking '/home/pratheek/EYRC-Task_1/install/hb_description/lib/python3.10/site-packages'
[12.356s] Level 1:colcon.colcon_core.environment:checking '/home/pratheek/EYRC-Task_1/install/hb_description/bin'
[12.356s] INFO:colcon.colcon_core.shell:Creating package script '/home/pratheek/EYRC-Task_1/install/hb_description/share/hb_description/package.ps1'
[12.357s] INFO:colcon.colcon_core.shell:Creating package descriptor '/home/pratheek/EYRC-Task_1/install/hb_description/share/hb_description/package.dsv'
[12.360s] INFO:colcon.colcon_core.shell:Creating package script '/home/pratheek/EYRC-Task_1/install/hb_description/share/hb_description/package.sh'
[12.361s] INFO:colcon.colcon_core.shell:Creating package script '/home/pratheek/EYRC-Task_1/install/hb_description/share/hb_description/package.bash'
[12.361s] INFO:colcon.colcon_core.shell:Creating package script '/home/pratheek/EYRC-Task_1/install/hb_description/share/hb_description/package.zsh'
[12.364s] Level 1:colcon.colcon_core.environment:create_file_with_runtime_dependencies(/home/pratheek/EYRC-Task_1/install/hb_description/share/colcon-core/packages/hb_description)
[12.369s] INFO:colcon.colcon_ros.task.ament_cmake.build:Building ROS package in '/home/pratheek/EYRC-Task_1/src/hb_interfaces' with build type 'ament_cmake'
[12.370s] INFO:colcon.colcon_cmake.task.cmake.build:Building CMake package in '/home/pratheek/EYRC-Task_1/src/hb_interfaces'
[12.370s] INFO:colcon.colcon_core.shell:Skip shell extension 'powershell' for command environment: Not usable outside of PowerShell
[12.370s] DEBUG:colcon.colcon_core.shell:Skip shell extension 'dsv' for command environment
[12.392s] DEBUG:colcon.colcon_core.event_handler.log_command:Invoking command in '/home/pratheek/EYRC-Task_1/build/hb_interfaces': CMAKE_PREFIX_PATH=${CMAKE_PREFIX_PATH}:/home/pratheek/ros2_ws/install/my_controller:/opt/ros/humble /usr/bin/cmake /home/pratheek/EYRC-Task_1/src/hb_interfaces -DAMENT_CMAKE_SYMLINK_INSTALL=1 -DCMAKE_INSTALL_PREFIX=/home/pratheek/EYRC-Task_1/install/hb_interfaces
[16.191s] DEBUG:colcon.colcon_core.event_handler.log_command:Invoked command in '/home/pratheek/EYRC-Task_1/build/hb_interfaces' returned '0': CMAKE_PREFIX_PATH=${CMAKE_PREFIX_PATH}:/home/pratheek/ros2_ws/install/my_controller:/opt/ros/humble /usr/bin/cmake /home/pratheek/EYRC-Task_1/src/hb_interfaces -DAMENT_CMAKE_SYMLINK_INSTALL=1 -DCMAKE_INSTALL_PREFIX=/home/pratheek/EYRC-Task_1/install/hb_interfaces
[16.196s] DEBUG:colcon.colcon_core.event_handler.log_command:Invoking command in '/home/pratheek/EYRC-Task_1/build/hb_interfaces': CMAKE_PREFIX_PATH=${CMAKE_PREFIX_PATH}:/home/pratheek/ros2_ws/install/my_controller:/opt/ros/humble /usr/bin/cmake --build /home/pratheek/EYRC-Task_1/build/hb_interfaces -- -j2 -l2
[28.958s] DEBUG:colcon.colcon_core.event_handler.log_command:Invoked command in '/home/pratheek/EYRC-Task_1/build/hb_interfaces' returned '0': CMAKE_PREFIX_PATH=${CMAKE_PREFIX_PATH}:/home/pratheek/ros2_ws/install/my_controller:/opt/ros/humble /usr/bin/cmake --build /home/pratheek/EYRC-Task_1/build/hb_interfaces -- -j2 -l2
[28.959s] DEBUG:colcon.colcon_core.event_handler.log_command:Invoking command in '/home/pratheek/EYRC-Task_1/build/hb_interfaces': CMAKE_PREFIX_PATH=${CMAKE_PREFIX_PATH}:/home/pratheek/ros2_ws/install/my_controller:/opt/ros/humble /usr/bin/cmake --install /home/pratheek/EYRC-Task_1/build/hb_interfaces
[30.799s] Level 1:colcon.colcon_core.environment:create_environment_scripts_only(hb_interfaces)
[30.800s] DEBUG:colcon.colcon_core.event_handler.log_command:Invoked command in '/home/pratheek/EYRC-Task_1/build/hb_interfaces' returned '0': CMAKE_PREFIX_PATH=${CMAKE_PREFIX_PATH}:/home/pratheek/ros2_ws/install/my_controller:/opt/ros/humble /usr/bin/cmake --install /home/pratheek/EYRC-Task_1/build/hb_interfaces
[30.800s] Level 1:colcon.colcon_core.environment:checking '/home/pratheek/EYRC-Task_1/install/hb_interfaces' for CMake module files
[30.802s] Level 1:colcon.colcon_core.environment:checking '/home/pratheek/EYRC-Task_1/install/hb_interfaces' for CMake config files
[30.802s] Level 1:colcon.colcon_core.shell:create_environment_hook('hb_interfaces', 'cmake_prefix_path')
[30.802s] INFO:colcon.colcon_core.shell:Creating environment hook '/home/pratheek/EYRC-Task_1/install/hb_interfaces/share/hb_interfaces/hook/cmake_prefix_path.ps1'
[30.805s] INFO:colcon.colcon_core.shell:Creating environment descriptor '/home/pratheek/EYRC-Task_1/install/hb_interfaces/share/hb_interfaces/hook/cmake_prefix_path.dsv'
[30.806s] INFO:colcon.colcon_core.shell:Creating environment hook '/home/pratheek/EYRC-Task_1/install/hb_interfaces/share/hb_interfaces/hook/cmake_prefix_path.sh'
[30.806s] Level 1:colcon.colcon_core.environment:checking '/home/pratheek/EYRC-Task_1/install/hb_interfaces/lib'
[30.809s] Level 1:colcon.colcon_core.shell:create_environment_hook('hb_interfaces', 'ld_library_path_lib')
[30.809s] INFO:colcon.colcon_core.shell:Creating environment hook '/home/pratheek/EYRC-Task_1/install/hb_interfaces/share/hb_interfaces/hook/ld_library_path_lib.ps1'
[30.810s] INFO:colcon.colcon_core.shell:Creating environment descriptor '/home/pratheek/EYRC-Task_1/install/hb_interfaces/share/hb_interfaces/hook/ld_library_path_lib.dsv'
[30.810s] INFO:colcon.colcon_core.shell:Creating environment hook '/home/pratheek/EYRC-Task_1/install/hb_interfaces/share/hb_interfaces/hook/ld_library_path_lib.sh'
[30.813s] Level 1:colcon.colcon_core.environment:checking '/home/pratheek/EYRC-Task_1/install/hb_interfaces/bin'
[30.813s] Level 1:colcon.colcon_core.environment:checking '/home/pratheek/EYRC-Task_1/install/hb_interfaces/lib/pkgconfig/hb_interfaces.pc'
[30.813s] Level 1:colcon.colcon_core.environment:checking '/home/pratheek/EYRC-Task_1/install/hb_interfaces/lib/python3.10/site-packages'
[30.814s] Level 1:colcon.colcon_core.environment:checking '/home/pratheek/EYRC-Task_1/install/hb_interfaces/bin'
[30.820s] INFO:colcon.colcon_core.shell:Creating package script '/home/pratheek/EYRC-Task_1/install/hb_interfaces/share/hb_interfaces/package.ps1'
[30.823s] INFO:colcon.colcon_core.shell:Creating package descriptor '/home/pratheek/EYRC-Task_1/install/hb_interfaces/share/hb_interfaces/package.dsv'
[30.824s] INFO:colcon.colcon_core.shell:Creating package script '/home/pratheek/EYRC-Task_1/install/hb_interfaces/share/hb_interfaces/package.sh'
[30.824s] INFO:colcon.colcon_core.shell:Creating package script '/home/pratheek/EYRC-Task_1/install/hb_interfaces/share/hb_interfaces/package.bash'
[30.826s] INFO:colcon.colcon_core.shell:Creating package script '/home/pratheek/EYRC-Task_1/install/hb_interfaces/share/hb_interfaces/package.zsh'
[30.828s] Level 1:colcon.colcon_core.environment:create_file_with_runtime_dependencies(/home/pratheek/EYRC-Task_1/install/hb_interfaces/share/colcon-core/packages/hb_interfaces)
[30.831s] Level 1:colcon.colcon_core.environment:create_environment_scripts_only(hb_interfaces)
[30.832s] Level 1:colcon.colcon_core.environment:checking '/home/pratheek/EYRC-Task_1/install/hb_interfaces' for CMake module files
[30.833s] Level 1:colcon.colcon_core.environment:checking '/home/pratheek/EYRC-Task_1/install/hb_interfaces' for CMake config files
[30.835s] Level 1:colcon.colcon_core.shell:create_environment_hook('hb_interfaces', 'cmake_prefix_path')
[30.835s] INFO:colcon.colcon_core.shell:Creating environment hook '/home/pratheek/EYRC-Task_1/install/hb_interfaces/share/hb_interfaces/hook/cmake_prefix_path.ps1'
[30.836s] INFO:colcon.colcon_core.shell:Creating environment descriptor '/home/pratheek/EYRC-Task_1/install/hb_interfaces/share/hb_interfaces/hook/cmake_prefix_path.dsv'
[30.838s] INFO:colcon.colcon_core.shell:Creating environment hook '/home/pratheek/EYRC-Task_1/install/hb_interfaces/share/hb_interfaces/hook/cmake_prefix_path.sh'
[30.840s] Level 1:colcon.colcon_core.environment:checking '/home/pratheek/EYRC-Task_1/install/hb_interfaces/lib'
[30.841s] Level 1:colcon.colcon_core.shell:create_environment_hook('hb_interfaces', 'ld_library_path_lib')
[30.841s] INFO:colcon.colcon_core.shell:Creating environment hook '/home/pratheek/EYRC-Task_1/install/hb_interfaces/share/hb_interfaces/hook/ld_library_path_lib.ps1'
[30.844s] INFO:colcon.colcon_core.shell:Creating environment descriptor '/home/pratheek/EYRC-Task_1/install/hb_interfaces/share/hb_interfaces/hook/ld_library_path_lib.dsv'
[30.844s] INFO:colcon.colcon_core.shell:Creating environment hook '/home/pratheek/EYRC-Task_1/install/hb_interfaces/share/hb_interfaces/hook/ld_library_path_lib.sh'
[30.847s] Level 1:colcon.colcon_core.environment:checking '/home/pratheek/EYRC-Task_1/install/hb_interfaces/bin'
[30.847s] Level 1:colcon.colcon_core.environment:checking '/home/pratheek/EYRC-Task_1/install/hb_interfaces/lib/pkgconfig/hb_interfaces.pc'
[30.848s] Level 1:colcon.colcon_core.environment:checking '/home/pratheek/EYRC-Task_1/install/hb_interfaces/lib/python3.10/site-packages'
[30.848s] Level 1:colcon.colcon_core.environment:checking '/home/pratheek/EYRC-Task_1/install/hb_interfaces/bin'
[30.849s] INFO:colcon.colcon_core.shell:Creating package script '/home/pratheek/EYRC-Task_1/install/hb_interfaces/share/hb_interfaces/package.ps1'
[30.852s] INFO:colcon.colcon_core.shell:Creating package descriptor '/home/pratheek/EYRC-Task_1/install/hb_interfaces/share/hb_interfaces/package.dsv'
[30.855s] INFO:colcon.colcon_core.shell:Creating package script '/home/pratheek/EYRC-Task_1/install/hb_interfaces/share/hb_interfaces/package.sh'
[30.856s] INFO:colcon.colcon_core.shell:Creating package script '/home/pratheek/EYRC-Task_1/install/hb_interfaces/share/hb_interfaces/package.bash'
[30.856s] INFO:colcon.colcon_core.shell:Creating package script '/home/pratheek/EYRC-Task_1/install/hb_interfaces/share/hb_interfaces/package.zsh'
[30.859s] Level 1:colcon.colcon_core.environment:create_file_with_runtime_dependencies(/home/pratheek/EYRC-Task_1/install/hb_interfaces/share/colcon-core/packages/hb_interfaces)
[37.280s] DEBUG:colcon.colcon_core.event_handler.log_command:Invoked command in '/home/pratheek/EYRC-Task_1/build/eyantrasim_msgs' returned '0': CMAKE_PREFIX_PATH=${CMAKE_PREFIX_PATH}:/home/pratheek/ros2_ws/install/my_controller:/opt/ros/humble /usr/bin/cmake --build /home/pratheek/EYRC-Task_1/build/eyantrasim_msgs -- -j2 -l2
[37.282s] DEBUG:colcon.colcon_core.event_handler.log_command:Invoking command in '/home/pratheek/EYRC-Task_1/build/eyantrasim_msgs': CMAKE_PREFIX_PATH=${CMAKE_PREFIX_PATH}:/home/pratheek/ros2_ws/install/my_controller:/opt/ros/humble /usr/bin/cmake --install /home/pratheek/EYRC-Task_1/build/eyantrasim_msgs
[39.991s] Level 1:colcon.colcon_core.environment:create_environment_scripts_only(eyantrasim_msgs)
[39.991s] Level 1:colcon.colcon_core.environment:checking '/home/pratheek/EYRC-Task_1/install/eyantrasim_msgs' for CMake module files
[39.992s] DEBUG:colcon.colcon_core.event_handler.log_command:Invoked command in '/home/pratheek/EYRC-Task_1/build/eyantrasim_msgs' returned '0': CMAKE_PREFIX_PATH=${CMAKE_PREFIX_PATH}:/home/pratheek/ros2_ws/install/my_controller:/opt/ros/humble /usr/bin/cmake --install /home/pratheek/EYRC-Task_1/build/eyantrasim_msgs
[39.993s] Level 1:colcon.colcon_core.environment:checking '/home/pratheek/EYRC-Task_1/install/eyantrasim_msgs' for CMake config files
[39.993s] Level 1:colcon.colcon_core.shell:create_environment_hook('eyantrasim_msgs', 'cmake_prefix_path')
[39.994s] INFO:colcon.colcon_core.shell:Creating environment hook '/home/pratheek/EYRC-Task_1/install/eyantrasim_msgs/share/eyantrasim_msgs/hook/cmake_prefix_path.ps1'
[39.994s] INFO:colcon.colcon_core.shell:Creating environment descriptor '/home/pratheek/EYRC-Task_1/install/eyantrasim_msgs/share/eyantrasim_msgs/hook/cmake_prefix_path.dsv'
[39.995s] INFO:colcon.colcon_core.shell:Creating environment hook '/home/pratheek/EYRC-Task_1/install/eyantrasim_msgs/share/eyantrasim_msgs/hook/cmake_prefix_path.sh'
[39.995s] Level 1:colcon.colcon_core.environment:checking '/home/pratheek/EYRC-Task_1/install/eyantrasim_msgs/lib'
[39.996s] Level 1:colcon.colcon_core.shell:create_environment_hook('eyantrasim_msgs', 'ld_library_path_lib')
[39.996s] INFO:colcon.colcon_core.shell:Creating environment hook '/home/pratheek/EYRC-Task_1/install/eyantrasim_msgs/share/eyantrasim_msgs/hook/ld_library_path_lib.ps1'
[39.996s] INFO:colcon.colcon_core.shell:Creating environment descriptor '/home/pratheek/EYRC-Task_1/install/eyantrasim_msgs/share/eyantrasim_msgs/hook/ld_library_path_lib.dsv'
[39.997s] INFO:colcon.colcon_core.shell:Creating environment hook '/home/pratheek/EYRC-Task_1/install/eyantrasim_msgs/share/eyantrasim_msgs/hook/ld_library_path_lib.sh'
[39.997s] Level 1:colcon.colcon_core.environment:checking '/home/pratheek/EYRC-Task_1/install/eyantrasim_msgs/bin'
[39.997s] Level 1:colcon.colcon_core.environment:checking '/home/pratheek/EYRC-Task_1/install/eyantrasim_msgs/lib/pkgconfig/eyantrasim_msgs.pc'
[39.998s] Level 1:colcon.colcon_core.environment:checking '/home/pratheek/EYRC-Task_1/install/eyantrasim_msgs/lib/python3.10/site-packages'
[39.998s] Level 1:colcon.colcon_core.environment:checking '/home/pratheek/EYRC-Task_1/install/eyantrasim_msgs/bin'
[39.999s] INFO:colcon.colcon_core.shell:Creating package script '/home/pratheek/EYRC-Task_1/install/eyantrasim_msgs/share/eyantrasim_msgs/package.ps1'
[39.999s] INFO:colcon.colcon_core.shell:Creating package descriptor '/home/pratheek/EYRC-Task_1/install/eyantrasim_msgs/share/eyantrasim_msgs/package.dsv'
[40.000s] INFO:colcon.colcon_core.shell:Creating package script '/home/pratheek/EYRC-Task_1/install/eyantrasim_msgs/share/eyantrasim_msgs/package.sh'
[40.000s] INFO:colcon.colcon_core.shell:Creating package script '/home/pratheek/EYRC-Task_1/install/eyantrasim_msgs/share/eyantrasim_msgs/package.bash'
[40.001s] INFO:colcon.colcon_core.shell:Creating package script '/home/pratheek/EYRC-Task_1/install/eyantrasim_msgs/share/eyantrasim_msgs/package.zsh'
[40.001s] Level 1:colcon.colcon_core.environment:create_file_with_runtime_dependencies(/home/pratheek/EYRC-Task_1/install/eyantrasim_msgs/share/colcon-core/packages/eyantrasim_msgs)
[40.002s] Level 1:colcon.colcon_core.environment:create_environment_scripts_only(eyantrasim_msgs)
[40.003s] Level 1:colcon.colcon_core.environment:checking '/home/pratheek/EYRC-Task_1/install/eyantrasim_msgs' for CMake module files
[40.003s] Level 1:colcon.colcon_core.environment:checking '/home/pratheek/EYRC-Task_1/install/eyantrasim_msgs' for CMake config files
[40.004s] Level 1:colcon.colcon_core.shell:create_environment_hook('eyantrasim_msgs', 'cmake_prefix_path')
[40.004s] INFO:colcon.colcon_core.shell:Creating environment hook '/home/pratheek/EYRC-Task_1/install/eyantrasim_msgs/share/eyantrasim_msgs/hook/cmake_prefix_path.ps1'
[40.005s] INFO:colcon.colcon_core.shell:Creating environment descriptor '/home/pratheek/EYRC-Task_1/install/eyantrasim_msgs/share/eyantrasim_msgs/hook/cmake_prefix_path.dsv'
[40.005s] INFO:colcon.colcon_core.shell:Creating environment hook '/home/pratheek/EYRC-Task_1/install/eyantrasim_msgs/share/eyantrasim_msgs/hook/cmake_prefix_path.sh'
[40.006s] Level 1:colcon.colcon_core.environment:checking '/home/pratheek/EYRC-Task_1/install/eyantrasim_msgs/lib'
[40.006s] Level 1:colcon.colcon_core.shell:create_environment_hook('eyantrasim_msgs', 'ld_library_path_lib')
[40.006s] INFO:colcon.colcon_core.shell:Creating environment hook '/home/pratheek/EYRC-Task_1/install/eyantrasim_msgs/share/eyantrasim_msgs/hook/ld_library_path_lib.ps1'
[40.007s] INFO:colcon.colcon_core.shell:Creating environment descriptor '/home/pratheek/EYRC-Task_1/install/eyantrasim_msgs/share/eyantrasim_msgs/hook/ld_library_path_lib.dsv'
[40.007s] INFO:colcon.colcon_core.shell:Creating environment hook '/home/pratheek/EYRC-Task_1/install/eyantrasim_msgs/share/eyantrasim_msgs/hook/ld_library_path_lib.sh'
[40.008s] Level 1:colcon.colcon_core.environment:checking '/home/pratheek/EYRC-Task_1/install/eyantrasim_msgs/bin'
[40.008s] Level 1:colcon.colcon_core.environment:checking '/home/pratheek/EYRC-Task_1/install/eyantrasim_msgs/lib/pkgconfig/eyantrasim_msgs.pc'
[40.008s] Level 1:colcon.colcon_core.environment:checking '/home/pratheek/EYRC-Task_1/install/eyantrasim_msgs/lib/python3.10/site-packages'
[40.009s] Level 1:colcon.colcon_core.environment:checking '/home/pratheek/EYRC-Task_1/install/eyantrasim_msgs/bin'
[40.009s] INFO:colcon.colcon_core.shell:Creating package script '/home/pratheek/EYRC-Task_1/install/eyantrasim_msgs/share/eyantrasim_msgs/package.ps1'
[40.010s] INFO:colcon.colcon_core.shell:Creating package descriptor '/home/pratheek/EYRC-Task_1/install/eyantrasim_msgs/share/eyantrasim_msgs/package.dsv'
[40.011s] INFO:colcon.colcon_core.shell:Creating package script '/home/pratheek/EYRC-Task_1/install/eyantrasim_msgs/share/eyantrasim_msgs/package.sh'
[40.011s] INFO:colcon.colcon_core.shell:Creating package script '/home/pratheek/EYRC-Task_1/install/eyantrasim_msgs/share/eyantrasim_msgs/package.bash'
[40.012s] INFO:colcon.colcon_core.shell:Creating package script '/home/pratheek/EYRC-Task_1/install/eyantrasim_msgs/share/eyantrasim_msgs/package.zsh'
[40.013s] Level 1:colcon.colcon_core.environment:create_file_with_runtime_dependencies(/home/pratheek/EYRC-Task_1/install/eyantrasim_msgs/share/colcon-core/packages/eyantrasim_msgs)
[40.013s] DEBUG:colcon.colcon_parallel_executor.executor.parallel:closing loop
[40.013s] DEBUG:colcon.colcon_parallel_executor.executor.parallel:loop closed
[40.013s] DEBUG:colcon.colcon_parallel_executor.executor.parallel:run_until_complete finished with '0'
[40.013s] DEBUG:colcon.colcon_core.event_reactor:joining thread
[40.021s] INFO:colcon.colcon_core.plugin_system:Skipping extension 'colcon_notification.desktop_notification.terminal_notifier': Not used on non-Darwin systems
[40.021s] INFO:colcon.colcon_core.plugin_system:Skipping extension 'colcon_notification.desktop_notification.win32': Not used on non-Windows systems
[40.021s] INFO:colcon.colcon_notification.desktop_notification:Sending desktop notification using 'notify2'
[40.043s] DEBUG:colcon.colcon_core.event_reactor:joined thread
[40.043s] INFO:colcon.colcon_core.shell:Creating prefix script '/home/pratheek/EYRC-Task_1/install/local_setup.ps1'
[40.045s] INFO:colcon.colcon_core.shell:Creating prefix util module '/home/pratheek/EYRC-Task_1/install/_local_setup_util_ps1.py'
[40.050s] INFO:colcon.colcon_core.shell:Creating prefix chain script '/home/pratheek/EYRC-Task_1/install/setup.ps1'
[40.054s] INFO:colcon.colcon_core.shell:Creating prefix script '/home/pratheek/EYRC-Task_1/install/local_setup.sh'
[40.055s] INFO:colcon.colcon_core.shell:Creating prefix util module '/home/pratheek/EYRC-Task_1/install/_local_setup_util_sh.py'
[40.056s] INFO:colcon.colcon_core.shell:Creating prefix chain script '/home/pratheek/EYRC-Task_1/install/setup.sh'
[40.058s] INFO:colcon.colcon_core.shell:Creating prefix script '/home/pratheek/EYRC-Task_1/install/local_setup.bash'
[40.059s] INFO:colcon.colcon_core.shell:Creating prefix chain script '/home/pratheek/EYRC-Task_1/install/setup.bash'
[40.061s] INFO:colcon.colcon_core.shell:Creating prefix script '/home/pratheek/EYRC-Task_1/install/local_setup.zsh'
[40.062s] INFO:colcon.colcon_core.shell:Creating prefix chain script '/home/pratheek/EYRC-Task_1/install/setup.zsh'
